<?xml version="1.0" encoding="UTF-8"?>
<!-- Generated by org.testng.reporters.JUnitXMLReporter -->
<testsuite ignored="71" hostname="rooters-MacBook-Pro.local" failures="1" tests="10" name="Test(failed)(failed)(failed)(failed)(failed)(failed)(failed)(failed)(failed)(failed)(failed)(failed)(failed)(failed)(failed)(failed)" time="91.236" errors="0" timestamp="2024-02-20T21:23:36 IST">
  <testcase classname="trial1.Regression" name="@BeforeMethod setup" time="5.772">
    <failure type="org.openqa.selenium.SessionNotCreatedException" message="Could not start a new session. Response code 500. Message: An unknown server-side error occurred while processing the command. Original error: Could not proxy command to the remote server. Original error: socket hang up 
Host info: host: &amp;apos;rooters-MacBook-Pro.local&amp;apos;, ip: &amp;apos;fe80:0:0:0:cf2:de41:9e9e:d4c4%en0&amp;apos;
Build info: version: &amp;apos;4.9.1&amp;apos;, revision: &amp;apos;eb2032df7f&amp;apos;
System info: os.name: &amp;apos;Mac OS X&amp;apos;, os.arch: &amp;apos;x86_64&amp;apos;, os.version: &amp;apos;14.2.1&amp;apos;, java.version: &amp;apos;17.0.7&amp;apos;
Driver info: io.appium.java_client.AppiumDriver
Command: [null, newSession {capabilities=[{appium:appActivity=com.threesixteen.app.ui.activities.SplashActivity, appium:appPackage=com.threesixteen.app, appium:autoGrantPermissions=true, appium:deviceName=6381e3e, appium:ignoreHiddenApiPolicyError=true, appium:noReset=true, platformName=ANDROID, appium:platformVersion=14}], desiredCapabilities=Capabilities {appActivity: com.threesixteen.app.ui.act..., appPackage: com.threesixteen.app, autoGrantPermissions: true, deviceName: 6381e3e, ignoreHiddenApiPolicyError: true, noReset: true, platformName: ANDROID, platformVersion: 14}}]
Capabilities {appActivity: com.threesixteen.app.ui.act..., appPackage: com.threesixteen.app, autoGrantPermissions: true, deviceName: 6381e3e, ignoreHiddenApiPolicyError: true, noReset: true, platformName: ANDROID, platformVersion: 14}">
      <![CDATA[org.openqa.selenium.SessionNotCreatedException: Could not start a new session. Response code 500. Message: An unknown server-side error occurred while processing the command. Original error: Could not proxy command to the remote server. Original error: socket hang up 
Host info: host: 'rooters-MacBook-Pro.local', ip: 'fe80:0:0:0:cf2:de41:9e9e:d4c4%en0'
Build info: version: '4.9.1', revision: 'eb2032df7f'
System info: os.name: 'Mac OS X', os.arch: 'x86_64', os.version: '14.2.1', java.version: '17.0.7'
Driver info: io.appium.java_client.AppiumDriver
Command: [null, newSession {capabilities=[{appium:appActivity=com.threesixteen.app.ui.activities.SplashActivity, appium:appPackage=com.threesixteen.app, appium:autoGrantPermissions=true, appium:deviceName=6381e3e, appium:ignoreHiddenApiPolicyError=true, appium:noReset=true, platformName=ANDROID, appium:platformVersion=14}], desiredCapabilities=Capabilities {appActivity: com.threesixteen.app.ui.act..., appPackage: com.threesixteen.app, autoGrantPermissions: true, deviceName: 6381e3e, ignoreHiddenApiPolicyError: true, noReset: true, platformName: ANDROID, platformVersion: 14}}]
Capabilities {appActivity: com.threesixteen.app.ui.act..., appPackage: com.threesixteen.app, autoGrantPermissions: true, deviceName: 6381e3e, ignoreHiddenApiPolicyError: true, noReset: true, platformName: ANDROID, platformVersion: 14}
at org.openqa.selenium.remote.ProtocolHandshake.createSession(ProtocolHandshake.java:136)
at io.appium.java_client.remote.AppiumProtocolHandshake.createSession(AppiumProtocolHandshake.java:133)
at io.appium.java_client.remote.AppiumProtocolHandshake.createSession(AppiumProtocolHandshake.java:102)
at io.appium.java_client.remote.AppiumCommandExecutor.createSession(AppiumCommandExecutor.java:182)
at io.appium.java_client.remote.AppiumCommandExecutor.execute(AppiumCommandExecutor.java:250)
at org.openqa.selenium.remote.RemoteWebDriver.execute(RemoteWebDriver.java:543)
at io.appium.java_client.AppiumDriver.startSession(AppiumDriver.java:274)
at org.openqa.selenium.remote.RemoteWebDriver.<init>(RemoteWebDriver.java:157)
at io.appium.java_client.AppiumDriver.<init>(AppiumDriver.java:89)
at io.appium.java_client.AppiumDriver.<init>(AppiumDriver.java:101)
at trial1.Regression.setup(Regression.java:136)
at java.base/java.util.ArrayList.forEach(ArrayList.java:1511)
... Removed 35 stack frames]]>
    </failure>
  </testcase> <!-- @BeforeMethod setup -->
  <testcase classname="trial1.Regression" name="@AfterMethod teardown" time="0.0">
    <skipped/>
  </testcase> <!-- @AfterMethod teardown -->
  <testcase classname="trial1.Regression" name="@BeforeMethod setup" time="0.0">
    <skipped/>
  </testcase> <!-- @BeforeMethod setup -->
  <testcase classname="trial1.Regression" name="@AfterMethod teardown" time="0.0">
    <skipped/>
  </testcase> <!-- @AfterMethod teardown -->
  <testcase classname="trial1.Regression" name="@BeforeMethod setup" time="0.0">
    <skipped/>
  </testcase> <!-- @BeforeMethod setup -->
  <testcase classname="trial1.Regression" name="@AfterMethod teardown" time="0.0">
    <skipped/>
  </testcase> <!-- @AfterMethod teardown -->
  <testcase classname="trial1.Regression" name="@BeforeMethod setup" time="0.0">
    <skipped/>
  </testcase> <!-- @BeforeMethod setup -->
  <testcase classname="trial1.Regression" name="@AfterMethod teardown" time="0.0">
    <skipped/>
  </testcase> <!-- @AfterMethod teardown -->
  <testcase classname="trial1.Regression" name="@BeforeMethod setup" time="0.0">
    <skipped/>
  </testcase> <!-- @BeforeMethod setup -->
  <testcase classname="trial1.Regression" name="@AfterMethod teardown" time="0.0">
    <skipped/>
  </testcase> <!-- @AfterMethod teardown -->
  <testcase classname="trial1.Regression" name="@BeforeMethod setup" time="0.0">
    <skipped/>
  </testcase> <!-- @BeforeMethod setup -->
  <testcase classname="trial1.Regression" name="@AfterMethod teardown" time="0.0">
    <skipped/>
  </testcase> <!-- @AfterMethod teardown -->
  <testcase classname="trial1.Regression" name="@BeforeMethod setup" time="0.0">
    <skipped/>
  </testcase> <!-- @BeforeMethod setup -->
  <testcase classname="trial1.Regression" name="@AfterMethod teardown" time="0.0">
    <skipped/>
  </testcase> <!-- @AfterMethod teardown -->
  <testcase classname="trial1.Regression" name="@BeforeMethod setup" time="0.0">
    <skipped/>
  </testcase> <!-- @BeforeMethod setup -->
  <testcase classname="trial1.Regression" name="@AfterMethod teardown" time="0.0">
    <skipped/>
  </testcase> <!-- @AfterMethod teardown -->
  <testcase classname="trial1.Regression" name="@BeforeMethod setup" time="0.0">
    <skipped/>
  </testcase> <!-- @BeforeMethod setup -->
  <testcase classname="trial1.Regression" name="@AfterMethod teardown" time="0.0">
    <skipped/>
  </testcase> <!-- @AfterMethod teardown -->
  <testcase classname="trial1.Regression" name="Videowatcchandwincoinsdetails" time="72.463">
    <failure type="org.openqa.selenium.TimeoutException" message="Expected condition failed: waiting for trial1.Regression$2@523d6bdb (tried for 60 second(s) with 500 milliseconds interval)
Build info: version: &amp;apos;4.9.1&amp;apos;, revision: &amp;apos;eb2032df7f&amp;apos;
System info: os.name: &amp;apos;Mac OS X&amp;apos;, os.arch: &amp;apos;x86_64&amp;apos;, os.version: &amp;apos;14.2.1&amp;apos;, java.version: &amp;apos;17.0.7&amp;apos;
Driver info: io.appium.java_client.AppiumDriver
Capabilities {appium:appActivity: com.threesixteen.app.ui.act..., appium:appPackage: com.threesixteen.app, appium:autoGrantPermissions: true, appium:databaseEnabled: false, appium:desired: {appActivity: com.threesixteen.app.ui.act..., appPackage: com.threesixteen.app, autoGrantPermissions: true, deviceName: 6381e3e, ignoreHiddenApiPolicyError: true, noReset: true, platformName: ANDROID, platformVersion: 14}, appium:deviceApiLevel: 34, appium:deviceManufacturer: OnePlus, appium:deviceModel: CPH2381, appium:deviceName: 6381e3e, appium:deviceScreenDensity: 480, appium:deviceScreenSize: 1080x2412, appium:deviceUDID: 6381e3e, appium:ignoreHiddenApiPolicyError: true, appium:javascriptEnabled: true, appium:locationContextEnabled: false, appium:networkConnectionEnabled: true, appium:noReset: true, appium:pixelRatio: 3, appium:platformVersion: 14, appium:statBarHeight: 110, appium:takesScreenshot: true, appium:viewportRect: {height: 2060, left: 0, top: 110, width: 1080}, appium:warnings: {}, appium:webStorageEnabled: false, platformName: ANDROID}
Session ID: 4537e91f-9158-40f6-8532-2d400a93fe17">
      <![CDATA[org.openqa.selenium.TimeoutException: Expected condition failed: waiting for trial1.Regression$2@523d6bdb (tried for 60 second(s) with 500 milliseconds interval)
Build info: version: '4.9.1', revision: 'eb2032df7f'
System info: os.name: 'Mac OS X', os.arch: 'x86_64', os.version: '14.2.1', java.version: '17.0.7'
Driver info: io.appium.java_client.AppiumDriver
Capabilities {appium:appActivity: com.threesixteen.app.ui.act..., appium:appPackage: com.threesixteen.app, appium:autoGrantPermissions: true, appium:databaseEnabled: false, appium:desired: {appActivity: com.threesixteen.app.ui.act..., appPackage: com.threesixteen.app, autoGrantPermissions: true, deviceName: 6381e3e, ignoreHiddenApiPolicyError: true, noReset: true, platformName: ANDROID, platformVersion: 14}, appium:deviceApiLevel: 34, appium:deviceManufacturer: OnePlus, appium:deviceModel: CPH2381, appium:deviceName: 6381e3e, appium:deviceScreenDensity: 480, appium:deviceScreenSize: 1080x2412, appium:deviceUDID: 6381e3e, appium:ignoreHiddenApiPolicyError: true, appium:javascriptEnabled: true, appium:locationContextEnabled: false, appium:networkConnectionEnabled: true, appium:noReset: true, appium:pixelRatio: 3, appium:platformVersion: 14, appium:statBarHeight: 110, appium:takesScreenshot: true, appium:viewportRect: {height: 2060, left: 0, top: 110, width: 1080}, appium:warnings: {}, appium:webStorageEnabled: false, platformName: ANDROID}
Session ID: 4537e91f-9158-40f6-8532-2d400a93fe17
at org.openqa.selenium.support.ui.WebDriverWait.timeoutException(WebDriverWait.java:87)
at org.openqa.selenium.support.ui.FluentWait.until(FluentWait.java:231)
at trial1.Regression.clickAndWaitForElementWithId(Regression.java:87)
at trial1.Regression.Videowatcchandwincoinsdetails(Regression.java:897)
at java.base/java.util.ArrayList.forEach(ArrayList.java:1511)
... Removed 27 stack frames]]>
    </failure>
  </testcase> <!-- Videowatcchandwincoinsdetails -->
  <testcase classname="trial1.Regression" name="normallivestream1" time="0.0">
    <skipped/>
  </testcase> <!-- normallivestream1 -->
  <testcase classname="trial1.Regression" name="changeapplanguage" time="0.0">
    <skipped/>
  </testcase> <!-- changeapplanguage -->
  <testcase classname="trial1.Regression" name="othersprofilefollowrfollwoingtest" time="0.0">
    <skipped/>
  </testcase> <!-- othersprofilefollowrfollwoingtest -->
  <testcase classname="trial1.Regression" name="Diamondpurchase10" time="0.0">
    <skipped/>
  </testcase> <!-- Diamondpurchase10 -->
  <testcase classname="trial1.Regression" name="Diamondpurchase500" time="0.0">
    <skipped/>
  </testcase> <!-- Diamondpurchase500 -->
  <testcase classname="trial1.Regression" name="livestreamemojis1" time="0.0">
    <skipped/>
  </testcase> <!-- livestreamemojis1 -->
  <testcase classname="trial1.Regression" name="LiveMiniplayertabswittch" time="0.0">
    <skipped/>
  </testcase> <!-- LiveMiniplayertabswittch -->
  <testcase classname="trial1.Regression" name="livestreamwatccanwin" time="0.0">
    <skipped/>
  </testcase> <!-- livestreamwatccanwin -->
  <testcase classname="trial1.Regression" name="liveplayerFanrank" time="0.0">
    <skipped/>
  </testcase> <!-- liveplayerFanrank -->
  <testcase classname="trial1.Regression" name="SidenNavlighttheme" time="0.0">
    <ignored/>
  </testcase> <!-- SidenNavlighttheme -->
  <testcase classname="trial1.Regression" name="SidenNavigationdiamond" time="0.0">
    <ignored/>
  </testcase> <!-- SidenNavigationdiamond -->
  <testcase classname="trial1.Regression" name="createbtnIRL" time="0.0">
    <ignored/>
  </testcase> <!-- createbtnIRL -->
  <testcase classname="trial1.Regression" name="Selfprofiereeltest" time="0.0">
    <ignored/>
  </testcase> <!-- Selfprofiereeltest -->
  <testcase classname="trial1.Regression" name="Reelsscroll100times" time="0.0">
    <ignored/>
  </testcase> <!-- Reelsscroll100times -->
  <testcase classname="trial1.Regression" name="SidenNavoffersTask" time="0.0">
    <ignored/>
  </testcase> <!-- SidenNavoffersTask -->
  <testcase classname="trial1.Regression" name="InappNotificationtest" time="0.0">
    <ignored/>
  </testcase> <!-- InappNotificationtest -->
  <testcase classname="trial1.Regression" name="sidenavcreatebtnvideo" time="0.0">
    <ignored/>
  </testcase> <!-- sidenavcreatebtnvideo -->
  <testcase classname="trial1.Regression" name="SidenNavcchangegender" time="0.0">
    <ignored/>
  </testcase> <!-- SidenNavcchangegender -->
  <testcase classname="trial1.Regression" name="Videoplayercomment" time="0.0">
    <ignored/>
  </testcase> <!-- Videoplayercomment -->
  <testcase classname="trial1.Regression" name="reelstesaftertabsswitch" time="0.0">
    <ignored/>
  </testcase> <!-- reelstesaftertabsswitch -->
  <testcase classname="trial1.Regression" name="centralreelmuteunmute" time="0.0">
    <ignored/>
  </testcase> <!-- centralreelmuteunmute -->
  <testcase classname="trial1.Regression" name="SidenNavcreatebtn3" time="0.0">
    <ignored/>
  </testcase> <!-- SidenNavcreatebtn3 -->
  <testcase classname="trial1.Regression" name="chnageconetentlanguagegujrativideos" time="0.0">
    <ignored/>
  </testcase> <!-- chnageconetentlanguagegujrativideos -->
  <testcase classname="trial1.Regression" name="CentralReeltest1" time="0.0">
    <ignored/>
  </testcase> <!-- CentralReeltest1 -->
  <testcase classname="trial1.Regression" name="chnageconetentlanguagemalyalamvideos" time="0.0">
    <ignored/>
  </testcase> <!-- chnageconetentlanguagemalyalamvideos -->
  <testcase classname="trial1.Regression" name="chnageconetentlanguagetelguvideos" time="0.0">
    <ignored/>
  </testcase> <!-- chnageconetentlanguagetelguvideos -->
  <testcase classname="trial1.Regression" name="liveplayercomennt" time="0.0">
    <ignored/>
  </testcase> <!-- liveplayercomennt -->
  <testcase classname="trial1.Regression" name="SidenNavwatccchhistory" time="0.0">
    <ignored/>
  </testcase> <!-- SidenNavwatccchhistory -->
  <testcase classname="trial1.Regression" name="SidenNavdarktheme" time="0.0">
    <ignored/>
  </testcase> <!-- SidenNavdarktheme -->
  <testcase classname="trial1.Regression" name="SidenNavchangeBio" time="0.0">
    <ignored/>
  </testcase> <!-- SidenNavchangeBio -->
  <testcase classname="trial1.Regression" name="SidenNavinviteandwin" time="0.0">
    <ignored/>
  </testcase> <!-- SidenNavinviteandwin -->
  <testcase classname="trial1.Regression" name="SidenNavigationccoins" time="0.0">
    <ignored/>
  </testcase> <!-- SidenNavigationccoins -->
  <testcase classname="trial1.Regression" name="Diamondpurchase5" time="0.0">
    <ignored/>
  </testcase> <!-- Diamondpurchase5 -->
  <testcase classname="trial1.Regression" name="SidenNavcontest" time="0.0">
    <ignored/>
  </testcase> <!-- SidenNavcontest -->
  <testcase classname="trial1.Regression" name="SidenNavcchangeprofilename" time="0.0">
    <ignored/>
  </testcase> <!-- SidenNavcchangeprofilename -->
  <testcase classname="trial1.Regression" name="Contestpagedatatest" time="0.0">
    <ignored/>
  </testcase> <!-- Contestpagedatatest -->
  <testcase classname="trial1.Regression" name="Diamondpurchase6001" time="0.0">
    <ignored/>
  </testcase> <!-- Diamondpurchase6001 -->
  <testcase classname="trial1.Regression" name="SidenNavcreatebtn2" time="0.0">
    <ignored/>
  </testcase> <!-- SidenNavcreatebtn2 -->
  <testcase classname="trial1.Regression" name="Diamondpurchase291" time="0.0">
    <ignored/>
  </testcase> <!-- Diamondpurchase291 -->
  <testcase classname="trial1.Regression" name="livestreamcommentreportandopenuserporfile" time="0.0">
    <ignored/>
  </testcase> <!-- livestreamcommentreportandopenuserporfile -->
  <testcase classname="trial1.Regression" name="SidenNavRewards" time="0.0">
    <ignored/>
  </testcase> <!-- SidenNavRewards -->
  <testcase classname="trial1.Regression" name="VideoPlayerforwardbakkward" time="0.0">
    <ignored/>
  </testcase> <!-- VideoPlayerforwardbakkward -->
  <testcase classname="trial1.Regression" name="liveplayershare" time="0.0">
    <ignored/>
  </testcase> <!-- liveplayershare -->
  <testcase classname="trial1.Regression" name="BasicSearchTest" time="0.0">
    <ignored/>
  </testcase> <!-- BasicSearchTest -->
  <testcase classname="trial1.Regression" name="sidenavcreatebtreel" time="0.0">
    <ignored/>
  </testcase> <!-- sidenavcreatebtreel -->
  <testcase classname="trial1.Regression" name="chnageconetentlanguagekkanndavideos" time="0.0">
    <ignored/>
  </testcase> <!-- chnageconetentlanguagekkanndavideos -->
  <testcase classname="trial1.Regression" name="chnageconetentlanguagetamilvideos" time="0.0">
    <ignored/>
  </testcase> <!-- chnageconetentlanguagetamilvideos -->
  <testcase classname="trial1.Regression" name="InappNotificationupdateab" time="0.0">
    <ignored/>
  </testcase> <!-- InappNotificationupdateab -->
  <testcase classname="trial1.Regression" name="Selfprofilefollowandfollowigllist" time="0.0">
    <ignored/>
  </testcase> <!-- Selfprofilefollowandfollowigllist -->
  <testcase classname="trial1.Regression" name="Exploretab" time="0.0">
    <ignored/>
  </testcase> <!-- Exploretab -->
  <testcase classname="trial1.Regression" name="searcchVideoplayercomment" time="0.0">
    <ignored/>
  </testcase> <!-- searcchVideoplayercomment -->
  <testcase classname="trial1.Regression" name="chnageconetentlanguageBengalivideos" time="0.0">
    <ignored/>
  </testcase> <!-- chnageconetentlanguageBengalivideos -->
  <testcase classname="trial1.Regression" name="Diamondpurchase2501" time="0.0">
    <ignored/>
  </testcase> <!-- Diamondpurchase2501 -->
  <testcase classname="trial1.Regression" name="Diamondpurchase" time="0.0">
    <ignored/>
  </testcase> <!-- Diamondpurchase -->
  <testcase classname="trial1.Regression" name="Donationlink" time="0.0">
    <ignored/>
  </testcase> <!-- Donationlink -->
  <testcase classname="trial1.Regression" name="threedotsonnprofilepage" time="0.0">
    <ignored/>
  </testcase> <!-- threedotsonnprofilepage -->
  <testcase classname="trial1.Regression" name="SidenNavcreatebtn1" time="0.0">
    <ignored/>
  </testcase> <!-- SidenNavcreatebtn1 -->
  <testcase classname="trial1.Regression" name="othersprofilefollowunfollow" time="0.0">
    <ignored/>
  </testcase> <!-- othersprofilefollowunfollow -->
  <testcase classname="trial1.Regression" name="SearchReelcommentTest" time="0.0">
    <ignored/>
  </testcase> <!-- SearchReelcommentTest -->
  <testcase classname="trial1.Regression" name="Selfprofilegamepage2" time="0.0">
    <ignored/>
  </testcase> <!-- Selfprofilegamepage2 -->
  <testcase classname="trial1.Regression" name="SidenNavcchnagefavoritegames" time="0.0">
    <ignored/>
  </testcase> <!-- SidenNavcchnagefavoritegames -->
  <testcase classname="trial1.Regression" name="SidenNavcchangelocation" time="0.0">
    <ignored/>
  </testcase> <!-- SidenNavcchangelocation -->
  <testcase classname="trial1.Regression" name="VideoMiniplayertabswittch" time="0.0">
    <ignored/>
  </testcase> <!-- VideoMiniplayertabswittch -->
  <testcase classname="trial1.Regression" name="Selfprofilegamepage" time="0.0">
    <ignored/>
  </testcase> <!-- Selfprofilegamepage -->
  <testcase classname="trial1.Regression" name="searchvideoplayerLikeWatchNWin" time="0.0">
    <ignored/>
  </testcase> <!-- searchvideoplayerLikeWatchNWin -->
  <testcase classname="trial1.Regression" name="SidenNavdatasaver" time="0.0">
    <ignored/>
  </testcase> <!-- SidenNavdatasaver -->
  <testcase classname="trial1.Regression" name="Selfpropfilereelcomment" time="0.0">
    <ignored/>
  </testcase> <!-- Selfpropfilereelcomment -->
  <testcase classname="trial1.Regression" name="Horizontalreeltabhomepage" time="0.0">
    <ignored/>
  </testcase> <!-- Horizontalreeltabhomepage -->
  <testcase classname="trial1.Regression" name="SearchReelTest" time="0.0">
    <ignored/>
  </testcase> <!-- SearchReelTest -->
  <testcase classname="trial1.Regression" name="SidenNavcchangegender2" time="0.0">
    <ignored/>
  </testcase> <!-- SidenNavcchangegender2 -->
  <testcase classname="trial1.Regression" name="chnageconetentlanguagebhasaindonesiavideos" time="0.0">
    <ignored/>
  </testcase> <!-- chnageconetentlanguagebhasaindonesiavideos -->
  <testcase classname="trial1.Regression" name="ShopcardontaskPage" time="0.0">
    <ignored/>
  </testcase> <!-- ShopcardontaskPage -->
  <testcase classname="trial1.Regression" name="chnageconetentlanguageMarathivideos" time="0.0">
    <ignored/>
  </testcase> <!-- chnageconetentlanguageMarathivideos -->
  <testcase classname="trial1.Regression" name="Diamondpurchase501" time="0.0">
    <ignored/>
  </testcase> <!-- Diamondpurchase501 -->
  <testcase classname="trial1.Regression" name="Diamondpurchase100" time="0.0">
    <ignored/>
  </testcase> <!-- Diamondpurchase100 -->
  <testcase classname="trial1.Regression" name="othersprofilereelltest" time="0.0">
    <ignored/>
  </testcase> <!-- othersprofilereelltest -->
  <testcase classname="trial1.Regression" name="sidenavcreatebtnimage" time="0.0">
    <ignored/>
  </testcase> <!-- sidenavcreatebtnimage -->
  <testcase classname="trial1.Regression" name="Googleplaycouponredeem" time="0.0">
    <ignored/>
  </testcase> <!-- Googleplaycouponredeem -->
  <testcase classname="trial1.Regression" name="InappNotificationActivittab" time="0.0">
    <ignored/>
  </testcase> <!-- InappNotificationActivittab -->
  <testcase classname="trial1.Regression" name="InappNotificationhistiory" time="0.0">
    <ignored/>
  </testcase> <!-- InappNotificationhistiory -->
</testsuite> <!-- Test(failed)(failed)(failed)(failed)(failed)(failed)(failed)(failed)(failed)(failed)(failed)(failed)(failed)(failed)(failed)(failed) -->
