<?xml version="1.0" encoding="UTF-8"?>
<!-- Generated by org.testng.reporters.JUnitXMLReporter -->
<testsuite ignored="0" hostname="rooters-MacBook-Pro.local" failures="0" tests="2" name="Android 12 test" time="0.064" errors="0" timestamp="2024-01-02T22:09:03 IST">
  <testcase classname="trial1.SidenavTest4parallel" name="@BeforeMethod initiateDriver" time="-1.704213538628E9">
    <failure type="org.testng.TestNGException" message="
Parameter &amp;apos;deviceName&amp;apos; is required by BeforeMethod on method initiateDriver but has not been marked @Optional or defined
in /Users/rooter/eclipse-workspace/Rooter/testng.xml">
      <![CDATA[org.testng.TestNGException: 
Parameter 'deviceName' is required by BeforeMethod on method initiateDriver but has not been marked @Optional or defined
in /Users/rooter/eclipse-workspace/Rooter/testng.xml
at java.base/java.util.ArrayList.forEach(ArrayList.java:1511)
at java.base/java.util.concurrent.FutureTask.run(FutureTask.java:264)
at java.base/java.util.concurrent.ThreadPoolExecutor.runWorker(ThreadPoolExecutor.java:1136)
at java.base/java.util.concurrent.ThreadPoolExecutor$Worker.run(ThreadPoolExecutor.java:635)
at java.base/java.lang.Thread.run(Thread.java:833)
... Removed 18 stack frames]]>
    </failure>
  </testcase> <!-- @BeforeMethod initiateDriver -->
  <testcase classname="trial1.SidenavTest4parallel" name="@BeforeMethod initiateDriver" time="-1.704213538628E9">
    <failure type="org.testng.TestNGException" message="
Parameter &amp;apos;udid&amp;apos; is required by BeforeMethod on method initiateDriver but has not been marked @Optional or defined
in /Users/rooter/eclipse-workspace/Rooter/testng.xml">
      <![CDATA[org.testng.TestNGException: 
Parameter 'udid' is required by BeforeMethod on method initiateDriver but has not been marked @Optional or defined
in /Users/rooter/eclipse-workspace/Rooter/testng.xml
at java.base/java.util.ArrayList.forEach(ArrayList.java:1511)
at java.base/java.util.concurrent.FutureTask.run(FutureTask.java:264)
at java.base/java.util.concurrent.ThreadPoolExecutor.runWorker(ThreadPoolExecutor.java:1136)
at java.base/java.util.concurrent.ThreadPoolExecutor$Worker.run(ThreadPoolExecutor.java:635)
at java.base/java.lang.Thread.run(Thread.java:833)
... Removed 18 stack frames]]>
    </failure>
  </testcase> <!-- @BeforeMethod initiateDriver -->
  <testcase classname="trial1.SidenavTest4parallel" name="@AfterMethod closeDriver" time="0.0">
    <skipped/>
  </testcase> <!-- @AfterMethod closeDriver -->
  <testcase classname="trial1.SidenavTest4parallel" name="@AfterMethod closeDriver" time="0.0">
    <skipped/>
  </testcase> <!-- @AfterMethod closeDriver -->
  <testcase classname="trial1.SidenavTest4parallel" name="@AfterMethod teardown" time="0.0">
    <skipped/>
  </testcase> <!-- @AfterMethod teardown -->
  <testcase classname="trial1.SidenavTest4parallel" name="@AfterMethod teardown" time="0.0">
    <skipped/>
  </testcase> <!-- @AfterMethod teardown -->
  <testcase classname="trial1.SidenavTest4parallel" name="@BeforeMethod initiateDriver" time="0.0">
    <skipped/>
  </testcase> <!-- @BeforeMethod initiateDriver -->
  <testcase classname="trial1.SidenavTest4parallel" name="@BeforeMethod initiateDriver" time="0.0">
    <skipped/>
  </testcase> <!-- @BeforeMethod initiateDriver -->
  <testcase classname="trial1.SidenavTest4parallel" name="@AfterMethod closeDriver" time="0.0">
    <skipped/>
  </testcase> <!-- @AfterMethod closeDriver -->
  <testcase classname="trial1.SidenavTest4parallel" name="@AfterMethod closeDriver" time="0.0">
    <skipped/>
  </testcase> <!-- @AfterMethod closeDriver -->
  <testcase classname="trial1.SidenavTest4parallel" name="@AfterMethod teardown" time="0.0">
    <skipped/>
  </testcase> <!-- @AfterMethod teardown -->
  <testcase classname="trial1.SidenavTest4parallel" name="@AfterMethod teardown" time="0.0">
    <skipped/>
  </testcase> <!-- @AfterMethod teardown -->
  <testcase classname="trial1.SidenavTest4parallel" name="SidenNavcreatebtn2" time="0.0">
    <skipped/>
  </testcase> <!-- SidenNavcreatebtn2 -->
  <testcase classname="trial1.SidenavTest4parallel" name="SidenNavcchnagefavoritegames" time="0.0">
    <skipped/>
  </testcase> <!-- SidenNavcchnagefavoritegames -->
</testsuite> <!-- Android 12 test -->
