<?xml version="1.0" encoding="UTF-8"?>
<!-- Generated by org.testng.reporters.JUnitXMLReporter -->
<testsuite ignored="0" hostname="rooterhitmishra" failures="1" tests="18" name="Test" time="801.314" errors="0" timestamp="2024-08-31T18:07:45 IST">
  <testcase classname="Trial.wallet_Script" name="WalletAddMoneyRS1001" time="10.742"/>
  <testcase classname="Trial.wallet_Script" name="WalletAddMoneyRS50002" time="11.83"/>
  <testcase classname="Trial.wallet_Script" name="WalletAddMoneyRS10003" time="9.929"/>
  <testcase classname="Trial.wallet_Script" name="WalletFromSideNav04" time="8.69"/>
  <testcase classname="Trial.wallet_Script" name="WalletFromSRewardPageIcon04" time="9.067"/>
  <testcase classname="Trial.wallet_Script" name="WalletHistoryAndAddMore06" time="14.518"/>
  <testcase classname="Trial.wallet_Script" name="WalletDownloadInvoice07" time="20.416">
    <failure type="org.openqa.selenium.NoSuchElementException" message="An element could not be located on the page using the given search parameters.
For documentation on this error, please visit: https://www.selenium.dev/documentation/webdriver/troubleshooting/errors#no-such-element-exception
Build info: version: &amp;apos;4.16.1&amp;apos;, revision: &amp;apos;9b4c83354e&amp;apos;
System info: os.name: &amp;apos;Mac OS X&amp;apos;, os.arch: &amp;apos;x86_64&amp;apos;, os.version: &amp;apos;14.6.1&amp;apos;, java.version: &amp;apos;17.0.7&amp;apos;
Driver info: io.appium.java_client.android.AndroidDriver
Command: [da053305-a70d-4323-bffc-0a4b5db85bd5, findElement {using=xpath, value=//android.view.View[@content-desc=&amp;quot;Rooter Download Invoice&amp;quot;]/android.widget.Image}]
Capabilities {appium:appActivity: com.threesixteen.app.ui.act..., appium:appPackage: com.threesixteen.app, appium:autoGrantPermissions: true, appium:databaseEnabled: false, appium:desired: {appActivity: com.threesixteen.app.ui.act..., appPackage: com.threesixteen.app, autoGrantPermissions: true, ignoreHiddenApiPolicyError: true, noReset: true, platformName: ANDROID, platformVersion: 14}, appium:deviceApiLevel: 34, appium:deviceManufacturer: vivo, appium:deviceModel: I2127, appium:deviceName: 13793294180004Z, appium:deviceScreenDensity: 440, appium:deviceScreenSize: 1080x2408, appium:deviceUDID: 13793294180004Z, appium:ignoreHiddenApiPolicyError: true, appium:javascriptEnabled: true, appium:locationContextEnabled: false, appium:networkConnectionEnabled: true, appium:noReset: true, appium:pixelRatio: 2.75, appium:platformVersion: 14, appium:statBarHeight: 88, appium:takesScreenshot: true, appium:viewportRect: {height: 2138, left: 0, top: 88, width: 1080}, appium:warnings: {}, appium:webStorageEnabled: false, platformName: ANDROID}
Session ID: da053305-a70d-4323-bffc-0a4b5db85bd5">
      <![CDATA[org.openqa.selenium.NoSuchElementException: An element could not be located on the page using the given search parameters.
For documentation on this error, please visit: https://www.selenium.dev/documentation/webdriver/troubleshooting/errors#no-such-element-exception
Build info: version: '4.16.1', revision: '9b4c83354e'
System info: os.name: 'Mac OS X', os.arch: 'x86_64', os.version: '14.6.1', java.version: '17.0.7'
Driver info: io.appium.java_client.android.AndroidDriver
Command: [da053305-a70d-4323-bffc-0a4b5db85bd5, findElement {using=xpath, value=//android.view.View[@content-desc="Rooter Download Invoice"]/android.widget.Image}]
Capabilities {appium:appActivity: com.threesixteen.app.ui.act..., appium:appPackage: com.threesixteen.app, appium:autoGrantPermissions: true, appium:databaseEnabled: false, appium:desired: {appActivity: com.threesixteen.app.ui.act..., appPackage: com.threesixteen.app, autoGrantPermissions: true, ignoreHiddenApiPolicyError: true, noReset: true, platformName: ANDROID, platformVersion: 14}, appium:deviceApiLevel: 34, appium:deviceManufacturer: vivo, appium:deviceModel: I2127, appium:deviceName: 13793294180004Z, appium:deviceScreenDensity: 440, appium:deviceScreenSize: 1080x2408, appium:deviceUDID: 13793294180004Z, appium:ignoreHiddenApiPolicyError: true, appium:javascriptEnabled: true, appium:locationContextEnabled: false, appium:networkConnectionEnabled: true, appium:noReset: true, appium:pixelRatio: 2.75, appium:platformVersion: 14, appium:statBarHeight: 88, appium:takesScreenshot: true, appium:viewportRect: {height: 2138, left: 0, top: 88, width: 1080}, appium:warnings: {}, appium:webStorageEnabled: false, platformName: ANDROID}
Session ID: da053305-a70d-4323-bffc-0a4b5db85bd5
at org.openqa.selenium.remote.codec.w3c.W3CHttpResponseCodec.createException(W3CHttpResponseCodec.java:200)
at org.openqa.selenium.remote.codec.w3c.W3CHttpResponseCodec.decode(W3CHttpResponseCodec.java:133)
at org.openqa.selenium.remote.codec.w3c.W3CHttpResponseCodec.decode(W3CHttpResponseCodec.java:52)
at org.openqa.selenium.remote.HttpCommandExecutor.execute(HttpCommandExecutor.java:191)
at io.appium.java_client.remote.AppiumCommandExecutor.execute(AppiumCommandExecutor.java:237)
at org.openqa.selenium.remote.RemoteWebDriver.execute(RemoteWebDriver.java:523)
at org.openqa.selenium.remote.ElementLocation$ElementFinder$2.findElement(ElementLocation.java:165)
at org.openqa.selenium.remote.ElementLocation.findElement(ElementLocation.java:59)
at org.openqa.selenium.remote.RemoteWebDriver.findElement(RemoteWebDriver.java:360)
at org.openqa.selenium.remote.RemoteWebDriver.findElement(RemoteWebDriver.java:354)
at Trial.wallet_Script.WalletDownloadInvoice07(wallet_Script.java:195)
at java.base/java.util.ArrayList.forEach(ArrayList.java:1511)
... Removed 32 stack frames]]>
    </failure>
  </testcase> <!-- WalletDownloadInvoice07 -->
  <testcase classname="Trial.Subscription_Script" name="SubscriptionPack01" time="19.14"/>
  <testcase classname="Trial.Subscription_Script" name="SubscriptionPurchasehistoryandTokenValidation05" time="33.751"/>
  <testcase classname="Trial.Subscription_Script" name="SubscriptionValidityCheck06" time="0.001"/>
  <testcase classname="Trial.Subscription_Script" name="Logout07" time="22.632"/>
  <testcase classname="Trial.Subscription_Script" name="LoginWithNewUser08" time="66.678"/>
  <testcase classname="Trial.Subscription_Script" name="NewUserSubscription1DayPack9" time="12.917"/>
  <testcase classname="Trial.Subscription_Script" name="NewUserSubscription7DayPack10" time="10.722"/>
  <testcase classname="Trial.Subscription_Script" name="NewUserSubscription30DayPack11" time="11.577"/>
  <testcase classname="Trial.Subscription_Script" name="NewUserSubscription180DaysPack12" time="16.397"/>
  <testcase classname="Trial.Subscription_Script" name="NewUserSubscription365DayPack13" time="16.139"/>
  <testcase classname="Trial.Subscription_Script" name="NonProNewUserHomepageTabsDataCheck16" time="1.561"/>
</testsuite> <!-- Test -->
