<?xml version="1.0" encoding="UTF-8"?>
<!-- Generated by org.testng.reporters.JUnitXMLReporter -->
<testsuite ignored="176" hostname="rooterhitmishra" failures="9" tests="28" name="Default Test(failed)(failed)(failed)" time="2483.908" errors="0" timestamp="2024-09-04T08:12:25 IST">
  <testcase classname="Trial.Functions" name="@BeforeMethod setup" time="24.847">
    <failure type="org.openqa.selenium.WebDriverException" message="An unknown server-side error occurred while processing the command. Original error: &amp;apos;POST /elements&amp;apos; cannot be proxied to UiAutomator2 server because the instrumentation process is not running (probably crashed). Check the server log and/or the logcat output for more details
Build info: version: &amp;apos;4.16.1&amp;apos;, revision: &amp;apos;9b4c83354e&amp;apos;
System info: os.name: &amp;apos;Mac OS X&amp;apos;, os.arch: &amp;apos;x86_64&amp;apos;, os.version: &amp;apos;14.6.1&amp;apos;, java.version: &amp;apos;17.0.7&amp;apos;
Driver info: io.appium.java_client.android.AndroidDriver
Command: [4ba6f545-bd14-458d-a56b-7bb55034d462, findElements {using=xpath, value=//*[contains(@text,&amp;apos;Update&amp;apos;)]}]
Capabilities {appium:appActivity: com.threesixteen.app.ui.act..., appium:appPackage: com.threesixteen.app, appium:autoGrantPermissions: true, appium:databaseEnabled: false, appium:desired: {appActivity: com.threesixteen.app.ui.act..., appPackage: com.threesixteen.app, autoGrantPermissions: true, ignoreHiddenApiPolicyError: true, noReset: true, platformName: ANDROID, platformVersion: 14}, appium:deviceApiLevel: 34, appium:deviceManufacturer: vivo, appium:deviceModel: I2127, appium:deviceName: 13793294180004Z, appium:deviceScreenDensity: 440, appium:deviceScreenSize: 1080x2408, appium:deviceUDID: 13793294180004Z, appium:ignoreHiddenApiPolicyError: true, appium:javascriptEnabled: true, appium:locationContextEnabled: false, appium:networkConnectionEnabled: true, appium:noReset: true, appium:pixelRatio: 2.75, appium:platformVersion: 14, appium:statBarHeight: 88, appium:takesScreenshot: true, appium:viewportRect: {height: 2138, left: 0, top: 88, width: 1080}, appium:warnings: {}, appium:webStorageEnabled: false, platformName: ANDROID}
Session ID: 4ba6f545-bd14-458d-a56b-7bb55034d462">
      <![CDATA[org.openqa.selenium.WebDriverException: An unknown server-side error occurred while processing the command. Original error: 'POST /elements' cannot be proxied to UiAutomator2 server because the instrumentation process is not running (probably crashed). Check the server log and/or the logcat output for more details
Build info: version: '4.16.1', revision: '9b4c83354e'
System info: os.name: 'Mac OS X', os.arch: 'x86_64', os.version: '14.6.1', java.version: '17.0.7'
Driver info: io.appium.java_client.android.AndroidDriver
Command: [4ba6f545-bd14-458d-a56b-7bb55034d462, findElements {using=xpath, value=//*[contains(@text,'Update')]}]
Capabilities {appium:appActivity: com.threesixteen.app.ui.act..., appium:appPackage: com.threesixteen.app, appium:autoGrantPermissions: true, appium:databaseEnabled: false, appium:desired: {appActivity: com.threesixteen.app.ui.act..., appPackage: com.threesixteen.app, autoGrantPermissions: true, ignoreHiddenApiPolicyError: true, noReset: true, platformName: ANDROID, platformVersion: 14}, appium:deviceApiLevel: 34, appium:deviceManufacturer: vivo, appium:deviceModel: I2127, appium:deviceName: 13793294180004Z, appium:deviceScreenDensity: 440, appium:deviceScreenSize: 1080x2408, appium:deviceUDID: 13793294180004Z, appium:ignoreHiddenApiPolicyError: true, appium:javascriptEnabled: true, appium:locationContextEnabled: false, appium:networkConnectionEnabled: true, appium:noReset: true, appium:pixelRatio: 2.75, appium:platformVersion: 14, appium:statBarHeight: 88, appium:takesScreenshot: true, appium:viewportRect: {height: 2138, left: 0, top: 88, width: 1080}, appium:warnings: {}, appium:webStorageEnabled: false, platformName: ANDROID}
Session ID: 4ba6f545-bd14-458d-a56b-7bb55034d462
at org.openqa.selenium.remote.codec.w3c.W3CHttpResponseCodec.createException(W3CHttpResponseCodec.java:200)
at org.openqa.selenium.remote.codec.w3c.W3CHttpResponseCodec.decode(W3CHttpResponseCodec.java:133)
at org.openqa.selenium.remote.codec.w3c.W3CHttpResponseCodec.decode(W3CHttpResponseCodec.java:52)
at org.openqa.selenium.remote.HttpCommandExecutor.execute(HttpCommandExecutor.java:191)
at io.appium.java_client.remote.AppiumCommandExecutor.execute(AppiumCommandExecutor.java:237)
at org.openqa.selenium.remote.RemoteWebDriver.execute(RemoteWebDriver.java:523)
at org.openqa.selenium.remote.ElementLocation$ElementFinder$2.findElements(ElementLocation.java:182)
at org.openqa.selenium.remote.ElementLocation.findElements(ElementLocation.java:103)
at org.openqa.selenium.remote.RemoteWebDriver.findElements(RemoteWebDriver.java:373)
at org.openqa.selenium.remote.RemoteWebDriver.findElements(RemoteWebDriver.java:367)
at Trial.Functions.isVisibleWithXPath1(Functions.java:124)
at Trial.Functions.setup(Functions.java:973)
at java.base/java.util.ArrayList.forEach(ArrayList.java:1511)
... Removed 35 stack frames]]>
    </failure>
  </testcase> <!-- @BeforeMethod setup -->
  <testcase classname="Trial.Explorepage_Script" name="@AfterMethod tearDown" time="0.0">
    <skipped/>
  </testcase> <!-- @AfterMethod tearDown -->
  <testcase classname="Trial.Functions" name="@BeforeMethod setup" time="15.901">
    <failure type="org.openqa.selenium.SessionNotCreatedException" message="Could not start a new session. Possible causes are invalid address of the remote server or browser start-up failure. 
Host info: host: &amp;apos;rooterhitmishra&amp;apos;, ip: &amp;apos;fe80:0:0:0:4d8:4580:9f58:c5cb%en0&amp;apos;">
      <![CDATA[org.openqa.selenium.SessionNotCreatedException: Could not start a new session. Possible causes are invalid address of the remote server or browser start-up failure. 
Host info: host: 'rooterhitmishra', ip: 'fe80:0:0:0:4d8:4580:9f58:c5cb%en0'
at org.openqa.selenium.remote.RemoteWebDriver.execute(RemoteWebDriver.java:541)
at io.appium.java_client.AppiumDriver.startSession(AppiumDriver.java:268)
at org.openqa.selenium.remote.RemoteWebDriver.<init>(RemoteWebDriver.java:164)
at io.appium.java_client.AppiumDriver.<init>(AppiumDriver.java:90)
at io.appium.java_client.AppiumDriver.<init>(AppiumDriver.java:102)
at io.appium.java_client.android.AndroidDriver.<init>(AndroidDriver.java:109)
at Trial.Functions.setup(Functions.java:943)
at java.base/java.util.ArrayList.forEach(ArrayList.java:1511)
Build info: version: '4.16.1', revision: '9b4c83354e'
System info: os.name: 'Mac OS X', os.arch: 'x86_64', os.version: '14.6.1', java.version: '17.0.7'
Driver info: driver.version: AndroidDriver
at io.appium.java_client.remote.AppiumProtocolHandshake.createSession(AppiumProtocolHandshake.java:137)
at io.appium.java_client.remote.AppiumProtocolHandshake.createSession(AppiumProtocolHandshake.java:102)
at io.appium.java_client.remote.AppiumCommandExecutor.createSession(AppiumCommandExecutor.java:176)
at io.appium.java_client.remote.AppiumCommandExecutor.execute(AppiumCommandExecutor.java:237)
at org.openqa.selenium.remote.RemoteWebDriver.execute(RemoteWebDriver.java:523)
... 37 more
at io.appium.java_client.remote.AppiumProtocolHandshake.createSession(AppiumProtocolHandshake.java:133)
... 41 more
Caused by: java.io.UncheckedIOException: java.io.IOException: HTTP/1.1 header parser received no bytes
at org.openqa.selenium.remote.http.jdk.JdkHttpClient.execute0(JdkHttpClient.java:442)
at io.appium.java_client.internal.filters.AppiumIdempotencyFilter.lambda$apply$0(AppiumIdempotencyFilter.java:35)
at io.appium.java_client.internal.filters.AppiumUserAgentFilter.lambda$apply$0(AppiumUserAgentFilter.java:87)
at org.openqa.selenium.remote.http.Filter.lambda$andFinally$1(Filter.java:55)
at org.openqa.selenium.remote.http.jdk.JdkHttpClient.execute(JdkHttpClient.java:358)
at org.openqa.selenium.remote.ProtocolHandshake.createSession(ProtocolHandshake.java:115)
... 45 more
Caused by: java.io.IOException: HTTP/1.1 header parser received no bytes
at java.net.http/jdk.internal.net.http.common.Utils.wrapWithExtraDetail(Utils.java:348)
at java.net.http/jdk.internal.net.http.Http1Response$HeadersReader.onReadError(Http1Response.java:675)
at java.net.http/jdk.internal.net.http.Http1AsyncReceiver.checkForErrors(Http1AsyncReceiver.java:302)
at java.net.http/jdk.internal.net.http.Http1AsyncReceiver.flush(Http1AsyncReceiver.java:268)
at java.net.http/jdk.internal.net.http.common.SequentialScheduler$LockingRestartableTask.run(SequentialScheduler.java:205)
at java.net.http/jdk.internal.net.http.common.SequentialScheduler$CompleteRestartableTask.run(SequentialScheduler.java:149)
at java.net.http/jdk.internal.net.http.common.SequentialScheduler$SchedulableTask.run(SequentialScheduler.java:230)
at java.base/java.util.concurrent.ThreadPoolExecutor.runWorker(ThreadPoolExecutor.java:1136)
at java.base/java.util.concurrent.ThreadPoolExecutor$Worker.run(ThreadPoolExecutor.java:635)
at java.base/java.lang.Thread.run(Thread.java:833)
Caused by: java.io.EOFException: EOF reached while reading
at java.net.http/jdk.internal.net.http.Http1AsyncReceiver$Http1TubeSubscriber.onComplete(Http1AsyncReceiver.java:596)
at java.net.http/jdk.internal.net.http.SocketTube$InternalReadPublisher$ReadSubscription.signalCompletion(SocketTube.java:640)
at java.net.http/jdk.internal.net.http.SocketTube$InternalReadPublisher$InternalReadSubscription.read(SocketTube.java:845)
at java.net.http/jdk.internal.net.http.SocketTube$SocketFlowTask.run(SocketTube.java:181)
at java.net.http/jdk.internal.net.http.common.SequentialScheduler$SchedulableTask.run(SequentialScheduler.java:230)
at java.net.http/jdk.internal.net.http.common.SequentialScheduler.runOrSchedule(SequentialScheduler.java:303)
at java.net.http/jdk.internal.net.http.common.SequentialScheduler.runOrSchedule(SequentialScheduler.java:256)
at java.net.http/jdk.internal.net.http.SocketTube$InternalReadPublisher$InternalReadSubscription.signalReadable(SocketTube.java:774)
at java.net.http/jdk.internal.net.http.SocketTube$InternalReadPublisher$ReadEvent.signalEvent(SocketTube.java:957)
at java.net.http/jdk.internal.net.http.SocketTube$SocketFlowEvent.handle(SocketTube.java:253)
at java.net.http/jdk.internal.net.http.HttpClientImpl$SelectorManager.handleEvent(HttpClientImpl.java:979)
at java.net.http/jdk.internal.net.http.HttpClientImpl$SelectorManager.lambda$run$3(HttpClientImpl.java:934)
at java.base/java.util.ArrayList.forEach(ArrayList.java:1511)
at java.net.http/jdk.internal.net.http.HttpClientImpl$SelectorManager.run(HttpClientImpl.java:934)
... Removed 35 stack frames]]>
    </failure>
  </testcase> <!-- @BeforeMethod setup -->
  <testcase classname="Trial.SideNav_Script" name="@AfterMethod tearDown" time="0.0">
    <skipped/>
  </testcase> <!-- @AfterMethod tearDown -->
  <testcase classname="Trial.Functions" name="@BeforeMethod setup" time="0.022">
    <failure type="org.openqa.selenium.SessionNotCreatedException" message="Could not start a new session. Possible causes are invalid address of the remote server or browser start-up failure. 
Host info: host: &amp;apos;rooterhitmishra&amp;apos;, ip: &amp;apos;fe80:0:0:0:4d8:4580:9f58:c5cb%en0&amp;apos;">
      <![CDATA[org.openqa.selenium.SessionNotCreatedException: Could not start a new session. Possible causes are invalid address of the remote server or browser start-up failure. 
Host info: host: 'rooterhitmishra', ip: 'fe80:0:0:0:4d8:4580:9f58:c5cb%en0'
at org.openqa.selenium.remote.RemoteWebDriver.execute(RemoteWebDriver.java:541)
at io.appium.java_client.AppiumDriver.startSession(AppiumDriver.java:268)
at org.openqa.selenium.remote.RemoteWebDriver.<init>(RemoteWebDriver.java:164)
at io.appium.java_client.AppiumDriver.<init>(AppiumDriver.java:90)
at io.appium.java_client.AppiumDriver.<init>(AppiumDriver.java:102)
at io.appium.java_client.android.AndroidDriver.<init>(AndroidDriver.java:109)
at Trial.Functions.setup(Functions.java:943)
at java.base/java.util.ArrayList.forEach(ArrayList.java:1511)
Build info: version: '4.16.1', revision: '9b4c83354e'
System info: os.name: 'Mac OS X', os.arch: 'x86_64', os.version: '14.6.1', java.version: '17.0.7'
Driver info: driver.version: AndroidDriver
at io.appium.java_client.remote.AppiumProtocolHandshake.createSession(AppiumProtocolHandshake.java:137)
at io.appium.java_client.remote.AppiumProtocolHandshake.createSession(AppiumProtocolHandshake.java:102)
at io.appium.java_client.remote.AppiumCommandExecutor.createSession(AppiumCommandExecutor.java:176)
at io.appium.java_client.remote.AppiumCommandExecutor.execute(AppiumCommandExecutor.java:237)
at org.openqa.selenium.remote.RemoteWebDriver.execute(RemoteWebDriver.java:523)
... 37 more
at io.appium.java_client.remote.AppiumProtocolHandshake.createSession(AppiumProtocolHandshake.java:133)
... 41 more
Caused by: java.io.UncheckedIOException: java.net.ConnectException
at org.openqa.selenium.remote.http.jdk.JdkHttpClient.execute0(JdkHttpClient.java:442)
at io.appium.java_client.internal.filters.AppiumIdempotencyFilter.lambda$apply$0(AppiumIdempotencyFilter.java:35)
at io.appium.java_client.internal.filters.AppiumUserAgentFilter.lambda$apply$0(AppiumUserAgentFilter.java:87)
at org.openqa.selenium.remote.http.Filter.lambda$andFinally$1(Filter.java:55)
at org.openqa.selenium.remote.http.jdk.JdkHttpClient.execute(JdkHttpClient.java:358)
at org.openqa.selenium.remote.ProtocolHandshake.createSession(ProtocolHandshake.java:115)
... 45 more
Caused by: java.net.ConnectException
at java.net.http/jdk.internal.net.http.common.Utils.toConnectException(Utils.java:1055)
at java.net.http/jdk.internal.net.http.PlainHttpConnection.connectAsync(PlainHttpConnection.java:198)
at java.net.http/jdk.internal.net.http.PlainHttpConnection.checkRetryConnect(PlainHttpConnection.java:230)
at java.net.http/jdk.internal.net.http.PlainHttpConnection.lambda$connectAsync$1(PlainHttpConnection.java:206)
at java.base/java.util.concurrent.CompletableFuture.uniHandle(CompletableFuture.java:934)
at java.base/java.util.concurrent.CompletableFuture$UniHandle.tryFire(CompletableFuture.java:911)
at java.base/java.util.concurrent.CompletableFuture.postComplete(CompletableFuture.java:510)
at java.base/java.util.concurrent.CompletableFuture$AsyncSupply.run(CompletableFuture.java:1773)
at java.base/java.util.concurrent.ThreadPoolExecutor.runWorker(ThreadPoolExecutor.java:1136)
at java.base/java.util.concurrent.ThreadPoolExecutor$Worker.run(ThreadPoolExecutor.java:635)
at java.base/java.lang.Thread.run(Thread.java:833)
Caused by: java.nio.channels.ClosedChannelException
at java.base/sun.nio.ch.SocketChannelImpl.ensureOpen(SocketChannelImpl.java:195)
at java.base/sun.nio.ch.SocketChannelImpl.beginConnect(SocketChannelImpl.java:760)
at java.base/sun.nio.ch.SocketChannelImpl.connect(SocketChannelImpl.java:848)
at java.net.http/jdk.internal.net.http.PlainHttpConnection.lambda$connectAsync$0(PlainHttpConnection.java:183)
at java.base/java.security.AccessController.doPrivileged(AccessController.java:569)
at java.net.http/jdk.internal.net.http.PlainHttpConnection.connectAsync(PlainHttpConnection.java:185)
... 9 more
... Removed 35 stack frames]]>
    </failure>
  </testcase> <!-- @BeforeMethod setup -->
  <testcase classname="Trial.Reel_Script" name="@AfterMethod tearDown" time="0.0">
    <skipped/>
  </testcase> <!-- @AfterMethod tearDown -->
  <testcase classname="Trial.Functions" name="@BeforeMethod setup" time="0.006">
    <failure type="org.openqa.selenium.SessionNotCreatedException" message="Could not start a new session. Possible causes are invalid address of the remote server or browser start-up failure. 
Host info: host: &amp;apos;rooterhitmishra&amp;apos;, ip: &amp;apos;fe80:0:0:0:4d8:4580:9f58:c5cb%en0&amp;apos;">
      <![CDATA[org.openqa.selenium.SessionNotCreatedException: Could not start a new session. Possible causes are invalid address of the remote server or browser start-up failure. 
Host info: host: 'rooterhitmishra', ip: 'fe80:0:0:0:4d8:4580:9f58:c5cb%en0'
at org.openqa.selenium.remote.RemoteWebDriver.execute(RemoteWebDriver.java:541)
at io.appium.java_client.AppiumDriver.startSession(AppiumDriver.java:268)
at org.openqa.selenium.remote.RemoteWebDriver.<init>(RemoteWebDriver.java:164)
at io.appium.java_client.AppiumDriver.<init>(AppiumDriver.java:90)
at io.appium.java_client.AppiumDriver.<init>(AppiumDriver.java:102)
at io.appium.java_client.android.AndroidDriver.<init>(AndroidDriver.java:109)
at Trial.Functions.setup(Functions.java:943)
at java.base/java.util.ArrayList.forEach(ArrayList.java:1511)
Build info: version: '4.16.1', revision: '9b4c83354e'
System info: os.name: 'Mac OS X', os.arch: 'x86_64', os.version: '14.6.1', java.version: '17.0.7'
Driver info: driver.version: AndroidDriver
at io.appium.java_client.remote.AppiumProtocolHandshake.createSession(AppiumProtocolHandshake.java:137)
at io.appium.java_client.remote.AppiumProtocolHandshake.createSession(AppiumProtocolHandshake.java:102)
at io.appium.java_client.remote.AppiumCommandExecutor.createSession(AppiumCommandExecutor.java:176)
at io.appium.java_client.remote.AppiumCommandExecutor.execute(AppiumCommandExecutor.java:237)
at org.openqa.selenium.remote.RemoteWebDriver.execute(RemoteWebDriver.java:523)
... 37 more
at io.appium.java_client.remote.AppiumProtocolHandshake.createSession(AppiumProtocolHandshake.java:133)
... 41 more
Caused by: java.io.UncheckedIOException: java.net.ConnectException
at org.openqa.selenium.remote.http.jdk.JdkHttpClient.execute0(JdkHttpClient.java:442)
at io.appium.java_client.internal.filters.AppiumIdempotencyFilter.lambda$apply$0(AppiumIdempotencyFilter.java:35)
at io.appium.java_client.internal.filters.AppiumUserAgentFilter.lambda$apply$0(AppiumUserAgentFilter.java:87)
at org.openqa.selenium.remote.http.Filter.lambda$andFinally$1(Filter.java:55)
at org.openqa.selenium.remote.http.jdk.JdkHttpClient.execute(JdkHttpClient.java:358)
at org.openqa.selenium.remote.ProtocolHandshake.createSession(ProtocolHandshake.java:115)
... 45 more
Caused by: java.net.ConnectException
at java.net.http/jdk.internal.net.http.common.Utils.toConnectException(Utils.java:1055)
at java.net.http/jdk.internal.net.http.PlainHttpConnection.connectAsync(PlainHttpConnection.java:198)
at java.net.http/jdk.internal.net.http.PlainHttpConnection.checkRetryConnect(PlainHttpConnection.java:230)
at java.net.http/jdk.internal.net.http.PlainHttpConnection.lambda$connectAsync$1(PlainHttpConnection.java:206)
at java.base/java.util.concurrent.CompletableFuture.uniHandle(CompletableFuture.java:934)
at java.base/java.util.concurrent.CompletableFuture$UniHandle.tryFire(CompletableFuture.java:911)
at java.base/java.util.concurrent.CompletableFuture.postComplete(CompletableFuture.java:510)
at java.base/java.util.concurrent.CompletableFuture$AsyncSupply.run(CompletableFuture.java:1773)
at java.base/java.util.concurrent.ThreadPoolExecutor.runWorker(ThreadPoolExecutor.java:1136)
at java.base/java.util.concurrent.ThreadPoolExecutor$Worker.run(ThreadPoolExecutor.java:635)
at java.base/java.lang.Thread.run(Thread.java:833)
Caused by: java.nio.channels.ClosedChannelException
at java.base/sun.nio.ch.SocketChannelImpl.ensureOpen(SocketChannelImpl.java:195)
at java.base/sun.nio.ch.SocketChannelImpl.beginConnect(SocketChannelImpl.java:760)
at java.base/sun.nio.ch.SocketChannelImpl.connect(SocketChannelImpl.java:848)
at java.net.http/jdk.internal.net.http.PlainHttpConnection.lambda$connectAsync$0(PlainHttpConnection.java:183)
at java.base/java.security.AccessController.doPrivileged(AccessController.java:569)
at java.net.http/jdk.internal.net.http.PlainHttpConnection.connectAsync(PlainHttpConnection.java:185)
... 9 more
... Removed 35 stack frames]]>
    </failure>
  </testcase> <!-- @BeforeMethod setup -->
  <testcase classname="Trial.ContestPage_Script" name="@AfterMethod tearDown" time="0.0">
    <skipped/>
  </testcase> <!-- @AfterMethod tearDown -->
  <testcase classname="Trial.Subscription_Script" name="NewUserSubscription1DayPack9" time="41.062">
    <skipped/>
  </testcase> <!-- NewUserSubscription1DayPack9 -->
  <testcase classname="Trial.Subscription_Script" name="NewUserSubscription1DayPack9" time="40.476">
    <failure type="org.openqa.selenium.NoSuchElementException" message="An element could not be located on the page using the given search parameters.
For documentation on this error, please visit: https://www.selenium.dev/documentation/webdriver/troubleshooting/errors#no-such-element-exception
Build info: version: &amp;apos;4.16.1&amp;apos;, revision: &amp;apos;9b4c83354e&amp;apos;
System info: os.name: &amp;apos;Mac OS X&amp;apos;, os.arch: &amp;apos;x86_64&amp;apos;, os.version: &amp;apos;14.6.1&amp;apos;, java.version: &amp;apos;17.0.7&amp;apos;
Driver info: io.appium.java_client.android.AndroidDriver
Command: [16312e16-e458-471c-a9a7-76b48f182281, findElement {using=xpath, value=//*[contains(@text,&amp;apos;Buy Pro&amp;apos;)]}]
Capabilities {appium:appActivity: com.threesixteen.app.ui.act..., appium:appPackage: com.threesixteen.app, appium:autoGrantPermissions: true, appium:databaseEnabled: false, appium:desired: {appActivity: com.threesixteen.app.ui.act..., appPackage: com.threesixteen.app, autoGrantPermissions: true, ignoreHiddenApiPolicyError: true, noReset: true, platformName: ANDROID, platformVersion: 14}, appium:deviceApiLevel: 34, appium:deviceManufacturer: vivo, appium:deviceModel: I2127, appium:deviceName: 13793294180004Z, appium:deviceScreenDensity: 440, appium:deviceScreenSize: 1080x2408, appium:deviceUDID: 13793294180004Z, appium:ignoreHiddenApiPolicyError: true, appium:javascriptEnabled: true, appium:locationContextEnabled: false, appium:networkConnectionEnabled: true, appium:noReset: true, appium:pixelRatio: 2.75, appium:platformVersion: 14, appium:statBarHeight: 88, appium:takesScreenshot: true, appium:viewportRect: {height: 2138, left: 0, top: 88, width: 1080}, appium:warnings: {}, appium:webStorageEnabled: false, platformName: ANDROID}
Session ID: 16312e16-e458-471c-a9a7-76b48f182281">
      <![CDATA[org.openqa.selenium.NoSuchElementException: An element could not be located on the page using the given search parameters.
For documentation on this error, please visit: https://www.selenium.dev/documentation/webdriver/troubleshooting/errors#no-such-element-exception
Build info: version: '4.16.1', revision: '9b4c83354e'
System info: os.name: 'Mac OS X', os.arch: 'x86_64', os.version: '14.6.1', java.version: '17.0.7'
Driver info: io.appium.java_client.android.AndroidDriver
Command: [16312e16-e458-471c-a9a7-76b48f182281, findElement {using=xpath, value=//*[contains(@text,'Buy Pro')]}]
Capabilities {appium:appActivity: com.threesixteen.app.ui.act..., appium:appPackage: com.threesixteen.app, appium:autoGrantPermissions: true, appium:databaseEnabled: false, appium:desired: {appActivity: com.threesixteen.app.ui.act..., appPackage: com.threesixteen.app, autoGrantPermissions: true, ignoreHiddenApiPolicyError: true, noReset: true, platformName: ANDROID, platformVersion: 14}, appium:deviceApiLevel: 34, appium:deviceManufacturer: vivo, appium:deviceModel: I2127, appium:deviceName: 13793294180004Z, appium:deviceScreenDensity: 440, appium:deviceScreenSize: 1080x2408, appium:deviceUDID: 13793294180004Z, appium:ignoreHiddenApiPolicyError: true, appium:javascriptEnabled: true, appium:locationContextEnabled: false, appium:networkConnectionEnabled: true, appium:noReset: true, appium:pixelRatio: 2.75, appium:platformVersion: 14, appium:statBarHeight: 88, appium:takesScreenshot: true, appium:viewportRect: {height: 2138, left: 0, top: 88, width: 1080}, appium:warnings: {}, appium:webStorageEnabled: false, platformName: ANDROID}
Session ID: 16312e16-e458-471c-a9a7-76b48f182281
at org.openqa.selenium.remote.codec.w3c.W3CHttpResponseCodec.createException(W3CHttpResponseCodec.java:200)
at org.openqa.selenium.remote.codec.w3c.W3CHttpResponseCodec.decode(W3CHttpResponseCodec.java:133)
at org.openqa.selenium.remote.codec.w3c.W3CHttpResponseCodec.decode(W3CHttpResponseCodec.java:52)
at org.openqa.selenium.remote.HttpCommandExecutor.execute(HttpCommandExecutor.java:191)
at io.appium.java_client.remote.AppiumCommandExecutor.execute(AppiumCommandExecutor.java:237)
at org.openqa.selenium.remote.RemoteWebDriver.execute(RemoteWebDriver.java:523)
at org.openqa.selenium.remote.ElementLocation$ElementFinder$2.findElement(ElementLocation.java:165)
at org.openqa.selenium.remote.ElementLocation.findElement(ElementLocation.java:59)
at org.openqa.selenium.remote.RemoteWebDriver.findElement(RemoteWebDriver.java:360)
at org.openqa.selenium.remote.RemoteWebDriver.findElement(RemoteWebDriver.java:354)
at Trial.Subscription_Script.NewUserSubscription1DayPack9(Subscription_Script.java:581)
at java.base/java.util.ArrayList.forEach(ArrayList.java:1511)
... Removed 32 stack frames]]>
    </failure>
  </testcase> <!-- NewUserSubscription1DayPack9 -->
  <testcase classname="Trial.Subscription_Script" name="NewUserSubscription7DayPack10" time="37.935">
    <skipped/>
  </testcase> <!-- NewUserSubscription7DayPack10 -->
  <testcase classname="Trial.Subscription_Script" name="NewUserSubscription7DayPack10" time="39.834">
    <failure type="org.openqa.selenium.NoSuchElementException" message="An element could not be located on the page using the given search parameters.
For documentation on this error, please visit: https://www.selenium.dev/documentation/webdriver/troubleshooting/errors#no-such-element-exception
Build info: version: &amp;apos;4.16.1&amp;apos;, revision: &amp;apos;9b4c83354e&amp;apos;
System info: os.name: &amp;apos;Mac OS X&amp;apos;, os.arch: &amp;apos;x86_64&amp;apos;, os.version: &amp;apos;14.6.1&amp;apos;, java.version: &amp;apos;17.0.7&amp;apos;
Driver info: io.appium.java_client.android.AndroidDriver
Command: [e8d461a0-9afb-49cb-9890-14d8a413f8ab, findElement {using=xpath, value=//*[contains(@text,&amp;apos;Buy Pro&amp;apos;)]}]
Capabilities {appium:appActivity: com.threesixteen.app.ui.act..., appium:appPackage: com.threesixteen.app, appium:autoGrantPermissions: true, appium:databaseEnabled: false, appium:desired: {appActivity: com.threesixteen.app.ui.act..., appPackage: com.threesixteen.app, autoGrantPermissions: true, ignoreHiddenApiPolicyError: true, noReset: true, platformName: ANDROID, platformVersion: 14}, appium:deviceApiLevel: 34, appium:deviceManufacturer: vivo, appium:deviceModel: I2127, appium:deviceName: 13793294180004Z, appium:deviceScreenDensity: 440, appium:deviceScreenSize: 1080x2408, appium:deviceUDID: 13793294180004Z, appium:ignoreHiddenApiPolicyError: true, appium:javascriptEnabled: true, appium:locationContextEnabled: false, appium:networkConnectionEnabled: true, appium:noReset: true, appium:pixelRatio: 2.75, appium:platformVersion: 14, appium:statBarHeight: 88, appium:takesScreenshot: true, appium:viewportRect: {height: 2138, left: 0, top: 88, width: 1080}, appium:warnings: {}, appium:webStorageEnabled: false, platformName: ANDROID}
Session ID: e8d461a0-9afb-49cb-9890-14d8a413f8ab">
      <![CDATA[org.openqa.selenium.NoSuchElementException: An element could not be located on the page using the given search parameters.
For documentation on this error, please visit: https://www.selenium.dev/documentation/webdriver/troubleshooting/errors#no-such-element-exception
Build info: version: '4.16.1', revision: '9b4c83354e'
System info: os.name: 'Mac OS X', os.arch: 'x86_64', os.version: '14.6.1', java.version: '17.0.7'
Driver info: io.appium.java_client.android.AndroidDriver
Command: [e8d461a0-9afb-49cb-9890-14d8a413f8ab, findElement {using=xpath, value=//*[contains(@text,'Buy Pro')]}]
Capabilities {appium:appActivity: com.threesixteen.app.ui.act..., appium:appPackage: com.threesixteen.app, appium:autoGrantPermissions: true, appium:databaseEnabled: false, appium:desired: {appActivity: com.threesixteen.app.ui.act..., appPackage: com.threesixteen.app, autoGrantPermissions: true, ignoreHiddenApiPolicyError: true, noReset: true, platformName: ANDROID, platformVersion: 14}, appium:deviceApiLevel: 34, appium:deviceManufacturer: vivo, appium:deviceModel: I2127, appium:deviceName: 13793294180004Z, appium:deviceScreenDensity: 440, appium:deviceScreenSize: 1080x2408, appium:deviceUDID: 13793294180004Z, appium:ignoreHiddenApiPolicyError: true, appium:javascriptEnabled: true, appium:locationContextEnabled: false, appium:networkConnectionEnabled: true, appium:noReset: true, appium:pixelRatio: 2.75, appium:platformVersion: 14, appium:statBarHeight: 88, appium:takesScreenshot: true, appium:viewportRect: {height: 2138, left: 0, top: 88, width: 1080}, appium:warnings: {}, appium:webStorageEnabled: false, platformName: ANDROID}
Session ID: e8d461a0-9afb-49cb-9890-14d8a413f8ab
at org.openqa.selenium.remote.codec.w3c.W3CHttpResponseCodec.createException(W3CHttpResponseCodec.java:200)
at org.openqa.selenium.remote.codec.w3c.W3CHttpResponseCodec.decode(W3CHttpResponseCodec.java:133)
at org.openqa.selenium.remote.codec.w3c.W3CHttpResponseCodec.decode(W3CHttpResponseCodec.java:52)
at org.openqa.selenium.remote.HttpCommandExecutor.execute(HttpCommandExecutor.java:191)
at io.appium.java_client.remote.AppiumCommandExecutor.execute(AppiumCommandExecutor.java:237)
at org.openqa.selenium.remote.RemoteWebDriver.execute(RemoteWebDriver.java:523)
at org.openqa.selenium.remote.ElementLocation$ElementFinder$2.findElement(ElementLocation.java:165)
at org.openqa.selenium.remote.ElementLocation.findElement(ElementLocation.java:59)
at org.openqa.selenium.remote.RemoteWebDriver.findElement(RemoteWebDriver.java:360)
at org.openqa.selenium.remote.RemoteWebDriver.findElement(RemoteWebDriver.java:354)
at Trial.Subscription_Script.NewUserSubscription7DayPack10(Subscription_Script.java:674)
at java.base/java.util.ArrayList.forEach(ArrayList.java:1511)
... Removed 31 stack frames]]>
    </failure>
  </testcase> <!-- NewUserSubscription7DayPack10 -->
  <testcase classname="Trial.Subscription_Script" name="NewUserSubscription30DayPack11" time="41.366">
    <skipped/>
  </testcase> <!-- NewUserSubscription30DayPack11 -->
  <testcase classname="Trial.Subscription_Script" name="NewUserSubscription30DayPack11" time="42.837">
    <failure type="org.openqa.selenium.NoSuchElementException" message="An element could not be located on the page using the given search parameters.
For documentation on this error, please visit: https://www.selenium.dev/documentation/webdriver/troubleshooting/errors#no-such-element-exception
Build info: version: &amp;apos;4.16.1&amp;apos;, revision: &amp;apos;9b4c83354e&amp;apos;
System info: os.name: &amp;apos;Mac OS X&amp;apos;, os.arch: &amp;apos;x86_64&amp;apos;, os.version: &amp;apos;14.6.1&amp;apos;, java.version: &amp;apos;17.0.7&amp;apos;
Driver info: io.appium.java_client.android.AndroidDriver
Command: [445fe29e-5deb-490a-8dc8-02b70c4511b4, findElement {using=xpath, value=//*[contains(@text,&amp;apos;Buy Pro&amp;apos;)]}]
Capabilities {appium:appActivity: com.threesixteen.app.ui.act..., appium:appPackage: com.threesixteen.app, appium:autoGrantPermissions: true, appium:databaseEnabled: false, appium:desired: {appActivity: com.threesixteen.app.ui.act..., appPackage: com.threesixteen.app, autoGrantPermissions: true, ignoreHiddenApiPolicyError: true, noReset: true, platformName: ANDROID, platformVersion: 14}, appium:deviceApiLevel: 34, appium:deviceManufacturer: vivo, appium:deviceModel: I2127, appium:deviceName: 13793294180004Z, appium:deviceScreenDensity: 440, appium:deviceScreenSize: 1080x2408, appium:deviceUDID: 13793294180004Z, appium:ignoreHiddenApiPolicyError: true, appium:javascriptEnabled: true, appium:locationContextEnabled: false, appium:networkConnectionEnabled: true, appium:noReset: true, appium:pixelRatio: 2.75, appium:platformVersion: 14, appium:statBarHeight: 88, appium:takesScreenshot: true, appium:viewportRect: {height: 2138, left: 0, top: 88, width: 1080}, appium:warnings: {}, appium:webStorageEnabled: false, platformName: ANDROID}
Session ID: 445fe29e-5deb-490a-8dc8-02b70c4511b4">
      <![CDATA[org.openqa.selenium.NoSuchElementException: An element could not be located on the page using the given search parameters.
For documentation on this error, please visit: https://www.selenium.dev/documentation/webdriver/troubleshooting/errors#no-such-element-exception
Build info: version: '4.16.1', revision: '9b4c83354e'
System info: os.name: 'Mac OS X', os.arch: 'x86_64', os.version: '14.6.1', java.version: '17.0.7'
Driver info: io.appium.java_client.android.AndroidDriver
Command: [445fe29e-5deb-490a-8dc8-02b70c4511b4, findElement {using=xpath, value=//*[contains(@text,'Buy Pro')]}]
Capabilities {appium:appActivity: com.threesixteen.app.ui.act..., appium:appPackage: com.threesixteen.app, appium:autoGrantPermissions: true, appium:databaseEnabled: false, appium:desired: {appActivity: com.threesixteen.app.ui.act..., appPackage: com.threesixteen.app, autoGrantPermissions: true, ignoreHiddenApiPolicyError: true, noReset: true, platformName: ANDROID, platformVersion: 14}, appium:deviceApiLevel: 34, appium:deviceManufacturer: vivo, appium:deviceModel: I2127, appium:deviceName: 13793294180004Z, appium:deviceScreenDensity: 440, appium:deviceScreenSize: 1080x2408, appium:deviceUDID: 13793294180004Z, appium:ignoreHiddenApiPolicyError: true, appium:javascriptEnabled: true, appium:locationContextEnabled: false, appium:networkConnectionEnabled: true, appium:noReset: true, appium:pixelRatio: 2.75, appium:platformVersion: 14, appium:statBarHeight: 88, appium:takesScreenshot: true, appium:viewportRect: {height: 2138, left: 0, top: 88, width: 1080}, appium:warnings: {}, appium:webStorageEnabled: false, platformName: ANDROID}
Session ID: 445fe29e-5deb-490a-8dc8-02b70c4511b4
at org.openqa.selenium.remote.codec.w3c.W3CHttpResponseCodec.createException(W3CHttpResponseCodec.java:200)
at org.openqa.selenium.remote.codec.w3c.W3CHttpResponseCodec.decode(W3CHttpResponseCodec.java:133)
at org.openqa.selenium.remote.codec.w3c.W3CHttpResponseCodec.decode(W3CHttpResponseCodec.java:52)
at org.openqa.selenium.remote.HttpCommandExecutor.execute(HttpCommandExecutor.java:191)
at io.appium.java_client.remote.AppiumCommandExecutor.execute(AppiumCommandExecutor.java:237)
at org.openqa.selenium.remote.RemoteWebDriver.execute(RemoteWebDriver.java:523)
at org.openqa.selenium.remote.ElementLocation$ElementFinder$2.findElement(ElementLocation.java:165)
at org.openqa.selenium.remote.ElementLocation.findElement(ElementLocation.java:59)
at org.openqa.selenium.remote.RemoteWebDriver.findElement(RemoteWebDriver.java:360)
at org.openqa.selenium.remote.RemoteWebDriver.findElement(RemoteWebDriver.java:354)
at Trial.Subscription_Script.NewUserSubscription30DayPack11(Subscription_Script.java:736)
at java.base/java.util.ArrayList.forEach(ArrayList.java:1511)
... Removed 31 stack frames]]>
    </failure>
  </testcase> <!-- NewUserSubscription30DayPack11 -->
  <testcase classname="Trial.Subscription_Script" name="NewUserSubscription180DaysPack12" time="40.05">
    <skipped/>
  </testcase> <!-- NewUserSubscription180DaysPack12 -->
  <testcase classname="Trial.Subscription_Script" name="NewUserSubscription180DaysPack12" time="38.698">
    <failure type="org.openqa.selenium.NoSuchElementException" message="An element could not be located on the page using the given search parameters.
For documentation on this error, please visit: https://www.selenium.dev/documentation/webdriver/troubleshooting/errors#no-such-element-exception
Build info: version: &amp;apos;4.16.1&amp;apos;, revision: &amp;apos;9b4c83354e&amp;apos;
System info: os.name: &amp;apos;Mac OS X&amp;apos;, os.arch: &amp;apos;x86_64&amp;apos;, os.version: &amp;apos;14.6.1&amp;apos;, java.version: &amp;apos;17.0.7&amp;apos;
Driver info: io.appium.java_client.android.AndroidDriver
Command: [b7c9d8a3-4e03-4f2a-86e4-cfd11d890c58, findElement {using=xpath, value=//*[contains(@text,&amp;apos;Buy Pro&amp;apos;)]}]
Capabilities {appium:appActivity: com.threesixteen.app.ui.act..., appium:appPackage: com.threesixteen.app, appium:autoGrantPermissions: true, appium:databaseEnabled: false, appium:desired: {appActivity: com.threesixteen.app.ui.act..., appPackage: com.threesixteen.app, autoGrantPermissions: true, ignoreHiddenApiPolicyError: true, noReset: true, platformName: ANDROID, platformVersion: 14}, appium:deviceApiLevel: 34, appium:deviceManufacturer: vivo, appium:deviceModel: I2127, appium:deviceName: 13793294180004Z, appium:deviceScreenDensity: 440, appium:deviceScreenSize: 1080x2408, appium:deviceUDID: 13793294180004Z, appium:ignoreHiddenApiPolicyError: true, appium:javascriptEnabled: true, appium:locationContextEnabled: false, appium:networkConnectionEnabled: true, appium:noReset: true, appium:pixelRatio: 2.75, appium:platformVersion: 14, appium:statBarHeight: 88, appium:takesScreenshot: true, appium:viewportRect: {height: 2138, left: 0, top: 88, width: 1080}, appium:warnings: {}, appium:webStorageEnabled: false, platformName: ANDROID}
Session ID: b7c9d8a3-4e03-4f2a-86e4-cfd11d890c58">
      <![CDATA[org.openqa.selenium.NoSuchElementException: An element could not be located on the page using the given search parameters.
For documentation on this error, please visit: https://www.selenium.dev/documentation/webdriver/troubleshooting/errors#no-such-element-exception
Build info: version: '4.16.1', revision: '9b4c83354e'
System info: os.name: 'Mac OS X', os.arch: 'x86_64', os.version: '14.6.1', java.version: '17.0.7'
Driver info: io.appium.java_client.android.AndroidDriver
Command: [b7c9d8a3-4e03-4f2a-86e4-cfd11d890c58, findElement {using=xpath, value=//*[contains(@text,'Buy Pro')]}]
Capabilities {appium:appActivity: com.threesixteen.app.ui.act..., appium:appPackage: com.threesixteen.app, appium:autoGrantPermissions: true, appium:databaseEnabled: false, appium:desired: {appActivity: com.threesixteen.app.ui.act..., appPackage: com.threesixteen.app, autoGrantPermissions: true, ignoreHiddenApiPolicyError: true, noReset: true, platformName: ANDROID, platformVersion: 14}, appium:deviceApiLevel: 34, appium:deviceManufacturer: vivo, appium:deviceModel: I2127, appium:deviceName: 13793294180004Z, appium:deviceScreenDensity: 440, appium:deviceScreenSize: 1080x2408, appium:deviceUDID: 13793294180004Z, appium:ignoreHiddenApiPolicyError: true, appium:javascriptEnabled: true, appium:locationContextEnabled: false, appium:networkConnectionEnabled: true, appium:noReset: true, appium:pixelRatio: 2.75, appium:platformVersion: 14, appium:statBarHeight: 88, appium:takesScreenshot: true, appium:viewportRect: {height: 2138, left: 0, top: 88, width: 1080}, appium:warnings: {}, appium:webStorageEnabled: false, platformName: ANDROID}
Session ID: b7c9d8a3-4e03-4f2a-86e4-cfd11d890c58
at org.openqa.selenium.remote.codec.w3c.W3CHttpResponseCodec.createException(W3CHttpResponseCodec.java:200)
at org.openqa.selenium.remote.codec.w3c.W3CHttpResponseCodec.decode(W3CHttpResponseCodec.java:133)
at org.openqa.selenium.remote.codec.w3c.W3CHttpResponseCodec.decode(W3CHttpResponseCodec.java:52)
at org.openqa.selenium.remote.HttpCommandExecutor.execute(HttpCommandExecutor.java:191)
at io.appium.java_client.remote.AppiumCommandExecutor.execute(AppiumCommandExecutor.java:237)
at org.openqa.selenium.remote.RemoteWebDriver.execute(RemoteWebDriver.java:523)
at org.openqa.selenium.remote.ElementLocation$ElementFinder$2.findElement(ElementLocation.java:165)
at org.openqa.selenium.remote.ElementLocation.findElement(ElementLocation.java:59)
at org.openqa.selenium.remote.RemoteWebDriver.findElement(RemoteWebDriver.java:360)
at org.openqa.selenium.remote.RemoteWebDriver.findElement(RemoteWebDriver.java:354)
at Trial.Subscription_Script.NewUserSubscription180DaysPack12(Subscription_Script.java:795)
at java.base/java.util.ArrayList.forEach(ArrayList.java:1511)
... Removed 31 stack frames]]>
    </failure>
  </testcase> <!-- NewUserSubscription180DaysPack12 -->
  <testcase classname="Trial.Subscription_Script" name="NewUserSubscription365DayPack13" time="25.592">
    <skipped/>
  </testcase> <!-- NewUserSubscription365DayPack13 -->
  <testcase classname="Trial.Subscription_Script" name="NewUserSubscription365DayPack13" time="26.642">
    <failure type="org.openqa.selenium.NoSuchElementException" message="An element could not be located on the page using the given search parameters.
For documentation on this error, please visit: https://www.selenium.dev/documentation/webdriver/troubleshooting/errors#no-such-element-exception
Build info: version: &amp;apos;4.16.1&amp;apos;, revision: &amp;apos;9b4c83354e&amp;apos;
System info: os.name: &amp;apos;Mac OS X&amp;apos;, os.arch: &amp;apos;x86_64&amp;apos;, os.version: &amp;apos;14.6.1&amp;apos;, java.version: &amp;apos;17.0.7&amp;apos;
Driver info: io.appium.java_client.android.AndroidDriver
Command: [4f307026-0fd8-4c35-8c05-6a15409ef97b, findElement {using=xpath, value=//*[contains(@text,&amp;apos;Buy Pro&amp;apos;)]}]
Capabilities {appium:appActivity: com.threesixteen.app.ui.act..., appium:appPackage: com.threesixteen.app, appium:autoGrantPermissions: true, appium:databaseEnabled: false, appium:desired: {appActivity: com.threesixteen.app.ui.act..., appPackage: com.threesixteen.app, autoGrantPermissions: true, ignoreHiddenApiPolicyError: true, noReset: true, platformName: ANDROID, platformVersion: 14}, appium:deviceApiLevel: 34, appium:deviceManufacturer: vivo, appium:deviceModel: I2127, appium:deviceName: 13793294180004Z, appium:deviceScreenDensity: 440, appium:deviceScreenSize: 1080x2408, appium:deviceUDID: 13793294180004Z, appium:ignoreHiddenApiPolicyError: true, appium:javascriptEnabled: true, appium:locationContextEnabled: false, appium:networkConnectionEnabled: true, appium:noReset: true, appium:pixelRatio: 2.75, appium:platformVersion: 14, appium:statBarHeight: 88, appium:takesScreenshot: true, appium:viewportRect: {height: 2138, left: 0, top: 88, width: 1080}, appium:warnings: {}, appium:webStorageEnabled: false, platformName: ANDROID}
Session ID: 4f307026-0fd8-4c35-8c05-6a15409ef97b">
      <![CDATA[org.openqa.selenium.NoSuchElementException: An element could not be located on the page using the given search parameters.
For documentation on this error, please visit: https://www.selenium.dev/documentation/webdriver/troubleshooting/errors#no-such-element-exception
Build info: version: '4.16.1', revision: '9b4c83354e'
System info: os.name: 'Mac OS X', os.arch: 'x86_64', os.version: '14.6.1', java.version: '17.0.7'
Driver info: io.appium.java_client.android.AndroidDriver
Command: [4f307026-0fd8-4c35-8c05-6a15409ef97b, findElement {using=xpath, value=//*[contains(@text,'Buy Pro')]}]
Capabilities {appium:appActivity: com.threesixteen.app.ui.act..., appium:appPackage: com.threesixteen.app, appium:autoGrantPermissions: true, appium:databaseEnabled: false, appium:desired: {appActivity: com.threesixteen.app.ui.act..., appPackage: com.threesixteen.app, autoGrantPermissions: true, ignoreHiddenApiPolicyError: true, noReset: true, platformName: ANDROID, platformVersion: 14}, appium:deviceApiLevel: 34, appium:deviceManufacturer: vivo, appium:deviceModel: I2127, appium:deviceName: 13793294180004Z, appium:deviceScreenDensity: 440, appium:deviceScreenSize: 1080x2408, appium:deviceUDID: 13793294180004Z, appium:ignoreHiddenApiPolicyError: true, appium:javascriptEnabled: true, appium:locationContextEnabled: false, appium:networkConnectionEnabled: true, appium:noReset: true, appium:pixelRatio: 2.75, appium:platformVersion: 14, appium:statBarHeight: 88, appium:takesScreenshot: true, appium:viewportRect: {height: 2138, left: 0, top: 88, width: 1080}, appium:warnings: {}, appium:webStorageEnabled: false, platformName: ANDROID}
Session ID: 4f307026-0fd8-4c35-8c05-6a15409ef97b
at org.openqa.selenium.remote.codec.w3c.W3CHttpResponseCodec.createException(W3CHttpResponseCodec.java:200)
at org.openqa.selenium.remote.codec.w3c.W3CHttpResponseCodec.decode(W3CHttpResponseCodec.java:133)
at org.openqa.selenium.remote.codec.w3c.W3CHttpResponseCodec.decode(W3CHttpResponseCodec.java:52)
at org.openqa.selenium.remote.HttpCommandExecutor.execute(HttpCommandExecutor.java:191)
at io.appium.java_client.remote.AppiumCommandExecutor.execute(AppiumCommandExecutor.java:237)
at org.openqa.selenium.remote.RemoteWebDriver.execute(RemoteWebDriver.java:523)
at org.openqa.selenium.remote.ElementLocation$ElementFinder$2.findElement(ElementLocation.java:165)
at org.openqa.selenium.remote.ElementLocation.findElement(ElementLocation.java:59)
at org.openqa.selenium.remote.RemoteWebDriver.findElement(RemoteWebDriver.java:360)
at org.openqa.selenium.remote.RemoteWebDriver.findElement(RemoteWebDriver.java:354)
at Trial.Subscription_Script.NewUserSubscription365DayPack13(Subscription_Script.java:852)
at java.base/java.util.ArrayList.forEach(ArrayList.java:1511)
... Removed 31 stack frames]]>
    </failure>
  </testcase> <!-- NewUserSubscription365DayPack13 -->
  <testcase classname="Trial.Subscription_Script" name="CreateWalletForNewUser15" time="113.393">
    <skipped/>
  </testcase> <!-- CreateWalletForNewUser15 -->
  <testcase classname="Trial.Subscription_Script" name="CreateWalletForNewUser15" time="114.258">
    <failure type="org.openqa.selenium.TimeoutException" message="Expected condition failed: waiting for Trial.Functions$2@26c59348 (tried for 100 second(s) with 500 milliseconds interval)
Build info: version: &amp;apos;4.16.1&amp;apos;, revision: &amp;apos;9b4c83354e&amp;apos;
System info: os.name: &amp;apos;Mac OS X&amp;apos;, os.arch: &amp;apos;x86_64&amp;apos;, os.version: &amp;apos;14.6.1&amp;apos;, java.version: &amp;apos;17.0.7&amp;apos;
Driver info: io.appium.java_client.android.AndroidDriver
Capabilities {appium:appActivity: com.threesixteen.app.ui.act..., appium:appPackage: com.threesixteen.app, appium:autoGrantPermissions: true, appium:databaseEnabled: false, appium:desired: {appActivity: com.threesixteen.app.ui.act..., appPackage: com.threesixteen.app, autoGrantPermissions: true, ignoreHiddenApiPolicyError: true, noReset: true, platformName: ANDROID, platformVersion: 14}, appium:deviceApiLevel: 34, appium:deviceManufacturer: vivo, appium:deviceModel: I2127, appium:deviceName: 13793294180004Z, appium:deviceScreenDensity: 440, appium:deviceScreenSize: 1080x2408, appium:deviceUDID: 13793294180004Z, appium:ignoreHiddenApiPolicyError: true, appium:javascriptEnabled: true, appium:locationContextEnabled: false, appium:networkConnectionEnabled: true, appium:noReset: true, appium:pixelRatio: 2.75, appium:platformVersion: 14, appium:statBarHeight: 88, appium:takesScreenshot: true, appium:viewportRect: {height: 2138, left: 0, top: 88, width: 1080}, appium:warnings: {}, appium:webStorageEnabled: false, platformName: ANDROID}
Session ID: 1ec6f729-9b98-40ee-9f1c-091de7b7269c">
      <![CDATA[org.openqa.selenium.TimeoutException: Expected condition failed: waiting for Trial.Functions$2@26c59348 (tried for 100 second(s) with 500 milliseconds interval)
Build info: version: '4.16.1', revision: '9b4c83354e'
System info: os.name: 'Mac OS X', os.arch: 'x86_64', os.version: '14.6.1', java.version: '17.0.7'
Driver info: io.appium.java_client.android.AndroidDriver
Capabilities {appium:appActivity: com.threesixteen.app.ui.act..., appium:appPackage: com.threesixteen.app, appium:autoGrantPermissions: true, appium:databaseEnabled: false, appium:desired: {appActivity: com.threesixteen.app.ui.act..., appPackage: com.threesixteen.app, autoGrantPermissions: true, ignoreHiddenApiPolicyError: true, noReset: true, platformName: ANDROID, platformVersion: 14}, appium:deviceApiLevel: 34, appium:deviceManufacturer: vivo, appium:deviceModel: I2127, appium:deviceName: 13793294180004Z, appium:deviceScreenDensity: 440, appium:deviceScreenSize: 1080x2408, appium:deviceUDID: 13793294180004Z, appium:ignoreHiddenApiPolicyError: true, appium:javascriptEnabled: true, appium:locationContextEnabled: false, appium:networkConnectionEnabled: true, appium:noReset: true, appium:pixelRatio: 2.75, appium:platformVersion: 14, appium:statBarHeight: 88, appium:takesScreenshot: true, appium:viewportRect: {height: 2138, left: 0, top: 88, width: 1080}, appium:warnings: {}, appium:webStorageEnabled: false, platformName: ANDROID}
Session ID: 1ec6f729-9b98-40ee-9f1c-091de7b7269c
at org.openqa.selenium.support.ui.WebDriverWait.timeoutException(WebDriverWait.java:84)
at org.openqa.selenium.support.ui.FluentWait.until(FluentWait.java:229)
at Trial.Functions.clickAndWaitForElementWithId(Functions.java:111)
at Trial.Subscription_Script.CreateWalletForNewUser15(Subscription_Script.java:1086)
at java.base/java.util.ArrayList.forEach(ArrayList.java:1511)
... Removed 27 stack frames]]>
    </failure>
  </testcase> <!-- CreateWalletForNewUser15 -->
  <testcase classname="Trial.SelfProfile_Script" name="SelfprofilefollowerandfollowigllistandUICheck2" time="46.743"/>
  <testcase classname="Trial.Video_Script" name="videoplayerQualitychangeminiplayertofull01" time="198.385">
    <skipped/>
  </testcase> <!-- videoplayerQualitychangeminiplayertofull01 -->
  <testcase classname="Trial.Video_Script" name="videoplayerQualitychangeminiplayertofull01" time="82.947"/>
  <testcase classname="Trial.Pro" name="ProBagesTet01" time="4.294"/>
  <testcase classname="Trial.Pro" name="Protabliveplayerrortate06" time="88.441"/>
  <testcase classname="Trial.Pro" name="SoulZerefRecordedStreamPro13" time="155.823">
    <skipped/>
  </testcase> <!-- SoulZerefRecordedStreamPro13 -->
  <testcase classname="Trial.Pro" name="SoulZerefRecordedStreamPro13" time="157.399">
    <failure type="org.openqa.selenium.TimeoutException" message="Expected condition failed: waiting for Trial.Functions$2@324ee3ca (tried for 100 second(s) with 500 milliseconds interval)
Build info: version: &amp;apos;4.16.1&amp;apos;, revision: &amp;apos;9b4c83354e&amp;apos;
System info: os.name: &amp;apos;Mac OS X&amp;apos;, os.arch: &amp;apos;x86_64&amp;apos;, os.version: &amp;apos;14.6.1&amp;apos;, java.version: &amp;apos;17.0.7&amp;apos;
Driver info: io.appium.java_client.android.AndroidDriver
Capabilities {appium:appActivity: com.threesixteen.app.ui.act..., appium:appPackage: com.threesixteen.app, appium:autoGrantPermissions: true, appium:databaseEnabled: false, appium:desired: {appActivity: com.threesixteen.app.ui.act..., appPackage: com.threesixteen.app, autoGrantPermissions: true, ignoreHiddenApiPolicyError: true, noReset: true, platformName: ANDROID, platformVersion: 14}, appium:deviceApiLevel: 34, appium:deviceManufacturer: vivo, appium:deviceModel: I2127, appium:deviceName: 13793294180004Z, appium:deviceScreenDensity: 440, appium:deviceScreenSize: 1080x2408, appium:deviceUDID: 13793294180004Z, appium:ignoreHiddenApiPolicyError: true, appium:javascriptEnabled: true, appium:locationContextEnabled: false, appium:networkConnectionEnabled: true, appium:noReset: true, appium:pixelRatio: 2.75, appium:platformVersion: 14, appium:statBarHeight: 88, appium:takesScreenshot: true, appium:viewportRect: {height: 2138, left: 0, top: 88, width: 1080}, appium:warnings: {}, appium:webStorageEnabled: false, platformName: ANDROID}
Session ID: 0acab9ec-6f6a-40ac-b55d-a9bc73bb5012">
      <![CDATA[org.openqa.selenium.TimeoutException: Expected condition failed: waiting for Trial.Functions$2@324ee3ca (tried for 100 second(s) with 500 milliseconds interval)
Build info: version: '4.16.1', revision: '9b4c83354e'
System info: os.name: 'Mac OS X', os.arch: 'x86_64', os.version: '14.6.1', java.version: '17.0.7'
Driver info: io.appium.java_client.android.AndroidDriver
Capabilities {appium:appActivity: com.threesixteen.app.ui.act..., appium:appPackage: com.threesixteen.app, appium:autoGrantPermissions: true, appium:databaseEnabled: false, appium:desired: {appActivity: com.threesixteen.app.ui.act..., appPackage: com.threesixteen.app, autoGrantPermissions: true, ignoreHiddenApiPolicyError: true, noReset: true, platformName: ANDROID, platformVersion: 14}, appium:deviceApiLevel: 34, appium:deviceManufacturer: vivo, appium:deviceModel: I2127, appium:deviceName: 13793294180004Z, appium:deviceScreenDensity: 440, appium:deviceScreenSize: 1080x2408, appium:deviceUDID: 13793294180004Z, appium:ignoreHiddenApiPolicyError: true, appium:javascriptEnabled: true, appium:locationContextEnabled: false, appium:networkConnectionEnabled: true, appium:noReset: true, appium:pixelRatio: 2.75, appium:platformVersion: 14, appium:statBarHeight: 88, appium:takesScreenshot: true, appium:viewportRect: {height: 2138, left: 0, top: 88, width: 1080}, appium:warnings: {}, appium:webStorageEnabled: false, platformName: ANDROID}
Session ID: 0acab9ec-6f6a-40ac-b55d-a9bc73bb5012
at org.openqa.selenium.support.ui.WebDriverWait.timeoutException(WebDriverWait.java:84)
at org.openqa.selenium.support.ui.FluentWait.until(FluentWait.java:229)
at Trial.Functions.clickAndWaitForElementWithId(Functions.java:111)
at Trial.Functions.MuteRecordedStream(Functions.java:400)
at Trial.Pro.SoulZerefRecordedStreamPro13(Pro.java:527)
at java.base/java.util.ArrayList.forEach(ArrayList.java:1511)
... Removed 27 stack frames]]>
    </failure>
  </testcase> <!-- SoulZerefRecordedStreamPro13 -->
  <testcase classname="Trial.Pro" name="Bit8GoldyRecordedStreamPro14" time="74.166"/>
  <testcase classname="Trial.Pro" name="DemondproXRecordedStreamPro41" time="157.063">
    <skipped/>
  </testcase> <!-- DemondproXRecordedStreamPro41 -->
  <testcase classname="Trial.Pro" name="DemondproXRecordedStreamPro41" time="161.159">
    <failure type="org.openqa.selenium.TimeoutException" message="Expected condition failed: waiting for Trial.Functions$2@50dfceff (tried for 100 second(s) with 500 milliseconds interval)
Build info: version: &amp;apos;4.16.1&amp;apos;, revision: &amp;apos;9b4c83354e&amp;apos;
System info: os.name: &amp;apos;Mac OS X&amp;apos;, os.arch: &amp;apos;x86_64&amp;apos;, os.version: &amp;apos;14.6.1&amp;apos;, java.version: &amp;apos;17.0.7&amp;apos;
Driver info: io.appium.java_client.android.AndroidDriver
Capabilities {appium:appActivity: com.threesixteen.app.ui.act..., appium:appPackage: com.threesixteen.app, appium:autoGrantPermissions: true, appium:databaseEnabled: false, appium:desired: {appActivity: com.threesixteen.app.ui.act..., appPackage: com.threesixteen.app, autoGrantPermissions: true, ignoreHiddenApiPolicyError: true, noReset: true, platformName: ANDROID, platformVersion: 14}, appium:deviceApiLevel: 34, appium:deviceManufacturer: vivo, appium:deviceModel: I2127, appium:deviceName: 13793294180004Z, appium:deviceScreenDensity: 440, appium:deviceScreenSize: 1080x2408, appium:deviceUDID: 13793294180004Z, appium:ignoreHiddenApiPolicyError: true, appium:javascriptEnabled: true, appium:locationContextEnabled: false, appium:networkConnectionEnabled: true, appium:noReset: true, appium:pixelRatio: 2.75, appium:platformVersion: 14, appium:statBarHeight: 88, appium:takesScreenshot: true, appium:viewportRect: {height: 2138, left: 0, top: 88, width: 1080}, appium:warnings: {}, appium:webStorageEnabled: false, platformName: ANDROID}
Session ID: b9533124-6b33-4cd2-9455-63c0725e71f9">
      <![CDATA[org.openqa.selenium.TimeoutException: Expected condition failed: waiting for Trial.Functions$2@50dfceff (tried for 100 second(s) with 500 milliseconds interval)
Build info: version: '4.16.1', revision: '9b4c83354e'
System info: os.name: 'Mac OS X', os.arch: 'x86_64', os.version: '14.6.1', java.version: '17.0.7'
Driver info: io.appium.java_client.android.AndroidDriver
Capabilities {appium:appActivity: com.threesixteen.app.ui.act..., appium:appPackage: com.threesixteen.app, appium:autoGrantPermissions: true, appium:databaseEnabled: false, appium:desired: {appActivity: com.threesixteen.app.ui.act..., appPackage: com.threesixteen.app, autoGrantPermissions: true, ignoreHiddenApiPolicyError: true, noReset: true, platformName: ANDROID, platformVersion: 14}, appium:deviceApiLevel: 34, appium:deviceManufacturer: vivo, appium:deviceModel: I2127, appium:deviceName: 13793294180004Z, appium:deviceScreenDensity: 440, appium:deviceScreenSize: 1080x2408, appium:deviceUDID: 13793294180004Z, appium:ignoreHiddenApiPolicyError: true, appium:javascriptEnabled: true, appium:locationContextEnabled: false, appium:networkConnectionEnabled: true, appium:noReset: true, appium:pixelRatio: 2.75, appium:platformVersion: 14, appium:statBarHeight: 88, appium:takesScreenshot: true, appium:viewportRect: {height: 2138, left: 0, top: 88, width: 1080}, appium:warnings: {}, appium:webStorageEnabled: false, platformName: ANDROID}
Session ID: b9533124-6b33-4cd2-9455-63c0725e71f9
at org.openqa.selenium.support.ui.WebDriverWait.timeoutException(WebDriverWait.java:84)
at org.openqa.selenium.support.ui.FluentWait.until(FluentWait.java:229)
at Trial.Functions.clickAndWaitForElementWithId(Functions.java:111)
at Trial.Functions.MuteRecordedStream(Functions.java:378)
at Trial.Pro.DemondproXRecordedStreamPro41(Pro.java:1271)
at java.base/java.util.ArrayList.forEach(ArrayList.java:1511)
... Removed 27 stack frames]]>
    </failure>
  </testcase> <!-- DemondproXRecordedStreamPro41 -->
  <testcase classname="Trial.Pro" name="ProPurchasehistoryandTokenValidation91" time="12.258">
    <skipped/>
  </testcase> <!-- ProPurchasehistoryandTokenValidation91 -->
  <testcase classname="Trial.Pro" name="ProPurchasehistoryandTokenValidation91" time="12.347">
    <failure type="org.openqa.selenium.NoSuchElementException" message="An element could not be located on the page using the given search parameters.
For documentation on this error, please visit: https://www.selenium.dev/documentation/webdriver/troubleshooting/errors#no-such-element-exception
Build info: version: &amp;apos;4.16.1&amp;apos;, revision: &amp;apos;9b4c83354e&amp;apos;
System info: os.name: &amp;apos;Mac OS X&amp;apos;, os.arch: &amp;apos;x86_64&amp;apos;, os.version: &amp;apos;14.6.1&amp;apos;, java.version: &amp;apos;17.0.7&amp;apos;
Driver info: io.appium.java_client.android.AndroidDriver
Command: [a4c3e799-9455-4510-8dac-2f61198dfc8c, findElement {using=xpath, value=/hierarchy/android.widget.FrameLayout/android.widget.LinearLayout/android.widget.FrameLayout/android.widget.LinearLayout/android.widget.FrameLayout/android.view.ViewGroup/android.widget.FrameLayout/android.view.ViewGroup/android.webkit.WebView/android.webkit.WebView/android.view.View/android.view.View[3]/android.view.View/android.view.View/android.widget.TextView[1]}]
Capabilities {appium:appActivity: com.threesixteen.app.ui.act..., appium:appPackage: com.threesixteen.app, appium:autoGrantPermissions: true, appium:databaseEnabled: false, appium:desired: {appActivity: com.threesixteen.app.ui.act..., appPackage: com.threesixteen.app, autoGrantPermissions: true, ignoreHiddenApiPolicyError: true, noReset: true, platformName: ANDROID, platformVersion: 14}, appium:deviceApiLevel: 34, appium:deviceManufacturer: vivo, appium:deviceModel: I2127, appium:deviceName: 13793294180004Z, appium:deviceScreenDensity: 440, appium:deviceScreenSize: 1080x2408, appium:deviceUDID: 13793294180004Z, appium:ignoreHiddenApiPolicyError: true, appium:javascriptEnabled: true, appium:locationContextEnabled: false, appium:networkConnectionEnabled: true, appium:noReset: true, appium:pixelRatio: 2.75, appium:platformVersion: 14, appium:statBarHeight: 88, appium:takesScreenshot: true, appium:viewportRect: {height: 2138, left: 0, top: 88, width: 1080}, appium:warnings: {}, appium:webStorageEnabled: false, platformName: ANDROID}
Session ID: a4c3e799-9455-4510-8dac-2f61198dfc8c">
      <![CDATA[org.openqa.selenium.NoSuchElementException: An element could not be located on the page using the given search parameters.
For documentation on this error, please visit: https://www.selenium.dev/documentation/webdriver/troubleshooting/errors#no-such-element-exception
Build info: version: '4.16.1', revision: '9b4c83354e'
System info: os.name: 'Mac OS X', os.arch: 'x86_64', os.version: '14.6.1', java.version: '17.0.7'
Driver info: io.appium.java_client.android.AndroidDriver
Command: [a4c3e799-9455-4510-8dac-2f61198dfc8c, findElement {using=xpath, value=/hierarchy/android.widget.FrameLayout/android.widget.LinearLayout/android.widget.FrameLayout/android.widget.LinearLayout/android.widget.FrameLayout/android.view.ViewGroup/android.widget.FrameLayout/android.view.ViewGroup/android.webkit.WebView/android.webkit.WebView/android.view.View/android.view.View[3]/android.view.View/android.view.View/android.widget.TextView[1]}]
Capabilities {appium:appActivity: com.threesixteen.app.ui.act..., appium:appPackage: com.threesixteen.app, appium:autoGrantPermissions: true, appium:databaseEnabled: false, appium:desired: {appActivity: com.threesixteen.app.ui.act..., appPackage: com.threesixteen.app, autoGrantPermissions: true, ignoreHiddenApiPolicyError: true, noReset: true, platformName: ANDROID, platformVersion: 14}, appium:deviceApiLevel: 34, appium:deviceManufacturer: vivo, appium:deviceModel: I2127, appium:deviceName: 13793294180004Z, appium:deviceScreenDensity: 440, appium:deviceScreenSize: 1080x2408, appium:deviceUDID: 13793294180004Z, appium:ignoreHiddenApiPolicyError: true, appium:javascriptEnabled: true, appium:locationContextEnabled: false, appium:networkConnectionEnabled: true, appium:noReset: true, appium:pixelRatio: 2.75, appium:platformVersion: 14, appium:statBarHeight: 88, appium:takesScreenshot: true, appium:viewportRect: {height: 2138, left: 0, top: 88, width: 1080}, appium:warnings: {}, appium:webStorageEnabled: false, platformName: ANDROID}
Session ID: a4c3e799-9455-4510-8dac-2f61198dfc8c
at org.openqa.selenium.remote.codec.w3c.W3CHttpResponseCodec.createException(W3CHttpResponseCodec.java:200)
at org.openqa.selenium.remote.codec.w3c.W3CHttpResponseCodec.decode(W3CHttpResponseCodec.java:133)
at org.openqa.selenium.remote.codec.w3c.W3CHttpResponseCodec.decode(W3CHttpResponseCodec.java:52)
at org.openqa.selenium.remote.HttpCommandExecutor.execute(HttpCommandExecutor.java:191)
at io.appium.java_client.remote.AppiumCommandExecutor.execute(AppiumCommandExecutor.java:237)
at org.openqa.selenium.remote.RemoteWebDriver.execute(RemoteWebDriver.java:523)
at org.openqa.selenium.remote.ElementLocation$ElementFinder$2.findElement(ElementLocation.java:165)
at org.openqa.selenium.remote.ElementLocation.findElement(ElementLocation.java:59)
at org.openqa.selenium.remote.RemoteWebDriver.findElement(RemoteWebDriver.java:360)
at org.openqa.selenium.remote.RemoteWebDriver.findElement(RemoteWebDriver.java:354)
at Trial.Pro.ProPurchasehistoryandTokenValidation91(Pro.java:3066)
at java.base/java.util.ArrayList.forEach(ArrayList.java:1511)
... Removed 31 stack frames]]>
    </failure>
  </testcase> <!-- ProPurchasehistoryandTokenValidation91 -->
  <testcase classname="Trial.Explorepage_Script" name="ExplorepageGameCenter01" time="0.0">
    <skipped/>
  </testcase> <!-- ExplorepageGameCenter01 -->
  <testcase classname="Trial.SideNav_Script" name="NormalLiveStream17" time="0.0">
    <skipped/>
  </testcase> <!-- NormalLiveStream17 -->
  <testcase classname="Trial.Reel_Script" name="SearchReelTest2" time="0.0">
    <skipped/>
  </testcase> <!-- SearchReelTest2 -->
  <testcase classname="Trial.ContestPage_Script" name="contestDatafunctionaltest1" time="0.0">
    <skipped/>
  </testcase> <!-- contestDatafunctionaltest1 -->
  <testcase classname="Trial.SelfProfile_Script" name="SelfprofileGamePage3" time="0.0">
    <ignored/>
  </testcase> <!-- SelfprofileGamePage3 -->
  <testcase classname="Trial.SideNav_Script" name="SideNavcreateBtn6" time="0.0">
    <ignored/>
  </testcase> <!-- SideNavcreateBtn6 -->
  <testcase classname="Trial.Pro" name="YtbotfluxRecordedStreamPro69" time="0.0">
    <ignored/>
  </testcase> <!-- YtbotfluxRecordedStreamPro69 -->
  <testcase classname="Trial.Reel_Script" name="OthersPofileReelScroll10" time="0.0">
    <ignored/>
  </testcase> <!-- OthersPofileReelScroll10 -->
  <testcase classname="Trial.Pro" name="UpthrustEsportsRecordedStreamPro33" time="0.0">
    <ignored/>
  </testcase> <!-- UpthrustEsportsRecordedStreamPro33 -->
  <testcase classname="Trial.Pro" name="APLEsportsRecordedStreamPro51" time="0.0">
    <ignored/>
  </testcase> <!-- APLEsportsRecordedStreamPro51 -->
  <testcase classname="Trial.Video_Script" name="VideoPlayerComment7" time="0.0">
    <ignored/>
  </testcase> <!-- VideoPlayerComment7 -->
  <testcase classname="Trial.SideNav_Script" name="SidenNavOffersTask10" time="0.0">
    <ignored/>
  </testcase> <!-- SidenNavOffersTask10 -->
  <testcase classname="Trial.Pro" name="DevilIsOnRecordedStreamPro76" time="0.0">
    <ignored/>
  </testcase> <!-- DevilIsOnRecordedStreamPro76 -->
  <testcase classname="Trial.Pro" name="Mamba8bitRecordedstreamPro16" time="0.0">
    <ignored/>
  </testcase> <!-- Mamba8bitRecordedstreamPro16 -->
  <testcase classname="Trial.Pro" name="BitRebelRecordedStreamPro31" time="0.0">
    <ignored/>
  </testcase> <!-- BitRebelRecordedStreamPro31 -->
  <testcase classname="Trial.SideNav_Script" name="SidenNavchnageFavoriteGame3" time="0.0">
    <ignored/>
  </testcase> <!-- SidenNavchnageFavoriteGame3 -->
  <testcase classname="Trial.Pro" name="livestreamGiftstickerINLANDSCAPE53" time="0.0">
    <ignored/>
  </testcase> <!-- livestreamGiftstickerINLANDSCAPE53 -->
  <testcase classname="Trial.Pro" name="GiveawaysContentisplaying82" time="0.0">
    <ignored/>
  </testcase> <!-- GiveawaysContentisplaying82 -->
  <testcase classname="Trial.Pro" name="LETSGTAMERecordedStreamPro85" time="0.0">
    <ignored/>
  </testcase> <!-- LETSGTAMERecordedStreamPro85 -->
  <testcase classname="Trial.Reel_Script" name="ReelTestAfterLiveStreamMiniPlayer13" time="0.0">
    <ignored/>
  </testcase> <!-- ReelTestAfterLiveStreamMiniPlayer13 -->
  <testcase classname="Trial.Pro" name="MidtioerRecordedStreamForProUsers11" time="0.0">
    <ignored/>
  </testcase> <!-- MidtioerRecordedStreamForProUsers11 -->
  <testcase classname="Trial.SelfProfile_Script" name="Threedotsonnprofilepage1" time="0.0">
    <ignored/>
  </testcase> <!-- Threedotsonnprofilepage1 -->
  <testcase classname="Trial.Pro" name="SnaxgamingRecordedStreamPro59" time="0.0">
    <ignored/>
  </testcase> <!-- SnaxgamingRecordedStreamPro59 -->
  <testcase classname="Trial.Pro" name="ProCreatorTagoProfileTest03" time="0.0">
    <ignored/>
  </testcase> <!-- ProCreatorTagoProfileTest03 -->
  <testcase classname="Trial.SideNav_Script" name="RedeemCouponCopy22" time="0.0">
    <ignored/>
  </testcase> <!-- RedeemCouponCopy22 -->
  <testcase classname="Trial.SideNav_Script" name="SideNavContest5" time="0.0">
    <ignored/>
  </testcase> <!-- SideNavContest5 -->
  <testcase classname="Trial.Pro" name="SwasthiGAmingRecordedStreamPro73" time="0.0">
    <ignored/>
  </testcase> <!-- SwasthiGAmingRecordedStreamPro73 -->
  <testcase classname="Trial.Subscription_Script" name="LoginWithNewUser08" time="0.0">
    <ignored/>
  </testcase> <!-- LoginWithNewUser08 -->
  <testcase classname="Trial.Pro" name="ProStreamComment02" time="0.0">
    <ignored/>
  </testcase> <!-- ProStreamComment02 -->
  <testcase classname="Trial.Pro" name="MalluVinerGamingRecordedStreamPro77" time="0.0">
    <ignored/>
  </testcase> <!-- MalluVinerGamingRecordedStreamPro77 -->
  <testcase classname="Trial.SideNav_Script" name="SideNavCreateBtnReel20" time="0.0">
    <ignored/>
  </testcase> <!-- SideNavCreateBtnReel20 -->
  <testcase classname="Trial.Explorepage_Script" name="ExplorePageFFDiamondsHacks02" time="0.0">
    <ignored/>
  </testcase> <!-- ExplorePageFFDiamondsHacks02 -->
  <testcase classname="Trial.Explorepage_Script" name="ExplorePageFFEventUpdates7" time="0.0">
    <ignored/>
  </testcase> <!-- ExplorePageFFEventUpdates7 -->
  <testcase classname="Trial.Pro" name="FBDJAATGAMERRecordedStreamPro48" time="0.0">
    <ignored/>
  </testcase> <!-- FBDJAATGAMERRecordedStreamPro48 -->
  <testcase classname="Trial.SideNav_Script" name="SidenNavImageupload7" time="0.0">
    <ignored/>
  </testcase> <!-- SidenNavImageupload7 -->
  <testcase classname="Trial.Pro" name="ThoppiRecordedStreamPro55" time="0.0">
    <ignored/>
  </testcase> <!-- ThoppiRecordedStreamPro55 -->
  <testcase classname="Trial.Subscription_Script" name="SubscriptionPack01" time="0.0">
    <ignored/>
  </testcase> <!-- SubscriptionPack01 -->
  <testcase classname="Trial.Pro" name="Binks698bitRecordedStreamPro18" time="0.0">
    <ignored/>
  </testcase> <!-- Binks698bitRecordedStreamPro18 -->
  <testcase classname="Trial.SideNav_Script" name="SidenNavcChangeContentlocaleTelugu29" time="0.0">
    <ignored/>
  </testcase> <!-- SidenNavcChangeContentlocaleTelugu29 -->
  <testcase classname="Trial.SideNav_Script" name="SidenNavChangeBio15" time="0.0">
    <ignored/>
  </testcase> <!-- SidenNavChangeBio15 -->
  <testcase classname="Trial.Pro" name="Subscriptioncancelled3365DayPack90" time="0.0">
    <ignored/>
  </testcase> <!-- Subscriptioncancelled3365DayPack90 -->
  <testcase classname="Trial.Pro" name="IGRIRecordedStreamPro39" time="0.0">
    <ignored/>
  </testcase> <!-- IGRIRecordedStreamPro39 -->
  <testcase classname="Trial.SelfProfile_Script" name="ChangeAppLanguage7" time="0.0">
    <ignored/>
  </testcase> <!-- ChangeAppLanguage7 -->
  <testcase classname="Trial.SideNav_Script" name="CreatebtnIRL1" time="0.0">
    <ignored/>
  </testcase> <!-- CreatebtnIRL1 -->
  <testcase classname="Trial.Pro" name="EXTROVERTOGRecordedStreamPro63" time="0.0">
    <ignored/>
  </testcase> <!-- EXTROVERTOGRecordedStreamPro63 -->
  <testcase classname="Trial.SideNav_Script" name="SidenNavInviteAndWin11" time="0.0">
    <ignored/>
  </testcase> <!-- SidenNavInviteAndWin11 -->
  <testcase classname="Trial.SelfProfile_Script" name="SelfProfieReelLandingTest8" time="0.0">
    <ignored/>
  </testcase> <!-- SelfProfieReelLandingTest8 -->
  <testcase classname="Trial.Pro" name="JokerKiHveliRecordedStreamPro79" time="0.0">
    <ignored/>
  </testcase> <!-- JokerKiHveliRecordedStreamPro79 -->
  <testcase classname="Trial.SideNav_Script" name="SideNavRooterShop25" time="0.0">
    <ignored/>
  </testcase> <!-- SideNavRooterShop25 -->
  <testcase classname="Trial.Explorepage_Script" name="ExplorePageViralReels10" time="0.0">
    <ignored/>
  </testcase> <!-- ExplorePageViralReels10 -->
  <testcase classname="Trial.Video_Script" name="searchvideoplayerLikeWatchNWin11" time="0.0">
    <ignored/>
  </testcase> <!-- searchvideoplayerLikeWatchNWin11 -->
  <testcase classname="Trial.Video_Script" name="VideoPlayerTimerMuteButton18" time="0.0">
    <ignored/>
  </testcase> <!-- VideoPlayerTimerMuteButton18 -->
  <testcase classname="Trial.ContestPage_Script" name="ContestpageBanner3" time="0.0">
    <ignored/>
  </testcase> <!-- ContestpageBanner3 -->
  <testcase classname="Trial.Pro" name="IydmaxpllayzRecordedStreamPro74" time="0.0">
    <ignored/>
  </testcase> <!-- IydmaxpllayzRecordedStreamPro74 -->
  <testcase classname="Trial.SideNav_Script" name="SidenNavcChangeContentlocaleKannda32" time="0.0">
    <ignored/>
  </testcase> <!-- SidenNavcChangeContentlocaleKannda32 -->
  <testcase classname="Trial.SideNav_Script" name="SidenNavcChangeContentlocaleBengali30" time="0.0">
    <ignored/>
  </testcase> <!-- SidenNavcChangeContentlocaleBengali30 -->
  <testcase classname="Trial.Pro" name="DataCheckHomePage58" time="0.0">
    <ignored/>
  </testcase> <!-- DataCheckHomePage58 -->
  <testcase classname="Trial.SideNav_Script" name="SidenNavCreateVideo2" time="0.0">
    <ignored/>
  </testcase> <!-- SidenNavCreateVideo2 -->
  <testcase classname="Trial.Video_Script" name="VideomuteunmuteafterPIP4" time="0.0">
    <ignored/>
  </testcase> <!-- VideomuteunmuteafterPIP4 -->
  <testcase classname="Trial.Video_Script" name="MinecraftSearchVideolikecommentandsharecount19" time="0.0">
    <ignored/>
  </testcase> <!-- MinecraftSearchVideolikecommentandsharecount19 -->
  <testcase classname="Trial.Explorepage_Script" name="ExplorePageGTAHightlights03" time="0.0">
    <ignored/>
  </testcase> <!-- ExplorePageGTAHightlights03 -->
  <testcase classname="Trial.Pro" name="PitajiplayzRecordedStreamPro38" time="0.0">
    <ignored/>
  </testcase> <!-- PitajiplayzRecordedStreamPro38 -->
  <testcase classname="Trial.Pro" name="IYDLazyRecordedStreamPro51" time="0.0">
    <ignored/>
  </testcase> <!-- IYDLazyRecordedStreamPro51 -->
  <testcase classname="Trial.SideNav_Script" name="SideNavRewards9" time="0.0">
    <ignored/>
  </testcase> <!-- SideNavRewards9 -->
  <testcase classname="Trial.Pro" name="Rusherw0w8bitRecordedstreampro17" time="0.0">
    <ignored/>
  </testcase> <!-- Rusherw0w8bitRecordedstreampro17 -->
  <testcase classname="Trial.SideNav_Script" name="SideNavCouponPageTopCarousal23" time="0.0">
    <ignored/>
  </testcase> <!-- SideNavCouponPageTopCarousal23 -->
  <testcase classname="Trial.SideNav_Script" name="SidenNavcChangeContentlocaleHindi33" time="0.0">
    <ignored/>
  </testcase> <!-- SidenNavcChangeContentlocaleHindi33 -->
  <testcase classname="Trial.Video_Script" name="PIPtofullscreentest2" time="0.0">
    <ignored/>
  </testcase> <!-- PIPtofullscreentest2 -->
  <testcase classname="Trial.SideNav_Script" name="SideNavCoinandDiamondlog27" time="0.0">
    <ignored/>
  </testcase> <!-- SideNavCoinandDiamondlog27 -->
  <testcase classname="Trial.Pro" name="LuciferSauravRecordedStreamPro50" time="0.0">
    <ignored/>
  </testcase> <!-- LuciferSauravRecordedStreamPro50 -->
  <testcase classname="Trial.Explorepage_Script" name="ExplorePageBGMIEsportsHighlights04" time="0.0">
    <ignored/>
  </testcase> <!-- ExplorePageBGMIEsportsHighlights04 -->
  <testcase classname="Trial.SideNav_Script" name="SidenNavWatccchHistory12" time="0.0">
    <ignored/>
  </testcase> <!-- SidenNavWatccchHistory12 -->
  <testcase classname="Trial.Reel_Script" name="OthersProfileReellTest6" time="0.0">
    <ignored/>
  </testcase> <!-- OthersProfileReellTest6 -->
  <testcase classname="Trial.Video_Script" name="MinecraftSearchVideoTest13" time="0.0">
    <ignored/>
  </testcase> <!-- MinecraftSearchVideoTest13 -->
  <testcase classname="Trial.Pro" name="LidomaAsiaRecordedStreamTest37" time="0.0">
    <ignored/>
  </testcase> <!-- LidomaAsiaRecordedStreamTest37 -->
  <testcase classname="Trial.Video_Script" name="VideoMiniPlayerTabSwittch9" time="0.0">
    <ignored/>
  </testcase> <!-- VideoMiniPlayerTabSwittch9 -->
  <testcase classname="Trial.Pro" name="ZainabRecordedStreamPro25" time="0.0">
    <ignored/>
  </testcase> <!-- ZainabRecordedStreamPro25 -->
  <testcase classname="Trial.Video_Script" name="Videoplayermuteunute16" time="0.0">
    <ignored/>
  </testcase> <!-- Videoplayermuteunute16 -->
  <testcase classname="Trial.Pro" name="RecordedstreamUIcheck29" time="0.0">
    <ignored/>
  </testcase> <!-- RecordedstreamUIcheck29 -->
  <testcase classname="Trial.Pro" name="Logout110" time="0.0">
    <ignored/>
  </testcase> <!-- Logout110 -->
  <testcase classname="Trial.Reel_Script" name="CentralReelTest1" time="0.0">
    <ignored/>
  </testcase> <!-- CentralReelTest1 -->
  <testcase classname="Trial.Reel_Script" name="CentralReelMuteUnmute4" time="0.0">
    <ignored/>
  </testcase> <!-- CentralReelMuteUnmute4 -->
  <testcase classname="Trial.Pro" name="sp4hariRecordedStreamPro60" time="0.0">
    <ignored/>
  </testcase> <!-- sp4hariRecordedStreamPro60 -->
  <testcase classname="Trial.SideNav_Script" name="SidenNavDataSaver4" time="0.0">
    <ignored/>
  </testcase> <!-- SidenNavDataSaver4 -->
  <testcase classname="Trial.Pro" name="BlackDaYGamingRecordedStreamPro64" time="0.0">
    <ignored/>
  </testcase> <!-- BlackDaYGamingRecordedStreamPro64 -->
  <testcase classname="Trial.Video_Script" name="videoqualitychnage15" time="0.0">
    <ignored/>
  </testcase> <!-- videoqualitychnage15 -->
  <testcase classname="Trial.Video_Script" name="Videotagsandtimer191" time="0.0">
    <ignored/>
  </testcase> <!-- Videotagsandtimer191 -->
  <testcase classname="Trial.Pro" name="GIGIGONEMADRecordedStreamPro81" time="0.0">
    <ignored/>
  </testcase> <!-- GIGIGONEMADRecordedStreamPro81 -->
  <testcase classname="Trial.Explorepage_Script" name="ExplorePageTrendingVideosOnRotter9" time="0.0">
    <ignored/>
  </testcase> <!-- ExplorePageTrendingVideosOnRotter9 -->
  <testcase classname="Trial.Pro" name="FreePreviewTimerForPro07" time="0.0">
    <ignored/>
  </testcase> <!-- FreePreviewTimerForPro07 -->
  <testcase classname="Trial.Pro" name="CalvinReyecordedStreamPro61" time="0.0">
    <ignored/>
  </testcase> <!-- CalvinReyecordedStreamPro61 -->
  <testcase classname="Trial.SideNav_Script" name="day1buypro36" time="0.0">
    <ignored/>
  </testcase> <!-- day1buypro36 -->
  <testcase classname="Trial.Reel_Script" name="CentralReelsScroll50TimesAndTest8" time="0.0">
    <ignored/>
  </testcase> <!-- CentralReelsScroll50TimesAndTest8 -->
  <testcase classname="Trial.Video_Script" name="VideoPlayerForwardBackward6" time="0.0">
    <ignored/>
  </testcase> <!-- VideoPlayerForwardBackward6 -->
  <testcase classname="Trial.Pro" name="Mafia8BitRecordedStreamPro26" time="0.0">
    <ignored/>
  </testcase> <!-- Mafia8BitRecordedStreamPro26 -->
  <testcase classname="Trial.Reel_Script" name="HorizontalReelTestAfterMiniPlayer14" time="0.0">
    <ignored/>
  </testcase> <!-- HorizontalReelTestAfterMiniPlayer14 -->
  <testcase classname="Trial.Explorepage_Script" name="ExplorePageMineCraftAnimation05" time="0.0">
    <ignored/>
  </testcase> <!-- ExplorePageMineCraftAnimation05 -->
  <testcase classname="Trial.Reel_Script" name="ReelTestonSeachAllTab11" time="0.0">
    <ignored/>
  </testcase> <!-- ReelTestonSeachAllTab11 -->
  <testcase classname="Trial.Explorepage_Script" name="ExplorePageMontageReel06" time="0.0">
    <ignored/>
  </testcase> <!-- ExplorePageMontageReel06 -->
  <testcase classname="Trial.Explorepage_Script" name="ExplorePageFFTipsnTricks12" time="0.0">
    <ignored/>
  </testcase> <!-- ExplorePageFFTipsnTricks12 -->
  <testcase classname="Trial.Pro" name="ProStreamOpenedFanRank5" time="0.0">
    <ignored/>
  </testcase> <!-- ProStreamOpenedFanRank5 -->
  <testcase classname="Trial.Subscription_Script" name="NonProNewUserHomepageTabsDataCheck16" time="0.0">
    <ignored/>
  </testcase> <!-- NonProNewUserHomepageTabsDataCheck16 -->
  <testcase classname="Trial.Pro" name="RAESportsRecordedStreamPro22" time="0.0">
    <ignored/>
  </testcase> <!-- RAESportsRecordedStreamPro22 -->
  <testcase classname="Trial.Pro" name="SubscriptioncancelledPack86" time="0.0">
    <ignored/>
  </testcase> <!-- SubscriptioncancelledPack86 -->
  <testcase classname="Trial.Pro" name="SidenavExtendpro62" time="0.0">
    <ignored/>
  </testcase> <!-- SidenavExtendpro62 -->
  <testcase classname="Trial.SideNav_Script" name="ChangeCommunicationEmailId26" time="0.0">
    <ignored/>
  </testcase> <!-- ChangeCommunicationEmailId26 -->
  <testcase classname="Trial.Pro" name="QUEENNISLIVERecordedStreamPro72" time="0.0">
    <ignored/>
  </testcase> <!-- QUEENNISLIVERecordedStreamPro72 -->
  <testcase classname="Trial.SideNav_Script" name="GooglePlayCouponRedeem21" time="0.0">
    <ignored/>
  </testcase> <!-- GooglePlayCouponRedeem21 -->
  <testcase classname="Trial.SideNav_Script" name="SideNavBuyyPro24" time="0.0">
    <ignored/>
  </testcase> <!-- SideNavBuyyPro24 -->
  <testcase classname="Trial.Pro" name="kaztroRecordedStreamPro40" time="0.0">
    <ignored/>
  </testcase> <!-- kaztroRecordedStreamPro40 -->
  <testcase classname="Trial.Pro" name="Subscriptioncancelled30DayPack88" time="0.0">
    <ignored/>
  </testcase> <!-- Subscriptioncancelled30DayPack88 -->
  <testcase classname="Trial.Video_Script" name="VideomuteUnmuteAfterScreenRtoatatE20" time="0.0">
    <ignored/>
  </testcase> <!-- VideomuteUnmuteAfterScreenRtoatatE20 -->
  <testcase classname="Trial.Pro" name="nightmmareesportsRecordedStreamPro35" time="0.0">
    <ignored/>
  </testcase> <!-- nightmmareesportsRecordedStreamPro35 -->
  <testcase classname="Trial.Pro" name="FEARLESSESPORTSRecordedStreamPro44" time="0.0">
    <ignored/>
  </testcase> <!-- FEARLESSESPORTSRecordedStreamPro44 -->
  <testcase classname="Trial.Pro" name="CaramelRecordedStreamPro67" time="0.0">
    <ignored/>
  </testcase> <!-- CaramelRecordedStreamPro67 -->
  <testcase classname="Trial.SelfProfile_Script" name="followOrUnfollow" time="0.0">
    <ignored/>
  </testcase> <!-- followOrUnfollow -->
  <testcase classname="Trial.Pro" name="AdiiPLaYZRecordedStreamPro66" time="0.0">
    <ignored/>
  </testcase> <!-- AdiiPLaYZRecordedStreamPro66 -->
  <testcase classname="Trial.Pro" name="SuRYanShExDRecordedStreamPro52" time="0.0">
    <ignored/>
  </testcase> <!-- SuRYanShExDRecordedStreamPro52 -->
  <testcase classname="Trial.SideNav_Script" name="SidenNavcChangeContentlocaleMarathi31" time="0.0">
    <ignored/>
  </testcase> <!-- SidenNavcChangeContentlocaleMarathi31 -->
  <testcase classname="Trial.Pro" name="CYNTHIAISLIVERecordedStreamPro83" time="0.0">
    <ignored/>
  </testcase> <!-- CYNTHIAISLIVERecordedStreamPro83 -->
  <testcase classname="Trial.Pro" name="SoulViperRecordedStreamPro19" time="0.0">
    <ignored/>
  </testcase> <!-- SoulViperRecordedStreamPro19 -->
  <testcase classname="Trial.Pro" name="RegaltosRecordedStreamPro12" time="0.0">
    <ignored/>
  </testcase> <!-- RegaltosRecordedStreamPro12 -->
  <testcase classname="Trial.Pro" name="ProStreamPIP42" time="0.0">
    <ignored/>
  </testcase> <!-- ProStreamPIP42 -->
  <testcase classname="Trial.Pro" name="RAWSOMERecordedstreampro24" time="0.0">
    <ignored/>
  </testcase> <!-- RAWSOMERecordedstreampro24 -->
  <testcase classname="Trial.Pro" name="GAmingPUJARecordedStreamPro47" time="0.0">
    <ignored/>
  </testcase> <!-- GAmingPUJARecordedStreamPro47 -->
  <testcase classname="Trial.Pro" name="CrockyMDRecordedStreamPro70" time="0.0">
    <ignored/>
  </testcase> <!-- CrockyMDRecordedStreamPro70 -->
  <testcase classname="Trial.Pro" name="AdenRecordedStreamPro46" time="0.0">
    <ignored/>
  </testcase> <!-- AdenRecordedStreamPro46 -->
  <testcase classname="Trial.Pro" name="Followingtabliveplayerrortate56" time="0.0">
    <ignored/>
  </testcase> <!-- Followingtabliveplayerrortate56 -->
  <testcase classname="Trial.Video_Script" name="VideoQualitychangeafterPIP5" time="0.0">
    <ignored/>
  </testcase> <!-- VideoQualitychangeafterPIP5 -->
  <testcase classname="Trial.Pro" name="JB10RecordedStreamPro80" time="0.0">
    <ignored/>
  </testcase> <!-- JB10RecordedStreamPro80 -->
  <testcase classname="Trial.Pro" name="KeizerRecordedStreamPro32" time="0.0">
    <ignored/>
  </testcase> <!-- KeizerRecordedStreamPro32 -->
  <testcase classname="Trial.Video_Script" name="IRLSearchVideoTest12" time="0.0">
    <ignored/>
  </testcase> <!-- IRLSearchVideoTest12 -->
  <testcase classname="Trial.SelfProfile_Script" name="SelfProfileGamePage4" time="0.0">
    <ignored/>
  </testcase> <!-- SelfProfileGamePage4 -->
  <testcase classname="Trial.SideNav_Script" name="SidenNavcChangeProfileName13" time="0.0">
    <ignored/>
  </testcase> <!-- SidenNavcChangeProfileName13 -->
  <testcase classname="Trial.Video_Script" name="Videoplayerplaybackspeed17" time="0.0">
    <ignored/>
  </testcase> <!-- Videoplayerplaybackspeed17 -->
  <testcase classname="Trial.Video_Script" name="Videoplayerrotate14" time="0.0">
    <ignored/>
  </testcase> <!-- Videoplayerrotate14 -->
  <testcase classname="Trial.Video_Script" name="SearcchVideoplayerComment10" time="0.0">
    <ignored/>
  </testcase> <!-- SearcchVideoplayerComment10 -->
  <testcase classname="Trial.Subscription_Script" name="SubscriptionValidityCheck06" time="0.0">
    <ignored/>
  </testcase> <!-- SubscriptionValidityCheck06 -->
  <testcase classname="Trial.Pro" name="UltraOPRecordedStreamPro45" time="0.0">
    <ignored/>
  </testcase> <!-- UltraOPRecordedStreamPro45 -->
  <testcase classname="Trial.Reel_Script" name="ReelsTestAfterTabsSwitch7" time="0.0">
    <ignored/>
  </testcase> <!-- ReelsTestAfterTabsSwitch7 -->
  <testcase classname="Trial.Pro" name="VENOMGAMINGRecordedStreamPro68" time="0.0">
    <ignored/>
  </testcase> <!-- VENOMGAMINGRecordedStreamPro68 -->
  <testcase classname="Trial.Pro" name="RepublicArmyRecordedStreamPro49" time="0.0">
    <ignored/>
  </testcase> <!-- RepublicArmyRecordedStreamPro49 -->
  <testcase classname="Trial.Pro" name="ShreemanlegendRecordedStreamPro71" time="0.0">
    <ignored/>
  </testcase> <!-- ShreemanlegendRecordedStreamPro71 -->
  <testcase classname="Trial.Reel_Script" name="HorizontalReelTabTest5" time="0.0">
    <ignored/>
  </testcase> <!-- HorizontalReelTabTest5 -->
  <testcase classname="Trial.Pro" name="SIGIRecordedStreamPro43" time="0.0">
    <ignored/>
  </testcase> <!-- SIGIRecordedStreamPro43 -->
  <testcase classname="Trial.Pro" name="ProCreatorlist04" time="0.0">
    <ignored/>
  </testcase> <!-- ProCreatorlist04 -->
  <testcase classname="Trial.SideNav_Script" name="SidenNavDarkTheme16" time="0.0">
    <ignored/>
  </testcase> <!-- SidenNavDarkTheme16 -->
  <testcase classname="Trial.Pro" name="GamersFleetRecordedStreamPro34" time="0.0">
    <ignored/>
  </testcase> <!-- GamersFleetRecordedStreamPro34 -->
  <testcase classname="Trial.SideNav_Script" name="day7buypro37" time="0.0">
    <ignored/>
  </testcase> <!-- day7buypro37 -->
  <testcase classname="Trial.Subscription_Script" name="SubscriptionPurchasehistoryandTokenValidation05" time="0.0">
    <ignored/>
  </testcase> <!-- SubscriptionPurchasehistoryandTokenValidation05 -->
  <testcase classname="Trial.SelfProfile_Script" name="DonationLink6" time="0.0">
    <ignored/>
  </testcase> <!-- DonationLink6 -->
  <testcase classname="Trial.SideNav_Script" name="SidenNavlightTheme31" time="0.0">
    <ignored/>
  </testcase> <!-- SidenNavlightTheme31 -->
  <testcase classname="Trial.Pro" name="Subscriptioncancelled7daysPack87" time="0.0">
    <ignored/>
  </testcase> <!-- Subscriptioncancelled7daysPack87 -->
  <testcase classname="Trial.Explorepage_Script" name="ExplorePageGTARP8" time="0.0">
    <ignored/>
  </testcase> <!-- ExplorePageGTARP8 -->
  <testcase classname="Trial.Pro" name="MissedTabContentisplaying81" time="0.0">
    <ignored/>
  </testcase> <!-- MissedTabContentisplaying81 -->
  <testcase classname="Trial.Pro" name="SoulOxyRecordedStreamPro21" time="0.0">
    <ignored/>
  </testcase> <!-- SoulOxyRecordedStreamPro21 -->
  <testcase classname="Trial.SideNav_Script" name="SidenNavChangeLocation14" time="0.0">
    <ignored/>
  </testcase> <!-- SidenNavChangeLocation14 -->
  <testcase classname="Trial.Reel_Script" name="SelfProfieReelTest3" time="0.0">
    <ignored/>
  </testcase> <!-- SelfProfieReelTest3 -->
  <testcase classname="Trial.Video_Script" name="SearchVideoPIP21" time="0.0">
    <ignored/>
  </testcase> <!-- SearchVideoPIP21 -->
  <testcase classname="Trial.Video_Script" name="VideoWatcchAndWinCoinsDetailsandRecommededVideo8" time="0.0">
    <ignored/>
  </testcase> <!-- VideoWatcchAndWinCoinsDetailsandRecommededVideo8 -->
  <testcase classname="Trial.SideNav_Script" name="day7buypro338" time="0.0">
    <ignored/>
  </testcase> <!-- day7buypro338 -->
  <testcase classname="Trial.Pro" name="HeadFlicker8bitRecordedStreamPro22" time="0.0">
    <ignored/>
  </testcase> <!-- HeadFlicker8bitRecordedStreamPro22 -->
  <testcase classname="Trial.Pro" name="ProCreatorTagOnJonthanTest08" time="0.0">
    <ignored/>
  </testcase> <!-- ProCreatorTagOnJonthanTest08 -->
  <testcase classname="Trial.Pro" name="ScoutOPRecordedStreamPro15" time="0.0">
    <ignored/>
  </testcase> <!-- ScoutOPRecordedStreamPro15 -->
  <testcase classname="Trial.Pro" name="KIARAAGAMINGRecordedStreamPro65" time="0.0">
    <ignored/>
  </testcase> <!-- KIARAAGAMINGRecordedStreamPro65 -->
  <testcase classname="Trial.Subscription_Script" name="Logout07" time="0.0">
    <ignored/>
  </testcase> <!-- Logout07 -->
  <testcase classname="Trial.SideNav_Script" name="SidenNavcChangeContentlocaleTamil28" time="0.0">
    <ignored/>
  </testcase> <!-- SidenNavcChangeContentlocaleTamil28 -->
  <testcase classname="Trial.SelfProfile_Script" name="SelfProfileChangeAppLanguage5" time="0.0">
    <ignored/>
  </testcase> <!-- SelfProfileChangeAppLanguage5 -->
  <testcase classname="Trial.ContestPage_Script" name="Contestpagehistorydatatest2" time="0.0">
    <ignored/>
  </testcase> <!-- Contestpagehistorydatatest2 -->
  <testcase classname="Trial.Pro" name="bit8beg4mercy84" time="0.0">
    <ignored/>
  </testcase> <!-- bit8beg4mercy84 -->
  <testcase classname="Trial.Pro" name="Subscriptioncancelled180DPack89" time="0.0">
    <ignored/>
  </testcase> <!-- Subscriptioncancelled180DPack89 -->
  <testcase classname="Trial.Pro" name="LidomaAsiaBahasaRecordedStreamTest36" time="0.0">
    <ignored/>
  </testcase> <!-- LidomaAsiaBahasaRecordedStreamTest36 -->
  <testcase classname="Trial.Pro" name="SoulSidRecordedStreamPro20" time="0.0">
    <ignored/>
  </testcase> <!-- SoulSidRecordedStreamPro20 -->
  <testcase classname="Trial.Video_Script" name="SearchVideoRotate22" time="0.0">
    <ignored/>
  </testcase> <!-- SearchVideoRotate22 -->
  <testcase classname="Trial.Reel_Script" name="ReelTestAfterVideoMiniPlayer12" time="0.0">
    <ignored/>
  </testcase> <!-- ReelTestAfterVideoMiniPlayer12 -->
  <testcase classname="Trial.Video_Script" name="VideoqualityChangeAfterRotation23" time="0.0">
    <ignored/>
  </testcase> <!-- VideoqualityChangeAfterRotation23 -->
  <testcase classname="Trial.Pro" name="PIPPAPORecordedStreamPr078" time="0.0">
    <ignored/>
  </testcase> <!-- PIPPAPORecordedStreamPr078 -->
  <testcase classname="Trial.Explorepage_Script" name="ExplorePageBGMIingameupdates11" time="0.0">
    <ignored/>
  </testcase> <!-- ExplorePageBGMIingameupdates11 -->
  <testcase classname="Trial.Pro" name="ProRecordedStreamForProUsers9" time="0.0">
    <ignored/>
  </testcase> <!-- ProRecordedStreamForProUsers9 -->
  <testcase classname="Trial.Pro" name="RAOFFLIVERecordedStreamPro75" time="0.0">
    <ignored/>
  </testcase> <!-- RAOFFLIVERecordedStreamPro75 -->
</testsuite> <!-- Default Test(failed)(failed)(failed) -->
