<?xml version="1.0" encoding="UTF-8"?>
<!-- Generated by org.testng.reporters.JUnitXMLReporter -->
<testsuite ignored="137" hostname="ip-192-168-1-5.ap-south-1.compute.internal" failures="4" tests="34" name="Default Test(failed)(failed)(failed)(failed)(failed)" time="1614.22" errors="0" timestamp="2025-08-30T09:12:29 IST">
  <testcase classname="Trial.Functions" name="@BeforeMethod setup" time="33.435">
    <failure type="org.openqa.selenium.SessionNotCreatedException" message="Could not start a new session. Response code 500. Message: An unknown server-side error occurred while processing the command. Original error: The instrumentation process cannot be initialized within 30000ms timeout. Make sure the application under test does not crash and investigate the logcat output. You could also try to increase the value of &amp;apos;uiautomator2ServerLaunchTimeout&amp;apos; capability 
Host info: host: &amp;apos;ip-192-168-1-5.ap-south-1.compute.internal&amp;apos;, ip: &amp;apos;fe80:0:0:0:1819:f73d:a0d4:5441%en0&amp;apos;
Build info: version: &amp;apos;4.16.1&amp;apos;, revision: &amp;apos;9b4c83354e&amp;apos;
System info: os.name: &amp;apos;Mac OS X&amp;apos;, os.arch: &amp;apos;x86_64&amp;apos;, os.version: &amp;apos;15.6.1&amp;apos;, java.version: &amp;apos;17.0.7&amp;apos;
Driver info: io.appium.java_client.android.AndroidDriver
Command: [null, newSession {capabilities=[{platformName=ANDROID}], desiredCapabilities=Capabilities {platformName: ANDROID}}]
Capabilities {platformName: ANDROID}">
      <![CDATA[org.openqa.selenium.SessionNotCreatedException: Could not start a new session. Response code 500. Message: An unknown server-side error occurred while processing the command. Original error: The instrumentation process cannot be initialized within 30000ms timeout. Make sure the application under test does not crash and investigate the logcat output. You could also try to increase the value of 'uiautomator2ServerLaunchTimeout' capability 
Host info: host: 'ip-192-168-1-5.ap-south-1.compute.internal', ip: 'fe80:0:0:0:1819:f73d:a0d4:5441%en0'
Build info: version: '4.16.1', revision: '9b4c83354e'
System info: os.name: 'Mac OS X', os.arch: 'x86_64', os.version: '15.6.1', java.version: '17.0.7'
Driver info: io.appium.java_client.android.AndroidDriver
Command: [null, newSession {capabilities=[{platformName=ANDROID}], desiredCapabilities=Capabilities {platformName: ANDROID}}]
Capabilities {platformName: ANDROID}
at org.openqa.selenium.remote.ProtocolHandshake.createSession(ProtocolHandshake.java:140)
at io.appium.java_client.remote.AppiumProtocolHandshake.createSession(AppiumProtocolHandshake.java:133)
at io.appium.java_client.remote.AppiumProtocolHandshake.createSession(AppiumProtocolHandshake.java:102)
at io.appium.java_client.remote.AppiumCommandExecutor.createSession(AppiumCommandExecutor.java:176)
at io.appium.java_client.remote.AppiumCommandExecutor.execute(AppiumCommandExecutor.java:237)
at org.openqa.selenium.remote.RemoteWebDriver.execute(RemoteWebDriver.java:523)
at io.appium.java_client.AppiumDriver.startSession(AppiumDriver.java:268)
at org.openqa.selenium.remote.RemoteWebDriver.<init>(RemoteWebDriver.java:164)
at io.appium.java_client.AppiumDriver.<init>(AppiumDriver.java:90)
at io.appium.java_client.AppiumDriver.<init>(AppiumDriver.java:102)
at io.appium.java_client.android.AndroidDriver.<init>(AndroidDriver.java:109)
at Trial.Functions.setup(Functions.java:1872)
at java.base/java.util.ArrayList.forEach(ArrayList.java:1511)
... Removed 35 stack frames]]>
    </failure>
  </testcase> <!-- @BeforeMethod setup -->
  <testcase classname="Trial.Explorepage_Script" name="@AfterMethod tearDown" time="0.0">
    <skipped/>
  </testcase> <!-- @AfterMethod tearDown -->
  <testcase classname="Trial.Functions" name="@BeforeMethod setup" time="4.146">
    <failure type="org.openqa.selenium.SessionNotCreatedException" message="Could not start a new session. Response code 500. Message: An unknown server-side error occurred while processing the command. Original error: Could not proxy command to the remote server. Original error: socket hang up 
Host info: host: &amp;apos;ip-192-168-1-5.ap-south-1.compute.internal&amp;apos;, ip: &amp;apos;fe80:0:0:0:1819:f73d:a0d4:5441%en0&amp;apos;
Build info: version: &amp;apos;4.16.1&amp;apos;, revision: &amp;apos;9b4c83354e&amp;apos;
System info: os.name: &amp;apos;Mac OS X&amp;apos;, os.arch: &amp;apos;x86_64&amp;apos;, os.version: &amp;apos;15.6.1&amp;apos;, java.version: &amp;apos;17.0.7&amp;apos;
Driver info: io.appium.java_client.android.AndroidDriver
Command: [null, newSession {capabilities=[{platformName=ANDROID}], desiredCapabilities=Capabilities {platformName: ANDROID}}]
Capabilities {platformName: ANDROID}">
      <![CDATA[org.openqa.selenium.SessionNotCreatedException: Could not start a new session. Response code 500. Message: An unknown server-side error occurred while processing the command. Original error: Could not proxy command to the remote server. Original error: socket hang up 
Host info: host: 'ip-192-168-1-5.ap-south-1.compute.internal', ip: 'fe80:0:0:0:1819:f73d:a0d4:5441%en0'
Build info: version: '4.16.1', revision: '9b4c83354e'
System info: os.name: 'Mac OS X', os.arch: 'x86_64', os.version: '15.6.1', java.version: '17.0.7'
Driver info: io.appium.java_client.android.AndroidDriver
Command: [null, newSession {capabilities=[{platformName=ANDROID}], desiredCapabilities=Capabilities {platformName: ANDROID}}]
Capabilities {platformName: ANDROID}
at org.openqa.selenium.remote.ProtocolHandshake.createSession(ProtocolHandshake.java:140)
at io.appium.java_client.remote.AppiumProtocolHandshake.createSession(AppiumProtocolHandshake.java:133)
at io.appium.java_client.remote.AppiumProtocolHandshake.createSession(AppiumProtocolHandshake.java:102)
at io.appium.java_client.remote.AppiumCommandExecutor.createSession(AppiumCommandExecutor.java:176)
at io.appium.java_client.remote.AppiumCommandExecutor.execute(AppiumCommandExecutor.java:237)
at org.openqa.selenium.remote.RemoteWebDriver.execute(RemoteWebDriver.java:523)
at io.appium.java_client.AppiumDriver.startSession(AppiumDriver.java:268)
at org.openqa.selenium.remote.RemoteWebDriver.<init>(RemoteWebDriver.java:164)
at io.appium.java_client.AppiumDriver.<init>(AppiumDriver.java:90)
at io.appium.java_client.AppiumDriver.<init>(AppiumDriver.java:102)
at io.appium.java_client.android.AndroidDriver.<init>(AndroidDriver.java:109)
at Trial.Functions.setup(Functions.java:1872)
at java.base/java.util.ArrayList.forEach(ArrayList.java:1511)
... Removed 35 stack frames]]>
    </failure>
  </testcase> <!-- @BeforeMethod setup -->
  <testcase classname="Trial.SideNav_Script" name="@AfterMethod tearDown" time="0.0">
    <skipped/>
  </testcase> <!-- @AfterMethod tearDown -->
  <testcase classname="Trial.Functions" name="@BeforeMethod setup" time="0.0">
    <skipped/>
  </testcase> <!-- @BeforeMethod setup -->
  <testcase classname="Trial.SideNav_Script" name="@AfterMethod tearDown" time="0.0">
    <skipped/>
  </testcase> <!-- @AfterMethod tearDown -->
  <testcase classname="Trial.Functions" name="@BeforeMethod setup" time="0.0">
    <skipped/>
  </testcase> <!-- @BeforeMethod setup -->
  <testcase classname="Trial.SideNav_Script" name="@AfterMethod tearDown" time="0.0">
    <skipped/>
  </testcase> <!-- @AfterMethod tearDown -->
  <testcase classname="Trial.Functions" name="@BeforeMethod setup" time="8.467">
    <failure type="org.openqa.selenium.SessionNotCreatedException" message="Could not start a new session. Response code 500. Message: An unknown server-side error occurred while processing the command. Original error: Could not proxy command to the remote server. Original error: socket hang up 
Host info: host: &amp;apos;ip-192-168-1-5.ap-south-1.compute.internal&amp;apos;, ip: &amp;apos;fe80:0:0:0:1819:f73d:a0d4:5441%en0&amp;apos;
Build info: version: &amp;apos;4.16.1&amp;apos;, revision: &amp;apos;9b4c83354e&amp;apos;
System info: os.name: &amp;apos;Mac OS X&amp;apos;, os.arch: &amp;apos;x86_64&amp;apos;, os.version: &amp;apos;15.6.1&amp;apos;, java.version: &amp;apos;17.0.7&amp;apos;
Driver info: io.appium.java_client.android.AndroidDriver
Command: [null, newSession {capabilities=[{appium:appActivity=com.threesixteen.app.ui.activities.SplashActivity, appium:appPackage=com.threesixteen.app, appium:autoGrantPermissions=true, appium:automationName=UiAutomator2, appium:disableSuppressAccessibilityService=true, appium:ignoreHiddenApiPolicyError=true, appium:noReset=true, platformName=ANDROID, appium:platformVersion=14}], desiredCapabilities=Capabilities {appActivity: com.threesixteen.app.ui.act..., appPackage: com.threesixteen.app, autoGrantPermissions: true, automationName: UiAutomator2, disableSuppressAccessibilityService: true, ignoreHiddenApiPolicyError: true, noReset: true, platformName: ANDROID, platformVersion: 14}}]
Capabilities {appActivity: com.threesixteen.app.ui.act..., appPackage: com.threesixteen.app, autoGrantPermissions: true, automationName: UiAutomator2, disableSuppressAccessibilityService: true, ignoreHiddenApiPolicyError: true, noReset: true, platformName: ANDROID, platformVersion: 14}">
      <![CDATA[org.openqa.selenium.SessionNotCreatedException: Could not start a new session. Response code 500. Message: An unknown server-side error occurred while processing the command. Original error: Could not proxy command to the remote server. Original error: socket hang up 
Host info: host: 'ip-192-168-1-5.ap-south-1.compute.internal', ip: 'fe80:0:0:0:1819:f73d:a0d4:5441%en0'
Build info: version: '4.16.1', revision: '9b4c83354e'
System info: os.name: 'Mac OS X', os.arch: 'x86_64', os.version: '15.6.1', java.version: '17.0.7'
Driver info: io.appium.java_client.android.AndroidDriver
Command: [null, newSession {capabilities=[{appium:appActivity=com.threesixteen.app.ui.activities.SplashActivity, appium:appPackage=com.threesixteen.app, appium:autoGrantPermissions=true, appium:automationName=UiAutomator2, appium:disableSuppressAccessibilityService=true, appium:ignoreHiddenApiPolicyError=true, appium:noReset=true, platformName=ANDROID, appium:platformVersion=14}], desiredCapabilities=Capabilities {appActivity: com.threesixteen.app.ui.act..., appPackage: com.threesixteen.app, autoGrantPermissions: true, automationName: UiAutomator2, disableSuppressAccessibilityService: true, ignoreHiddenApiPolicyError: true, noReset: true, platformName: ANDROID, platformVersion: 14}}]
Capabilities {appActivity: com.threesixteen.app.ui.act..., appPackage: com.threesixteen.app, autoGrantPermissions: true, automationName: UiAutomator2, disableSuppressAccessibilityService: true, ignoreHiddenApiPolicyError: true, noReset: true, platformName: ANDROID, platformVersion: 14}
at org.openqa.selenium.remote.ProtocolHandshake.createSession(ProtocolHandshake.java:140)
at io.appium.java_client.remote.AppiumProtocolHandshake.createSession(AppiumProtocolHandshake.java:133)
at io.appium.java_client.remote.AppiumProtocolHandshake.createSession(AppiumProtocolHandshake.java:102)
at io.appium.java_client.remote.AppiumCommandExecutor.createSession(AppiumCommandExecutor.java:176)
at io.appium.java_client.remote.AppiumCommandExecutor.execute(AppiumCommandExecutor.java:237)
at org.openqa.selenium.remote.RemoteWebDriver.execute(RemoteWebDriver.java:523)
at io.appium.java_client.AppiumDriver.startSession(AppiumDriver.java:268)
at org.openqa.selenium.remote.RemoteWebDriver.<init>(RemoteWebDriver.java:164)
at io.appium.java_client.AppiumDriver.<init>(AppiumDriver.java:90)
at io.appium.java_client.AppiumDriver.<init>(AppiumDriver.java:102)
at io.appium.java_client.android.AndroidDriver.<init>(AndroidDriver.java:109)
at Trial.Functions.setup(Functions.java:1903)
at java.base/java.util.ArrayList.forEach(ArrayList.java:1511)
... Removed 35 stack frames]]>
    </failure>
  </testcase> <!-- @BeforeMethod setup -->
  <testcase classname="Trial.Pro" name="@AfterMethod tearDown" time="0.0">
    <skipped/>
  </testcase> <!-- @AfterMethod tearDown -->
  <testcase classname="Trial.Functions" name="@BeforeMethod setup" time="0.0">
    <skipped/>
  </testcase> <!-- @BeforeMethod setup -->
  <testcase classname="Trial.Pro" name="@AfterMethod tearDown" time="0.0">
    <skipped/>
  </testcase> <!-- @AfterMethod tearDown -->
  <testcase classname="Trial.Functions" name="@BeforeMethod setup" time="0.0">
    <skipped/>
  </testcase> <!-- @BeforeMethod setup -->
  <testcase classname="Trial.Pro" name="@AfterMethod tearDown" time="0.0">
    <skipped/>
  </testcase> <!-- @AfterMethod tearDown -->
  <testcase classname="Trial.Functions" name="@BeforeMethod setup" time="0.0">
    <skipped/>
  </testcase> <!-- @BeforeMethod setup -->
  <testcase classname="Trial.Pro" name="@AfterMethod tearDown" time="0.0">
    <skipped/>
  </testcase> <!-- @AfterMethod tearDown -->
  <testcase classname="Trial.Functions" name="@BeforeMethod setup" time="0.0">
    <skipped/>
  </testcase> <!-- @BeforeMethod setup -->
  <testcase classname="Trial.Pro" name="@AfterMethod tearDown" time="0.0">
    <skipped/>
  </testcase> <!-- @AfterMethod tearDown -->
  <testcase classname="Trial.Functions" name="@BeforeMethod setup" time="0.0">
    <skipped/>
  </testcase> <!-- @BeforeMethod setup -->
  <testcase classname="Trial.Pro" name="@AfterMethod tearDown" time="0.0">
    <skipped/>
  </testcase> <!-- @AfterMethod tearDown -->
  <testcase classname="Trial.Functions" name="@BeforeMethod setup" time="0.0">
    <skipped/>
  </testcase> <!-- @BeforeMethod setup -->
  <testcase classname="Trial.Pro" name="@AfterMethod tearDown" time="0.0">
    <skipped/>
  </testcase> <!-- @AfterMethod tearDown -->
  <testcase classname="Trial.Functions" name="@BeforeMethod setup" time="0.0">
    <skipped/>
  </testcase> <!-- @BeforeMethod setup -->
  <testcase classname="Trial.Pro" name="@AfterMethod tearDown" time="0.0">
    <skipped/>
  </testcase> <!-- @AfterMethod tearDown -->
  <testcase classname="Trial.Functions" name="@BeforeMethod setup" time="0.0">
    <skipped/>
  </testcase> <!-- @BeforeMethod setup -->
  <testcase classname="Trial.Pro" name="@AfterMethod tearDown" time="0.0">
    <skipped/>
  </testcase> <!-- @AfterMethod tearDown -->
  <testcase classname="Trial.Functions" name="@BeforeMethod setup" time="0.0">
    <skipped/>
  </testcase> <!-- @BeforeMethod setup -->
  <testcase classname="Trial.Pro" name="@AfterMethod tearDown" time="0.0">
    <skipped/>
  </testcase> <!-- @AfterMethod tearDown -->
  <testcase classname="Trial.Functions" name="@BeforeMethod setup" time="0.0">
    <skipped/>
  </testcase> <!-- @BeforeMethod setup -->
  <testcase classname="Trial.Pro" name="@AfterMethod tearDown" time="0.0">
    <skipped/>
  </testcase> <!-- @AfterMethod tearDown -->
  <testcase classname="Trial.Functions" name="@BeforeMethod setup" time="0.0">
    <skipped/>
  </testcase> <!-- @BeforeMethod setup -->
  <testcase classname="Trial.Pro" name="@AfterMethod tearDown" time="0.0">
    <skipped/>
  </testcase> <!-- @AfterMethod tearDown -->
  <testcase classname="Trial.Functions" name="@BeforeMethod setup" time="0.0">
    <skipped/>
  </testcase> <!-- @BeforeMethod setup -->
  <testcase classname="Trial.Pro" name="@AfterMethod tearDown" time="0.0">
    <skipped/>
  </testcase> <!-- @AfterMethod tearDown -->
  <testcase classname="Trial.Functions" name="@BeforeMethod setup" time="0.0">
    <skipped/>
  </testcase> <!-- @BeforeMethod setup -->
  <testcase classname="Trial.Pro" name="@AfterMethod tearDown" time="0.0">
    <skipped/>
  </testcase> <!-- @AfterMethod tearDown -->
  <testcase classname="Trial.Functions" name="@BeforeMethod setup" time="0.0">
    <skipped/>
  </testcase> <!-- @BeforeMethod setup -->
  <testcase classname="Trial.Pro" name="@AfterMethod tearDown" time="0.0">
    <skipped/>
  </testcase> <!-- @AfterMethod tearDown -->
  <testcase classname="Trial.Functions" name="@BeforeMethod setup" time="0.0">
    <skipped/>
  </testcase> <!-- @BeforeMethod setup -->
  <testcase classname="Trial.Pro" name="@AfterMethod tearDown" time="0.0">
    <skipped/>
  </testcase> <!-- @AfterMethod tearDown -->
  <testcase classname="Trial.Functions" name="@BeforeMethod setup" time="0.0">
    <skipped/>
  </testcase> <!-- @BeforeMethod setup -->
  <testcase classname="Trial.Pro" name="@AfterMethod tearDown" time="0.0">
    <skipped/>
  </testcase> <!-- @AfterMethod tearDown -->
  <testcase classname="Trial.Functions" name="@BeforeMethod setup" time="0.0">
    <skipped/>
  </testcase> <!-- @BeforeMethod setup -->
  <testcase classname="Trial.Pro" name="@AfterMethod tearDown" time="0.0">
    <skipped/>
  </testcase> <!-- @AfterMethod tearDown -->
  <testcase classname="Trial.Functions" name="@BeforeMethod setup" time="0.0">
    <skipped/>
  </testcase> <!-- @BeforeMethod setup -->
  <testcase classname="Trial.Pro" name="@AfterMethod tearDown" time="0.0">
    <skipped/>
  </testcase> <!-- @AfterMethod tearDown -->
  <testcase classname="Trial.Functions" name="@BeforeMethod setup" time="0.0">
    <skipped/>
  </testcase> <!-- @BeforeMethod setup -->
  <testcase classname="Trial.Pro" name="@AfterMethod tearDown" time="0.0">
    <skipped/>
  </testcase> <!-- @AfterMethod tearDown -->
  <testcase classname="Trial.Functions" name="@BeforeMethod setup" time="0.0">
    <skipped/>
  </testcase> <!-- @BeforeMethod setup -->
  <testcase classname="Trial.Pro" name="@AfterMethod tearDown" time="0.0">
    <skipped/>
  </testcase> <!-- @AfterMethod tearDown -->
  <testcase classname="Trial.Functions" name="@BeforeMethod setup" time="29.211">
    <failure type="org.openqa.selenium.SessionNotCreatedException" message="Could not start a new session. Response code 500. Message: An unknown server-side error occurred while processing the command. Original error: Error executing adbExec. Original error: &amp;apos;Command &amp;apos;/Users/rooter/Library/Android/sdk/platform-tools/adb -P 5037 -s 13793294180004Z shell &amp;apos;settings delete global hidden_api_policy_pre_p_apps;settings delete global hidden_api_policy_p_apps;settings delete global hidden_api_policy&amp;apos;&amp;apos; exited with code 1&amp;apos;; Command output: adb: device &amp;apos;13793294180004Z&amp;apos; not found
 
Host info: host: &amp;apos;ip-192-168-1-5.ap-south-1.compute.internal&amp;apos;, ip: &amp;apos;fe80:0:0:0:1819:f73d:a0d4:5441%en0&amp;apos;
Build info: version: &amp;apos;4.16.1&amp;apos;, revision: &amp;apos;9b4c83354e&amp;apos;
System info: os.name: &amp;apos;Mac OS X&amp;apos;, os.arch: &amp;apos;x86_64&amp;apos;, os.version: &amp;apos;15.6.1&amp;apos;, java.version: &amp;apos;17.0.7&amp;apos;
Driver info: io.appium.java_client.android.AndroidDriver
Command: [null, newSession {capabilities=[{platformName=ANDROID}], desiredCapabilities=Capabilities {platformName: ANDROID}}]
Capabilities {platformName: ANDROID}">
      <![CDATA[org.openqa.selenium.SessionNotCreatedException: Could not start a new session. Response code 500. Message: An unknown server-side error occurred while processing the command. Original error: Error executing adbExec. Original error: 'Command '/Users/rooter/Library/Android/sdk/platform-tools/adb -P 5037 -s 13793294180004Z shell 'settings delete global hidden_api_policy_pre_p_apps;settings delete global hidden_api_policy_p_apps;settings delete global hidden_api_policy'' exited with code 1'; Command output: adb: device '13793294180004Z' not found
 
Host info: host: 'ip-192-168-1-5.ap-south-1.compute.internal', ip: 'fe80:0:0:0:1819:f73d:a0d4:5441%en0'
Build info: version: '4.16.1', revision: '9b4c83354e'
System info: os.name: 'Mac OS X', os.arch: 'x86_64', os.version: '15.6.1', java.version: '17.0.7'
Driver info: io.appium.java_client.android.AndroidDriver
Command: [null, newSession {capabilities=[{platformName=ANDROID}], desiredCapabilities=Capabilities {platformName: ANDROID}}]
Capabilities {platformName: ANDROID}
at org.openqa.selenium.remote.ProtocolHandshake.createSession(ProtocolHandshake.java:140)
at io.appium.java_client.remote.AppiumProtocolHandshake.createSession(AppiumProtocolHandshake.java:133)
at io.appium.java_client.remote.AppiumProtocolHandshake.createSession(AppiumProtocolHandshake.java:102)
at io.appium.java_client.remote.AppiumCommandExecutor.createSession(AppiumCommandExecutor.java:176)
at io.appium.java_client.remote.AppiumCommandExecutor.execute(AppiumCommandExecutor.java:237)
at org.openqa.selenium.remote.RemoteWebDriver.execute(RemoteWebDriver.java:523)
at io.appium.java_client.AppiumDriver.startSession(AppiumDriver.java:268)
at org.openqa.selenium.remote.RemoteWebDriver.<init>(RemoteWebDriver.java:164)
at io.appium.java_client.AppiumDriver.<init>(AppiumDriver.java:90)
at io.appium.java_client.AppiumDriver.<init>(AppiumDriver.java:102)
at io.appium.java_client.android.AndroidDriver.<init>(AndroidDriver.java:109)
at Trial.Functions.setup(Functions.java:1872)
at java.base/java.util.ArrayList.forEach(ArrayList.java:1511)
... Removed 34 stack frames]]>
    </failure>
  </testcase> <!-- @BeforeMethod setup -->
  <testcase classname="Trial.Reel_Script" name="@AfterMethod tearDown" time="0.0">
    <skipped/>
  </testcase> <!-- @AfterMethod tearDown -->
  <testcase classname="Trial.Functions" name="@BeforeMethod setup" time="20.281">
    <failure type="org.openqa.selenium.SessionNotCreatedException" message="Could not start a new session. Response code 500. Message: An unknown server-side error occurred while processing the command. Original error: Could not find a connected Android device in 20159ms. 
Host info: host: &amp;apos;ip-192-168-1-5.ap-south-1.compute.internal&amp;apos;, ip: &amp;apos;fe80:0:0:0:1819:f73d:a0d4:5441%en0&amp;apos;
Build info: version: &amp;apos;4.16.1&amp;apos;, revision: &amp;apos;9b4c83354e&amp;apos;
System info: os.name: &amp;apos;Mac OS X&amp;apos;, os.arch: &amp;apos;x86_64&amp;apos;, os.version: &amp;apos;15.6.1&amp;apos;, java.version: &amp;apos;17.0.7&amp;apos;
Driver info: io.appium.java_client.android.AndroidDriver
Command: [null, newSession {capabilities=[{platformName=ANDROID}], desiredCapabilities=Capabilities {platformName: ANDROID}}]
Capabilities {platformName: ANDROID}">
      <![CDATA[org.openqa.selenium.SessionNotCreatedException: Could not start a new session. Response code 500. Message: An unknown server-side error occurred while processing the command. Original error: Could not find a connected Android device in 20159ms. 
Host info: host: 'ip-192-168-1-5.ap-south-1.compute.internal', ip: 'fe80:0:0:0:1819:f73d:a0d4:5441%en0'
Build info: version: '4.16.1', revision: '9b4c83354e'
System info: os.name: 'Mac OS X', os.arch: 'x86_64', os.version: '15.6.1', java.version: '17.0.7'
Driver info: io.appium.java_client.android.AndroidDriver
Command: [null, newSession {capabilities=[{platformName=ANDROID}], desiredCapabilities=Capabilities {platformName: ANDROID}}]
Capabilities {platformName: ANDROID}
at org.openqa.selenium.remote.ProtocolHandshake.createSession(ProtocolHandshake.java:140)
at io.appium.java_client.remote.AppiumProtocolHandshake.createSession(AppiumProtocolHandshake.java:133)
at io.appium.java_client.remote.AppiumProtocolHandshake.createSession(AppiumProtocolHandshake.java:102)
at io.appium.java_client.remote.AppiumCommandExecutor.createSession(AppiumCommandExecutor.java:176)
at io.appium.java_client.remote.AppiumCommandExecutor.execute(AppiumCommandExecutor.java:237)
at org.openqa.selenium.remote.RemoteWebDriver.execute(RemoteWebDriver.java:523)
at io.appium.java_client.AppiumDriver.startSession(AppiumDriver.java:268)
at org.openqa.selenium.remote.RemoteWebDriver.<init>(RemoteWebDriver.java:164)
at io.appium.java_client.AppiumDriver.<init>(AppiumDriver.java:90)
at io.appium.java_client.AppiumDriver.<init>(AppiumDriver.java:102)
at io.appium.java_client.android.AndroidDriver.<init>(AndroidDriver.java:109)
at Trial.Functions.setup(Functions.java:1872)
at java.base/java.util.ArrayList.forEach(ArrayList.java:1511)
... Removed 34 stack frames]]>
    </failure>
  </testcase> <!-- @BeforeMethod setup -->
  <testcase classname="Trial.ContestPage_Script" name="@AfterMethod tearDown" time="0.0">
    <skipped/>
  </testcase> <!-- @AfterMethod tearDown -->
  <testcase classname="Trial.Functions" name="@BeforeMethod setup" time="20.305">
    <failure type="org.openqa.selenium.SessionNotCreatedException" message="Could not start a new session. Response code 500. Message: An unknown server-side error occurred while processing the command. Original error: Could not find a connected Android device in 20234ms. 
Host info: host: &amp;apos;ip-192-168-1-5.ap-south-1.compute.internal&amp;apos;, ip: &amp;apos;fe80:0:0:0:1819:f73d:a0d4:5441%en0&amp;apos;
Build info: version: &amp;apos;4.16.1&amp;apos;, revision: &amp;apos;9b4c83354e&amp;apos;
System info: os.name: &amp;apos;Mac OS X&amp;apos;, os.arch: &amp;apos;x86_64&amp;apos;, os.version: &amp;apos;15.6.1&amp;apos;, java.version: &amp;apos;17.0.7&amp;apos;
Driver info: io.appium.java_client.android.AndroidDriver
Command: [null, newSession {capabilities=[{platformName=ANDROID}], desiredCapabilities=Capabilities {platformName: ANDROID}}]
Capabilities {platformName: ANDROID}">
      <![CDATA[org.openqa.selenium.SessionNotCreatedException: Could not start a new session. Response code 500. Message: An unknown server-side error occurred while processing the command. Original error: Could not find a connected Android device in 20234ms. 
Host info: host: 'ip-192-168-1-5.ap-south-1.compute.internal', ip: 'fe80:0:0:0:1819:f73d:a0d4:5441%en0'
Build info: version: '4.16.1', revision: '9b4c83354e'
System info: os.name: 'Mac OS X', os.arch: 'x86_64', os.version: '15.6.1', java.version: '17.0.7'
Driver info: io.appium.java_client.android.AndroidDriver
Command: [null, newSession {capabilities=[{platformName=ANDROID}], desiredCapabilities=Capabilities {platformName: ANDROID}}]
Capabilities {platformName: ANDROID}
at org.openqa.selenium.remote.ProtocolHandshake.createSession(ProtocolHandshake.java:140)
at io.appium.java_client.remote.AppiumProtocolHandshake.createSession(AppiumProtocolHandshake.java:133)
at io.appium.java_client.remote.AppiumProtocolHandshake.createSession(AppiumProtocolHandshake.java:102)
at io.appium.java_client.remote.AppiumCommandExecutor.createSession(AppiumCommandExecutor.java:176)
at io.appium.java_client.remote.AppiumCommandExecutor.execute(AppiumCommandExecutor.java:237)
at org.openqa.selenium.remote.RemoteWebDriver.execute(RemoteWebDriver.java:523)
at io.appium.java_client.AppiumDriver.startSession(AppiumDriver.java:268)
at org.openqa.selenium.remote.RemoteWebDriver.<init>(RemoteWebDriver.java:164)
at io.appium.java_client.AppiumDriver.<init>(AppiumDriver.java:90)
at io.appium.java_client.AppiumDriver.<init>(AppiumDriver.java:102)
at io.appium.java_client.android.AndroidDriver.<init>(AndroidDriver.java:109)
at Trial.Functions.setup(Functions.java:1872)
at java.base/java.util.ArrayList.forEach(ArrayList.java:1511)
... Removed 34 stack frames]]>
    </failure>
  </testcase> <!-- @BeforeMethod setup -->
  <testcase classname="Trial.Homepage_Banner" name="@AfterMethod tearDown" time="0.0">
    <skipped/>
  </testcase> <!-- @AfterMethod tearDown -->
  <testcase classname="Trial.Explorepage_Script" name="ExplorePageFFDiamondsHacks02" time="25.467">
    <skipped/>
  </testcase> <!-- ExplorePageFFDiamondsHacks02 -->
  <testcase classname="Trial.Explorepage_Script" name="ExplorePageFFDiamondsHacks02" time="1.005">
    <failure type="org.openqa.selenium.NoSuchSessionException" message="Session ID is null. Using WebDriver after calling quit()?
Build info: version: &amp;apos;4.16.1&amp;apos;, revision: &amp;apos;9b4c83354e&amp;apos;
System info: os.name: &amp;apos;Mac OS X&amp;apos;, os.arch: &amp;apos;x86_64&amp;apos;, os.version: &amp;apos;15.6.1&amp;apos;, java.version: &amp;apos;17.0.7&amp;apos;
Driver info: io.appium.java_client.android.AndroidDriver
Command: [null, findElements {using=id, value=com.android.chrome:id/close_button}]
Capabilities {appium:appActivity: com.threesixteen.app.ui.act..., appium:appPackage: com.threesixteen.app, appium:autoGrantPermissions: true, appium:automationName: UiAutomator2, appium:databaseEnabled: false, appium:desired: {appActivity: com.threesixteen.app.ui.act..., appPackage: com.threesixteen.app, autoGrantPermissions: true, automationName: UiAutomator2, disableSuppressAccessibilityService: true, ignoreHiddenApiPolicyError: true, noReset: true, platformName: ANDROID, platformVersion: 14}, appium:deviceApiLevel: 34, appium:deviceManufacturer: vivo, appium:deviceModel: I2127, appium:deviceName: 13793294180004Z, appium:deviceScreenDensity: 440, appium:deviceScreenSize: 1080x2408, appium:deviceUDID: 13793294180004Z, appium:disableSuppressAccessibilityService: true, appium:ignoreHiddenApiPolicyError: true, appium:javascriptEnabled: true, appium:locationContextEnabled: false, appium:networkConnectionEnabled: true, appium:noReset: true, appium:pixelRatio: 2.75, appium:platformVersion: 14, appium:statBarHeight: 88, appium:takesScreenshot: true, appium:viewportRect: {height: 2138, left: 0, top: 88, width: 1080}, appium:warnings: {}, appium:webStorageEnabled: false, platformName: ANDROID}">
      <![CDATA[org.openqa.selenium.NoSuchSessionException: Session ID is null. Using WebDriver after calling quit()?
Build info: version: '4.16.1', revision: '9b4c83354e'
System info: os.name: 'Mac OS X', os.arch: 'x86_64', os.version: '15.6.1', java.version: '17.0.7'
Driver info: io.appium.java_client.android.AndroidDriver
Command: [null, findElements {using=id, value=com.android.chrome:id/close_button}]
Capabilities {appium:appActivity: com.threesixteen.app.ui.act..., appium:appPackage: com.threesixteen.app, appium:autoGrantPermissions: true, appium:automationName: UiAutomator2, appium:databaseEnabled: false, appium:desired: {appActivity: com.threesixteen.app.ui.act..., appPackage: com.threesixteen.app, autoGrantPermissions: true, automationName: UiAutomator2, disableSuppressAccessibilityService: true, ignoreHiddenApiPolicyError: true, noReset: true, platformName: ANDROID, platformVersion: 14}, appium:deviceApiLevel: 34, appium:deviceManufacturer: vivo, appium:deviceModel: I2127, appium:deviceName: 13793294180004Z, appium:deviceScreenDensity: 440, appium:deviceScreenSize: 1080x2408, appium:deviceUDID: 13793294180004Z, appium:disableSuppressAccessibilityService: true, appium:ignoreHiddenApiPolicyError: true, appium:javascriptEnabled: true, appium:locationContextEnabled: false, appium:networkConnectionEnabled: true, appium:noReset: true, appium:pixelRatio: 2.75, appium:platformVersion: 14, appium:statBarHeight: 88, appium:takesScreenshot: true, appium:viewportRect: {height: 2138, left: 0, top: 88, width: 1080}, appium:warnings: {}, appium:webStorageEnabled: false, platformName: ANDROID}
at org.openqa.selenium.remote.HttpCommandExecutor.execute(HttpCommandExecutor.java:152)
at io.appium.java_client.remote.AppiumCommandExecutor.execute(AppiumCommandExecutor.java:237)
at org.openqa.selenium.remote.RemoteWebDriver.execute(RemoteWebDriver.java:523)
at org.openqa.selenium.remote.ElementLocation$ElementFinder$2.findElements(ElementLocation.java:182)
at org.openqa.selenium.remote.ElementLocation.findElements(ElementLocation.java:103)
at org.openqa.selenium.remote.RemoteWebDriver.findElements(RemoteWebDriver.java:373)
at org.openqa.selenium.remote.RemoteWebDriver.findElements(RemoteWebDriver.java:367)
at Trial.Functions.isVisibleWithId(Functions.java:110)
at Trial.Explorepage_Script.ExplorePageFFDiamondsHacks02(Explorepage_Script.java:104)
at java.base/java.util.ArrayList.forEach(ArrayList.java:1511)
... Removed 27 stack frames]]>
    </failure>
  </testcase> <!-- ExplorePageFFDiamondsHacks02 -->
  <testcase classname="Trial.SideNav_Script" name="SideNavcreateBtn6" time="0.0">
    <skipped/>
  </testcase> <!-- SideNavcreateBtn6 -->
  <testcase classname="Trial.SideNav_Script" name="SidenNavWatccchHistory12" time="0.0">
    <skipped/>
  </testcase> <!-- SidenNavWatccchHistory12 -->
  <testcase classname="Trial.SideNav_Script" name="RedeemedSectionBackRedirection40" time="0.0">
    <skipped/>
  </testcase> <!-- RedeemedSectionBackRedirection40 -->
  <testcase classname="Trial.Pro" name="ScoutOPRecordedStreamPro8" time="0.0">
    <skipped/>
  </testcase> <!-- ScoutOPRecordedStreamPro8 -->
  <testcase classname="Trial.Pro" name="SoulOxyRecordedStreamPro14" time="0.0">
    <skipped/>
  </testcase> <!-- SoulOxyRecordedStreamPro14 -->
  <testcase classname="Trial.Pro" name="RAWSOMERecordedstreampro17" time="0.0">
    <skipped/>
  </testcase> <!-- RAWSOMERecordedstreampro17 -->
  <testcase classname="Trial.Pro" name="PitajiplayzRecordedStreamPro29" time="0.0">
    <skipped/>
  </testcase> <!-- PitajiplayzRecordedStreamPro29 -->
  <testcase classname="Trial.Pro" name="kaztroRecordedStreamPro31" time="0.0">
    <skipped/>
  </testcase> <!-- kaztroRecordedStreamPro31 -->
  <testcase classname="Trial.Pro" name="FBDJAATGAMERRecordedStreamPro38" time="0.0">
    <skipped/>
  </testcase> <!-- FBDJAATGAMERRecordedStreamPro38 -->
  <testcase classname="Trial.Pro" name="SwasthiGAmingRecordedStreamPro60" time="0.0">
    <skipped/>
  </testcase> <!-- SwasthiGAmingRecordedStreamPro60 -->
  <testcase classname="Trial.Pro" name="AAFATRecordedStreamPro78" time="0.0">
    <skipped/>
  </testcase> <!-- AAFATRecordedStreamPro78 -->
  <testcase classname="Trial.Pro" name="PARTHGAMINGRecordedStreamPro80" time="0.0">
    <skipped/>
  </testcase> <!-- PARTHGAMINGRecordedStreamPro80 -->
  <testcase classname="Trial.Pro" name="FAMFFRecordedStreamPro85" time="0.0">
    <skipped/>
  </testcase> <!-- FAMFFRecordedStreamPro85 -->
  <testcase classname="Trial.Pro" name="SARKGamerRecordedStreamPro86" time="0.0">
    <skipped/>
  </testcase> <!-- SARKGamerRecordedStreamPro86 -->
  <testcase classname="Trial.Pro" name="KamilFF1MRecordedStreamPro88" time="0.0">
    <skipped/>
  </testcase> <!-- KamilFF1MRecordedStreamPro88 -->
  <testcase classname="Trial.Pro" name="IYDLAKSHURecordedStreamPro89" time="0.0">
    <skipped/>
  </testcase> <!-- IYDLAKSHURecordedStreamPro89 -->
  <testcase classname="Trial.Pro" name="ParallelIndiaRecordedStreamPro90" time="0.0">
    <skipped/>
  </testcase> <!-- ParallelIndiaRecordedStreamPro90 -->
  <testcase classname="Trial.Pro" name="RICUCHIHARecordedStreamPro91" time="0.0">
    <skipped/>
  </testcase> <!-- RICUCHIHARecordedStreamPro91 -->
  <testcase classname="Trial.Pro" name="LIyaplaysRecordedStreamPro92" time="0.0">
    <skipped/>
  </testcase> <!-- LIyaplaysRecordedStreamPro92 -->
  <testcase classname="Trial.Pro" name="EGLAMANRecordedStreamPro93" time="0.0">
    <skipped/>
  </testcase> <!-- EGLAMANRecordedStreamPro93 -->
  <testcase classname="Trial.Pro" name="M1EvenstRecordedStreamPro94" time="0.0">
    <skipped/>
  </testcase> <!-- M1EvenstRecordedStreamPro94 -->
  <testcase classname="Trial.Pro" name="ChinmaykotkarRecordedStreamPro95" time="0.0">
    <skipped/>
  </testcase> <!-- ChinmaykotkarRecordedStreamPro95 -->
  <testcase classname="Trial.Pro" name="ZiNGO69RecordedStreamPro96" time="0.0">
    <skipped/>
  </testcase> <!-- ZiNGO69RecordedStreamPro96 -->
  <testcase classname="Trial.Pro" name="Logout97" time="0.0">
    <skipped/>
  </testcase> <!-- Logout97 -->
  <testcase classname="Trial.Reel_Script" name="SearchReelTest2" time="308.483">
    <skipped/>
  </testcase> <!-- SearchReelTest2 -->
  <testcase classname="Trial.Reel_Script" name="SearchReelTest2" time="308.899">
    <failure type="org.openqa.selenium.TimeoutException" message="Expected condition failed: waiting for Trial.Functions$2@3b48e183 (tried for 200 second(s) with 500 milliseconds interval)
Build info: version: &amp;apos;4.16.1&amp;apos;, revision: &amp;apos;9b4c83354e&amp;apos;
System info: os.name: &amp;apos;Mac OS X&amp;apos;, os.arch: &amp;apos;x86_64&amp;apos;, os.version: &amp;apos;15.6.1&amp;apos;, java.version: &amp;apos;17.0.7&amp;apos;
Driver info: io.appium.java_client.android.AndroidDriver
Capabilities {appium:appActivity: com.threesixteen.app.ui.act..., appium:appPackage: com.threesixteen.app, appium:autoGrantPermissions: true, appium:automationName: UiAutomator2, appium:databaseEnabled: false, appium:desired: {appActivity: com.threesixteen.app.ui.act..., appPackage: com.threesixteen.app, autoGrantPermissions: true, automationName: UiAutomator2, disableSuppressAccessibilityService: true, ignoreHiddenApiPolicyError: true, noReset: true, platformName: ANDROID, platformVersion: 14}, appium:deviceApiLevel: 34, appium:deviceManufacturer: vivo, appium:deviceModel: I2127, appium:deviceName: 13793294180004Z, appium:deviceScreenDensity: 440, appium:deviceScreenSize: 1080x2408, appium:deviceUDID: 13793294180004Z, appium:disableSuppressAccessibilityService: true, appium:ignoreHiddenApiPolicyError: true, appium:javascriptEnabled: true, appium:locationContextEnabled: false, appium:networkConnectionEnabled: true, appium:noReset: true, appium:pixelRatio: 2.75, appium:platformVersion: 14, appium:statBarHeight: 88, appium:takesScreenshot: true, appium:viewportRect: {height: 2138, left: 0, top: 88, width: 1080}, appium:warnings: {}, appium:webStorageEnabled: false, platformName: ANDROID}
Session ID: 8a6df182-764a-4d68-9f9b-c73c1bd86b15">
      <![CDATA[org.openqa.selenium.TimeoutException: Expected condition failed: waiting for Trial.Functions$2@3b48e183 (tried for 200 second(s) with 500 milliseconds interval)
Build info: version: '4.16.1', revision: '9b4c83354e'
System info: os.name: 'Mac OS X', os.arch: 'x86_64', os.version: '15.6.1', java.version: '17.0.7'
Driver info: io.appium.java_client.android.AndroidDriver
Capabilities {appium:appActivity: com.threesixteen.app.ui.act..., appium:appPackage: com.threesixteen.app, appium:autoGrantPermissions: true, appium:automationName: UiAutomator2, appium:databaseEnabled: false, appium:desired: {appActivity: com.threesixteen.app.ui.act..., appPackage: com.threesixteen.app, autoGrantPermissions: true, automationName: UiAutomator2, disableSuppressAccessibilityService: true, ignoreHiddenApiPolicyError: true, noReset: true, platformName: ANDROID, platformVersion: 14}, appium:deviceApiLevel: 34, appium:deviceManufacturer: vivo, appium:deviceModel: I2127, appium:deviceName: 13793294180004Z, appium:deviceScreenDensity: 440, appium:deviceScreenSize: 1080x2408, appium:deviceUDID: 13793294180004Z, appium:disableSuppressAccessibilityService: true, appium:ignoreHiddenApiPolicyError: true, appium:javascriptEnabled: true, appium:locationContextEnabled: false, appium:networkConnectionEnabled: true, appium:noReset: true, appium:pixelRatio: 2.75, appium:platformVersion: 14, appium:statBarHeight: 88, appium:takesScreenshot: true, appium:viewportRect: {height: 2138, left: 0, top: 88, width: 1080}, appium:warnings: {}, appium:webStorageEnabled: false, platformName: ANDROID}
Session ID: 8a6df182-764a-4d68-9f9b-c73c1bd86b15
at org.openqa.selenium.support.ui.WebDriverWait.timeoutException(WebDriverWait.java:84)
at org.openqa.selenium.support.ui.FluentWait.until(FluentWait.java:229)
at Trial.Functions.clickAndWaitForElementWithId(Functions.java:103)
at Trial.Functions.CheckReelProgress(Functions.java:1848)
at Trial.Functions.ReelTest(Functions.java:1297)
at Trial.Reel_Script.SearchReelTest2(Reel_Script.java:109)
at java.base/java.util.ArrayList.forEach(ArrayList.java:1511)
... Removed 27 stack frames]]>
    </failure>
  </testcase> <!-- SearchReelTest2 -->
  <testcase classname="Trial.Reel_Script" name="ReelsTestAfterTabsSwitch7" time="223.014">
    <skipped/>
  </testcase> <!-- ReelsTestAfterTabsSwitch7 -->
  <testcase classname="Trial.Reel_Script" name="ReelsTestAfterTabsSwitch7" time="197.189">
    <failure type="java.lang.NumberFormatException" message="For input string: &amp;quot;&amp;quot;">
      <![CDATA[java.lang.NumberFormatException: For input string: ""
at java.base/java.lang.NumberFormatException.forInputString(NumberFormatException.java:67)
at java.base/java.lang.Integer.parseInt(Integer.java:678)
at java.base/java.lang.Integer.parseInt(Integer.java:786)
at Trial.Functions.CheckReelProgress(Functions.java:1829)
at Trial.Functions.ReelTest(Functions.java:1297)
at Trial.Reel_Script.ReelsTestAfterTabsSwitch7(Reel_Script.java:435)
at java.base/java.util.ArrayList.forEach(ArrayList.java:1511)
... Removed 27 stack frames]]>
    </failure>
  </testcase> <!-- ReelsTestAfterTabsSwitch7 -->
  <testcase classname="Trial.Reel_Script" name="SearchReelPlayingOrNot22" time="20.202">
    <skipped/>
  </testcase> <!-- SearchReelPlayingOrNot22 -->
  <testcase classname="Trial.Reel_Script" name="SearchReelPlayingOrNot22" time="200.062">
    <failure type="org.openqa.selenium.TimeoutException" message="Expected condition failed: waiting for Trial.Functions$1@2830315f (tried for 200 second(s) with 500 milliseconds interval)
Build info: version: &amp;apos;4.16.1&amp;apos;, revision: &amp;apos;9b4c83354e&amp;apos;
System info: os.name: &amp;apos;Mac OS X&amp;apos;, os.arch: &amp;apos;x86_64&amp;apos;, os.version: &amp;apos;15.6.1&amp;apos;, java.version: &amp;apos;17.0.7&amp;apos;
Driver info: io.appium.java_client.android.AndroidDriver
Capabilities {appium:appActivity: com.threesixteen.app.ui.act..., appium:appPackage: com.threesixteen.app, appium:autoGrantPermissions: true, appium:automationName: UiAutomator2, appium:databaseEnabled: false, appium:desired: {appActivity: com.threesixteen.app.ui.act..., appPackage: com.threesixteen.app, autoGrantPermissions: true, automationName: UiAutomator2, disableSuppressAccessibilityService: true, ignoreHiddenApiPolicyError: true, noReset: true, platformName: ANDROID, platformVersion: 14}, appium:deviceApiLevel: 34, appium:deviceManufacturer: vivo, appium:deviceModel: I2127, appium:deviceName: 13793294180004Z, appium:deviceScreenDensity: 440, appium:deviceScreenSize: 1080x2408, appium:deviceUDID: 13793294180004Z, appium:disableSuppressAccessibilityService: true, appium:ignoreHiddenApiPolicyError: true, appium:javascriptEnabled: true, appium:locationContextEnabled: false, appium:networkConnectionEnabled: true, appium:noReset: true, appium:pixelRatio: 2.75, appium:platformVersion: 14, appium:statBarHeight: 88, appium:takesScreenshot: true, appium:viewportRect: {height: 2138, left: 0, top: 88, width: 1080}, appium:warnings: {}, appium:webStorageEnabled: false, platformName: ANDROID}">
      <![CDATA[org.openqa.selenium.TimeoutException: Expected condition failed: waiting for Trial.Functions$1@2830315f (tried for 200 second(s) with 500 milliseconds interval)
Build info: version: '4.16.1', revision: '9b4c83354e'
System info: os.name: 'Mac OS X', os.arch: 'x86_64', os.version: '15.6.1', java.version: '17.0.7'
Driver info: io.appium.java_client.android.AndroidDriver
Capabilities {appium:appActivity: com.threesixteen.app.ui.act..., appium:appPackage: com.threesixteen.app, appium:autoGrantPermissions: true, appium:automationName: UiAutomator2, appium:databaseEnabled: false, appium:desired: {appActivity: com.threesixteen.app.ui.act..., appPackage: com.threesixteen.app, autoGrantPermissions: true, automationName: UiAutomator2, disableSuppressAccessibilityService: true, ignoreHiddenApiPolicyError: true, noReset: true, platformName: ANDROID, platformVersion: 14}, appium:deviceApiLevel: 34, appium:deviceManufacturer: vivo, appium:deviceModel: I2127, appium:deviceName: 13793294180004Z, appium:deviceScreenDensity: 440, appium:deviceScreenSize: 1080x2408, appium:deviceUDID: 13793294180004Z, appium:disableSuppressAccessibilityService: true, appium:ignoreHiddenApiPolicyError: true, appium:javascriptEnabled: true, appium:locationContextEnabled: false, appium:networkConnectionEnabled: true, appium:noReset: true, appium:pixelRatio: 2.75, appium:platformVersion: 14, appium:statBarHeight: 88, appium:takesScreenshot: true, appium:viewportRect: {height: 2138, left: 0, top: 88, width: 1080}, appium:warnings: {}, appium:webStorageEnabled: false, platformName: ANDROID}
at org.openqa.selenium.support.ui.WebDriverWait.timeoutException(WebDriverWait.java:84)
at org.openqa.selenium.support.ui.FluentWait.until(FluentWait.java:229)
at Trial.Functions.clickAndWaitForElementWithXpath1(Functions.java:47)
at Trial.Functions.OpenSearch(Functions.java:1146)
at Trial.Reel_Script.SearchReelPlayingOrNot22(Reel_Script.java:1150)
at java.base/java.util.ArrayList.forEach(ArrayList.java:1511)
... Removed 27 stack frames]]>
    </failure>
  </testcase> <!-- SearchReelPlayingOrNot22 -->
  <testcase classname="Trial.ContestPage_Script" name="contestDatafunctionaltest1" time="0.0">
    <skipped/>
  </testcase> <!-- contestDatafunctionaltest1 -->
  <testcase classname="Trial.Homepage_Banner" name="Homepagebanner01" time="0.0">
    <skipped/>
  </testcase> <!-- Homepagebanner01 -->
  <testcase classname="Trial.Pro" name="JB10RecordedStreamPro66" time="0.0">
    <ignored/>
  </testcase> <!-- JB10RecordedStreamPro66 -->
  <testcase classname="Trial.Pro" name="VENOMGAMINGRecordedStreamPro55" time="0.0">
    <ignored/>
  </testcase> <!-- VENOMGAMINGRecordedStreamPro55 -->
  <testcase classname="Trial.Pro" name="CrockyMDRecordedStreamPro57" time="0.0">
    <ignored/>
  </testcase> <!-- CrockyMDRecordedStreamPro57 -->
  <testcase classname="Trial.Reel_Script" name="OthersPofileReelScroll10" time="0.0">
    <ignored/>
  </testcase> <!-- OthersPofileReelScroll10 -->
  <testcase classname="Trial.Reel_Script" name="ReelsftercomingfromBackground19" time="0.0">
    <ignored/>
  </testcase> <!-- ReelsftercomingfromBackground19 -->
  <testcase classname="Trial.Pro" name="LuciferSauravRecordedStreamPro40" time="0.0">
    <ignored/>
  </testcase> <!-- LuciferSauravRecordedStreamPro40 -->
  <testcase classname="Trial.Pro" name="RAKHALDGAMINGRecordedStreamPro70" time="0.0">
    <ignored/>
  </testcase> <!-- RAKHALDGAMINGRecordedStreamPro70 -->
  <testcase classname="Trial.SideNav_Script" name="SidenNavcChangeContentlocaleMarathi31" time="0.0">
    <ignored/>
  </testcase> <!-- SidenNavcChangeContentlocaleMarathi31 -->
  <testcase classname="Trial.Reel_Script" name="CentralReelTabReelPlayingOrNot21" time="0.0">
    <ignored/>
  </testcase> <!-- CentralReelTabReelPlayingOrNot21 -->
  <testcase classname="Trial.SideNav_Script" name="SideNavCouponPageTopCarousal23" time="0.0">
    <ignored/>
  </testcase> <!-- SideNavCouponPageTopCarousal23 -->
  <testcase classname="Trial.Pro" name="AdiiPLaYZRecordedStreamPro53" time="0.0">
    <ignored/>
  </testcase> <!-- AdiiPLaYZRecordedStreamPro53 -->
  <testcase classname="Trial.SideNav_Script" name="SidenNavcChangeContentlocaleBengali30" time="0.0">
    <ignored/>
  </testcase> <!-- SidenNavcChangeContentlocaleBengali30 -->
  <testcase classname="Trial.Reel_Script" name="ReelTestAfterLiveStreamMiniPlayer13" time="0.0">
    <ignored/>
  </testcase> <!-- ReelTestAfterLiveStreamMiniPlayer13 -->
  <testcase classname="Trial.Pro" name="Subscriptioncancelled180DPac73" time="0.0">
    <ignored/>
  </testcase> <!-- Subscriptioncancelled180DPac73 -->
  <testcase classname="Trial.Pro" name="IGRIRecordedStreamPro30" time="0.0">
    <ignored/>
  </testcase> <!-- IGRIRecordedStreamPro30 -->
  <testcase classname="Trial.SideNav_Script" name="SideNavBuyyPro24" time="0.0">
    <ignored/>
  </testcase> <!-- SideNavBuyyPro24 -->
  <testcase classname="Trial.SideNav_Script" name="SidenNavcChangeContentlocaleTelugu29" time="0.0">
    <ignored/>
  </testcase> <!-- SidenNavcChangeContentlocaleTelugu29 -->
  <testcase classname="Trial.Explorepage_Script" name="ExplorePageBGMIEsportsHighlights04" time="0.0">
    <ignored/>
  </testcase> <!-- ExplorePageBGMIEsportsHighlights04 -->
  <testcase classname="Trial.Pro" name="SoulViperRecordedStreamPro12" time="0.0">
    <ignored/>
  </testcase> <!-- SoulViperRecordedStreamPro12 -->
  <testcase classname="Trial.Reel_Script" name="CentralReelTest1" time="0.0">
    <ignored/>
  </testcase> <!-- CentralReelTest1 -->
  <testcase classname="Trial.Reel_Script" name="CentralReelMuteUnmute4" time="0.0">
    <ignored/>
  </testcase> <!-- CentralReelMuteUnmute4 -->
  <testcase classname="Trial.SideNav_Script" name="ChangeCommunicationEmailId26" time="0.0">
    <ignored/>
  </testcase> <!-- ChangeCommunicationEmailId26 -->
  <testcase classname="Trial.SideNav_Script" name="CreatebtnIRL1" time="0.0">
    <ignored/>
  </testcase> <!-- CreatebtnIRL1 -->
  <testcase classname="Trial.Explorepage_Script" name="ExplorePageGTAHightlights03" time="0.0">
    <ignored/>
  </testcase> <!-- ExplorePageGTAHightlights03 -->
  <testcase classname="Trial.Explorepage_Script" name="ExplorePageMontageReel06" time="0.0">
    <ignored/>
  </testcase> <!-- ExplorePageMontageReel06 -->
  <testcase classname="Trial.SideNav_Script" name="SidenNavChangeLocation14" time="0.0">
    <ignored/>
  </testcase> <!-- SidenNavChangeLocation14 -->
  <testcase classname="Trial.SideNav_Script" name="SidenNavcChangeProfileName13" time="0.0">
    <ignored/>
  </testcase> <!-- SidenNavcChangeProfileName13 -->
  <testcase classname="Trial.Pro" name="HeadFlicker8bitRecordedStreamPro15" time="0.0">
    <ignored/>
  </testcase> <!-- HeadFlicker8bitRecordedStreamPro15 -->
  <testcase classname="Trial.Pro" name="ZainabRecordedStreamPro19" time="0.0">
    <ignored/>
  </testcase> <!-- ZainabRecordedStreamPro19 -->
  <testcase classname="Trial.Reel_Script" name="ReelTestAfterVideoMiniPlayer12" time="0.0">
    <ignored/>
  </testcase> <!-- ReelTestAfterVideoMiniPlayer12 -->
  <testcase classname="Trial.Pro" name="CaramelRecordedStreamPro54" time="0.0">
    <ignored/>
  </testcase> <!-- CaramelRecordedStreamPro54 -->
  <testcase classname="Trial.Pro" name="Binks698bitRecordedStreamPro11" time="0.0">
    <ignored/>
  </testcase> <!-- Binks698bitRecordedStreamPro11 -->
  <testcase classname="Trial.Reel_Script" name="HorizontalReelTabTest5" time="0.0">
    <ignored/>
  </testcase> <!-- HorizontalReelTabTest5 -->
  <testcase classname="Trial.Pro" name="PIPPAPORecordedStreamPr065" time="0.0">
    <ignored/>
  </testcase> <!-- PIPPAPORecordedStreamPr065 -->
  <testcase classname="Trial.Pro" name="UpthrustEsportsRecordedStreamPro24" time="0.0">
    <ignored/>
  </testcase> <!-- UpthrustEsportsRecordedStreamPro24 -->
  <testcase classname="Trial.SideNav_Script" name="GooglePlayCouponRedeem21" time="0.0">
    <ignored/>
  </testcase> <!-- GooglePlayCouponRedeem21 -->
  <testcase classname="Trial.SideNav_Script" name="SidenNavchnageFavoriteGame3" time="0.0">
    <ignored/>
  </testcase> <!-- SidenNavchnageFavoriteGame3 -->
  <testcase classname="Trial.Pro" name="OGMRJAYRecordedStreamPro76" time="0.0">
    <ignored/>
  </testcase> <!-- OGMRJAYRecordedStreamPro76 -->
  <testcase classname="Trial.Pro" name="GAmingPUJARecordedStreamPro37" time="0.0">
    <ignored/>
  </testcase> <!-- GAmingPUJARecordedStreamPro37 -->
  <testcase classname="Trial.Pro" name="QUEENNISLIVERecordedStreamPro59" time="0.0">
    <ignored/>
  </testcase> <!-- QUEENNISLIVERecordedStreamPro59 -->
  <testcase classname="Trial.Pro" name="MissMegsRecordedStreamPro75" time="0.0">
    <ignored/>
  </testcase> <!-- MissMegsRecordedStreamPro75 -->
  <testcase classname="Trial.Reel_Script" name="OthersProfileReellTest6" time="0.0">
    <ignored/>
  </testcase> <!-- OthersProfileReellTest6 -->
  <testcase classname="Trial.Explorepage_Script" name="ExplorePageBGMIingameupdates11" time="0.0">
    <ignored/>
  </testcase> <!-- ExplorePageBGMIingameupdates11 -->
  <testcase classname="Trial.Pro" name="SoulSidRecordedStreamPro13" time="0.0">
    <ignored/>
  </testcase> <!-- SoulSidRecordedStreamPro13 -->
  <testcase classname="Trial.Pro" name="nightmmareesportsRecordedStreamPr026" time="0.0">
    <ignored/>
  </testcase> <!-- nightmmareesportsRecordedStreamPr026 -->
  <testcase classname="Trial.ContestPage_Script" name="ContestpageBanner3" time="0.0">
    <ignored/>
  </testcase> <!-- ContestpageBanner3 -->
  <testcase classname="Trial.SideNav_Script" name="SidenNavcChangeContentlocaleTamil28" time="0.0">
    <ignored/>
  </testcase> <!-- SidenNavcChangeContentlocaleTamil28 -->
  <testcase classname="Trial.Pro" name="GIGIGONEMADRecordedStreamPro67" time="0.0">
    <ignored/>
  </testcase> <!-- GIGIGONEMADRecordedStreamPro67 -->
  <testcase classname="Trial.Pro" name="KIARAAGAMINGRecordedStreamPro52" time="0.0">
    <ignored/>
  </testcase> <!-- KIARAAGAMINGRecordedStreamPro52 -->
  <testcase classname="Trial.Pro" name="IYDLazyRecordedStreamPro41" time="0.0">
    <ignored/>
  </testcase> <!-- IYDLazyRecordedStreamPro41 -->
  <testcase classname="Trial.Reel_Script" name="SelfProfieReelTest3" time="0.0">
    <ignored/>
  </testcase> <!-- SelfProfieReelTest3 -->
  <testcase classname="Trial.SideNav_Script" name="SidenNavDarkTheme17" time="0.0">
    <ignored/>
  </testcase> <!-- SidenNavDarkTheme17 -->
  <testcase classname="Trial.Pro" name="NodwinGamigRecordedStreamPro79" time="0.0">
    <ignored/>
  </testcase> <!-- NodwinGamigRecordedStreamPro79 -->
  <testcase classname="Trial.Pro" name="x15queenRecordedStreamPro56" time="0.0">
    <ignored/>
  </testcase> <!-- x15queenRecordedStreamPro56 -->
  <testcase classname="Trial.Explorepage_Script" name="ExplorePageFFTipsnTricks12" time="0.0">
    <ignored/>
  </testcase> <!-- ExplorePageFFTipsnTricks12 -->
  <testcase classname="Trial.Homepage_Banner" name="TaskPagebanner02" time="0.0">
    <ignored/>
  </testcase> <!-- TaskPagebanner02 -->
  <testcase classname="Trial.SideNav_Script" name="day7buypro338" time="0.0">
    <ignored/>
  </testcase> <!-- day7buypro338 -->
  <testcase classname="Trial.Pro" name="Rusherw0w8bitRecordedstreampro10" time="0.0">
    <ignored/>
  </testcase> <!-- Rusherw0w8bitRecordedstreampro10 -->
  <testcase classname="Trial.Pro" name="RAOFFLIVERecordedStreamPro62" time="0.0">
    <ignored/>
  </testcase> <!-- RAOFFLIVERecordedStreamPro62 -->
  <testcase classname="Trial.Explorepage_Script" name="ExplorePageGTARP8" time="0.0">
    <ignored/>
  </testcase> <!-- ExplorePageGTARP8 -->
  <testcase classname="Trial.Pro" name="Bit8GoldyRecordedStreamPro7" time="0.0">
    <ignored/>
  </testcase> <!-- Bit8GoldyRecordedStreamPro7 -->
  <testcase classname="Trial.Pro" name="Followingtabliveplayerrortate45" time="0.0">
    <ignored/>
  </testcase> <!-- Followingtabliveplayerrortate45 -->
  <testcase classname="Trial.SideNav_Script" name="day7buypro37" time="0.0">
    <ignored/>
  </testcase> <!-- day7buypro37 -->
  <testcase classname="Trial.Pro" name="MiningGirlRecordedStreamPro81" time="0.0">
    <ignored/>
  </testcase> <!-- MiningGirlRecordedStreamPro81 -->
  <testcase classname="Trial.Reel_Script" name="CentralReelsScroll50TimesAndTest8" time="0.0">
    <ignored/>
  </testcase> <!-- CentralReelsScroll50TimesAndTest8 -->
  <testcase classname="Trial.SideNav_Script" name="SidenNavcChangeContentlocaleHindi33" time="0.0">
    <ignored/>
  </testcase> <!-- SidenNavcChangeContentlocaleHindi33 -->
  <testcase classname="Trial.Pro" name="AdenRecordedStreamPro36" time="0.0">
    <ignored/>
  </testcase> <!-- AdenRecordedStreamPro36 -->
  <testcase classname="Trial.Pro" name="iYDMitishRecordedStreamPro82" time="0.0">
    <ignored/>
  </testcase> <!-- iYDMitishRecordedStreamPro82 -->
  <testcase classname="Trial.Explorepage_Script" name="ExplorePageStyleMyName13" time="0.0">
    <ignored/>
  </testcase> <!-- ExplorePageStyleMyName13 -->
  <testcase classname="Trial.Reel_Script" name="ReelTestonSeachAllTab11" time="0.0">
    <ignored/>
  </testcase> <!-- ReelTestonSeachAllTab11 -->
  <testcase classname="Trial.Reel_Script" name="HorizontalReelTestAfterMiniPlayer14" time="0.0">
    <ignored/>
  </testcase> <!-- HorizontalReelTestAfterMiniPlayer14 -->
  <testcase classname="Trial.SideNav_Script" name="SideNavCoinandDiamondlog27" time="0.0">
    <ignored/>
  </testcase> <!-- SideNavCoinandDiamondlog27 -->
  <testcase classname="Trial.SideNav_Script" name="SideNavRooterShop25" time="0.0">
    <ignored/>
  </testcase> <!-- SideNavRooterShop25 -->
  <testcase classname="Trial.Pro" name="LidomaAsiaRecordedStreamTest28" time="0.0">
    <ignored/>
  </testcase> <!-- LidomaAsiaRecordedStreamTest28 -->
  <testcase classname="Trial.SideNav_Script" name="SideNavCreateBtnReel20" time="0.0">
    <ignored/>
  </testcase> <!-- SideNavCreateBtnReel20 -->
  <testcase classname="Trial.SideNav_Script" name="SidenNavCreateVideo2" time="0.0">
    <ignored/>
  </testcase> <!-- SidenNavCreateVideo2 -->
  <testcase classname="Trial.Pro" name="FGARMYRecordedStreamPro84" time="0.0">
    <ignored/>
  </testcase> <!-- FGARMYRecordedStreamPro84 -->
  <testcase classname="Trial.SideNav_Script" name="SidenNavcChangeContentlocaleKannda32" time="0.0">
    <ignored/>
  </testcase> <!-- SidenNavcChangeContentlocaleKannda32 -->
  <testcase classname="Trial.SideNav_Script" name="SidenNavInviteAndWin11" time="0.0">
    <ignored/>
  </testcase> <!-- SidenNavInviteAndWin11 -->
  <testcase classname="Trial.Reel_Script" name="ReelOpenfromVideoRecommendationse17" time="0.0">
    <ignored/>
  </testcase> <!-- ReelOpenfromVideoRecommendationse17 -->
  <testcase classname="Trial.Explorepage_Script" name="ExplorepageGameCenter01" time="0.0">
    <ignored/>
  </testcase> <!-- ExplorepageGameCenter01 -->
  <testcase classname="Trial.Pro" name="CHERRYISLIVERecordedStreamPro77" time="0.0">
    <ignored/>
  </testcase> <!-- CHERRYISLIVERecordedStreamPro77 -->
  <testcase classname="Trial.Explorepage_Script" name="ExplorePageViralReels10" time="0.0">
    <ignored/>
  </testcase> <!-- ExplorePageViralReels10 -->
  <testcase classname="Trial.SideNav_Script" name="SidenNavImageupload7" time="0.0">
    <ignored/>
  </testcase> <!-- SidenNavImageupload7 -->
  <testcase classname="Trial.Explorepage_Script" name="ExplorePageTrendingVideosOnRotter9" time="0.0">
    <ignored/>
  </testcase> <!-- ExplorePageTrendingVideosOnRotter9 -->
  <testcase classname="Trial.SideNav_Script" name="NormalLiveStream18" time="0.0">
    <ignored/>
  </testcase> <!-- NormalLiveStream18 -->
  <testcase classname="Trial.Pro" name="SidenavExtendpro49" time="0.0">
    <ignored/>
  </testcase> <!-- SidenavExtendpro49 -->
  <testcase classname="Trial.Pro" name="XENORecordedStreamPro87" time="0.0">
    <ignored/>
  </testcase> <!-- XENORecordedStreamPro87 -->
  <testcase classname="Trial.Pro" name="IydmaxpllayzRecordedStreamPro661" time="0.0">
    <ignored/>
  </testcase> <!-- IydmaxpllayzRecordedStreamPro661 -->
  <testcase classname="Trial.Pro" name="Subscriptioncancelled30DayPack72" time="0.0">
    <ignored/>
  </testcase> <!-- Subscriptioncancelled30DayPack72 -->
  <testcase classname="Trial.Pro" name="VediMulgiRecordedStreamPro83" time="0.0">
    <ignored/>
  </testcase> <!-- VediMulgiRecordedStreamPro83 -->
  <testcase classname="Trial.Pro" name="RepublicArmyRecordedStreamPro39" time="0.0">
    <ignored/>
  </testcase> <!-- RepublicArmyRecordedStreamPro39 -->
  <testcase classname="Trial.SideNav_Script" name="RedeemCouponCopy22" time="0.0">
    <ignored/>
  </testcase> <!-- RedeemCouponCopy22 -->
  <testcase classname="Trial.SideNav_Script" name="SidenNavOffersTask10" time="0.0">
    <ignored/>
  </testcase> <!-- SidenNavOffersTask10 -->
  <testcase classname="Trial.Explorepage_Script" name="ExplorePageFFEventUpdates7" time="0.0">
    <ignored/>
  </testcase> <!-- ExplorePageFFEventUpdates7 -->
  <testcase classname="Trial.SideNav_Script" name="SidenNavlightTheme16" time="0.0">
    <ignored/>
  </testcase> <!-- SidenNavlightTheme16 -->
  <testcase classname="Trial.Pro" name="Mafia8BitRecordedStreamPro20" time="0.0">
    <ignored/>
  </testcase> <!-- Mafia8BitRecordedStreamPro20 -->
  <testcase classname="Trial.Pro" name="DevilIsOnRecordedStreamPro63" time="0.0">
    <ignored/>
  </testcase> <!-- DevilIsOnRecordedStreamPro63 -->
  <testcase classname="Trial.Pro" name="SnaxgamingRecordedStreamPro47" time="0.0">
    <ignored/>
  </testcase> <!-- SnaxgamingRecordedStreamPro47 -->
  <testcase classname="Trial.SideNav_Script" name="SideNavRewards9" time="0.0">
    <ignored/>
  </testcase> <!-- SideNavRewards9 -->
  <testcase classname="Trial.SideNav_Script" name="SidenNavChangeBio15" time="0.0">
    <ignored/>
  </testcase> <!-- SidenNavChangeBio15 -->
  <testcase classname="Trial.Pro" name="KeizerRecordedStreamPro23" time="0.0">
    <ignored/>
  </testcase> <!-- KeizerRecordedStreamPro23 -->
  <testcase classname="Trial.Pro" name="EXTROVERTOGRecordedStreamPro50" time="0.0">
    <ignored/>
  </testcase> <!-- EXTROVERTOGRecordedStreamPro50 -->
  <testcase classname="Trial.Pro" name="ShreemanlegendRecordedStreamPro58" time="0.0">
    <ignored/>
  </testcase> <!-- ShreemanlegendRecordedStreamPro58 -->
  <testcase classname="Trial.Pro" name="APLEsportsRecordedStreamPro46" time="0.0">
    <ignored/>
  </testcase> <!-- APLEsportsRecordedStreamPro46 -->
  <testcase classname="Trial.Reel_Script" name="ReelDelete15" time="0.0">
    <ignored/>
  </testcase> <!-- ReelDelete15 -->
  <testcase classname="Trial.Pro" name="CYNTHIAISLIVERecordedStreamPro68" time="0.0">
    <ignored/>
  </testcase> <!-- CYNTHIAISLIVERecordedStreamPro68 -->
  <testcase classname="Trial.Pro" name="SoulZerefRecordedStreamPro6" time="0.0">
    <ignored/>
  </testcase> <!-- SoulZerefRecordedStreamPro6 -->
  <testcase classname="Trial.Pro" name="ThoppiRecordedStreamPro43" time="0.0">
    <ignored/>
  </testcase> <!-- ThoppiRecordedStreamPro43 -->
  <testcase classname="Trial.Pro" name="SIGIRecordedStreamPro33" time="0.0">
    <ignored/>
  </testcase> <!-- SIGIRecordedStreamPro33 -->
  <testcase classname="Trial.SideNav_Script" name="day1buypro36" time="0.0">
    <ignored/>
  </testcase> <!-- day1buypro36 -->
  <testcase classname="Trial.Reel_Script" name="Reelsftertabswitch18" time="0.0">
    <ignored/>
  </testcase> <!-- Reelsftertabswitch18 -->
  <testcase classname="Trial.Pro" name="Subscriptioncancelled3365DayPack74" time="0.0">
    <ignored/>
  </testcase> <!-- Subscriptioncancelled3365DayPack74 -->
  <testcase classname="Trial.Pro" name="Mamba8bitRecordedstreamPro9" time="0.0">
    <ignored/>
  </testcase> <!-- Mamba8bitRecordedstreamPro9 -->
  <testcase classname="Trial.Pro" name="MalluVinerGamingRecordedStreamPro64" time="0.0">
    <ignored/>
  </testcase> <!-- MalluVinerGamingRecordedStreamPro64 -->
  <testcase classname="Trial.Pro" name="RegaltosRecordedStreamPro5" time="0.0">
    <ignored/>
  </testcase> <!-- RegaltosRecordedStreamPro5 -->
  <testcase classname="Trial.Pro" name="CalvinReyecordedStreamPro48" time="0.0">
    <ignored/>
  </testcase> <!-- CalvinReyecordedStreamPro48 -->
  <testcase classname="Trial.Pro" name="SuRYanShExDRecordedStreamPro42" time="0.0">
    <ignored/>
  </testcase> <!-- SuRYanShExDRecordedStreamPro42 -->
  <testcase classname="Trial.Pro" name="BitRebelRecordedStreamPro22" time="0.0">
    <ignored/>
  </testcase> <!-- BitRebelRecordedStreamPro22 -->
  <testcase classname="Trial.Pro" name="DemondproXRecordedStreamPro32" time="0.0">
    <ignored/>
  </testcase> <!-- DemondproXRecordedStreamPro32 -->
  <testcase classname="Trial.Pro" name="LidomaAsiaBahasaRecordedStreamTest27" time="0.0">
    <ignored/>
  </testcase> <!-- LidomaAsiaBahasaRecordedStreamTest27 -->
  <testcase classname="Trial.Pro" name="bit8beg4mercy69" time="0.0">
    <ignored/>
  </testcase> <!-- bit8beg4mercy69 -->
  <testcase classname="Trial.Pro" name="UltraOPRecordedStreamPro35" time="0.0">
    <ignored/>
  </testcase> <!-- UltraOPRecordedStreamPro35 -->
  <testcase classname="Trial.Explorepage_Script" name="ExplorePageMineCraftAnimation05" time="0.0">
    <ignored/>
  </testcase> <!-- ExplorePageMineCraftAnimation05 -->
  <testcase classname="Trial.Pro" name="BlackDaYGamingRecordedStreamPro51" time="0.0">
    <ignored/>
  </testcase> <!-- BlackDaYGamingRecordedStreamPro51 -->
  <testcase classname="Trial.SideNav_Script" name="DonationLeaderbaord39" time="0.0">
    <ignored/>
  </testcase> <!-- DonationLeaderbaord39 -->
  <testcase classname="Trial.Pro" name="RecordedstreamUIcheck21" time="0.0">
    <ignored/>
  </testcase> <!-- RecordedstreamUIcheck21 -->
  <testcase classname="Trial.Reel_Script" name="ReelUploadNewReel16" time="0.0">
    <ignored/>
  </testcase> <!-- ReelUploadNewReel16 -->
  <testcase classname="Trial.Explorepage_Script" name="HomePageStyleMyName14" time="0.0">
    <ignored/>
  </testcase> <!-- HomePageStyleMyName14 -->
  <testcase classname="Trial.SideNav_Script" name="SideNavContest5" time="0.0">
    <ignored/>
  </testcase> <!-- SideNavContest5 -->
  <testcase classname="Trial.SideNav_Script" name="SidenNavDataSaver4" time="0.0">
    <ignored/>
  </testcase> <!-- SidenNavDataSaver4 -->
  <testcase classname="Trial.Reel_Script" name="ReelsAfterComingFromBackgroundTooLong20" time="0.0">
    <ignored/>
  </testcase> <!-- ReelsAfterComingFromBackgroundTooLong20 -->
  <testcase classname="Trial.ContestPage_Script" name="Contestpagehistorydatatest2" time="0.0">
    <ignored/>
  </testcase> <!-- Contestpagehistorydatatest2 -->
  <testcase classname="Trial.Pro" name="FEARLESSESPORTSRecordedStreamPro34" time="0.0">
    <ignored/>
  </testcase> <!-- FEARLESSESPORTSRecordedStreamPro34 -->
  <testcase classname="Trial.Pro" name="RAESportsRecordedStreamPro16" time="0.0">
    <ignored/>
  </testcase> <!-- RAESportsRecordedStreamPro16 -->
  <testcase classname="Trial.Pro" name="Subscriptioncancelled7daysPack71" time="0.0">
    <ignored/>
  </testcase> <!-- Subscriptioncancelled7daysPack71 -->
  <testcase classname="Trial.Pro" name="GamersFleetRecordedStreamPro25" time="0.0">
    <ignored/>
  </testcase> <!-- GamersFleetRecordedStreamPro25 -->
</testsuite> <!-- Default Test(failed)(failed)(failed)(failed)(failed) -->
