<html>
<head>
<title>TestNG:  Default Test(failed)(failed)(failed)(failed)(failed)(failed)(failed)(failed)(failed)(failed)</title>
<link href="../testng.css" rel="stylesheet" type="text/css" />
<link href="../my-testng.css" rel="stylesheet" type="text/css" />

<style type="text/css">
.log { display: none;} 
.stack-trace { display: none;} 
</style>
<script type="text/javascript">
<!--
function flip(e) {
  current = e.style.display;
  if (current == 'block') {
    e.style.display = 'none';
    return 0;
  }
  else {
    e.style.display = 'block';
    return 1;
  }
}

function toggleBox(szDivId, elem, msg1, msg2)
{
  var res = -1;  if (document.getElementById) {
    res = flip(document.getElementById(szDivId));
  }
  else if (document.all) {
    // this is the way old msie versions work
    res = flip(document.all[szDivId]);
  }
  if(elem) {
    if(res == 0) elem.innerHTML = msg1; else elem.innerHTML = msg2;
  }

}

function toggleAllBoxes() {
  if (document.getElementsByTagName) {
    d = document.getElementsByTagName('div');
    for (i = 0; i < d.length; i++) {
      if (d[i].className == 'log') {
        flip(d[i]);
      }
    }
  }
}

// -->
</script>

</head>
<body>
<h2 align='center'>Default Test(failed)(failed)(failed)(failed)(failed)(failed)(failed)(failed)(failed)(failed)</h2><table border='1' align="center">
<tr>
<td>Tests passed/Failed/Skipped:</td><td>105/6/6</td>
</tr><tr>
<td>Started on:</td><td>Fri Sep 26 12:02:06 IST 2025</td>
</tr>
<tr><td>Total time:</td><td>17846 seconds (17846009 ms)</td>
</tr><tr>
<td>Included groups:</td><td></td>
</tr><tr>
<td>Excluded groups:</td><td></td>
</tr>
</table><p/>
<small><i>(Hover the method name to see the test class name)</i></small><p/>
<table width='100%' border='1' class='invocation-failed'>
<tr><td colspan='4' align='center'><b>FAILED TESTS</b></td></tr>
<tr><td><b>Test method</b></td>
<td><b>Attribute(s)</b></td>
<td width="30%"><b>Exception</b></td>
<td width="10%"><b>Time (seconds)</b></td>
<td><b>Instance</b></td>
</tr>
<tr>
<td title='Trial.LiveStream_script.FreePreviewTimerForPro31()'><b>FreePreviewTimerForPro31</b><br>Test class: Trial.LiveStream_script</td>
<td><div><pre>org.openqa.selenium.TimeoutException: Expected condition failed: waiting for Trial.Functions$2@3a894dda (tried for 200 second(s) with 500 milliseconds interval)
Build info: version: &apos;4.16.1&apos;, revision: &apos;9b4c83354e&apos;
System info: os.name: &apos;Mac OS X&apos;, os.arch: &apos;x86_64&apos;, os.version: &apos;15.7&apos;, java.version: &apos;17.0.7&apos;
Driver info: io.appium.java_client.android.AndroidDriver
Capabilities {appium:appActivity: com.threesixteen.app.ui.act..., appium:appPackage: com.threesixteen.app, appium:autoGrantPermissions: true, appium:automationName: UiAutomator2, appium:databaseEnabled: false, appium:desired: {appActivity: com.threesixteen.app.ui.act..., appPackage: com.threesixteen.app, autoGrantPermissions: true, automationName: UiAutomator2, disableSuppressAccessibilityService: true, ignoreHiddenApiPolicyError: true, noReset: true, platformName: ANDROID, platformVersion: 14}, appium:deviceApiLevel: 34, appium:deviceManufacturer: vivo, appium:deviceModel: I2127, appium:deviceName: 13793294180004Z, appium:deviceScreenDensity: 440, appium:deviceScreenSize: 1080x2408, appium:deviceUDID: 13793294180004Z, appium:disableSuppressAccessibilityService: true, appium:ignoreHiddenApiPolicyError: true, appium:javascriptEnabled: true, appium:locationContextEnabled: false, appium:networkConnectionEnabled: true, appium:noReset: true, appium:pixelRatio: 2.75, appium:platformVersion: 14, appium:statBarHeight: 88, appium:takesScreenshot: true, appium:viewportRect: {height: 2138, left: 0, top: 88, width: 1080}, appium:warnings: {}, appium:webStorageEnabled: false, platformName: ANDROID}
Session ID: 4255ccc1-8b64-4430-9499-85bc373e884b
	at org.openqa.selenium.support.ui.WebDriverWait.timeoutException(WebDriverWait.java:84)
	at org.openqa.selenium.support.ui.FluentWait.until(FluentWait.java:229)
	at Trial.Functions.clickAndWaitForElementWithId(Functions.java:103)
	at Trial.LiveStream_script.FreePreviewTimerForPro31(LiveStream_script.java:1748)
	at java.base/java.util.ArrayList.forEach(ArrayList.java:1511)
... Removed 27 stack frames</pre></div><a href='#' onClick='toggleBox("stack-trace308363364", this, "Click to show all stack frames", "Click to hide stack frames")'>Click to show all stack frames</a>
<div class='stack-trace' id='stack-trace308363364'><pre>org.openqa.selenium.TimeoutException: Expected condition failed: waiting for Trial.Functions$2@3a894dda (tried for 200 second(s) with 500 milliseconds interval)
Build info: version: &apos;4.16.1&apos;, revision: &apos;9b4c83354e&apos;
System info: os.name: &apos;Mac OS X&apos;, os.arch: &apos;x86_64&apos;, os.version: &apos;15.7&apos;, java.version: &apos;17.0.7&apos;
Driver info: io.appium.java_client.android.AndroidDriver
Capabilities {appium:appActivity: com.threesixteen.app.ui.act..., appium:appPackage: com.threesixteen.app, appium:autoGrantPermissions: true, appium:automationName: UiAutomator2, appium:databaseEnabled: false, appium:desired: {appActivity: com.threesixteen.app.ui.act..., appPackage: com.threesixteen.app, autoGrantPermissions: true, automationName: UiAutomator2, disableSuppressAccessibilityService: true, ignoreHiddenApiPolicyError: true, noReset: true, platformName: ANDROID, platformVersion: 14}, appium:deviceApiLevel: 34, appium:deviceManufacturer: vivo, appium:deviceModel: I2127, appium:deviceName: 13793294180004Z, appium:deviceScreenDensity: 440, appium:deviceScreenSize: 1080x2408, appium:deviceUDID: 13793294180004Z, appium:disableSuppressAccessibilityService: true, appium:ignoreHiddenApiPolicyError: true, appium:javascriptEnabled: true, appium:locationContextEnabled: false, appium:networkConnectionEnabled: true, appium:noReset: true, appium:pixelRatio: 2.75, appium:platformVersion: 14, appium:statBarHeight: 88, appium:takesScreenshot: true, appium:viewportRect: {height: 2138, left: 0, top: 88, width: 1080}, appium:warnings: {}, appium:webStorageEnabled: false, platformName: ANDROID}
Session ID: 4255ccc1-8b64-4430-9499-85bc373e884b
	at org.openqa.selenium.support.ui.WebDriverWait.timeoutException(WebDriverWait.java:84)
	at org.openqa.selenium.support.ui.FluentWait.until(FluentWait.java:229)
	at Trial.Functions.clickAndWaitForElementWithId(Functions.java:103)
	at Trial.LiveStream_script.FreePreviewTimerForPro31(LiveStream_script.java:1748)
	at java.base/jdk.internal.reflect.NativeMethodAccessorImpl.invoke0(Native Method)
	at java.base/jdk.internal.reflect.NativeMethodAccessorImpl.invoke(NativeMethodAccessorImpl.java:77)
	at java.base/jdk.internal.reflect.DelegatingMethodAccessorImpl.invoke(DelegatingMethodAccessorImpl.java:43)
	at java.base/java.lang.reflect.Method.invoke(Method.java:568)
	at org.testng.internal.invokers.MethodInvocationHelper.invokeMethod(MethodInvocationHelper.java:139)
	at org.testng.internal.invokers.TestInvoker.invokeMethod(TestInvoker.java:664)
	at org.testng.internal.invokers.TestInvoker.retryFailed(TestInvoker.java:248)
	at org.testng.internal.invokers.MethodRunner.runInSequence(MethodRunner.java:62)
	at org.testng.internal.invokers.TestInvoker$MethodInvocationAgent.invoke(TestInvoker.java:957)
	at org.testng.internal.invokers.TestInvoker.invokeTestMethods(TestInvoker.java:200)
	at org.testng.internal.invokers.TestMethodWorker.invokeTestMethods(TestMethodWorker.java:148)
	at org.testng.internal.invokers.TestMethodWorker.run(TestMethodWorker.java:128)
	at java.base/java.util.ArrayList.forEach(ArrayList.java:1511)
	at org.testng.TestRunner.privateRun(TestRunner.java:848)
	at org.testng.TestRunner.run(TestRunner.java:621)
	at org.testng.SuiteRunner.runTest(SuiteRunner.java:443)
	at org.testng.SuiteRunner.runSequentially(SuiteRunner.java:437)
	at org.testng.SuiteRunner.privateRun(SuiteRunner.java:397)
	at org.testng.SuiteRunner.run(SuiteRunner.java:336)
	at org.testng.SuiteRunnerWorker.runSuite(SuiteRunnerWorker.java:52)
	at org.testng.SuiteRunnerWorker.run(SuiteRunnerWorker.java:95)
	at org.testng.TestNG.runSuitesSequentially(TestNG.java:1280)
	at org.testng.TestNG.runSuitesLocally(TestNG.java:1200)
	at org.testng.TestNG.runSuites(TestNG.java:1114)
	at org.testng.TestNG.run(TestNG.java:1082)
	at org.testng.remote.AbstractRemoteTestNG.run(AbstractRemoteTestNG.java:115)
	at org.testng.remote.RemoteTestNG.initAndRun(RemoteTestNG.java:251)
	at org.testng.remote.RemoteTestNG.main(RemoteTestNG.java:77)
</pre></div></td>
<td>203</td>
<td>Trial.LiveStream_script@f58853c</td></tr>
<tr>
<td title='Trial.LiveStream_script.liveplayerFanrank4()'><b>liveplayerFanrank4</b><br>Test class: Trial.LiveStream_script</td>
<td><div><pre>org.openqa.selenium.NoSuchElementException: An element could not be located on the page using the given search parameters.
For documentation on this error, please visit: https://www.selenium.dev/documentation/webdriver/troubleshooting/errors#no-such-element-exception
Build info: version: &apos;4.16.1&apos;, revision: &apos;9b4c83354e&apos;
System info: os.name: &apos;Mac OS X&apos;, os.arch: &apos;x86_64&apos;, os.version: &apos;15.7&apos;, java.version: &apos;17.0.7&apos;
Driver info: io.appium.java_client.android.AndroidDriver
Command: [a3fa3772-7b23-49a3-a63d-9ebe40a69a14, findElement {using=-android uiautomator, value=new UiScrollable(new UiSelector().resourceId(&quot;com.threesixteen.app:id/layout_fan_rank&quot;)).setAsHorizontalList().scrollForward(3)}]
Capabilities {appium:appActivity: com.threesixteen.app.ui.act..., appium:appPackage: com.threesixteen.app, appium:autoGrantPermissions: true, appium:automationName: UiAutomator2, appium:databaseEnabled: false, appium:desired: {appActivity: com.threesixteen.app.ui.act..., appPackage: com.threesixteen.app, autoGrantPermissions: true, automationName: UiAutomator2, disableSuppressAccessibilityService: true, ignoreHiddenApiPolicyError: true, noReset: true, platformName: ANDROID, platformVersion: 14}, appium:deviceApiLevel: 34, appium:deviceManufacturer: vivo, appium:deviceModel: I2127, appium:deviceName: 13793294180004Z, appium:deviceScreenDensity: 440, appium:deviceScreenSize: 1080x2408, appium:deviceUDID: 13793294180004Z, appium:disableSuppressAccessibilityService: true, appium:ignoreHiddenApiPolicyError: true, appium:javascriptEnabled: true, appium:locationContextEnabled: false, appium:networkConnectionEnabled: true, appium:noReset: true, appium:pixelRatio: 2.75, appium:platformVersion: 14, appium:statBarHeight: 88, appium:takesScreenshot: true, appium:viewportRect: {height: 2138, left: 0, top: 88, width: 1080}, appium:warnings: {}, appium:webStorageEnabled: false, platformName: ANDROID}
Session ID: a3fa3772-7b23-49a3-a63d-9ebe40a69a14
	at org.openqa.selenium.remote.codec.w3c.W3CHttpResponseCodec.createException(W3CHttpResponseCodec.java:200)
	at org.openqa.selenium.remote.codec.w3c.W3CHttpResponseCodec.decode(W3CHttpResponseCodec.java:133)
	at org.openqa.selenium.remote.codec.w3c.W3CHttpResponseCodec.decode(W3CHttpResponseCodec.java:52)
	at org.openqa.selenium.remote.HttpCommandExecutor.execute(HttpCommandExecutor.java:191)
	at io.appium.java_client.remote.AppiumCommandExecutor.execute(AppiumCommandExecutor.java:237)
	at org.openqa.selenium.remote.RemoteWebDriver.execute(RemoteWebDriver.java:523)
	at org.openqa.selenium.remote.ElementLocation$ElementFinder$2.findElement(ElementLocation.java:165)
	at org.openqa.selenium.remote.ElementLocation.findElement(ElementLocation.java:66)
	at org.openqa.selenium.remote.RemoteWebDriver.findElement(RemoteWebDriver.java:360)
	at org.openqa.selenium.remote.RemoteWebDriver.findElement(RemoteWebDriver.java:354)
	at Trial.LiveStream_script.liveplayerFanrank4(LiveStream_script.java:210)
	at java.base/java.util.ArrayList.forEach(ArrayList.java:1511)
... Removed 31 stack frames</pre></div><a href='#' onClick='toggleBox("stack-trace2147280938", this, "Click to show all stack frames", "Click to hide stack frames")'>Click to show all stack frames</a>
<div class='stack-trace' id='stack-trace2147280938'><pre>org.openqa.selenium.NoSuchElementException: An element could not be located on the page using the given search parameters.
For documentation on this error, please visit: https://www.selenium.dev/documentation/webdriver/troubleshooting/errors#no-such-element-exception
Build info: version: &apos;4.16.1&apos;, revision: &apos;9b4c83354e&apos;
System info: os.name: &apos;Mac OS X&apos;, os.arch: &apos;x86_64&apos;, os.version: &apos;15.7&apos;, java.version: &apos;17.0.7&apos;
Driver info: io.appium.java_client.android.AndroidDriver
Command: [a3fa3772-7b23-49a3-a63d-9ebe40a69a14, findElement {using=-android uiautomator, value=new UiScrollable(new UiSelector().resourceId(&quot;com.threesixteen.app:id/layout_fan_rank&quot;)).setAsHorizontalList().scrollForward(3)}]
Capabilities {appium:appActivity: com.threesixteen.app.ui.act..., appium:appPackage: com.threesixteen.app, appium:autoGrantPermissions: true, appium:automationName: UiAutomator2, appium:databaseEnabled: false, appium:desired: {appActivity: com.threesixteen.app.ui.act..., appPackage: com.threesixteen.app, autoGrantPermissions: true, automationName: UiAutomator2, disableSuppressAccessibilityService: true, ignoreHiddenApiPolicyError: true, noReset: true, platformName: ANDROID, platformVersion: 14}, appium:deviceApiLevel: 34, appium:deviceManufacturer: vivo, appium:deviceModel: I2127, appium:deviceName: 13793294180004Z, appium:deviceScreenDensity: 440, appium:deviceScreenSize: 1080x2408, appium:deviceUDID: 13793294180004Z, appium:disableSuppressAccessibilityService: true, appium:ignoreHiddenApiPolicyError: true, appium:javascriptEnabled: true, appium:locationContextEnabled: false, appium:networkConnectionEnabled: true, appium:noReset: true, appium:pixelRatio: 2.75, appium:platformVersion: 14, appium:statBarHeight: 88, appium:takesScreenshot: true, appium:viewportRect: {height: 2138, left: 0, top: 88, width: 1080}, appium:warnings: {}, appium:webStorageEnabled: false, platformName: ANDROID}
Session ID: a3fa3772-7b23-49a3-a63d-9ebe40a69a14
	at jdk.internal.reflect.GeneratedConstructorAccessor12.newInstance(Unknown Source)
	at java.base/jdk.internal.reflect.DelegatingConstructorAccessorImpl.newInstance(DelegatingConstructorAccessorImpl.java:45)
	at java.base/java.lang.reflect.Constructor.newInstanceWithCaller(Constructor.java:499)
	at java.base/java.lang.reflect.Constructor.newInstance(Constructor.java:480)
	at org.openqa.selenium.remote.codec.w3c.W3CHttpResponseCodec.createException(W3CHttpResponseCodec.java:200)
	at org.openqa.selenium.remote.codec.w3c.W3CHttpResponseCodec.decode(W3CHttpResponseCodec.java:133)
	at org.openqa.selenium.remote.codec.w3c.W3CHttpResponseCodec.decode(W3CHttpResponseCodec.java:52)
	at org.openqa.selenium.remote.HttpCommandExecutor.execute(HttpCommandExecutor.java:191)
	at io.appium.java_client.remote.AppiumCommandExecutor.execute(AppiumCommandExecutor.java:237)
	at org.openqa.selenium.remote.RemoteWebDriver.execute(RemoteWebDriver.java:523)
	at org.openqa.selenium.remote.ElementLocation$ElementFinder$2.findElement(ElementLocation.java:165)
	at org.openqa.selenium.remote.ElementLocation.findElement(ElementLocation.java:66)
	at org.openqa.selenium.remote.RemoteWebDriver.findElement(RemoteWebDriver.java:360)
	at org.openqa.selenium.remote.RemoteWebDriver.findElement(RemoteWebDriver.java:354)
	at Trial.LiveStream_script.liveplayerFanrank4(LiveStream_script.java:210)
	at java.base/jdk.internal.reflect.NativeMethodAccessorImpl.invoke0(Native Method)
	at java.base/jdk.internal.reflect.NativeMethodAccessorImpl.invoke(NativeMethodAccessorImpl.java:77)
	at java.base/jdk.internal.reflect.DelegatingMethodAccessorImpl.invoke(DelegatingMethodAccessorImpl.java:43)
	at java.base/java.lang.reflect.Method.invoke(Method.java:568)
	at org.testng.internal.invokers.MethodInvocationHelper.invokeMethod(MethodInvocationHelper.java:139)
	at org.testng.internal.invokers.TestInvoker.invokeMethod(TestInvoker.java:664)
	at org.testng.internal.invokers.TestInvoker.retryFailed(TestInvoker.java:248)
	at org.testng.internal.invokers.MethodRunner.runInSequence(MethodRunner.java:62)
	at org.testng.internal.invokers.TestInvoker$MethodInvocationAgent.invoke(TestInvoker.java:957)
	at org.testng.internal.invokers.TestInvoker.invokeTestMethods(TestInvoker.java:200)
	at org.testng.internal.invokers.TestMethodWorker.invokeTestMethods(TestMethodWorker.java:148)
	at org.testng.internal.invokers.TestMethodWorker.run(TestMethodWorker.java:128)
	at java.base/java.util.ArrayList.forEach(ArrayList.java:1511)
	at org.testng.TestRunner.privateRun(TestRunner.java:848)
	at org.testng.TestRunner.run(TestRunner.java:621)
	at org.testng.SuiteRunner.runTest(SuiteRunner.java:443)
	at org.testng.SuiteRunner.runSequentially(SuiteRunner.java:437)
	at org.testng.SuiteRunner.privateRun(SuiteRunner.java:397)
	at org.testng.SuiteRunner.run(SuiteRunner.java:336)
	at org.testng.SuiteRunnerWorker.runSuite(SuiteRunnerWorker.java:52)
	at org.testng.SuiteRunnerWorker.run(SuiteRunnerWorker.java:95)
	at org.testng.TestNG.runSuitesSequentially(TestNG.java:1280)
	at org.testng.TestNG.runSuitesLocally(TestNG.java:1200)
	at org.testng.TestNG.runSuites(TestNG.java:1114)
	at org.testng.TestNG.run(TestNG.java:1082)
	at org.testng.remote.AbstractRemoteTestNG.run(AbstractRemoteTestNG.java:115)
	at org.testng.remote.RemoteTestNG.initAndRun(RemoteTestNG.java:251)
	at org.testng.remote.RemoteTestNG.main(RemoteTestNG.java:77)
</pre></div></td>
<td>32</td>
<td>Trial.LiveStream_script@f58853c</td></tr>
<tr>
<td title='Trial.SideNav_Script.SideNavCoinandDiamondlog27()'><b>SideNavCoinandDiamondlog27</b><br>Test class: Trial.SideNav_Script</td>
<td><div><pre>org.openqa.selenium.TimeoutException: Expected condition failed: waiting for Trial.Functions$1@7b4679a8 (tried for 200 second(s) with 500 milliseconds interval)
Build info: version: &apos;4.16.1&apos;, revision: &apos;9b4c83354e&apos;
System info: os.name: &apos;Mac OS X&apos;, os.arch: &apos;x86_64&apos;, os.version: &apos;15.7&apos;, java.version: &apos;17.0.7&apos;
Driver info: io.appium.java_client.android.AndroidDriver
Capabilities {appium:appActivity: com.threesixteen.app.ui.act..., appium:appPackage: com.threesixteen.app, appium:autoGrantPermissions: true, appium:automationName: UiAutomator2, appium:databaseEnabled: false, appium:desired: {appActivity: com.threesixteen.app.ui.act..., appPackage: com.threesixteen.app, autoGrantPermissions: true, automationName: UiAutomator2, disableSuppressAccessibilityService: true, ignoreHiddenApiPolicyError: true, noReset: true, platformName: ANDROID, platformVersion: 14}, appium:deviceApiLevel: 34, appium:deviceManufacturer: vivo, appium:deviceModel: I2127, appium:deviceName: 13793294180004Z, appium:deviceScreenDensity: 440, appium:deviceScreenSize: 1080x2408, appium:deviceUDID: 13793294180004Z, appium:disableSuppressAccessibilityService: true, appium:ignoreHiddenApiPolicyError: true, appium:javascriptEnabled: true, appium:locationContextEnabled: false, appium:networkConnectionEnabled: true, appium:noReset: true, appium:pixelRatio: 2.75, appium:platformVersion: 14, appium:statBarHeight: 88, appium:takesScreenshot: true, appium:viewportRect: {height: 2138, left: 0, top: 88, width: 1080}, appium:warnings: {}, appium:webStorageEnabled: false, platformName: ANDROID}
Session ID: a099a6b9-cc9e-4dc4-a004-db3a0861ab5e
	at org.openqa.selenium.support.ui.WebDriverWait.timeoutException(WebDriverWait.java:84)
	at org.openqa.selenium.support.ui.FluentWait.until(FluentWait.java:229)
	at Trial.Functions.clickAndWaitForElementWithXpath1(Functions.java:47)
	at Trial.Functions.OpenHomePage(Functions.java:1067)
	at Trial.SideNav_Script.SideNavCoinandDiamondlog27(SideNav_Script.java:1291)
	at java.base/java.util.ArrayList.forEach(ArrayList.java:1511)
... Removed 27 stack frames</pre></div><a href='#' onClick='toggleBox("stack-trace876424282", this, "Click to show all stack frames", "Click to hide stack frames")'>Click to show all stack frames</a>
<div class='stack-trace' id='stack-trace876424282'><pre>org.openqa.selenium.TimeoutException: Expected condition failed: waiting for Trial.Functions$1@7b4679a8 (tried for 200 second(s) with 500 milliseconds interval)
Build info: version: &apos;4.16.1&apos;, revision: &apos;9b4c83354e&apos;
System info: os.name: &apos;Mac OS X&apos;, os.arch: &apos;x86_64&apos;, os.version: &apos;15.7&apos;, java.version: &apos;17.0.7&apos;
Driver info: io.appium.java_client.android.AndroidDriver
Capabilities {appium:appActivity: com.threesixteen.app.ui.act..., appium:appPackage: com.threesixteen.app, appium:autoGrantPermissions: true, appium:automationName: UiAutomator2, appium:databaseEnabled: false, appium:desired: {appActivity: com.threesixteen.app.ui.act..., appPackage: com.threesixteen.app, autoGrantPermissions: true, automationName: UiAutomator2, disableSuppressAccessibilityService: true, ignoreHiddenApiPolicyError: true, noReset: true, platformName: ANDROID, platformVersion: 14}, appium:deviceApiLevel: 34, appium:deviceManufacturer: vivo, appium:deviceModel: I2127, appium:deviceName: 13793294180004Z, appium:deviceScreenDensity: 440, appium:deviceScreenSize: 1080x2408, appium:deviceUDID: 13793294180004Z, appium:disableSuppressAccessibilityService: true, appium:ignoreHiddenApiPolicyError: true, appium:javascriptEnabled: true, appium:locationContextEnabled: false, appium:networkConnectionEnabled: true, appium:noReset: true, appium:pixelRatio: 2.75, appium:platformVersion: 14, appium:statBarHeight: 88, appium:takesScreenshot: true, appium:viewportRect: {height: 2138, left: 0, top: 88, width: 1080}, appium:warnings: {}, appium:webStorageEnabled: false, platformName: ANDROID}
Session ID: a099a6b9-cc9e-4dc4-a004-db3a0861ab5e
	at org.openqa.selenium.support.ui.WebDriverWait.timeoutException(WebDriverWait.java:84)
	at org.openqa.selenium.support.ui.FluentWait.until(FluentWait.java:229)
	at Trial.Functions.clickAndWaitForElementWithXpath1(Functions.java:47)
	at Trial.Functions.OpenHomePage(Functions.java:1067)
	at Trial.SideNav_Script.SideNavCoinandDiamondlog27(SideNav_Script.java:1291)
	at java.base/jdk.internal.reflect.NativeMethodAccessorImpl.invoke0(Native Method)
	at java.base/jdk.internal.reflect.NativeMethodAccessorImpl.invoke(NativeMethodAccessorImpl.java:77)
	at java.base/jdk.internal.reflect.DelegatingMethodAccessorImpl.invoke(DelegatingMethodAccessorImpl.java:43)
	at java.base/java.lang.reflect.Method.invoke(Method.java:568)
	at org.testng.internal.invokers.MethodInvocationHelper.invokeMethod(MethodInvocationHelper.java:139)
	at org.testng.internal.invokers.TestInvoker.invokeMethod(TestInvoker.java:664)
	at org.testng.internal.invokers.TestInvoker.retryFailed(TestInvoker.java:248)
	at org.testng.internal.invokers.MethodRunner.runInSequence(MethodRunner.java:62)
	at org.testng.internal.invokers.TestInvoker$MethodInvocationAgent.invoke(TestInvoker.java:957)
	at org.testng.internal.invokers.TestInvoker.invokeTestMethods(TestInvoker.java:200)
	at org.testng.internal.invokers.TestMethodWorker.invokeTestMethods(TestMethodWorker.java:148)
	at org.testng.internal.invokers.TestMethodWorker.run(TestMethodWorker.java:128)
	at java.base/java.util.ArrayList.forEach(ArrayList.java:1511)
	at org.testng.TestRunner.privateRun(TestRunner.java:848)
	at org.testng.TestRunner.run(TestRunner.java:621)
	at org.testng.SuiteRunner.runTest(SuiteRunner.java:443)
	at org.testng.SuiteRunner.runSequentially(SuiteRunner.java:437)
	at org.testng.SuiteRunner.privateRun(SuiteRunner.java:397)
	at org.testng.SuiteRunner.run(SuiteRunner.java:336)
	at org.testng.SuiteRunnerWorker.runSuite(SuiteRunnerWorker.java:52)
	at org.testng.SuiteRunnerWorker.run(SuiteRunnerWorker.java:95)
	at org.testng.TestNG.runSuitesSequentially(TestNG.java:1280)
	at org.testng.TestNG.runSuitesLocally(TestNG.java:1200)
	at org.testng.TestNG.runSuites(TestNG.java:1114)
	at org.testng.TestNG.run(TestNG.java:1082)
	at org.testng.remote.AbstractRemoteTestNG.run(AbstractRemoteTestNG.java:115)
	at org.testng.remote.RemoteTestNG.initAndRun(RemoteTestNG.java:251)
	at org.testng.remote.RemoteTestNG.main(RemoteTestNG.java:77)
</pre></div></td>
<td>209</td>
<td>Trial.SideNav_Script@2657d4dd</td></tr>
<tr>
<td title='Trial.SideNav_Script.SideNavcreateBtn6()'><b>SideNavcreateBtn6</b><br>Test class: Trial.SideNav_Script</td>
<td><div><pre>org.openqa.selenium.TimeoutException: Expected condition failed: waiting for Trial.Functions$2@71eaef6a (tried for 200 second(s) with 500 milliseconds interval)
Build info: version: &apos;4.16.1&apos;, revision: &apos;9b4c83354e&apos;
System info: os.name: &apos;Mac OS X&apos;, os.arch: &apos;x86_64&apos;, os.version: &apos;15.7&apos;, java.version: &apos;17.0.7&apos;
Driver info: io.appium.java_client.android.AndroidDriver
Capabilities {appium:appActivity: com.threesixteen.app.ui.act..., appium:appPackage: com.threesixteen.app, appium:autoGrantPermissions: true, appium:automationName: UiAutomator2, appium:databaseEnabled: false, appium:desired: {appActivity: com.threesixteen.app.ui.act..., appPackage: com.threesixteen.app, autoGrantPermissions: true, automationName: UiAutomator2, disableSuppressAccessibilityService: true, ignoreHiddenApiPolicyError: true, noReset: true, platformName: ANDROID, platformVersion: 14}, appium:deviceApiLevel: 34, appium:deviceManufacturer: vivo, appium:deviceModel: I2127, appium:deviceName: 13793294180004Z, appium:deviceScreenDensity: 440, appium:deviceScreenSize: 1080x2408, appium:deviceUDID: 13793294180004Z, appium:disableSuppressAccessibilityService: true, appium:ignoreHiddenApiPolicyError: true, appium:javascriptEnabled: true, appium:locationContextEnabled: false, appium:networkConnectionEnabled: true, appium:noReset: true, appium:pixelRatio: 2.75, appium:platformVersion: 14, appium:statBarHeight: 88, appium:takesScreenshot: true, appium:viewportRect: {height: 2138, left: 0, top: 88, width: 1080}, appium:warnings: {}, appium:webStorageEnabled: false, platformName: ANDROID}
Session ID: c6f9c5d0-9322-4770-af47-a8cb68241f07
	at org.openqa.selenium.support.ui.WebDriverWait.timeoutException(WebDriverWait.java:84)
	at org.openqa.selenium.support.ui.FluentWait.until(FluentWait.java:229)
	at Trial.Functions.clickAndWaitForElementWithId(Functions.java:103)
	at Trial.SideNav_Script.SideNavcreateBtn6(SideNav_Script.java:286)
	at java.base/java.util.ArrayList.forEach(ArrayList.java:1511)
... Removed 27 stack frames</pre></div><a href='#' onClick='toggleBox("stack-trace1087598842", this, "Click to show all stack frames", "Click to hide stack frames")'>Click to show all stack frames</a>
<div class='stack-trace' id='stack-trace1087598842'><pre>org.openqa.selenium.TimeoutException: Expected condition failed: waiting for Trial.Functions$2@71eaef6a (tried for 200 second(s) with 500 milliseconds interval)
Build info: version: &apos;4.16.1&apos;, revision: &apos;9b4c83354e&apos;
System info: os.name: &apos;Mac OS X&apos;, os.arch: &apos;x86_64&apos;, os.version: &apos;15.7&apos;, java.version: &apos;17.0.7&apos;
Driver info: io.appium.java_client.android.AndroidDriver
Capabilities {appium:appActivity: com.threesixteen.app.ui.act..., appium:appPackage: com.threesixteen.app, appium:autoGrantPermissions: true, appium:automationName: UiAutomator2, appium:databaseEnabled: false, appium:desired: {appActivity: com.threesixteen.app.ui.act..., appPackage: com.threesixteen.app, autoGrantPermissions: true, automationName: UiAutomator2, disableSuppressAccessibilityService: true, ignoreHiddenApiPolicyError: true, noReset: true, platformName: ANDROID, platformVersion: 14}, appium:deviceApiLevel: 34, appium:deviceManufacturer: vivo, appium:deviceModel: I2127, appium:deviceName: 13793294180004Z, appium:deviceScreenDensity: 440, appium:deviceScreenSize: 1080x2408, appium:deviceUDID: 13793294180004Z, appium:disableSuppressAccessibilityService: true, appium:ignoreHiddenApiPolicyError: true, appium:javascriptEnabled: true, appium:locationContextEnabled: false, appium:networkConnectionEnabled: true, appium:noReset: true, appium:pixelRatio: 2.75, appium:platformVersion: 14, appium:statBarHeight: 88, appium:takesScreenshot: true, appium:viewportRect: {height: 2138, left: 0, top: 88, width: 1080}, appium:warnings: {}, appium:webStorageEnabled: false, platformName: ANDROID}
Session ID: c6f9c5d0-9322-4770-af47-a8cb68241f07
	at org.openqa.selenium.support.ui.WebDriverWait.timeoutException(WebDriverWait.java:84)
	at org.openqa.selenium.support.ui.FluentWait.until(FluentWait.java:229)
	at Trial.Functions.clickAndWaitForElementWithId(Functions.java:103)
	at Trial.SideNav_Script.SideNavcreateBtn6(SideNav_Script.java:286)
	at java.base/jdk.internal.reflect.NativeMethodAccessorImpl.invoke0(Native Method)
	at java.base/jdk.internal.reflect.NativeMethodAccessorImpl.invoke(NativeMethodAccessorImpl.java:77)
	at java.base/jdk.internal.reflect.DelegatingMethodAccessorImpl.invoke(DelegatingMethodAccessorImpl.java:43)
	at java.base/java.lang.reflect.Method.invoke(Method.java:568)
	at org.testng.internal.invokers.MethodInvocationHelper.invokeMethod(MethodInvocationHelper.java:139)
	at org.testng.internal.invokers.TestInvoker.invokeMethod(TestInvoker.java:664)
	at org.testng.internal.invokers.TestInvoker.retryFailed(TestInvoker.java:248)
	at org.testng.internal.invokers.MethodRunner.runInSequence(MethodRunner.java:62)
	at org.testng.internal.invokers.TestInvoker$MethodInvocationAgent.invoke(TestInvoker.java:957)
	at org.testng.internal.invokers.TestInvoker.invokeTestMethods(TestInvoker.java:200)
	at org.testng.internal.invokers.TestMethodWorker.invokeTestMethods(TestMethodWorker.java:148)
	at org.testng.internal.invokers.TestMethodWorker.run(TestMethodWorker.java:128)
	at java.base/java.util.ArrayList.forEach(ArrayList.java:1511)
	at org.testng.TestRunner.privateRun(TestRunner.java:848)
	at org.testng.TestRunner.run(TestRunner.java:621)
	at org.testng.SuiteRunner.runTest(SuiteRunner.java:443)
	at org.testng.SuiteRunner.runSequentially(SuiteRunner.java:437)
	at org.testng.SuiteRunner.privateRun(SuiteRunner.java:397)
	at org.testng.SuiteRunner.run(SuiteRunner.java:336)
	at org.testng.SuiteRunnerWorker.runSuite(SuiteRunnerWorker.java:52)
	at org.testng.SuiteRunnerWorker.run(SuiteRunnerWorker.java:95)
	at org.testng.TestNG.runSuitesSequentially(TestNG.java:1280)
	at org.testng.TestNG.runSuitesLocally(TestNG.java:1200)
	at org.testng.TestNG.runSuites(TestNG.java:1114)
	at org.testng.TestNG.run(TestNG.java:1082)
	at org.testng.remote.AbstractRemoteTestNG.run(AbstractRemoteTestNG.java:115)
	at org.testng.remote.RemoteTestNG.initAndRun(RemoteTestNG.java:251)
	at org.testng.remote.RemoteTestNG.main(RemoteTestNG.java:77)
</pre></div></td>
<td>212</td>
<td>Trial.SideNav_Script@2657d4dd</td></tr>
<tr>
<td title='Trial.LiveStream_script.Protabliveplayerrortate23()'><b>Protabliveplayerrortate23</b><br>Test class: Trial.LiveStream_script</td>
<td><div><pre>org.openqa.selenium.TimeoutException: Expected condition failed: waiting for Trial.Functions$2@75dc9327 (tried for 200 second(s) with 500 milliseconds interval)
Build info: version: &apos;4.16.1&apos;, revision: &apos;9b4c83354e&apos;
System info: os.name: &apos;Mac OS X&apos;, os.arch: &apos;x86_64&apos;, os.version: &apos;15.7&apos;, java.version: &apos;17.0.7&apos;
Driver info: io.appium.java_client.android.AndroidDriver
Capabilities {appium:appActivity: com.threesixteen.app.ui.act..., appium:appPackage: com.threesixteen.app, appium:autoGrantPermissions: true, appium:automationName: UiAutomator2, appium:databaseEnabled: false, appium:desired: {appActivity: com.threesixteen.app.ui.act..., appPackage: com.threesixteen.app, autoGrantPermissions: true, automationName: UiAutomator2, disableSuppressAccessibilityService: true, ignoreHiddenApiPolicyError: true, noReset: true, platformName: ANDROID, platformVersion: 14}, appium:deviceApiLevel: 34, appium:deviceManufacturer: vivo, appium:deviceModel: I2127, appium:deviceName: 13793294180004Z, appium:deviceScreenDensity: 440, appium:deviceScreenSize: 1080x2408, appium:deviceUDID: 13793294180004Z, appium:disableSuppressAccessibilityService: true, appium:ignoreHiddenApiPolicyError: true, appium:javascriptEnabled: true, appium:locationContextEnabled: false, appium:networkConnectionEnabled: true, appium:noReset: true, appium:pixelRatio: 2.75, appium:platformVersion: 14, appium:statBarHeight: 88, appium:takesScreenshot: true, appium:viewportRect: {height: 2138, left: 0, top: 88, width: 1080}, appium:warnings: {}, appium:webStorageEnabled: false, platformName: ANDROID}
Session ID: ab8f07b8-ab0f-4377-93b0-b242fef8c7ba
	at org.openqa.selenium.support.ui.WebDriverWait.timeoutException(WebDriverWait.java:84)
	at org.openqa.selenium.support.ui.FluentWait.until(FluentWait.java:229)
	at Trial.Functions.clickAndWaitForElementWithId(Functions.java:103)
	at Trial.LiveStream_script.Protabliveplayerrortate23(LiveStream_script.java:1130)
	at java.base/java.util.ArrayList.forEach(ArrayList.java:1511)
... Removed 27 stack frames</pre></div><a href='#' onClick='toggleBox("stack-trace448504054", this, "Click to show all stack frames", "Click to hide stack frames")'>Click to show all stack frames</a>
<div class='stack-trace' id='stack-trace448504054'><pre>org.openqa.selenium.TimeoutException: Expected condition failed: waiting for Trial.Functions$2@75dc9327 (tried for 200 second(s) with 500 milliseconds interval)
Build info: version: &apos;4.16.1&apos;, revision: &apos;9b4c83354e&apos;
System info: os.name: &apos;Mac OS X&apos;, os.arch: &apos;x86_64&apos;, os.version: &apos;15.7&apos;, java.version: &apos;17.0.7&apos;
Driver info: io.appium.java_client.android.AndroidDriver
Capabilities {appium:appActivity: com.threesixteen.app.ui.act..., appium:appPackage: com.threesixteen.app, appium:autoGrantPermissions: true, appium:automationName: UiAutomator2, appium:databaseEnabled: false, appium:desired: {appActivity: com.threesixteen.app.ui.act..., appPackage: com.threesixteen.app, autoGrantPermissions: true, automationName: UiAutomator2, disableSuppressAccessibilityService: true, ignoreHiddenApiPolicyError: true, noReset: true, platformName: ANDROID, platformVersion: 14}, appium:deviceApiLevel: 34, appium:deviceManufacturer: vivo, appium:deviceModel: I2127, appium:deviceName: 13793294180004Z, appium:deviceScreenDensity: 440, appium:deviceScreenSize: 1080x2408, appium:deviceUDID: 13793294180004Z, appium:disableSuppressAccessibilityService: true, appium:ignoreHiddenApiPolicyError: true, appium:javascriptEnabled: true, appium:locationContextEnabled: false, appium:networkConnectionEnabled: true, appium:noReset: true, appium:pixelRatio: 2.75, appium:platformVersion: 14, appium:statBarHeight: 88, appium:takesScreenshot: true, appium:viewportRect: {height: 2138, left: 0, top: 88, width: 1080}, appium:warnings: {}, appium:webStorageEnabled: false, platformName: ANDROID}
Session ID: ab8f07b8-ab0f-4377-93b0-b242fef8c7ba
	at org.openqa.selenium.support.ui.WebDriverWait.timeoutException(WebDriverWait.java:84)
	at org.openqa.selenium.support.ui.FluentWait.until(FluentWait.java:229)
	at Trial.Functions.clickAndWaitForElementWithId(Functions.java:103)
	at Trial.LiveStream_script.Protabliveplayerrortate23(LiveStream_script.java:1130)
	at java.base/jdk.internal.reflect.NativeMethodAccessorImpl.invoke0(Native Method)
	at java.base/jdk.internal.reflect.NativeMethodAccessorImpl.invoke(NativeMethodAccessorImpl.java:77)
	at java.base/jdk.internal.reflect.DelegatingMethodAccessorImpl.invoke(DelegatingMethodAccessorImpl.java:43)
	at java.base/java.lang.reflect.Method.invoke(Method.java:568)
	at org.testng.internal.invokers.MethodInvocationHelper.invokeMethod(MethodInvocationHelper.java:139)
	at org.testng.internal.invokers.TestInvoker.invokeMethod(TestInvoker.java:664)
	at org.testng.internal.invokers.TestInvoker.retryFailed(TestInvoker.java:248)
	at org.testng.internal.invokers.MethodRunner.runInSequence(MethodRunner.java:62)
	at org.testng.internal.invokers.TestInvoker$MethodInvocationAgent.invoke(TestInvoker.java:957)
	at org.testng.internal.invokers.TestInvoker.invokeTestMethods(TestInvoker.java:200)
	at org.testng.internal.invokers.TestMethodWorker.invokeTestMethods(TestMethodWorker.java:148)
	at org.testng.internal.invokers.TestMethodWorker.run(TestMethodWorker.java:128)
	at java.base/java.util.ArrayList.forEach(ArrayList.java:1511)
	at org.testng.TestRunner.privateRun(TestRunner.java:848)
	at org.testng.TestRunner.run(TestRunner.java:621)
	at org.testng.SuiteRunner.runTest(SuiteRunner.java:443)
	at org.testng.SuiteRunner.runSequentially(SuiteRunner.java:437)
	at org.testng.SuiteRunner.privateRun(SuiteRunner.java:397)
	at org.testng.SuiteRunner.run(SuiteRunner.java:336)
	at org.testng.SuiteRunnerWorker.runSuite(SuiteRunnerWorker.java:52)
	at org.testng.SuiteRunnerWorker.run(SuiteRunnerWorker.java:95)
	at org.testng.TestNG.runSuitesSequentially(TestNG.java:1280)
	at org.testng.TestNG.runSuitesLocally(TestNG.java:1200)
	at org.testng.TestNG.runSuites(TestNG.java:1114)
	at org.testng.TestNG.run(TestNG.java:1082)
	at org.testng.remote.AbstractRemoteTestNG.run(AbstractRemoteTestNG.java:115)
	at org.testng.remote.RemoteTestNG.initAndRun(RemoteTestNG.java:251)
	at org.testng.remote.RemoteTestNG.main(RemoteTestNG.java:77)
</pre></div></td>
<td>203</td>
<td>Trial.LiveStream_script@f58853c</td></tr>
<tr>
<td title='Trial.LiveStream_script.ProStreamPIP24()'><b>ProStreamPIP24</b><br>Test class: Trial.LiveStream_script</td>
<td><div><pre>org.openqa.selenium.TimeoutException: Expected condition failed: waiting for Trial.Functions$2@68529a5 (tried for 200 second(s) with 500 milliseconds interval)
Build info: version: &apos;4.16.1&apos;, revision: &apos;9b4c83354e&apos;
System info: os.name: &apos;Mac OS X&apos;, os.arch: &apos;x86_64&apos;, os.version: &apos;15.7&apos;, java.version: &apos;17.0.7&apos;
Driver info: io.appium.java_client.android.AndroidDriver
Capabilities {appium:appActivity: com.threesixteen.app.ui.act..., appium:appPackage: com.threesixteen.app, appium:autoGrantPermissions: true, appium:automationName: UiAutomator2, appium:databaseEnabled: false, appium:desired: {appActivity: com.threesixteen.app.ui.act..., appPackage: com.threesixteen.app, autoGrantPermissions: true, automationName: UiAutomator2, disableSuppressAccessibilityService: true, ignoreHiddenApiPolicyError: true, noReset: true, platformName: ANDROID, platformVersion: 14}, appium:deviceApiLevel: 34, appium:deviceManufacturer: vivo, appium:deviceModel: I2127, appium:deviceName: 13793294180004Z, appium:deviceScreenDensity: 440, appium:deviceScreenSize: 1080x2408, appium:deviceUDID: 13793294180004Z, appium:disableSuppressAccessibilityService: true, appium:ignoreHiddenApiPolicyError: true, appium:javascriptEnabled: true, appium:locationContextEnabled: false, appium:networkConnectionEnabled: true, appium:noReset: true, appium:pixelRatio: 2.75, appium:platformVersion: 14, appium:statBarHeight: 88, appium:takesScreenshot: true, appium:viewportRect: {height: 2138, left: 0, top: 88, width: 1080}, appium:warnings: {}, appium:webStorageEnabled: false, platformName: ANDROID}
Session ID: dd977526-e0b6-4e78-8f9a-4ab721924b53
	at org.openqa.selenium.support.ui.WebDriverWait.timeoutException(WebDriverWait.java:84)
	at org.openqa.selenium.support.ui.FluentWait.until(FluentWait.java:229)
	at Trial.Functions.clickAndWaitForElementWithId(Functions.java:103)
	at Trial.LiveStream_script.ProStreamPIP24(LiveStream_script.java:1294)
	at java.base/java.util.ArrayList.forEach(ArrayList.java:1511)
... Removed 27 stack frames</pre></div><a href='#' onClick='toggleBox("stack-trace1539314365", this, "Click to show all stack frames", "Click to hide stack frames")'>Click to show all stack frames</a>
<div class='stack-trace' id='stack-trace1539314365'><pre>org.openqa.selenium.TimeoutException: Expected condition failed: waiting for Trial.Functions$2@68529a5 (tried for 200 second(s) with 500 milliseconds interval)
Build info: version: &apos;4.16.1&apos;, revision: &apos;9b4c83354e&apos;
System info: os.name: &apos;Mac OS X&apos;, os.arch: &apos;x86_64&apos;, os.version: &apos;15.7&apos;, java.version: &apos;17.0.7&apos;
Driver info: io.appium.java_client.android.AndroidDriver
Capabilities {appium:appActivity: com.threesixteen.app.ui.act..., appium:appPackage: com.threesixteen.app, appium:autoGrantPermissions: true, appium:automationName: UiAutomator2, appium:databaseEnabled: false, appium:desired: {appActivity: com.threesixteen.app.ui.act..., appPackage: com.threesixteen.app, autoGrantPermissions: true, automationName: UiAutomator2, disableSuppressAccessibilityService: true, ignoreHiddenApiPolicyError: true, noReset: true, platformName: ANDROID, platformVersion: 14}, appium:deviceApiLevel: 34, appium:deviceManufacturer: vivo, appium:deviceModel: I2127, appium:deviceName: 13793294180004Z, appium:deviceScreenDensity: 440, appium:deviceScreenSize: 1080x2408, appium:deviceUDID: 13793294180004Z, appium:disableSuppressAccessibilityService: true, appium:ignoreHiddenApiPolicyError: true, appium:javascriptEnabled: true, appium:locationContextEnabled: false, appium:networkConnectionEnabled: true, appium:noReset: true, appium:pixelRatio: 2.75, appium:platformVersion: 14, appium:statBarHeight: 88, appium:takesScreenshot: true, appium:viewportRect: {height: 2138, left: 0, top: 88, width: 1080}, appium:warnings: {}, appium:webStorageEnabled: false, platformName: ANDROID}
Session ID: dd977526-e0b6-4e78-8f9a-4ab721924b53
	at org.openqa.selenium.support.ui.WebDriverWait.timeoutException(WebDriverWait.java:84)
	at org.openqa.selenium.support.ui.FluentWait.until(FluentWait.java:229)
	at Trial.Functions.clickAndWaitForElementWithId(Functions.java:103)
	at Trial.LiveStream_script.ProStreamPIP24(LiveStream_script.java:1294)
	at java.base/jdk.internal.reflect.NativeMethodAccessorImpl.invoke0(Native Method)
	at java.base/jdk.internal.reflect.NativeMethodAccessorImpl.invoke(NativeMethodAccessorImpl.java:77)
	at java.base/jdk.internal.reflect.DelegatingMethodAccessorImpl.invoke(DelegatingMethodAccessorImpl.java:43)
	at java.base/java.lang.reflect.Method.invoke(Method.java:568)
	at org.testng.internal.invokers.MethodInvocationHelper.invokeMethod(MethodInvocationHelper.java:139)
	at org.testng.internal.invokers.TestInvoker.invokeMethod(TestInvoker.java:664)
	at org.testng.internal.invokers.TestInvoker.retryFailed(TestInvoker.java:248)
	at org.testng.internal.invokers.MethodRunner.runInSequence(MethodRunner.java:62)
	at org.testng.internal.invokers.TestInvoker$MethodInvocationAgent.invoke(TestInvoker.java:957)
	at org.testng.internal.invokers.TestInvoker.invokeTestMethods(TestInvoker.java:200)
	at org.testng.internal.invokers.TestMethodWorker.invokeTestMethods(TestMethodWorker.java:148)
	at org.testng.internal.invokers.TestMethodWorker.run(TestMethodWorker.java:128)
	at java.base/java.util.ArrayList.forEach(ArrayList.java:1511)
	at org.testng.TestRunner.privateRun(TestRunner.java:848)
	at org.testng.TestRunner.run(TestRunner.java:621)
	at org.testng.SuiteRunner.runTest(SuiteRunner.java:443)
	at org.testng.SuiteRunner.runSequentially(SuiteRunner.java:437)
	at org.testng.SuiteRunner.privateRun(SuiteRunner.java:397)
	at org.testng.SuiteRunner.run(SuiteRunner.java:336)
	at org.testng.SuiteRunnerWorker.runSuite(SuiteRunnerWorker.java:52)
	at org.testng.SuiteRunnerWorker.run(SuiteRunnerWorker.java:95)
	at org.testng.TestNG.runSuitesSequentially(TestNG.java:1280)
	at org.testng.TestNG.runSuitesLocally(TestNG.java:1200)
	at org.testng.TestNG.runSuites(TestNG.java:1114)
	at org.testng.TestNG.run(TestNG.java:1082)
	at org.testng.remote.AbstractRemoteTestNG.run(AbstractRemoteTestNG.java:115)
	at org.testng.remote.RemoteTestNG.initAndRun(RemoteTestNG.java:251)
	at org.testng.remote.RemoteTestNG.main(RemoteTestNG.java:77)
</pre></div></td>
<td>222</td>
<td>Trial.LiveStream_script@f58853c</td></tr>
</table><p>
<table width='100%' border='1' class='invocation-passed'>
<tr><td colspan='4' align='center'><b>PASSED TESTS</b></td></tr>
<tr><td><b>Test method</b></td>
<td><b>Attribute(s)</b></td>
<td width="30%"><b>Exception</b></td>
<td width="10%"><b>Time (seconds)</b></td>
<td><b>Instance</b></td>
</tr>
<tr>
<td title='Trial.SideNav_Script.SidenNavcChangeProfileName13()'><b>SidenNavcChangeProfileName13</b><br>Test class: Trial.SideNav_Script</td>
<td></td>
<td>19</td>
<td>Trial.SideNav_Script@2657d4dd</td></tr>
<tr>
<td title='Trial.Video_Script.Videoplayerplaybackspeed17()'><b>Videoplayerplaybackspeed17</b><br>Test class: Trial.Video_Script</td>
<td></td>
<td>125</td>
<td>Trial.Video_Script@6f36c2f0</td></tr>
<tr>
<td title='Trial.SideNav_Script.SideNavRooterShop25()'><b>SideNavRooterShop25</b><br>Test class: Trial.SideNav_Script</td>
<td></td>
<td>6</td>
<td>Trial.SideNav_Script@2657d4dd</td></tr>
<tr>
<td title='Trial.SideNav_Script.SidenNavInviteAndWin11()'><b>SidenNavInviteAndWin11</b><br>Test class: Trial.SideNav_Script</td>
<td></td>
<td>9</td>
<td>Trial.SideNav_Script@2657d4dd</td></tr>
<tr>
<td title='Trial.SideNav_Script.day7buypro37()'><b>day7buypro37</b><br>Test class: Trial.SideNav_Script</td>
<td></td>
<td>1</td>
<td>Trial.SideNav_Script@2657d4dd</td></tr>
<tr>
<td title='Trial.Video_Script.VideoPlayerForwardBackward6()'><b>VideoPlayerForwardBackward6</b><br>Test class: Trial.Video_Script</td>
<td></td>
<td>21</td>
<td>Trial.Video_Script@6f36c2f0</td></tr>
<tr>
<td title='Trial.SideNav_Script.SideNavBuyyPro24()'><b>SideNavBuyyPro24</b><br>Test class: Trial.SideNav_Script</td>
<td></td>
<td>1</td>
<td>Trial.SideNav_Script@2657d4dd</td></tr>
<tr>
<td title='Trial.LiveStream_script.ProRecordedStreamForProUsers29()'><b>ProRecordedStreamForProUsers29</b><br>Test class: Trial.LiveStream_script</td>
<td></td>
<td>73</td>
<td>Trial.LiveStream_script@f58853c</td></tr>
<tr>
<td title='Trial.LiveStream_script.ProBagesTet18()'><b>ProBagesTet18</b><br>Test class: Trial.LiveStream_script</td>
<td></td>
<td>3</td>
<td>Trial.LiveStream_script@f58853c</td></tr>
<tr>
<td title='Trial.Video_Script.VideominiPlayertofullAndPlaybackSpeedChange01()'><b>VideominiPlayertofullAndPlaybackSpeedChange01</b><br>Test class: Trial.Video_Script</td>
<td></td>
<td>103</td>
<td>Trial.Video_Script@6f36c2f0</td></tr>
<tr>
<td title='Trial.Reel_Script.HorizontalReelTabTest5()'><b>HorizontalReelTabTest5</b><br>Test class: Trial.Reel_Script</td>
<td></td>
<td>403</td>
<td>Trial.Reel_Script@1224144a</td></tr>
<tr>
<td title='Trial.Reel_Script.ReelTestonSeachAllTab11()'><b>ReelTestonSeachAllTab11</b><br>Test class: Trial.Reel_Script</td>
<td></td>
<td>73</td>
<td>Trial.Reel_Script@1224144a</td></tr>
<tr>
<td title='Trial.Video_Script.SearcchVideoplayerComment10()'><b>SearcchVideoplayerComment10</b><br>Test class: Trial.Video_Script</td>
<td></td>
<td>30</td>
<td>Trial.Video_Script@6f36c2f0</td></tr>
<tr>
<td title='Trial.SideNav_Script.day1buypro36()'><b>day1buypro36</b><br>Test class: Trial.SideNav_Script</td>
<td></td>
<td>1</td>
<td>Trial.SideNav_Script@2657d4dd</td></tr>
<tr>
<td title='Trial.Video_Script.Videoprogress24()'><b>Videoprogress24</b><br>Test class: Trial.Video_Script</td>
<td></td>
<td>29</td>
<td>Trial.Video_Script@6f36c2f0</td></tr>
<tr>
<td title='Trial.SideNav_Script.SideNavRewards9()'><b>SideNavRewards9</b><br>Test class: Trial.SideNav_Script</td>
<td></td>
<td>112</td>
<td>Trial.SideNav_Script@2657d4dd</td></tr>
<tr>
<td title='Trial.LiveStream_script.livestreaminetractivepolls7()'><b>livestreaminetractivepolls7</b><br>Test class: Trial.LiveStream_script</td>
<td></td>
<td>11</td>
<td>Trial.LiveStream_script@f58853c</td></tr>
<tr>
<td title='Trial.LiveStream_script.LiveMiniplayertabswittch1()'><b>LiveMiniplayertabswittch1</b><br>Test class: Trial.LiveStream_script</td>
<td></td>
<td>261</td>
<td>Trial.LiveStream_script@f58853c</td></tr>
<tr>
<td title='Trial.LiveStream_script.DataCheckHomePage25()'><b>DataCheckHomePage25</b><br>Test class: Trial.LiveStream_script</td>
<td></td>
<td>57</td>
<td>Trial.LiveStream_script@f58853c</td></tr>
<tr>
<td title='Trial.Reel_Script.ReelTestAfterVideoMiniPlayer12()'><b>ReelTestAfterVideoMiniPlayer12</b><br>Test class: Trial.Reel_Script</td>
<td></td>
<td>444</td>
<td>Trial.Reel_Script@1224144a</td></tr>
<tr>
<td title='Trial.LiveStream_script.livestreamwatccanwin2()'><b>livestreamwatccanwin2</b><br>Test class: Trial.LiveStream_script</td>
<td></td>
<td>83</td>
<td>Trial.LiveStream_script@f58853c</td></tr>
<tr>
<td title='Trial.LiveStream_script.GiveawaysContentisplaying27()'><b>GiveawaysContentisplaying27</b><br>Test class: Trial.LiveStream_script</td>
<td></td>
<td>39</td>
<td>Trial.LiveStream_script@f58853c</td></tr>
<tr>
<td title='Trial.Reel_Script.CentralReelMuteUnmute4()'><b>CentralReelMuteUnmute4</b><br>Test class: Trial.Reel_Script</td>
<td></td>
<td>123</td>
<td>Trial.Reel_Script@1224144a</td></tr>
<tr>
<td title='Trial.Video_Script.videoqualitychnage15()'><b>videoqualitychnage15</b><br>Test class: Trial.Video_Script</td>
<td></td>
<td>52</td>
<td>Trial.Video_Script@6f36c2f0</td></tr>
<tr>
<td title='Trial.Video_Script.Videoplayerrotate14()'><b>Videoplayerrotate14</b><br>Test class: Trial.Video_Script</td>
<td></td>
<td>69</td>
<td>Trial.Video_Script@6f36c2f0</td></tr>
<tr>
<td title='Trial.LiveStream_script.ProCreatorlist21()'><b>ProCreatorlist21</b><br>Test class: Trial.LiveStream_script</td>
<td></td>
<td>34</td>
<td>Trial.LiveStream_script@f58853c</td></tr>
<tr>
<td title='Trial.Reel_Script.SearchReelPlayingOrNot22()'><b>SearchReelPlayingOrNot22</b><br>Test class: Trial.Reel_Script</td>
<td></td>
<td>134</td>
<td>Trial.Reel_Script@1224144a</td></tr>
<tr>
<td title='Trial.Video_Script.SearchVideoRotate22()'><b>SearchVideoRotate22</b><br>Test class: Trial.Video_Script</td>
<td></td>
<td>0</td>
<td>Trial.Video_Script@6f36c2f0</td></tr>
<tr>
<td title='Trial.LiveStream_script.liveStreaRecommendedFeed14()'><b>liveStreaRecommendedFeed14</b><br>Test class: Trial.LiveStream_script</td>
<td></td>
<td>75</td>
<td>Trial.LiveStream_script@f58853c</td></tr>
<tr>
<td title='Trial.Video_Script.MinecraftSearchVideoTest13()'><b>MinecraftSearchVideoTest13</b><br>Test class: Trial.Video_Script</td>
<td></td>
<td>43</td>
<td>Trial.Video_Script@6f36c2f0</td></tr>
<tr>
<td title='Trial.LiveStream_script.liveplayercomennt3()'><b>liveplayercomennt3</b><br>Test class: Trial.LiveStream_script</td>
<td></td>
<td>18</td>
<td>Trial.LiveStream_script@f58853c</td></tr>
<tr>
<td title='Trial.LiveStream_script.livestreamGiftstickerINLANDSCAPE17()'><b>livestreamGiftstickerINLANDSCAPE17</b><br>Test class: Trial.LiveStream_script</td>
<td></td>
<td>50</td>
<td>Trial.LiveStream_script@f58853c</td></tr>
<tr>
<td title='Trial.Video_Script.VideomuteUnmuteAfterScreenRtoatatE20()'><b>VideomuteUnmuteAfterScreenRtoatatE20</b><br>Test class: Trial.Video_Script</td>
<td></td>
<td>73</td>
<td>Trial.Video_Script@6f36c2f0</td></tr>
<tr>
<td title='Trial.SideNav_Script.GooglePlayCouponRedeem21()'><b>GooglePlayCouponRedeem21</b><br>Test class: Trial.SideNav_Script</td>
<td></td>
<td>0</td>
<td>Trial.SideNav_Script@2657d4dd</td></tr>
<tr>
<td title='Trial.SideNav_Script.CreatebtnIRL1()'><b>CreatebtnIRL1</b><br>Test class: Trial.SideNav_Script</td>
<td></td>
<td>95</td>
<td>Trial.SideNav_Script@2657d4dd</td></tr>
<tr>
<td title='Trial.SideNav_Script.SidenNavDataSaver4()'><b>SidenNavDataSaver4</b><br>Test class: Trial.SideNav_Script</td>
<td></td>
<td>15</td>
<td>Trial.SideNav_Script@2657d4dd</td></tr>
<tr>
<td title='Trial.Reel_Script.CentralReelTabReelPlayingOrNot21()'><b>CentralReelTabReelPlayingOrNot21</b><br>Test class: Trial.Reel_Script</td>
<td></td>
<td>111</td>
<td>Trial.Reel_Script@1224144a</td></tr>
<tr>
<td title='Trial.SideNav_Script.SideNavCreateBtnReel20()'><b>SideNavCreateBtnReel20</b><br>Test class: Trial.SideNav_Script</td>
<td></td>
<td>6</td>
<td>Trial.SideNav_Script@2657d4dd</td></tr>
<tr>
<td title='Trial.SideNav_Script.RedeemedSectionBackRedirection40()'><b>RedeemedSectionBackRedirection40</b><br>Test class: Trial.SideNav_Script</td>
<td></td>
<td>161</td>
<td>Trial.SideNav_Script@2657d4dd</td></tr>
<tr>
<td title='Trial.SideNav_Script.SideNavCouponPageTopCarousal23()'><b>SideNavCouponPageTopCarousal23</b><br>Test class: Trial.SideNav_Script</td>
<td></td>
<td>37</td>
<td>Trial.SideNav_Script@2657d4dd</td></tr>
<tr>
<td title='Trial.Video_Script.VideomuteunmuteafterPIP4()'><b>VideomuteunmuteafterPIP4</b><br>Test class: Trial.Video_Script</td>
<td></td>
<td>99</td>
<td>Trial.Video_Script@6f36c2f0</td></tr>
<tr>
<td title='Trial.Reel_Script.SelfProfieReelTest3()'><b>SelfProfieReelTest3</b><br>Test class: Trial.Reel_Script</td>
<td></td>
<td>136</td>
<td>Trial.Reel_Script@1224144a</td></tr>
<tr>
<td title='Trial.Video_Script.VideoqualityChangeAfterRotation23()'><b>VideoqualityChangeAfterRotation23</b><br>Test class: Trial.Video_Script</td>
<td></td>
<td>83</td>
<td>Trial.Video_Script@6f36c2f0</td></tr>
<tr>
<td title='Trial.SideNav_Script.SidenNavcChangeContentlocaleBengali30()'><b>SidenNavcChangeContentlocaleBengali30</b><br>Test class: Trial.SideNav_Script</td>
<td></td>
<td>37</td>
<td>Trial.SideNav_Script@2657d4dd</td></tr>
<tr>
<td title='Trial.LiveStream_script.livestreamemojis13()'><b>livestreamemojis13</b><br>Test class: Trial.LiveStream_script</td>
<td></td>
<td>58</td>
<td>Trial.LiveStream_script@f58853c</td></tr>
<tr>
<td title='Trial.Video_Script.VideoPlayerComment7()'><b>VideoPlayerComment7</b><br>Test class: Trial.Video_Script</td>
<td></td>
<td>30</td>
<td>Trial.Video_Script@6f36c2f0</td></tr>
<tr>
<td title='Trial.LiveStream_script.livestreamwatchandwin6()'><b>livestreamwatchandwin6</b><br>Test class: Trial.LiveStream_script</td>
<td></td>
<td>37</td>
<td>Trial.LiveStream_script@f58853c</td></tr>
<tr>
<td title='Trial.LiveStream_script.ProStreamOpenedFanRank22()'><b>ProStreamOpenedFanRank22</b><br>Test class: Trial.LiveStream_script</td>
<td></td>
<td>56</td>
<td>Trial.LiveStream_script@f58853c</td></tr>
<tr>
<td title='Trial.Reel_Script.CentralReelsScroll50TimesAndTest8()'><b>CentralReelsScroll50TimesAndTest8</b><br>Test class: Trial.Reel_Script</td>
<td></td>
<td>617</td>
<td>Trial.Reel_Script@1224144a</td></tr>
<tr>
<td title='Trial.Video_Script.searchvideoplayerLikeWatchNWin11()'><b>searchvideoplayerLikeWatchNWin11</b><br>Test class: Trial.Video_Script</td>
<td></td>
<td>32</td>
<td>Trial.Video_Script@6f36c2f0</td></tr>
<tr>
<td title='Trial.LiveStream_script.ProCreatorTagOnJonthanTest28()'><b>ProCreatorTagOnJonthanTest28</b><br>Test class: Trial.LiveStream_script</td>
<td></td>
<td>13</td>
<td>Trial.LiveStream_script@f58853c</td></tr>
<tr>
<td title='Trial.Reel_Script.OthersProfileReellTest6()'><b>OthersProfileReellTest6</b><br>Test class: Trial.Reel_Script</td>
<td></td>
<td>192</td>
<td>Trial.Reel_Script@1224144a</td></tr>
<tr>
<td title='Trial.Video_Script.SearchVideoPIP21()'><b>SearchVideoPIP21</b><br>Test class: Trial.Video_Script</td>
<td></td>
<td>49</td>
<td>Trial.Video_Script@6f36c2f0</td></tr>
<tr>
<td title='Trial.SideNav_Script.SidenNavOffersTask10()'><b>SidenNavOffersTask10</b><br>Test class: Trial.SideNav_Script</td>
<td></td>
<td>94</td>
<td>Trial.SideNav_Script@2657d4dd</td></tr>
<tr>
<td title='Trial.Video_Script.VideoQualitychangeafterPIP5()'><b>VideoQualitychangeafterPIP5</b><br>Test class: Trial.Video_Script</td>
<td></td>
<td>132</td>
<td>Trial.Video_Script@6f36c2f0</td></tr>
<tr>
<td title='Trial.LiveStream_script.livestreaminetractivemoreIRL8()'><b>livestreaminetractivemoreIRL8</b><br>Test class: Trial.LiveStream_script</td>
<td></td>
<td>15</td>
<td>Trial.LiveStream_script@f58853c</td></tr>
<tr>
<td title='Trial.SideNav_Script.SidenNavImageupload7()'><b>SidenNavImageupload7</b><br>Test class: Trial.SideNav_Script</td>
<td></td>
<td>7</td>
<td>Trial.SideNav_Script@2657d4dd</td></tr>
<tr>
<td title='Trial.Video_Script.VideoMiniPlayerTabSwittch9()'><b>VideoMiniPlayerTabSwittch9</b><br>Test class: Trial.Video_Script</td>
<td></td>
<td>250</td>
<td>Trial.Video_Script@6f36c2f0</td></tr>
<tr>
<td title='Trial.LiveStream_script.liveplayershare12()'><b>liveplayershare12</b><br>Test class: Trial.LiveStream_script</td>
<td></td>
<td>20</td>
<td>Trial.LiveStream_script@f58853c</td></tr>
<tr>
<td title='Trial.Reel_Script.OthersPofileReelScroll10()'><b>OthersPofileReelScroll10</b><br>Test class: Trial.Reel_Script</td>
<td></td>
<td>91</td>
<td>Trial.Reel_Script@1224144a</td></tr>
<tr>
<td title='Trial.Video_Script.Videotagsandtimer191()'><b>Videotagsandtimer191</b><br>Test class: Trial.Video_Script</td>
<td></td>
<td>13</td>
<td>Trial.Video_Script@6f36c2f0</td></tr>
<tr>
<td title='Trial.Reel_Script.HorizontalReelTestAfterMiniPlayer14()'><b>HorizontalReelTestAfterMiniPlayer14</b><br>Test class: Trial.Reel_Script</td>
<td></td>
<td>339</td>
<td>Trial.Reel_Script@1224144a</td></tr>
<tr>
<td title='Trial.LiveStream_script.ProCreatorTagoProfileTest20()'><b>ProCreatorTagoProfileTest20</b><br>Test class: Trial.LiveStream_script</td>
<td></td>
<td>12</td>
<td>Trial.LiveStream_script@f58853c</td></tr>
<tr>
<td title='Trial.Reel_Script.ReelUploadNewReel16()'><b>ReelUploadNewReel16</b><br>Test class: Trial.Reel_Script</td>
<td></td>
<td>52</td>
<td>Trial.Reel_Script@1224144a</td></tr>
<tr>
<td title='Trial.SideNav_Script.ChangeCommunicationEmailId26()'><b>ChangeCommunicationEmailId26</b><br>Test class: Trial.SideNav_Script</td>
<td></td>
<td>18</td>
<td>Trial.SideNav_Script@2657d4dd</td></tr>
<tr>
<td title='Trial.SideNav_Script.SidenNavChangeBio15()'><b>SidenNavChangeBio15</b><br>Test class: Trial.SideNav_Script</td>
<td></td>
<td>17</td>
<td>Trial.SideNav_Script@2657d4dd</td></tr>
<tr>
<td title='Trial.Reel_Script.ReelsAfterComingFromBackgroundTooLong20()'><b>ReelsAfterComingFromBackgroundTooLong20</b><br>Test class: Trial.Reel_Script</td>
<td></td>
<td>131</td>
<td>Trial.Reel_Script@1224144a</td></tr>
<tr>
<td title='Trial.Video_Script.VideoPIPtofullscreentest2()'><b>VideoPIPtofullscreentest2</b><br>Test class: Trial.Video_Script</td>
<td></td>
<td>182</td>
<td>Trial.Video_Script@6f36c2f0</td></tr>
<tr>
<td title='Trial.Video_Script.MinecraftSearchVideolikecommentandsharecount19()'><b>MinecraftSearchVideolikecommentandsharecount19</b><br>Test class: Trial.Video_Script</td>
<td></td>
<td>44</td>
<td>Trial.Video_Script@6f36c2f0</td></tr>
<tr>
<td title='Trial.Reel_Script.ReelsftercomingfromBackground19()'><b>ReelsftercomingfromBackground19</b><br>Test class: Trial.Reel_Script</td>
<td></td>
<td>157</td>
<td>Trial.Reel_Script@1224144a</td></tr>
<tr>
<td title='Trial.SideNav_Script.SidenNavWatccchHistory12()'><b>SidenNavWatccchHistory12</b><br>Test class: Trial.SideNav_Script</td>
<td></td>
<td>154</td>
<td>Trial.SideNav_Script@2657d4dd</td></tr>
<tr>
<td title='Trial.Reel_Script.ReelTestAfterLiveStreamMiniPlayer13()'><b>ReelTestAfterLiveStreamMiniPlayer13</b><br>Test class: Trial.Reel_Script</td>
<td></td>
<td>469</td>
<td>Trial.Reel_Script@1224144a</td></tr>
<tr>
<td title='Trial.SideNav_Script.NormalLiveStream18()'><b>NormalLiveStream18</b><br>Test class: Trial.SideNav_Script</td>
<td></td>
<td>54</td>
<td>Trial.SideNav_Script@2657d4dd</td></tr>
<tr>
<td title='Trial.SideNav_Script.SidenNavCreateVideo2()'><b>SidenNavCreateVideo2</b><br>Test class: Trial.SideNav_Script</td>
<td></td>
<td>5</td>
<td>Trial.SideNav_Script@2657d4dd</td></tr>
<tr>
<td title='Trial.Reel_Script.SearchReelTest2()'><b>SearchReelTest2</b><br>Test class: Trial.Reel_Script</td>
<td></td>
<td>492</td>
<td>Trial.Reel_Script@1224144a</td></tr>
<tr>
<td title='Trial.Video_Script.Videoplayermuteunute16()'><b>Videoplayermuteunute16</b><br>Test class: Trial.Video_Script</td>
<td></td>
<td>39</td>
<td>Trial.Video_Script@6f36c2f0</td></tr>
<tr>
<td title='Trial.SideNav_Script.day7buypro338()'><b>day7buypro338</b><br>Test class: Trial.SideNav_Script</td>
<td></td>
<td>0</td>
<td>Trial.SideNav_Script@2657d4dd</td></tr>
<tr>
<td title='Trial.SideNav_Script.SidenNavlightTheme16()'><b>SidenNavlightTheme16</b><br>Test class: Trial.SideNav_Script</td>
<td></td>
<td>2</td>
<td>Trial.SideNav_Script@2657d4dd</td></tr>
<tr>
<td title='Trial.LiveStream_script.livestreamGiftsticker15()'><b>livestreamGiftsticker15</b><br>Test class: Trial.LiveStream_script</td>
<td></td>
<td>108</td>
<td>Trial.LiveStream_script@f58853c</td></tr>
<tr>
<td title='Trial.LiveStream_script.MidtioerRecordedStreamForProUsers30()'><b>MidtioerRecordedStreamForProUsers30</b><br>Test class: Trial.LiveStream_script</td>
<td></td>
<td>68</td>
<td>Trial.LiveStream_script@f58853c</td></tr>
<tr>
<td title='Trial.SideNav_Script.SidenNavcChangeContentlocaleTamil28()'><b>SidenNavcChangeContentlocaleTamil28</b><br>Test class: Trial.SideNav_Script</td>
<td></td>
<td>42</td>
<td>Trial.SideNav_Script@2657d4dd</td></tr>
<tr>
<td title='Trial.LiveStream_script.liveStreamfreeStickerDonate16()'><b>liveStreamfreeStickerDonate16</b><br>Test class: Trial.LiveStream_script</td>
<td></td>
<td>127</td>
<td>Trial.LiveStream_script@f58853c</td></tr>
<tr>
<td title='Trial.SideNav_Script.SidenNavchnageFavoriteGame3()'><b>SidenNavchnageFavoriteGame3</b><br>Test class: Trial.SideNav_Script</td>
<td></td>
<td>10</td>
<td>Trial.SideNav_Script@2657d4dd</td></tr>
<tr>
<td title='Trial.Reel_Script.CentralReelTest1()'><b>CentralReelTest1</b><br>Test class: Trial.Reel_Script</td>
<td></td>
<td>407</td>
<td>Trial.Reel_Script@1224144a</td></tr>
<tr>
<td title='Trial.Video_Script.VideoWatcchAndWinCoinsDetailsandRecommededVideo8()'><b>VideoWatcchAndWinCoinsDetailsandRecommededVideo8</b><br>Test class: Trial.Video_Script</td>
<td></td>
<td>103</td>
<td>Trial.Video_Script@6f36c2f0</td></tr>
<tr>
<td title='Trial.Reel_Script.ReelsTestAfterTabsSwitch7()'><b>ReelsTestAfterTabsSwitch7</b><br>Test class: Trial.Reel_Script</td>
<td></td>
<td>658</td>
<td>Trial.Reel_Script@1224144a</td></tr>
<tr>
<td title='Trial.LiveStream_script.Livebuttonotimeronstreaminprotab10()'><b>Livebuttonotimeronstreaminprotab10</b><br>Test class: Trial.LiveStream_script</td>
<td></td>
<td>27</td>
<td>Trial.LiveStream_script@f58853c</td></tr>
<tr>
<td title='Trial.Reel_Script.ReelDelete15()'><b>ReelDelete15</b><br>Test class: Trial.Reel_Script</td>
<td></td>
<td>8</td>
<td>Trial.Reel_Script@1224144a</td></tr>
<tr>
<td title='Trial.SideNav_Script.SidenNavcChangeContentlocaleMarathi31()'><b>SidenNavcChangeContentlocaleMarathi31</b><br>Test class: Trial.SideNav_Script</td>
<td></td>
<td>42</td>
<td>Trial.SideNav_Script@2657d4dd</td></tr>
<tr>
<td title='Trial.SideNav_Script.SidenNavChangeLocation14()'><b>SidenNavChangeLocation14</b><br>Test class: Trial.SideNav_Script</td>
<td></td>
<td>19</td>
<td>Trial.SideNav_Script@2657d4dd</td></tr>
<tr>
<td title='Trial.SideNav_Script.SidenNavcChangeContentlocaleTelugu29()'><b>SidenNavcChangeContentlocaleTelugu29</b><br>Test class: Trial.SideNav_Script</td>
<td></td>
<td>39</td>
<td>Trial.SideNav_Script@2657d4dd</td></tr>
<tr>
<td title='Trial.LiveStream_script.LivebuttonotimeronstreamINSEARCH11()'><b>LivebuttonotimeronstreamINSEARCH11</b><br>Test class: Trial.LiveStream_script</td>
<td></td>
<td>52</td>
<td>Trial.LiveStream_script@f58853c</td></tr>
<tr>
<td title='Trial.Video_Script.VideoPlayerTimerMuteButton18()'><b>VideoPlayerTimerMuteButton18</b><br>Test class: Trial.Video_Script</td>
<td></td>
<td>60</td>
<td>Trial.Video_Script@6f36c2f0</td></tr>
<tr>
<td title='Trial.SideNav_Script.SidenNavDarkTheme17()'><b>SidenNavDarkTheme17</b><br>Test class: Trial.SideNav_Script</td>
<td></td>
<td>3</td>
<td>Trial.SideNav_Script@2657d4dd</td></tr>
<tr>
<td title='Trial.SideNav_Script.DonationLeaderbaord39()'><b>DonationLeaderbaord39</b><br>Test class: Trial.SideNav_Script</td>
<td></td>
<td>9</td>
<td>Trial.SideNav_Script@2657d4dd</td></tr>
<tr>
<td title='Trial.SideNav_Script.SidenNavcChangeContentlocaleKannda32()'><b>SidenNavcChangeContentlocaleKannda32</b><br>Test class: Trial.SideNav_Script</td>
<td></td>
<td>40</td>
<td>Trial.SideNav_Script@2657d4dd</td></tr>
<tr>
<td title='Trial.LiveStream_script.MissedTabContentisplaying26()'><b>MissedTabContentisplaying26</b><br>Test class: Trial.LiveStream_script</td>
<td></td>
<td>33</td>
<td>Trial.LiveStream_script@f58853c</td></tr>
<tr>
<td title='Trial.SideNav_Script.SideNavContest5()'><b>SideNavContest5</b><br>Test class: Trial.SideNav_Script</td>
<td></td>
<td>7</td>
<td>Trial.SideNav_Script@2657d4dd</td></tr>
<tr>
<td title='Trial.LiveStream_script.ProStreamComment19()'><b>ProStreamComment19</b><br>Test class: Trial.LiveStream_script</td>
<td></td>
<td>15</td>
<td>Trial.LiveStream_script@f58853c</td></tr>
<tr>
<td title='Trial.SideNav_Script.SidenNavcChangeContentlocaleHindi33()'><b>SidenNavcChangeContentlocaleHindi33</b><br>Test class: Trial.SideNav_Script</td>
<td></td>
<td>41</td>
<td>Trial.SideNav_Script@2657d4dd</td></tr>
<tr>
<td title='Trial.Video_Script.IRLSearchVideoTest12()'><b>IRLSearchVideoTest12</b><br>Test class: Trial.Video_Script</td>
<td></td>
<td>19</td>
<td>Trial.Video_Script@6f36c2f0</td></tr>
<tr>
<td title='Trial.SideNav_Script.RedeemCouponCopy22()'><b>RedeemCouponCopy22</b><br>Test class: Trial.SideNav_Script</td>
<td></td>
<td>0</td>
<td>Trial.SideNav_Script@2657d4dd</td></tr>
<tr>
<td title='Trial.Reel_Script.Reelsftertabswitch18()'><b>Reelsftertabswitch18</b><br>Test class: Trial.Reel_Script</td>
<td></td>
<td>132</td>
<td>Trial.Reel_Script@1224144a</td></tr>
<tr>
<td title='Trial.Video_Script.tearDown()'><b>tearDown</b><br>Test class: Trial.Video_Script</td>
<td></td>
<td>0</td>
<td>Trial.Video_Script@6f36c2f0</td></tr>
<tr>
<td title='Trial.Reel_Script.ReelOpenfromVideoRecommendationse17()'><b>ReelOpenfromVideoRecommendationse17</b><br>Test class: Trial.Reel_Script</td>
<td></td>
<td>484</td>
<td>Trial.Reel_Script@1224144a</td></tr>
</table><p>
<table width='100%' border='1' class='invocation-skipped'>
<tr><td colspan='4' align='center'><b>SKIPPED TESTS</b></td></tr>
<tr><td><b>Test method</b></td>
<td><b>Attribute(s)</b></td>
<td width="30%"><b>Exception</b></td>
<td width="10%"><b>Time (seconds)</b></td>
<td><b>Instance</b></td>
</tr>
<tr>
<td title='Trial.LiveStream_script.liveplayerFanrank4()'><b>liveplayerFanrank4</b><br>Test class: Trial.LiveStream_script</td>
<td><div><pre>org.openqa.selenium.NoSuchElementException: An element could not be located on the page using the given search parameters.
For documentation on this error, please visit: https://www.selenium.dev/documentation/webdriver/troubleshooting/errors#no-such-element-exception
Build info: version: &apos;4.16.1&apos;, revision: &apos;9b4c83354e&apos;
System info: os.name: &apos;Mac OS X&apos;, os.arch: &apos;x86_64&apos;, os.version: &apos;15.7&apos;, java.version: &apos;17.0.7&apos;
Driver info: io.appium.java_client.android.AndroidDriver
Command: [921ab320-8c65-4052-a2a3-54237f760409, findElement {using=-android uiautomator, value=new UiScrollable(new UiSelector().resourceId(&quot;com.threesixteen.app:id/layout_fan_rank&quot;)).setAsHorizontalList().scrollForward(3)}]
Capabilities {appium:appActivity: com.threesixteen.app.ui.act..., appium:appPackage: com.threesixteen.app, appium:autoGrantPermissions: true, appium:automationName: UiAutomator2, appium:databaseEnabled: false, appium:desired: {appActivity: com.threesixteen.app.ui.act..., appPackage: com.threesixteen.app, autoGrantPermissions: true, automationName: UiAutomator2, disableSuppressAccessibilityService: true, ignoreHiddenApiPolicyError: true, noReset: true, platformName: ANDROID, platformVersion: 14}, appium:deviceApiLevel: 34, appium:deviceManufacturer: vivo, appium:deviceModel: I2127, appium:deviceName: 13793294180004Z, appium:deviceScreenDensity: 440, appium:deviceScreenSize: 1080x2408, appium:deviceUDID: 13793294180004Z, appium:disableSuppressAccessibilityService: true, appium:ignoreHiddenApiPolicyError: true, appium:javascriptEnabled: true, appium:locationContextEnabled: false, appium:networkConnectionEnabled: true, appium:noReset: true, appium:pixelRatio: 2.75, appium:platformVersion: 14, appium:statBarHeight: 88, appium:takesScreenshot: true, appium:viewportRect: {height: 2138, left: 0, top: 88, width: 1080}, appium:warnings: {}, appium:webStorageEnabled: false, platformName: ANDROID}
Session ID: 921ab320-8c65-4052-a2a3-54237f760409
	at org.openqa.selenium.remote.codec.w3c.W3CHttpResponseCodec.createException(W3CHttpResponseCodec.java:200)
	at org.openqa.selenium.remote.codec.w3c.W3CHttpResponseCodec.decode(W3CHttpResponseCodec.java:133)
	at org.openqa.selenium.remote.codec.w3c.W3CHttpResponseCodec.decode(W3CHttpResponseCodec.java:52)
	at org.openqa.selenium.remote.HttpCommandExecutor.execute(HttpCommandExecutor.java:191)
	at io.appium.java_client.remote.AppiumCommandExecutor.execute(AppiumCommandExecutor.java:237)
	at org.openqa.selenium.remote.RemoteWebDriver.execute(RemoteWebDriver.java:523)
	at org.openqa.selenium.remote.ElementLocation$ElementFinder$2.findElement(ElementLocation.java:165)
	at org.openqa.selenium.remote.ElementLocation.findElement(ElementLocation.java:66)
	at org.openqa.selenium.remote.RemoteWebDriver.findElement(RemoteWebDriver.java:360)
	at org.openqa.selenium.remote.RemoteWebDriver.findElement(RemoteWebDriver.java:354)
	at Trial.LiveStream_script.liveplayerFanrank4(LiveStream_script.java:210)
	at java.base/java.util.ArrayList.forEach(ArrayList.java:1511)
... Removed 31 stack frames</pre></div><a href='#' onClick='toggleBox("stack-trace2141685494", this, "Click to show all stack frames", "Click to hide stack frames")'>Click to show all stack frames</a>
<div class='stack-trace' id='stack-trace2141685494'><pre>org.openqa.selenium.NoSuchElementException: An element could not be located on the page using the given search parameters.
For documentation on this error, please visit: https://www.selenium.dev/documentation/webdriver/troubleshooting/errors#no-such-element-exception
Build info: version: &apos;4.16.1&apos;, revision: &apos;9b4c83354e&apos;
System info: os.name: &apos;Mac OS X&apos;, os.arch: &apos;x86_64&apos;, os.version: &apos;15.7&apos;, java.version: &apos;17.0.7&apos;
Driver info: io.appium.java_client.android.AndroidDriver
Command: [921ab320-8c65-4052-a2a3-54237f760409, findElement {using=-android uiautomator, value=new UiScrollable(new UiSelector().resourceId(&quot;com.threesixteen.app:id/layout_fan_rank&quot;)).setAsHorizontalList().scrollForward(3)}]
Capabilities {appium:appActivity: com.threesixteen.app.ui.act..., appium:appPackage: com.threesixteen.app, appium:autoGrantPermissions: true, appium:automationName: UiAutomator2, appium:databaseEnabled: false, appium:desired: {appActivity: com.threesixteen.app.ui.act..., appPackage: com.threesixteen.app, autoGrantPermissions: true, automationName: UiAutomator2, disableSuppressAccessibilityService: true, ignoreHiddenApiPolicyError: true, noReset: true, platformName: ANDROID, platformVersion: 14}, appium:deviceApiLevel: 34, appium:deviceManufacturer: vivo, appium:deviceModel: I2127, appium:deviceName: 13793294180004Z, appium:deviceScreenDensity: 440, appium:deviceScreenSize: 1080x2408, appium:deviceUDID: 13793294180004Z, appium:disableSuppressAccessibilityService: true, appium:ignoreHiddenApiPolicyError: true, appium:javascriptEnabled: true, appium:locationContextEnabled: false, appium:networkConnectionEnabled: true, appium:noReset: true, appium:pixelRatio: 2.75, appium:platformVersion: 14, appium:statBarHeight: 88, appium:takesScreenshot: true, appium:viewportRect: {height: 2138, left: 0, top: 88, width: 1080}, appium:warnings: {}, appium:webStorageEnabled: false, platformName: ANDROID}
Session ID: 921ab320-8c65-4052-a2a3-54237f760409
	at jdk.internal.reflect.GeneratedConstructorAccessor12.newInstance(Unknown Source)
	at java.base/jdk.internal.reflect.DelegatingConstructorAccessorImpl.newInstance(DelegatingConstructorAccessorImpl.java:45)
	at java.base/java.lang.reflect.Constructor.newInstanceWithCaller(Constructor.java:499)
	at java.base/java.lang.reflect.Constructor.newInstance(Constructor.java:480)
	at org.openqa.selenium.remote.codec.w3c.W3CHttpResponseCodec.createException(W3CHttpResponseCodec.java:200)
	at org.openqa.selenium.remote.codec.w3c.W3CHttpResponseCodec.decode(W3CHttpResponseCodec.java:133)
	at org.openqa.selenium.remote.codec.w3c.W3CHttpResponseCodec.decode(W3CHttpResponseCodec.java:52)
	at org.openqa.selenium.remote.HttpCommandExecutor.execute(HttpCommandExecutor.java:191)
	at io.appium.java_client.remote.AppiumCommandExecutor.execute(AppiumCommandExecutor.java:237)
	at org.openqa.selenium.remote.RemoteWebDriver.execute(RemoteWebDriver.java:523)
	at org.openqa.selenium.remote.ElementLocation$ElementFinder$2.findElement(ElementLocation.java:165)
	at org.openqa.selenium.remote.ElementLocation.findElement(ElementLocation.java:66)
	at org.openqa.selenium.remote.RemoteWebDriver.findElement(RemoteWebDriver.java:360)
	at org.openqa.selenium.remote.RemoteWebDriver.findElement(RemoteWebDriver.java:354)
	at Trial.LiveStream_script.liveplayerFanrank4(LiveStream_script.java:210)
	at java.base/jdk.internal.reflect.NativeMethodAccessorImpl.invoke0(Native Method)
	at java.base/jdk.internal.reflect.NativeMethodAccessorImpl.invoke(NativeMethodAccessorImpl.java:77)
	at java.base/jdk.internal.reflect.DelegatingMethodAccessorImpl.invoke(DelegatingMethodAccessorImpl.java:43)
	at java.base/java.lang.reflect.Method.invoke(Method.java:568)
	at org.testng.internal.invokers.MethodInvocationHelper.invokeMethod(MethodInvocationHelper.java:139)
	at org.testng.internal.invokers.TestInvoker.invokeMethod(TestInvoker.java:664)
	at org.testng.internal.invokers.TestInvoker.invokeTestMethod(TestInvoker.java:227)
	at org.testng.internal.invokers.MethodRunner.runInSequence(MethodRunner.java:50)
	at org.testng.internal.invokers.TestInvoker$MethodInvocationAgent.invoke(TestInvoker.java:957)
	at org.testng.internal.invokers.TestInvoker.invokeTestMethods(TestInvoker.java:200)
	at org.testng.internal.invokers.TestMethodWorker.invokeTestMethods(TestMethodWorker.java:148)
	at org.testng.internal.invokers.TestMethodWorker.run(TestMethodWorker.java:128)
	at java.base/java.util.ArrayList.forEach(ArrayList.java:1511)
	at org.testng.TestRunner.privateRun(TestRunner.java:848)
	at org.testng.TestRunner.run(TestRunner.java:621)
	at org.testng.SuiteRunner.runTest(SuiteRunner.java:443)
	at org.testng.SuiteRunner.runSequentially(SuiteRunner.java:437)
	at org.testng.SuiteRunner.privateRun(SuiteRunner.java:397)
	at org.testng.SuiteRunner.run(SuiteRunner.java:336)
	at org.testng.SuiteRunnerWorker.runSuite(SuiteRunnerWorker.java:52)
	at org.testng.SuiteRunnerWorker.run(SuiteRunnerWorker.java:95)
	at org.testng.TestNG.runSuitesSequentially(TestNG.java:1280)
	at org.testng.TestNG.runSuitesLocally(TestNG.java:1200)
	at org.testng.TestNG.runSuites(TestNG.java:1114)
	at org.testng.TestNG.run(TestNG.java:1082)
	at org.testng.remote.AbstractRemoteTestNG.run(AbstractRemoteTestNG.java:115)
	at org.testng.remote.RemoteTestNG.initAndRun(RemoteTestNG.java:251)
	at org.testng.remote.RemoteTestNG.main(RemoteTestNG.java:77)
</pre></div></td>
<td>33</td>
<td>Trial.LiveStream_script@f58853c</td></tr>
<tr>
<td title='Trial.LiveStream_script.FreePreviewTimerForPro31()'><b>FreePreviewTimerForPro31</b><br>Test class: Trial.LiveStream_script</td>
<td><div><pre>org.openqa.selenium.TimeoutException: Expected condition failed: waiting for Trial.Functions$2@e9a24b9 (tried for 200 second(s) with 500 milliseconds interval)
Build info: version: &apos;4.16.1&apos;, revision: &apos;9b4c83354e&apos;
System info: os.name: &apos;Mac OS X&apos;, os.arch: &apos;x86_64&apos;, os.version: &apos;15.7&apos;, java.version: &apos;17.0.7&apos;
Driver info: io.appium.java_client.android.AndroidDriver
Capabilities {appium:appActivity: com.threesixteen.app.ui.act..., appium:appPackage: com.threesixteen.app, appium:autoGrantPermissions: true, appium:automationName: UiAutomator2, appium:databaseEnabled: false, appium:desired: {appActivity: com.threesixteen.app.ui.act..., appPackage: com.threesixteen.app, autoGrantPermissions: true, automationName: UiAutomator2, disableSuppressAccessibilityService: true, ignoreHiddenApiPolicyError: true, noReset: true, platformName: ANDROID, platformVersion: 14}, appium:deviceApiLevel: 34, appium:deviceManufacturer: vivo, appium:deviceModel: I2127, appium:deviceName: 13793294180004Z, appium:deviceScreenDensity: 440, appium:deviceScreenSize: 1080x2408, appium:deviceUDID: 13793294180004Z, appium:disableSuppressAccessibilityService: true, appium:ignoreHiddenApiPolicyError: true, appium:javascriptEnabled: true, appium:locationContextEnabled: false, appium:networkConnectionEnabled: true, appium:noReset: true, appium:pixelRatio: 2.75, appium:platformVersion: 14, appium:statBarHeight: 88, appium:takesScreenshot: true, appium:viewportRect: {height: 2138, left: 0, top: 88, width: 1080}, appium:warnings: {}, appium:webStorageEnabled: false, platformName: ANDROID}
Session ID: 051c0b5e-65f1-41ae-b250-f0191d1d8d69
	at org.openqa.selenium.support.ui.WebDriverWait.timeoutException(WebDriverWait.java:84)
	at org.openqa.selenium.support.ui.FluentWait.until(FluentWait.java:229)
	at Trial.Functions.clickAndWaitForElementWithId(Functions.java:103)
	at Trial.LiveStream_script.FreePreviewTimerForPro31(LiveStream_script.java:1748)
	at java.base/java.util.ArrayList.forEach(ArrayList.java:1511)
... Removed 27 stack frames</pre></div><a href='#' onClick='toggleBox("stack-trace1147309926", this, "Click to show all stack frames", "Click to hide stack frames")'>Click to show all stack frames</a>
<div class='stack-trace' id='stack-trace1147309926'><pre>org.openqa.selenium.TimeoutException: Expected condition failed: waiting for Trial.Functions$2@e9a24b9 (tried for 200 second(s) with 500 milliseconds interval)
Build info: version: &apos;4.16.1&apos;, revision: &apos;9b4c83354e&apos;
System info: os.name: &apos;Mac OS X&apos;, os.arch: &apos;x86_64&apos;, os.version: &apos;15.7&apos;, java.version: &apos;17.0.7&apos;
Driver info: io.appium.java_client.android.AndroidDriver
Capabilities {appium:appActivity: com.threesixteen.app.ui.act..., appium:appPackage: com.threesixteen.app, appium:autoGrantPermissions: true, appium:automationName: UiAutomator2, appium:databaseEnabled: false, appium:desired: {appActivity: com.threesixteen.app.ui.act..., appPackage: com.threesixteen.app, autoGrantPermissions: true, automationName: UiAutomator2, disableSuppressAccessibilityService: true, ignoreHiddenApiPolicyError: true, noReset: true, platformName: ANDROID, platformVersion: 14}, appium:deviceApiLevel: 34, appium:deviceManufacturer: vivo, appium:deviceModel: I2127, appium:deviceName: 13793294180004Z, appium:deviceScreenDensity: 440, appium:deviceScreenSize: 1080x2408, appium:deviceUDID: 13793294180004Z, appium:disableSuppressAccessibilityService: true, appium:ignoreHiddenApiPolicyError: true, appium:javascriptEnabled: true, appium:locationContextEnabled: false, appium:networkConnectionEnabled: true, appium:noReset: true, appium:pixelRatio: 2.75, appium:platformVersion: 14, appium:statBarHeight: 88, appium:takesScreenshot: true, appium:viewportRect: {height: 2138, left: 0, top: 88, width: 1080}, appium:warnings: {}, appium:webStorageEnabled: false, platformName: ANDROID}
Session ID: 051c0b5e-65f1-41ae-b250-f0191d1d8d69
	at org.openqa.selenium.support.ui.WebDriverWait.timeoutException(WebDriverWait.java:84)
	at org.openqa.selenium.support.ui.FluentWait.until(FluentWait.java:229)
	at Trial.Functions.clickAndWaitForElementWithId(Functions.java:103)
	at Trial.LiveStream_script.FreePreviewTimerForPro31(LiveStream_script.java:1748)
	at java.base/jdk.internal.reflect.NativeMethodAccessorImpl.invoke0(Native Method)
	at java.base/jdk.internal.reflect.NativeMethodAccessorImpl.invoke(NativeMethodAccessorImpl.java:77)
	at java.base/jdk.internal.reflect.DelegatingMethodAccessorImpl.invoke(DelegatingMethodAccessorImpl.java:43)
	at java.base/java.lang.reflect.Method.invoke(Method.java:568)
	at org.testng.internal.invokers.MethodInvocationHelper.invokeMethod(MethodInvocationHelper.java:139)
	at org.testng.internal.invokers.TestInvoker.invokeMethod(TestInvoker.java:664)
	at org.testng.internal.invokers.TestInvoker.invokeTestMethod(TestInvoker.java:227)
	at org.testng.internal.invokers.MethodRunner.runInSequence(MethodRunner.java:50)
	at org.testng.internal.invokers.TestInvoker$MethodInvocationAgent.invoke(TestInvoker.java:957)
	at org.testng.internal.invokers.TestInvoker.invokeTestMethods(TestInvoker.java:200)
	at org.testng.internal.invokers.TestMethodWorker.invokeTestMethods(TestMethodWorker.java:148)
	at org.testng.internal.invokers.TestMethodWorker.run(TestMethodWorker.java:128)
	at java.base/java.util.ArrayList.forEach(ArrayList.java:1511)
	at org.testng.TestRunner.privateRun(TestRunner.java:848)
	at org.testng.TestRunner.run(TestRunner.java:621)
	at org.testng.SuiteRunner.runTest(SuiteRunner.java:443)
	at org.testng.SuiteRunner.runSequentially(SuiteRunner.java:437)
	at org.testng.SuiteRunner.privateRun(SuiteRunner.java:397)
	at org.testng.SuiteRunner.run(SuiteRunner.java:336)
	at org.testng.SuiteRunnerWorker.runSuite(SuiteRunnerWorker.java:52)
	at org.testng.SuiteRunnerWorker.run(SuiteRunnerWorker.java:95)
	at org.testng.TestNG.runSuitesSequentially(TestNG.java:1280)
	at org.testng.TestNG.runSuitesLocally(TestNG.java:1200)
	at org.testng.TestNG.runSuites(TestNG.java:1114)
	at org.testng.TestNG.run(TestNG.java:1082)
	at org.testng.remote.AbstractRemoteTestNG.run(AbstractRemoteTestNG.java:115)
	at org.testng.remote.RemoteTestNG.initAndRun(RemoteTestNG.java:251)
	at org.testng.remote.RemoteTestNG.main(RemoteTestNG.java:77)
</pre></div></td>
<td>202</td>
<td>Trial.LiveStream_script@f58853c</td></tr>
<tr>
<td title='Trial.SideNav_Script.SideNavCoinandDiamondlog27()'><b>SideNavCoinandDiamondlog27</b><br>Test class: Trial.SideNav_Script</td>
<td><div><pre>org.openqa.selenium.TimeoutException: Expected condition failed: waiting for Trial.Functions$2@53781df3 (tried for 200 second(s) with 500 milliseconds interval)
Build info: version: &apos;4.16.1&apos;, revision: &apos;9b4c83354e&apos;
System info: os.name: &apos;Mac OS X&apos;, os.arch: &apos;x86_64&apos;, os.version: &apos;15.7&apos;, java.version: &apos;17.0.7&apos;
Driver info: io.appium.java_client.android.AndroidDriver
Capabilities {appium:appActivity: com.threesixteen.app.ui.act..., appium:appPackage: com.threesixteen.app, appium:autoGrantPermissions: true, appium:automationName: UiAutomator2, appium:databaseEnabled: false, appium:desired: {appActivity: com.threesixteen.app.ui.act..., appPackage: com.threesixteen.app, autoGrantPermissions: true, automationName: UiAutomator2, disableSuppressAccessibilityService: true, ignoreHiddenApiPolicyError: true, noReset: true, platformName: ANDROID, platformVersion: 14}, appium:deviceApiLevel: 34, appium:deviceManufacturer: vivo, appium:deviceModel: I2127, appium:deviceName: 13793294180004Z, appium:deviceScreenDensity: 440, appium:deviceScreenSize: 1080x2408, appium:deviceUDID: 13793294180004Z, appium:disableSuppressAccessibilityService: true, appium:ignoreHiddenApiPolicyError: true, appium:javascriptEnabled: true, appium:locationContextEnabled: false, appium:networkConnectionEnabled: true, appium:noReset: true, appium:pixelRatio: 2.75, appium:platformVersion: 14, appium:statBarHeight: 88, appium:takesScreenshot: true, appium:viewportRect: {height: 2138, left: 0, top: 88, width: 1080}, appium:warnings: {}, appium:webStorageEnabled: false, platformName: ANDROID}
Session ID: b729a6a5-7476-4ade-9af7-7386fd7a3edb
	at org.openqa.selenium.support.ui.WebDriverWait.timeoutException(WebDriverWait.java:84)
	at org.openqa.selenium.support.ui.FluentWait.until(FluentWait.java:229)
	at Trial.Functions.clickAndWaitForElementWithId(Functions.java:103)
	at Trial.SideNav_Script.SideNavCoinandDiamondlog27(SideNav_Script.java:1295)
	at java.base/java.util.ArrayList.forEach(ArrayList.java:1511)
... Removed 27 stack frames</pre></div><a href='#' onClick='toggleBox("stack-trace560815216", this, "Click to show all stack frames", "Click to hide stack frames")'>Click to show all stack frames</a>
<div class='stack-trace' id='stack-trace560815216'><pre>org.openqa.selenium.TimeoutException: Expected condition failed: waiting for Trial.Functions$2@53781df3 (tried for 200 second(s) with 500 milliseconds interval)
Build info: version: &apos;4.16.1&apos;, revision: &apos;9b4c83354e&apos;
System info: os.name: &apos;Mac OS X&apos;, os.arch: &apos;x86_64&apos;, os.version: &apos;15.7&apos;, java.version: &apos;17.0.7&apos;
Driver info: io.appium.java_client.android.AndroidDriver
Capabilities {appium:appActivity: com.threesixteen.app.ui.act..., appium:appPackage: com.threesixteen.app, appium:autoGrantPermissions: true, appium:automationName: UiAutomator2, appium:databaseEnabled: false, appium:desired: {appActivity: com.threesixteen.app.ui.act..., appPackage: com.threesixteen.app, autoGrantPermissions: true, automationName: UiAutomator2, disableSuppressAccessibilityService: true, ignoreHiddenApiPolicyError: true, noReset: true, platformName: ANDROID, platformVersion: 14}, appium:deviceApiLevel: 34, appium:deviceManufacturer: vivo, appium:deviceModel: I2127, appium:deviceName: 13793294180004Z, appium:deviceScreenDensity: 440, appium:deviceScreenSize: 1080x2408, appium:deviceUDID: 13793294180004Z, appium:disableSuppressAccessibilityService: true, appium:ignoreHiddenApiPolicyError: true, appium:javascriptEnabled: true, appium:locationContextEnabled: false, appium:networkConnectionEnabled: true, appium:noReset: true, appium:pixelRatio: 2.75, appium:platformVersion: 14, appium:statBarHeight: 88, appium:takesScreenshot: true, appium:viewportRect: {height: 2138, left: 0, top: 88, width: 1080}, appium:warnings: {}, appium:webStorageEnabled: false, platformName: ANDROID}
Session ID: b729a6a5-7476-4ade-9af7-7386fd7a3edb
	at org.openqa.selenium.support.ui.WebDriverWait.timeoutException(WebDriverWait.java:84)
	at org.openqa.selenium.support.ui.FluentWait.until(FluentWait.java:229)
	at Trial.Functions.clickAndWaitForElementWithId(Functions.java:103)
	at Trial.SideNav_Script.SideNavCoinandDiamondlog27(SideNav_Script.java:1295)
	at java.base/jdk.internal.reflect.NativeMethodAccessorImpl.invoke0(Native Method)
	at java.base/jdk.internal.reflect.NativeMethodAccessorImpl.invoke(NativeMethodAccessorImpl.java:77)
	at java.base/jdk.internal.reflect.DelegatingMethodAccessorImpl.invoke(DelegatingMethodAccessorImpl.java:43)
	at java.base/java.lang.reflect.Method.invoke(Method.java:568)
	at org.testng.internal.invokers.MethodInvocationHelper.invokeMethod(MethodInvocationHelper.java:139)
	at org.testng.internal.invokers.TestInvoker.invokeMethod(TestInvoker.java:664)
	at org.testng.internal.invokers.TestInvoker.invokeTestMethod(TestInvoker.java:227)
	at org.testng.internal.invokers.MethodRunner.runInSequence(MethodRunner.java:50)
	at org.testng.internal.invokers.TestInvoker$MethodInvocationAgent.invoke(TestInvoker.java:957)
	at org.testng.internal.invokers.TestInvoker.invokeTestMethods(TestInvoker.java:200)
	at org.testng.internal.invokers.TestMethodWorker.invokeTestMethods(TestMethodWorker.java:148)
	at org.testng.internal.invokers.TestMethodWorker.run(TestMethodWorker.java:128)
	at java.base/java.util.ArrayList.forEach(ArrayList.java:1511)
	at org.testng.TestRunner.privateRun(TestRunner.java:848)
	at org.testng.TestRunner.run(TestRunner.java:621)
	at org.testng.SuiteRunner.runTest(SuiteRunner.java:443)
	at org.testng.SuiteRunner.runSequentially(SuiteRunner.java:437)
	at org.testng.SuiteRunner.privateRun(SuiteRunner.java:397)
	at org.testng.SuiteRunner.run(SuiteRunner.java:336)
	at org.testng.SuiteRunnerWorker.runSuite(SuiteRunnerWorker.java:52)
	at org.testng.SuiteRunnerWorker.run(SuiteRunnerWorker.java:95)
	at org.testng.TestNG.runSuitesSequentially(TestNG.java:1280)
	at org.testng.TestNG.runSuitesLocally(TestNG.java:1200)
	at org.testng.TestNG.runSuites(TestNG.java:1114)
	at org.testng.TestNG.run(TestNG.java:1082)
	at org.testng.remote.AbstractRemoteTestNG.run(AbstractRemoteTestNG.java:115)
	at org.testng.remote.RemoteTestNG.initAndRun(RemoteTestNG.java:251)
	at org.testng.remote.RemoteTestNG.main(RemoteTestNG.java:77)
</pre></div></td>
<td>209</td>
<td>Trial.SideNav_Script@2657d4dd</td></tr>
<tr>
<td title='Trial.LiveStream_script.ProStreamPIP24()'><b>ProStreamPIP24</b><br>Test class: Trial.LiveStream_script</td>
<td><div><pre>org.openqa.selenium.TimeoutException: Expected condition failed: waiting for Trial.Functions$2@416a63c9 (tried for 200 second(s) with 500 milliseconds interval)
Build info: version: &apos;4.16.1&apos;, revision: &apos;9b4c83354e&apos;
System info: os.name: &apos;Mac OS X&apos;, os.arch: &apos;x86_64&apos;, os.version: &apos;15.7&apos;, java.version: &apos;17.0.7&apos;
Driver info: io.appium.java_client.android.AndroidDriver
Capabilities {appium:appActivity: com.threesixteen.app.ui.act..., appium:appPackage: com.threesixteen.app, appium:autoGrantPermissions: true, appium:automationName: UiAutomator2, appium:databaseEnabled: false, appium:desired: {appActivity: com.threesixteen.app.ui.act..., appPackage: com.threesixteen.app, autoGrantPermissions: true, automationName: UiAutomator2, disableSuppressAccessibilityService: true, ignoreHiddenApiPolicyError: true, noReset: true, platformName: ANDROID, platformVersion: 14}, appium:deviceApiLevel: 34, appium:deviceManufacturer: vivo, appium:deviceModel: I2127, appium:deviceName: 13793294180004Z, appium:deviceScreenDensity: 440, appium:deviceScreenSize: 1080x2408, appium:deviceUDID: 13793294180004Z, appium:disableSuppressAccessibilityService: true, appium:ignoreHiddenApiPolicyError: true, appium:javascriptEnabled: true, appium:locationContextEnabled: false, appium:networkConnectionEnabled: true, appium:noReset: true, appium:pixelRatio: 2.75, appium:platformVersion: 14, appium:statBarHeight: 88, appium:takesScreenshot: true, appium:viewportRect: {height: 2138, left: 0, top: 88, width: 1080}, appium:warnings: {}, appium:webStorageEnabled: false, platformName: ANDROID}
Session ID: b8e15ef4-4b53-4f42-a432-01494b4db073
	at org.openqa.selenium.support.ui.WebDriverWait.timeoutException(WebDriverWait.java:84)
	at org.openqa.selenium.support.ui.FluentWait.until(FluentWait.java:229)
	at Trial.Functions.clickAndWaitForElementWithId(Functions.java:103)
	at Trial.LiveStream_script.ProStreamPIP24(LiveStream_script.java:1294)
	at java.base/java.util.ArrayList.forEach(ArrayList.java:1511)
... Removed 27 stack frames</pre></div><a href='#' onClick='toggleBox("stack-trace1467141663", this, "Click to show all stack frames", "Click to hide stack frames")'>Click to show all stack frames</a>
<div class='stack-trace' id='stack-trace1467141663'><pre>org.openqa.selenium.TimeoutException: Expected condition failed: waiting for Trial.Functions$2@416a63c9 (tried for 200 second(s) with 500 milliseconds interval)
Build info: version: &apos;4.16.1&apos;, revision: &apos;9b4c83354e&apos;
System info: os.name: &apos;Mac OS X&apos;, os.arch: &apos;x86_64&apos;, os.version: &apos;15.7&apos;, java.version: &apos;17.0.7&apos;
Driver info: io.appium.java_client.android.AndroidDriver
Capabilities {appium:appActivity: com.threesixteen.app.ui.act..., appium:appPackage: com.threesixteen.app, appium:autoGrantPermissions: true, appium:automationName: UiAutomator2, appium:databaseEnabled: false, appium:desired: {appActivity: com.threesixteen.app.ui.act..., appPackage: com.threesixteen.app, autoGrantPermissions: true, automationName: UiAutomator2, disableSuppressAccessibilityService: true, ignoreHiddenApiPolicyError: true, noReset: true, platformName: ANDROID, platformVersion: 14}, appium:deviceApiLevel: 34, appium:deviceManufacturer: vivo, appium:deviceModel: I2127, appium:deviceName: 13793294180004Z, appium:deviceScreenDensity: 440, appium:deviceScreenSize: 1080x2408, appium:deviceUDID: 13793294180004Z, appium:disableSuppressAccessibilityService: true, appium:ignoreHiddenApiPolicyError: true, appium:javascriptEnabled: true, appium:locationContextEnabled: false, appium:networkConnectionEnabled: true, appium:noReset: true, appium:pixelRatio: 2.75, appium:platformVersion: 14, appium:statBarHeight: 88, appium:takesScreenshot: true, appium:viewportRect: {height: 2138, left: 0, top: 88, width: 1080}, appium:warnings: {}, appium:webStorageEnabled: false, platformName: ANDROID}
Session ID: b8e15ef4-4b53-4f42-a432-01494b4db073
	at org.openqa.selenium.support.ui.WebDriverWait.timeoutException(WebDriverWait.java:84)
	at org.openqa.selenium.support.ui.FluentWait.until(FluentWait.java:229)
	at Trial.Functions.clickAndWaitForElementWithId(Functions.java:103)
	at Trial.LiveStream_script.ProStreamPIP24(LiveStream_script.java:1294)
	at java.base/jdk.internal.reflect.NativeMethodAccessorImpl.invoke0(Native Method)
	at java.base/jdk.internal.reflect.NativeMethodAccessorImpl.invoke(NativeMethodAccessorImpl.java:77)
	at java.base/jdk.internal.reflect.DelegatingMethodAccessorImpl.invoke(DelegatingMethodAccessorImpl.java:43)
	at java.base/java.lang.reflect.Method.invoke(Method.java:568)
	at org.testng.internal.invokers.MethodInvocationHelper.invokeMethod(MethodInvocationHelper.java:139)
	at org.testng.internal.invokers.TestInvoker.invokeMethod(TestInvoker.java:664)
	at org.testng.internal.invokers.TestInvoker.invokeTestMethod(TestInvoker.java:227)
	at org.testng.internal.invokers.MethodRunner.runInSequence(MethodRunner.java:50)
	at org.testng.internal.invokers.TestInvoker$MethodInvocationAgent.invoke(TestInvoker.java:957)
	at org.testng.internal.invokers.TestInvoker.invokeTestMethods(TestInvoker.java:200)
	at org.testng.internal.invokers.TestMethodWorker.invokeTestMethods(TestMethodWorker.java:148)
	at org.testng.internal.invokers.TestMethodWorker.run(TestMethodWorker.java:128)
	at java.base/java.util.ArrayList.forEach(ArrayList.java:1511)
	at org.testng.TestRunner.privateRun(TestRunner.java:848)
	at org.testng.TestRunner.run(TestRunner.java:621)
	at org.testng.SuiteRunner.runTest(SuiteRunner.java:443)
	at org.testng.SuiteRunner.runSequentially(SuiteRunner.java:437)
	at org.testng.SuiteRunner.privateRun(SuiteRunner.java:397)
	at org.testng.SuiteRunner.run(SuiteRunner.java:336)
	at org.testng.SuiteRunnerWorker.runSuite(SuiteRunnerWorker.java:52)
	at org.testng.SuiteRunnerWorker.run(SuiteRunnerWorker.java:95)
	at org.testng.TestNG.runSuitesSequentially(TestNG.java:1280)
	at org.testng.TestNG.runSuitesLocally(TestNG.java:1200)
	at org.testng.TestNG.runSuites(TestNG.java:1114)
	at org.testng.TestNG.run(TestNG.java:1082)
	at org.testng.remote.AbstractRemoteTestNG.run(AbstractRemoteTestNG.java:115)
	at org.testng.remote.RemoteTestNG.initAndRun(RemoteTestNG.java:251)
	at org.testng.remote.RemoteTestNG.main(RemoteTestNG.java:77)
</pre></div></td>
<td>222</td>
<td>Trial.LiveStream_script@f58853c</td></tr>
<tr>
<td title='Trial.SideNav_Script.SideNavcreateBtn6()'><b>SideNavcreateBtn6</b><br>Test class: Trial.SideNav_Script</td>
<td><div><pre>org.openqa.selenium.TimeoutException: Expected condition failed: waiting for Trial.Functions$2@3f3c5ecd (tried for 200 second(s) with 500 milliseconds interval)
Build info: version: &apos;4.16.1&apos;, revision: &apos;9b4c83354e&apos;
System info: os.name: &apos;Mac OS X&apos;, os.arch: &apos;x86_64&apos;, os.version: &apos;15.7&apos;, java.version: &apos;17.0.7&apos;
Driver info: io.appium.java_client.android.AndroidDriver
Capabilities {appium:appActivity: com.threesixteen.app.ui.act..., appium:appPackage: com.threesixteen.app, appium:autoGrantPermissions: true, appium:automationName: UiAutomator2, appium:databaseEnabled: false, appium:desired: {appActivity: com.threesixteen.app.ui.act..., appPackage: com.threesixteen.app, autoGrantPermissions: true, automationName: UiAutomator2, disableSuppressAccessibilityService: true, ignoreHiddenApiPolicyError: true, noReset: true, platformName: ANDROID, platformVersion: 14}, appium:deviceApiLevel: 34, appium:deviceManufacturer: vivo, appium:deviceModel: I2127, appium:deviceName: 13793294180004Z, appium:deviceScreenDensity: 440, appium:deviceScreenSize: 1080x2408, appium:deviceUDID: 13793294180004Z, appium:disableSuppressAccessibilityService: true, appium:ignoreHiddenApiPolicyError: true, appium:javascriptEnabled: true, appium:locationContextEnabled: false, appium:networkConnectionEnabled: true, appium:noReset: true, appium:pixelRatio: 2.75, appium:platformVersion: 14, appium:statBarHeight: 88, appium:takesScreenshot: true, appium:viewportRect: {height: 2138, left: 0, top: 88, width: 1080}, appium:warnings: {}, appium:webStorageEnabled: false, platformName: ANDROID}
Session ID: ba96f6b8-752d-4e8d-a451-f1f88e54fd20
	at org.openqa.selenium.support.ui.WebDriverWait.timeoutException(WebDriverWait.java:84)
	at org.openqa.selenium.support.ui.FluentWait.until(FluentWait.java:229)
	at Trial.Functions.clickAndWaitForElementWithId(Functions.java:103)
	at Trial.SideNav_Script.SideNavcreateBtn6(SideNav_Script.java:286)
	at java.base/java.util.ArrayList.forEach(ArrayList.java:1511)
... Removed 27 stack frames</pre></div><a href='#' onClick='toggleBox("stack-trace294632176", this, "Click to show all stack frames", "Click to hide stack frames")'>Click to show all stack frames</a>
<div class='stack-trace' id='stack-trace294632176'><pre>org.openqa.selenium.TimeoutException: Expected condition failed: waiting for Trial.Functions$2@3f3c5ecd (tried for 200 second(s) with 500 milliseconds interval)
Build info: version: &apos;4.16.1&apos;, revision: &apos;9b4c83354e&apos;
System info: os.name: &apos;Mac OS X&apos;, os.arch: &apos;x86_64&apos;, os.version: &apos;15.7&apos;, java.version: &apos;17.0.7&apos;
Driver info: io.appium.java_client.android.AndroidDriver
Capabilities {appium:appActivity: com.threesixteen.app.ui.act..., appium:appPackage: com.threesixteen.app, appium:autoGrantPermissions: true, appium:automationName: UiAutomator2, appium:databaseEnabled: false, appium:desired: {appActivity: com.threesixteen.app.ui.act..., appPackage: com.threesixteen.app, autoGrantPermissions: true, automationName: UiAutomator2, disableSuppressAccessibilityService: true, ignoreHiddenApiPolicyError: true, noReset: true, platformName: ANDROID, platformVersion: 14}, appium:deviceApiLevel: 34, appium:deviceManufacturer: vivo, appium:deviceModel: I2127, appium:deviceName: 13793294180004Z, appium:deviceScreenDensity: 440, appium:deviceScreenSize: 1080x2408, appium:deviceUDID: 13793294180004Z, appium:disableSuppressAccessibilityService: true, appium:ignoreHiddenApiPolicyError: true, appium:javascriptEnabled: true, appium:locationContextEnabled: false, appium:networkConnectionEnabled: true, appium:noReset: true, appium:pixelRatio: 2.75, appium:platformVersion: 14, appium:statBarHeight: 88, appium:takesScreenshot: true, appium:viewportRect: {height: 2138, left: 0, top: 88, width: 1080}, appium:warnings: {}, appium:webStorageEnabled: false, platformName: ANDROID}
Session ID: ba96f6b8-752d-4e8d-a451-f1f88e54fd20
	at org.openqa.selenium.support.ui.WebDriverWait.timeoutException(WebDriverWait.java:84)
	at org.openqa.selenium.support.ui.FluentWait.until(FluentWait.java:229)
	at Trial.Functions.clickAndWaitForElementWithId(Functions.java:103)
	at Trial.SideNav_Script.SideNavcreateBtn6(SideNav_Script.java:286)
	at java.base/jdk.internal.reflect.NativeMethodAccessorImpl.invoke0(Native Method)
	at java.base/jdk.internal.reflect.NativeMethodAccessorImpl.invoke(NativeMethodAccessorImpl.java:77)
	at java.base/jdk.internal.reflect.DelegatingMethodAccessorImpl.invoke(DelegatingMethodAccessorImpl.java:43)
	at java.base/java.lang.reflect.Method.invoke(Method.java:568)
	at org.testng.internal.invokers.MethodInvocationHelper.invokeMethod(MethodInvocationHelper.java:139)
	at org.testng.internal.invokers.TestInvoker.invokeMethod(TestInvoker.java:664)
	at org.testng.internal.invokers.TestInvoker.invokeTestMethod(TestInvoker.java:227)
	at org.testng.internal.invokers.MethodRunner.runInSequence(MethodRunner.java:50)
	at org.testng.internal.invokers.TestInvoker$MethodInvocationAgent.invoke(TestInvoker.java:957)
	at org.testng.internal.invokers.TestInvoker.invokeTestMethods(TestInvoker.java:200)
	at org.testng.internal.invokers.TestMethodWorker.invokeTestMethods(TestMethodWorker.java:148)
	at org.testng.internal.invokers.TestMethodWorker.run(TestMethodWorker.java:128)
	at java.base/java.util.ArrayList.forEach(ArrayList.java:1511)
	at org.testng.TestRunner.privateRun(TestRunner.java:848)
	at org.testng.TestRunner.run(TestRunner.java:621)
	at org.testng.SuiteRunner.runTest(SuiteRunner.java:443)
	at org.testng.SuiteRunner.runSequentially(SuiteRunner.java:437)
	at org.testng.SuiteRunner.privateRun(SuiteRunner.java:397)
	at org.testng.SuiteRunner.run(SuiteRunner.java:336)
	at org.testng.SuiteRunnerWorker.runSuite(SuiteRunnerWorker.java:52)
	at org.testng.SuiteRunnerWorker.run(SuiteRunnerWorker.java:95)
	at org.testng.TestNG.runSuitesSequentially(TestNG.java:1280)
	at org.testng.TestNG.runSuitesLocally(TestNG.java:1200)
	at org.testng.TestNG.runSuites(TestNG.java:1114)
	at org.testng.TestNG.run(TestNG.java:1082)
	at org.testng.remote.AbstractRemoteTestNG.run(AbstractRemoteTestNG.java:115)
	at org.testng.remote.RemoteTestNG.initAndRun(RemoteTestNG.java:251)
	at org.testng.remote.RemoteTestNG.main(RemoteTestNG.java:77)
</pre></div></td>
<td>213</td>
<td>Trial.SideNav_Script@2657d4dd</td></tr>
<tr>
<td title='Trial.LiveStream_script.Protabliveplayerrortate23()'><b>Protabliveplayerrortate23</b><br>Test class: Trial.LiveStream_script</td>
<td><div><pre>org.openqa.selenium.TimeoutException: Expected condition failed: waiting for Trial.Functions$2@2e674c6f (tried for 200 second(s) with 500 milliseconds interval)
Build info: version: &apos;4.16.1&apos;, revision: &apos;9b4c83354e&apos;
System info: os.name: &apos;Mac OS X&apos;, os.arch: &apos;x86_64&apos;, os.version: &apos;15.7&apos;, java.version: &apos;17.0.7&apos;
Driver info: io.appium.java_client.android.AndroidDriver
Capabilities {appium:appActivity: com.threesixteen.app.ui.act..., appium:appPackage: com.threesixteen.app, appium:autoGrantPermissions: true, appium:automationName: UiAutomator2, appium:databaseEnabled: false, appium:desired: {appActivity: com.threesixteen.app.ui.act..., appPackage: com.threesixteen.app, autoGrantPermissions: true, automationName: UiAutomator2, disableSuppressAccessibilityService: true, ignoreHiddenApiPolicyError: true, noReset: true, platformName: ANDROID, platformVersion: 14}, appium:deviceApiLevel: 34, appium:deviceManufacturer: vivo, appium:deviceModel: I2127, appium:deviceName: 13793294180004Z, appium:deviceScreenDensity: 440, appium:deviceScreenSize: 1080x2408, appium:deviceUDID: 13793294180004Z, appium:disableSuppressAccessibilityService: true, appium:ignoreHiddenApiPolicyError: true, appium:javascriptEnabled: true, appium:locationContextEnabled: false, appium:networkConnectionEnabled: true, appium:noReset: true, appium:pixelRatio: 2.75, appium:platformVersion: 14, appium:statBarHeight: 88, appium:takesScreenshot: true, appium:viewportRect: {height: 2138, left: 0, top: 88, width: 1080}, appium:warnings: {}, appium:webStorageEnabled: false, platformName: ANDROID}
Session ID: df7d8cd9-7924-4d64-ad4f-e49cf9de6c4e
	at org.openqa.selenium.support.ui.WebDriverWait.timeoutException(WebDriverWait.java:84)
	at org.openqa.selenium.support.ui.FluentWait.until(FluentWait.java:229)
	at Trial.Functions.clickAndWaitForElementWithId(Functions.java:103)
	at Trial.LiveStream_script.Protabliveplayerrortate23(LiveStream_script.java:1130)
	at java.base/java.util.ArrayList.forEach(ArrayList.java:1511)
... Removed 27 stack frames</pre></div><a href='#' onClick='toggleBox("stack-trace1752624089", this, "Click to show all stack frames", "Click to hide stack frames")'>Click to show all stack frames</a>
<div class='stack-trace' id='stack-trace1752624089'><pre>org.openqa.selenium.TimeoutException: Expected condition failed: waiting for Trial.Functions$2@2e674c6f (tried for 200 second(s) with 500 milliseconds interval)
Build info: version: &apos;4.16.1&apos;, revision: &apos;9b4c83354e&apos;
System info: os.name: &apos;Mac OS X&apos;, os.arch: &apos;x86_64&apos;, os.version: &apos;15.7&apos;, java.version: &apos;17.0.7&apos;
Driver info: io.appium.java_client.android.AndroidDriver
Capabilities {appium:appActivity: com.threesixteen.app.ui.act..., appium:appPackage: com.threesixteen.app, appium:autoGrantPermissions: true, appium:automationName: UiAutomator2, appium:databaseEnabled: false, appium:desired: {appActivity: com.threesixteen.app.ui.act..., appPackage: com.threesixteen.app, autoGrantPermissions: true, automationName: UiAutomator2, disableSuppressAccessibilityService: true, ignoreHiddenApiPolicyError: true, noReset: true, platformName: ANDROID, platformVersion: 14}, appium:deviceApiLevel: 34, appium:deviceManufacturer: vivo, appium:deviceModel: I2127, appium:deviceName: 13793294180004Z, appium:deviceScreenDensity: 440, appium:deviceScreenSize: 1080x2408, appium:deviceUDID: 13793294180004Z, appium:disableSuppressAccessibilityService: true, appium:ignoreHiddenApiPolicyError: true, appium:javascriptEnabled: true, appium:locationContextEnabled: false, appium:networkConnectionEnabled: true, appium:noReset: true, appium:pixelRatio: 2.75, appium:platformVersion: 14, appium:statBarHeight: 88, appium:takesScreenshot: true, appium:viewportRect: {height: 2138, left: 0, top: 88, width: 1080}, appium:warnings: {}, appium:webStorageEnabled: false, platformName: ANDROID}
Session ID: df7d8cd9-7924-4d64-ad4f-e49cf9de6c4e
	at org.openqa.selenium.support.ui.WebDriverWait.timeoutException(WebDriverWait.java:84)
	at org.openqa.selenium.support.ui.FluentWait.until(FluentWait.java:229)
	at Trial.Functions.clickAndWaitForElementWithId(Functions.java:103)
	at Trial.LiveStream_script.Protabliveplayerrortate23(LiveStream_script.java:1130)
	at java.base/jdk.internal.reflect.NativeMethodAccessorImpl.invoke0(Native Method)
	at java.base/jdk.internal.reflect.NativeMethodAccessorImpl.invoke(NativeMethodAccessorImpl.java:77)
	at java.base/jdk.internal.reflect.DelegatingMethodAccessorImpl.invoke(DelegatingMethodAccessorImpl.java:43)
	at java.base/java.lang.reflect.Method.invoke(Method.java:568)
	at org.testng.internal.invokers.MethodInvocationHelper.invokeMethod(MethodInvocationHelper.java:139)
	at org.testng.internal.invokers.TestInvoker.invokeMethod(TestInvoker.java:664)
	at org.testng.internal.invokers.TestInvoker.invokeTestMethod(TestInvoker.java:227)
	at org.testng.internal.invokers.MethodRunner.runInSequence(MethodRunner.java:50)
	at org.testng.internal.invokers.TestInvoker$MethodInvocationAgent.invoke(TestInvoker.java:957)
	at org.testng.internal.invokers.TestInvoker.invokeTestMethods(TestInvoker.java:200)
	at org.testng.internal.invokers.TestMethodWorker.invokeTestMethods(TestMethodWorker.java:148)
	at org.testng.internal.invokers.TestMethodWorker.run(TestMethodWorker.java:128)
	at java.base/java.util.ArrayList.forEach(ArrayList.java:1511)
	at org.testng.TestRunner.privateRun(TestRunner.java:848)
	at org.testng.TestRunner.run(TestRunner.java:621)
	at org.testng.SuiteRunner.runTest(SuiteRunner.java:443)
	at org.testng.SuiteRunner.runSequentially(SuiteRunner.java:437)
	at org.testng.SuiteRunner.privateRun(SuiteRunner.java:397)
	at org.testng.SuiteRunner.run(SuiteRunner.java:336)
	at org.testng.SuiteRunnerWorker.runSuite(SuiteRunnerWorker.java:52)
	at org.testng.SuiteRunnerWorker.run(SuiteRunnerWorker.java:95)
	at org.testng.TestNG.runSuitesSequentially(TestNG.java:1280)
	at org.testng.TestNG.runSuitesLocally(TestNG.java:1200)
	at org.testng.TestNG.runSuites(TestNG.java:1114)
	at org.testng.TestNG.run(TestNG.java:1082)
	at org.testng.remote.AbstractRemoteTestNG.run(AbstractRemoteTestNG.java:115)
	at org.testng.remote.RemoteTestNG.initAndRun(RemoteTestNG.java:251)
	at org.testng.remote.RemoteTestNG.main(RemoteTestNG.java:77)
</pre></div></td>
<td>203</td>
<td>Trial.LiveStream_script@f58853c</td></tr>
</table><p>
</body>
</html>