<?xml version="1.0" encoding="UTF-8"?>
<!-- Generated by org.testng.reporters.JUnitReportReporter -->
<testsuite hostname="rooters-MacBook-Pro.local" failures="0" tests="41" name="trial1.Regression2" time="479.688" errors="2" timestamp="2024-02-19T19:48:38 IST" skipped="34">
  <testcase classname="trial1.Regression2" name="setup" time="20.107">
    <error message="Could not start a new session. Response code 500. Message: An unknown server-side error occurred while processing the command. Original error: Could not proxy command to the remote server. Original error: socket hang up 
Host info: host: &#039;rooters-MacBook-Pro.local&#039;, ip: &#039;fe80:0:0:0:cf2:de41:9e9e:d4c4%en0&#039;
Build info: version: &#039;4.9.1&#039;, revision: &#039;eb2032df7f&#039;
System info: os.name: &#039;Mac OS X&#039;, os.arch: &#039;x86_64&#039;, os.version: &#039;14.2.1&#039;, java.version: &#039;17.0.7&#039;
Driver info: io.appium.java_client.AppiumDriver
Command: [null, newSession {capabilities=[{appium:appActivity=com.threesixteen.app.ui.activities.SplashActivity, appium:appPackage=com.threesixteen.app, appium:autoGrantPermissions=true, appium:deviceName=6381e3e, appium:ignoreHiddenApiPolicyError=true, appium:noReset=true, platformName=ANDROID, appium:platformVersion=14}], desiredCapabilities=Capabilities {appActivity: com.threesixteen.app.ui.act..., appPackage: com.threesixteen.app, autoGrantPermissions: true, deviceName: 6381e3e, ignoreHiddenApiPolicyError: true, noReset: true, platformName: ANDROID, platformVersion: 14}}]
Capabilities {appActivity: com.threesixteen.app.ui.act..., appPackage: com.threesixteen.app, autoGrantPermissions: true, deviceName: 6381e3e, ignoreHiddenApiPolicyError: true, noReset: true, platformName: ANDROID, platformVersion: 14}" type="org.openqa.selenium.SessionNotCreatedException">
      <![CDATA[org.openqa.selenium.SessionNotCreatedException: Could not start a new session. Response code 500. Message: An unknown server-side error occurred while processing the command. Original error: Could not proxy command to the remote server. Original error: socket hang up 
Host info: host: 'rooters-MacBook-Pro.local', ip: 'fe80:0:0:0:cf2:de41:9e9e:d4c4%en0'
Build info: version: '4.9.1', revision: 'eb2032df7f'
System info: os.name: 'Mac OS X', os.arch: 'x86_64', os.version: '14.2.1', java.version: '17.0.7'
Driver info: io.appium.java_client.AppiumDriver
Command: [null, newSession {capabilities=[{appium:appActivity=com.threesixteen.app.ui.activities.SplashActivity, appium:appPackage=com.threesixteen.app, appium:autoGrantPermissions=true, appium:deviceName=6381e3e, appium:ignoreHiddenApiPolicyError=true, appium:noReset=true, platformName=ANDROID, appium:platformVersion=14}], desiredCapabilities=Capabilities {appActivity: com.threesixteen.app.ui.act..., appPackage: com.threesixteen.app, autoGrantPermissions: true, deviceName: 6381e3e, ignoreHiddenApiPolicyError: true, noReset: true, platformName: ANDROID, platformVersion: 14}}]
Capabilities {appActivity: com.threesixteen.app.ui.act..., appPackage: com.threesixteen.app, autoGrantPermissions: true, deviceName: 6381e3e, ignoreHiddenApiPolicyError: true, noReset: true, platformName: ANDROID, platformVersion: 14}
at org.openqa.selenium.remote.ProtocolHandshake.createSession(ProtocolHandshake.java:136)
at java.base/jdk.internal.reflect.NativeMethodAccessorImpl.invoke0(Native Method)
at java.base/jdk.internal.reflect.NativeMethodAccessorImpl.invoke(NativeMethodAccessorImpl.java:77)
at java.base/jdk.internal.reflect.DelegatingMethodAccessorImpl.invoke(DelegatingMethodAccessorImpl.java:43)
at java.base/java.lang.reflect.Method.invoke(Method.java:568)
at io.appium.java_client.remote.AppiumProtocolHandshake.createSession(AppiumProtocolHandshake.java:133)
at io.appium.java_client.remote.AppiumProtocolHandshake.createSession(AppiumProtocolHandshake.java:102)
at io.appium.java_client.remote.AppiumCommandExecutor.createSession(AppiumCommandExecutor.java:182)
at io.appium.java_client.remote.AppiumCommandExecutor.execute(AppiumCommandExecutor.java:250)
at org.openqa.selenium.remote.RemoteWebDriver.execute(RemoteWebDriver.java:543)
at io.appium.java_client.AppiumDriver.startSession(AppiumDriver.java:274)
at org.openqa.selenium.remote.RemoteWebDriver.<init>(RemoteWebDriver.java:157)
at io.appium.java_client.AppiumDriver.<init>(AppiumDriver.java:89)
at io.appium.java_client.AppiumDriver.<init>(AppiumDriver.java:101)
at trial1.Regression2.setup(Regression2.java:135)
at java.base/jdk.internal.reflect.NativeMethodAccessorImpl.invoke0(Native Method)
at java.base/jdk.internal.reflect.NativeMethodAccessorImpl.invoke(NativeMethodAccessorImpl.java:77)
at java.base/jdk.internal.reflect.DelegatingMethodAccessorImpl.invoke(DelegatingMethodAccessorImpl.java:43)
at java.base/java.lang.reflect.Method.invoke(Method.java:568)
at org.testng.internal.invokers.MethodInvocationHelper.invokeMethod(MethodInvocationHelper.java:139)
at org.testng.internal.invokers.MethodInvocationHelper.invokeMethodConsideringTimeout(MethodInvocationHelper.java:69)
at org.testng.internal.invokers.ConfigInvoker.invokeConfigurationMethod(ConfigInvoker.java:390)
at org.testng.internal.invokers.ConfigInvoker.invokeConfigurations(ConfigInvoker.java:325)
at org.testng.internal.invokers.TestInvoker.runConfigMethods(TestInvoker.java:810)
at org.testng.internal.invokers.TestInvoker.invokeMethod(TestInvoker.java:577)
at org.testng.internal.invokers.TestInvoker.invokeTestMethod(TestInvoker.java:227)
at org.testng.internal.invokers.MethodRunner.runInSequence(MethodRunner.java:50)
at org.testng.internal.invokers.TestInvoker$MethodInvocationAgent.invoke(TestInvoker.java:957)
at org.testng.internal.invokers.TestInvoker.invokeTestMethods(TestInvoker.java:200)
at org.testng.internal.invokers.TestMethodWorker.invokeTestMethods(TestMethodWorker.java:148)
at org.testng.internal.invokers.TestMethodWorker.run(TestMethodWorker.java:128)
at java.base/java.util.ArrayList.forEach(ArrayList.java:1511)
at org.testng.TestRunner.privateRun(TestRunner.java:848)
at org.testng.TestRunner.run(TestRunner.java:621)
at org.testng.SuiteRunner.runTest(SuiteRunner.java:443)
at org.testng.SuiteRunner.runSequentially(SuiteRunner.java:437)
at org.testng.SuiteRunner.privateRun(SuiteRunner.java:397)
at org.testng.SuiteRunner.run(SuiteRunner.java:336)
at org.testng.SuiteRunnerWorker.runSuite(SuiteRunnerWorker.java:52)
at org.testng.SuiteRunnerWorker.run(SuiteRunnerWorker.java:95)
at org.testng.TestNG.runSuitesSequentially(TestNG.java:1280)
at org.testng.TestNG.runSuitesLocally(TestNG.java:1200)
at org.testng.TestNG.runSuites(TestNG.java:1114)
at org.testng.TestNG.run(TestNG.java:1082)
at org.testng.remote.AbstractRemoteTestNG.run(AbstractRemoteTestNG.java:115)
at org.testng.remote.RemoteTestNG.initAndRun(RemoteTestNG.java:251)
at org.testng.remote.RemoteTestNG.main(RemoteTestNG.java:77)
]]>
    </error>
  </testcase> <!-- setup -->
  <testcase classname="trial1.Regression2" name="CentralReeltest1" time="276.297"/>
  <testcase classname="trial1.Regression2" name="createbtnIRL" time="23.687"/>
  <testcase classname="trial1.Regression2" name="BasicSearchTest" time="32.224"/>
  <testcase classname="trial1.Regression2" name="SidenNavcreatebtn2" time="20.519"/>
  <testcase classname="trial1.Regression2" name="SidenNavcchnagefavoritegames" time="24.288"/>
  <testcase classname="trial1.Regression2" name="SidenNavdatasaver" time="82.566">
    <error message="Expected condition failed: waiting for trial1.Regression2$1@3b2e5c0d (tried for 60 second(s) with 500 milliseconds interval)
Build info: version: &#039;4.9.1&#039;, revision: &#039;eb2032df7f&#039;
System info: os.name: &#039;Mac OS X&#039;, os.arch: &#039;x86_64&#039;, os.version: &#039;14.2.1&#039;, java.version: &#039;17.0.7&#039;
Driver info: io.appium.java_client.AppiumDriver
Capabilities {appium:appActivity: com.threesixteen.app.ui.act..., appium:appPackage: com.threesixteen.app, appium:autoGrantPermissions: true, appium:databaseEnabled: false, appium:desired: {appActivity: com.threesixteen.app.ui.act..., appPackage: com.threesixteen.app, autoGrantPermissions: true, deviceName: 6381e3e, ignoreHiddenApiPolicyError: true, noReset: true, platformName: ANDROID, platformVersion: 14}, appium:deviceApiLevel: 34, appium:deviceManufacturer: OnePlus, appium:deviceModel: CPH2381, appium:deviceName: 6381e3e, appium:deviceScreenDensity: 480, appium:deviceScreenSize: 1080x2412, appium:deviceUDID: 6381e3e, appium:ignoreHiddenApiPolicyError: true, appium:javascriptEnabled: true, appium:locationContextEnabled: false, appium:networkConnectionEnabled: true, appium:noReset: true, appium:pixelRatio: 3, appium:platformVersion: 14, appium:statBarHeight: 110, appium:takesScreenshot: true, appium:viewportRect: {height: 2060, left: 0, top: 110, width: 1080}, appium:warnings: {}, appium:webStorageEnabled: false, platformName: ANDROID}
Session ID: 90c73094-2926-4293-b1e9-902dd430d49b" type="org.openqa.selenium.TimeoutException">
      <![CDATA[org.openqa.selenium.TimeoutException: Expected condition failed: waiting for trial1.Regression2$1@3b2e5c0d (tried for 60 second(s) with 500 milliseconds interval)
Build info: version: '4.9.1', revision: 'eb2032df7f'
System info: os.name: 'Mac OS X', os.arch: 'x86_64', os.version: '14.2.1', java.version: '17.0.7'
Driver info: io.appium.java_client.AppiumDriver
Capabilities {appium:appActivity: com.threesixteen.app.ui.act..., appium:appPackage: com.threesixteen.app, appium:autoGrantPermissions: true, appium:databaseEnabled: false, appium:desired: {appActivity: com.threesixteen.app.ui.act..., appPackage: com.threesixteen.app, autoGrantPermissions: true, deviceName: 6381e3e, ignoreHiddenApiPolicyError: true, noReset: true, platformName: ANDROID, platformVersion: 14}, appium:deviceApiLevel: 34, appium:deviceManufacturer: OnePlus, appium:deviceModel: CPH2381, appium:deviceName: 6381e3e, appium:deviceScreenDensity: 480, appium:deviceScreenSize: 1080x2412, appium:deviceUDID: 6381e3e, appium:ignoreHiddenApiPolicyError: true, appium:javascriptEnabled: true, appium:locationContextEnabled: false, appium:networkConnectionEnabled: true, appium:noReset: true, appium:pixelRatio: 3, appium:platformVersion: 14, appium:statBarHeight: 110, appium:takesScreenshot: true, appium:viewportRect: {height: 2060, left: 0, top: 110, width: 1080}, appium:warnings: {}, appium:webStorageEnabled: false, platformName: ANDROID}
Session ID: 90c73094-2926-4293-b1e9-902dd430d49b
at org.openqa.selenium.support.ui.WebDriverWait.timeoutException(WebDriverWait.java:87)
at org.openqa.selenium.support.ui.FluentWait.until(FluentWait.java:231)
at trial1.Regression2.clickAndWaitForElementWithXpath1(Regression2.java:66)
at trial1.Regression2.SidenNavdatasaver(Regression2.java:337)
at java.base/jdk.internal.reflect.NativeMethodAccessorImpl.invoke0(Native Method)
at java.base/jdk.internal.reflect.NativeMethodAccessorImpl.invoke(NativeMethodAccessorImpl.java:77)
at java.base/jdk.internal.reflect.DelegatingMethodAccessorImpl.invoke(DelegatingMethodAccessorImpl.java:43)
at java.base/java.lang.reflect.Method.invoke(Method.java:568)
at org.testng.internal.invokers.MethodInvocationHelper.invokeMethod(MethodInvocationHelper.java:139)
at org.testng.internal.invokers.TestInvoker.invokeMethod(TestInvoker.java:664)
at org.testng.internal.invokers.TestInvoker.invokeTestMethod(TestInvoker.java:227)
at org.testng.internal.invokers.MethodRunner.runInSequence(MethodRunner.java:50)
at org.testng.internal.invokers.TestInvoker$MethodInvocationAgent.invoke(TestInvoker.java:957)
at org.testng.internal.invokers.TestInvoker.invokeTestMethods(TestInvoker.java:200)
at org.testng.internal.invokers.TestMethodWorker.invokeTestMethods(TestMethodWorker.java:148)
at org.testng.internal.invokers.TestMethodWorker.run(TestMethodWorker.java:128)
at java.base/java.util.ArrayList.forEach(ArrayList.java:1511)
at org.testng.TestRunner.privateRun(TestRunner.java:848)
at org.testng.TestRunner.run(TestRunner.java:621)
at org.testng.SuiteRunner.runTest(SuiteRunner.java:443)
at org.testng.SuiteRunner.runSequentially(SuiteRunner.java:437)
at org.testng.SuiteRunner.privateRun(SuiteRunner.java:397)
at org.testng.SuiteRunner.run(SuiteRunner.java:336)
at org.testng.SuiteRunnerWorker.runSuite(SuiteRunnerWorker.java:52)
at org.testng.SuiteRunnerWorker.run(SuiteRunnerWorker.java:95)
at org.testng.TestNG.runSuitesSequentially(TestNG.java:1280)
at org.testng.TestNG.runSuitesLocally(TestNG.java:1200)
at org.testng.TestNG.runSuites(TestNG.java:1114)
at org.testng.TestNG.run(TestNG.java:1082)
at org.testng.remote.AbstractRemoteTestNG.run(AbstractRemoteTestNG.java:115)
at org.testng.remote.RemoteTestNG.initAndRun(RemoteTestNG.java:251)
at org.testng.remote.RemoteTestNG.main(RemoteTestNG.java:77)
]]>
    </error>
  </testcase> <!-- SidenNavdatasaver -->
  <testcase classname="trial1.Regression2" name="SidenNavcontest" time="0.000">
    <skipped/>
  </testcase> <!-- SidenNavcontest -->
  <testcase classname="trial1.Regression2" name="SidenNavcreatebtn1" time="0.000">
    <skipped/>
  </testcase> <!-- SidenNavcreatebtn1 -->
  <testcase classname="trial1.Regression2" name="SidenNavcreatebtn3" time="0.000">
    <skipped/>
  </testcase> <!-- SidenNavcreatebtn3 -->
  <testcase classname="trial1.Regression2" name="SidenNavcchangegender" time="0.000">
    <skipped/>
  </testcase> <!-- SidenNavcchangegender -->
  <testcase classname="trial1.Regression2" name="SidenNavcchangegender2" time="0.000">
    <skipped/>
  </testcase> <!-- SidenNavcchangegender2 -->
  <testcase classname="trial1.Regression2" name="SearchReelTest" time="0.000">
    <skipped/>
  </testcase> <!-- SearchReelTest -->
  <testcase classname="trial1.Regression2" name="threedotsonnprofilepage" time="0.000">
    <skipped/>
  </testcase> <!-- threedotsonnprofilepage -->
  <testcase classname="trial1.Regression2" name="Selfprofilefollowandfollowigllist" time="0.000">
    <skipped/>
  </testcase> <!-- Selfprofilefollowandfollowigllist -->
  <testcase classname="trial1.Regression2" name="Selfprofilegamepage" time="0.000">
    <skipped/>
  </testcase> <!-- Selfprofilegamepage -->
  <testcase classname="trial1.Regression2" name="SidenNavigationccoins" time="0.000">
    <skipped/>
  </testcase> <!-- SidenNavigationccoins -->
  <testcase classname="trial1.Regression2" name="SidenNavigationdiamond" time="0.000">
    <skipped/>
  </testcase> <!-- SidenNavigationdiamond -->
  <testcase classname="trial1.Regression2" name="SidenNavRewards" time="0.000">
    <skipped/>
  </testcase> <!-- SidenNavRewards -->
  <testcase classname="trial1.Regression2" name="SidenNavoffersTask" time="0.000">
    <skipped/>
  </testcase> <!-- SidenNavoffersTask -->
  <testcase classname="trial1.Regression2" name="SidenNavinviteandwin" time="0.000">
    <skipped/>
  </testcase> <!-- SidenNavinviteandwin -->
  <testcase classname="trial1.Regression2" name="SidenNavwatccchhistory" time="0.000">
    <skipped/>
  </testcase> <!-- SidenNavwatccchhistory -->
  <testcase classname="trial1.Regression2" name="SidenNavcchangeprofilename" time="0.000">
    <skipped/>
  </testcase> <!-- SidenNavcchangeprofilename -->
  <testcase classname="trial1.Regression2" name="SidenNavcchangelocation" time="0.000">
    <skipped/>
  </testcase> <!-- SidenNavcchangelocation -->
  <testcase classname="trial1.Regression2" name="SidenNavchangeBio" time="0.000">
    <skipped/>
  </testcase> <!-- SidenNavchangeBio -->
  <testcase classname="trial1.Regression2" name="SidenNavlighttheme" time="0.000">
    <skipped/>
  </testcase> <!-- SidenNavlighttheme -->
  <testcase classname="trial1.Regression2" name="SidenNavdarktheme" time="0.000">
    <skipped/>
  </testcase> <!-- SidenNavdarktheme -->
  <testcase classname="trial1.Regression2" name="Selfprofiereeltest" time="0.000">
    <skipped/>
  </testcase> <!-- Selfprofiereeltest -->
  <testcase classname="trial1.Regression2" name="VideoPlayerforwardbakkward" time="0.000">
    <skipped/>
  </testcase> <!-- VideoPlayerforwardbakkward -->
  <testcase classname="trial1.Regression2" name="Videoplayercomment" time="0.000">
    <skipped/>
  </testcase> <!-- Videoplayercomment -->
  <testcase classname="trial1.Regression2" name="Videowatcchandwincoinsdetails" time="0.000">
    <skipped/>
  </testcase> <!-- Videowatcchandwincoinsdetails -->
  <testcase classname="trial1.Regression2" name="VideoMiniplayertabswittch" time="0.000">
    <skipped/>
  </testcase> <!-- VideoMiniplayertabswittch -->
  <testcase classname="trial1.Regression2" name="searcchVideoplayercomment" time="0.000">
    <skipped/>
  </testcase> <!-- searcchVideoplayercomment -->
  <testcase classname="trial1.Regression2" name="searchvideoplayerLikeWatchNWin" time="0.000">
    <skipped/>
  </testcase> <!-- searchvideoplayerLikeWatchNWin -->
  <testcase classname="trial1.Regression2" name="normallivestream1" time="0.000">
    <skipped/>
  </testcase> <!-- normallivestream1 -->
  <testcase classname="trial1.Regression2" name="Selfprofilegamepage2" time="0.000">
    <skipped/>
  </testcase> <!-- Selfprofilegamepage2 -->
  <testcase classname="trial1.Regression2" name="SearchReelcommentTest" time="0.000">
    <skipped/>
  </testcase> <!-- SearchReelcommentTest -->
  <testcase classname="trial1.Regression2" name="Donationlink" time="0.000">
    <skipped/>
  </testcase> <!-- Donationlink -->
  <testcase classname="trial1.Regression2" name="changeapplanguage" time="0.000">
    <skipped/>
  </testcase> <!-- changeapplanguage -->
  <testcase classname="trial1.Regression2" name="Selfpropfilereelcomment" time="0.000">
    <skipped/>
  </testcase> <!-- Selfpropfilereelcomment -->
  <testcase classname="trial1.Regression2" name="centralreelmuteunmute" time="0.000">
    <skipped/>
  </testcase> <!-- centralreelmuteunmute -->
</testsuite> <!-- trial1.Regression2 -->
