<?xml version="1.0" encoding="UTF-8"?>
<!-- Generated by org.testng.reporters.JUnitReportReporter -->
<testsuite hostname="macbookpro" failures="0" tests="14" name="Trial.Reel_Script" time="20.324" errors="1" timestamp="2025-10-03T18:13:36 IST" skipped="13">
  <testcase classname="Trial.Reel_Script" name="setup" time="20.320">
    <error message="Could not start a new session. Response code 500. Message: An unknown server-side error occurred while processing the command. Original error: Could not find a connected Android device in 20106ms. 
Host info: host: &#039;macbookpro&#039;, ip: &#039;fe80:0:0:0:4:af29:a702:1064%en0&#039;
Build info: version: &#039;4.16.1&#039;, revision: &#039;9b4c83354e&#039;
System info: os.name: &#039;Mac OS X&#039;, os.arch: &#039;x86_64&#039;, os.version: &#039;15.7&#039;, java.version: &#039;17.0.7&#039;
Driver info: io.appium.java_client.android.AndroidDriver
Command: [null, newSession {capabilities=[{platformName=ANDROID}], desiredCapabilities=Capabilities {platformName: ANDROID}}]
Capabilities {platformName: ANDROID}" type="org.openqa.selenium.SessionNotCreatedException">
      <![CDATA[org.openqa.selenium.SessionNotCreatedException: Could not start a new session. Response code 500. Message: An unknown server-side error occurred while processing the command. Original error: Could not find a connected Android device in 20106ms. 
Host info: host: 'macbookpro', ip: 'fe80:0:0:0:4:af29:a702:1064%en0'
Build info: version: '4.16.1', revision: '9b4c83354e'
System info: os.name: 'Mac OS X', os.arch: 'x86_64', os.version: '15.7', java.version: '17.0.7'
Driver info: io.appium.java_client.android.AndroidDriver
Command: [null, newSession {capabilities=[{platformName=ANDROID}], desiredCapabilities=Capabilities {platformName: ANDROID}}]
Capabilities {platformName: ANDROID}
at org.openqa.selenium.remote.ProtocolHandshake.createSession(ProtocolHandshake.java:140)
at jdk.internal.reflect.GeneratedMethodAccessor3.invoke(Unknown Source)
at java.base/jdk.internal.reflect.DelegatingMethodAccessorImpl.invoke(DelegatingMethodAccessorImpl.java:43)
at java.base/java.lang.reflect.Method.invoke(Method.java:568)
at io.appium.java_client.remote.AppiumProtocolHandshake.createSession(AppiumProtocolHandshake.java:133)
at io.appium.java_client.remote.AppiumProtocolHandshake.createSession(AppiumProtocolHandshake.java:102)
at io.appium.java_client.remote.AppiumCommandExecutor.createSession(AppiumCommandExecutor.java:176)
at io.appium.java_client.remote.AppiumCommandExecutor.execute(AppiumCommandExecutor.java:237)
at org.openqa.selenium.remote.RemoteWebDriver.execute(RemoteWebDriver.java:523)
at io.appium.java_client.AppiumDriver.startSession(AppiumDriver.java:268)
at org.openqa.selenium.remote.RemoteWebDriver.<init>(RemoteWebDriver.java:164)
at io.appium.java_client.AppiumDriver.<init>(AppiumDriver.java:90)
at io.appium.java_client.AppiumDriver.<init>(AppiumDriver.java:102)
at io.appium.java_client.android.AndroidDriver.<init>(AndroidDriver.java:109)
at Trial.Functions.setup(Functions.java:1879)
at jdk.internal.reflect.GeneratedMethodAccessor4.invoke(Unknown Source)
at java.base/jdk.internal.reflect.DelegatingMethodAccessorImpl.invoke(DelegatingMethodAccessorImpl.java:43)
at java.base/java.lang.reflect.Method.invoke(Method.java:568)
at org.testng.internal.invokers.MethodInvocationHelper.invokeMethod(MethodInvocationHelper.java:139)
at org.testng.internal.invokers.MethodInvocationHelper.invokeMethodConsideringTimeout(MethodInvocationHelper.java:69)
at org.testng.internal.invokers.ConfigInvoker.invokeConfigurationMethod(ConfigInvoker.java:390)
at org.testng.internal.invokers.ConfigInvoker.invokeConfigurations(ConfigInvoker.java:325)
at org.testng.internal.invokers.TestInvoker.runConfigMethods(TestInvoker.java:810)
at org.testng.internal.invokers.TestInvoker.invokeMethod(TestInvoker.java:577)
at org.testng.internal.invokers.TestInvoker.invokeTestMethod(TestInvoker.java:227)
at org.testng.internal.invokers.MethodRunner.runInSequence(MethodRunner.java:50)
at org.testng.internal.invokers.TestInvoker$MethodInvocationAgent.invoke(TestInvoker.java:957)
at org.testng.internal.invokers.TestInvoker.invokeTestMethods(TestInvoker.java:200)
at org.testng.internal.invokers.TestMethodWorker.invokeTestMethods(TestMethodWorker.java:148)
at org.testng.internal.invokers.TestMethodWorker.run(TestMethodWorker.java:128)
at java.base/java.util.ArrayList.forEach(ArrayList.java:1511)
at org.testng.TestRunner.privateRun(TestRunner.java:848)
at org.testng.TestRunner.run(TestRunner.java:621)
at org.testng.SuiteRunner.runTest(SuiteRunner.java:443)
at org.testng.SuiteRunner.runSequentially(SuiteRunner.java:437)
at org.testng.SuiteRunner.privateRun(SuiteRunner.java:397)
at org.testng.SuiteRunner.run(SuiteRunner.java:336)
at org.testng.SuiteRunnerWorker.runSuite(SuiteRunnerWorker.java:52)
at org.testng.SuiteRunnerWorker.run(SuiteRunnerWorker.java:95)
at org.testng.TestNG.runSuitesSequentially(TestNG.java:1280)
at org.testng.TestNG.runSuitesLocally(TestNG.java:1200)
at org.testng.TestNG.runSuites(TestNG.java:1114)
at org.testng.TestNG.run(TestNG.java:1082)
at org.testng.remote.AbstractRemoteTestNG.run(AbstractRemoteTestNG.java:115)
at org.testng.remote.RemoteTestNG.initAndRun(RemoteTestNG.java:251)
at org.testng.remote.RemoteTestNG.main(RemoteTestNG.java:77)
]]>
    </error>
  </testcase> <!-- setup -->
  <testcase classname="Trial.Reel_Script" name="SearchReelTest2" time="0.003">
    <skipped/>
  </testcase> <!-- SearchReelTest2 -->
  <testcase classname="Trial.Reel_Script" name="SelfProfieReelTest3" time="0.000">
    <skipped/>
  </testcase> <!-- SelfProfieReelTest3 -->
  <testcase classname="Trial.Reel_Script" name="OthersProfileReellTest6" time="0.000">
    <skipped/>
  </testcase> <!-- OthersProfileReellTest6 -->
  <testcase classname="Trial.Reel_Script" name="OthersPofileReelScroll10" time="0.000">
    <skipped/>
  </testcase> <!-- OthersPofileReelScroll10 -->
  <testcase classname="Trial.Reel_Script" name="ReelTestonSeachAllTab11" time="0.000">
    <skipped/>
  </testcase> <!-- ReelTestonSeachAllTab11 -->
  <testcase classname="Trial.Reel_Script" name="ReelDelete15" time="0.001">
    <skipped/>
  </testcase> <!-- ReelDelete15 -->
  <testcase classname="Trial.Reel_Script" name="ReelUploadNewReel16" time="0.000">
    <skipped/>
  </testcase> <!-- ReelUploadNewReel16 -->
  <testcase classname="Trial.Reel_Script" name="ReelOpenfromVideoRecommendationse17" time="0.000">
    <skipped/>
  </testcase> <!-- ReelOpenfromVideoRecommendationse17 -->
  <testcase classname="Trial.Reel_Script" name="Reelsftertabswitch18" time="0.000">
    <skipped/>
  </testcase> <!-- Reelsftertabswitch18 -->
  <testcase classname="Trial.Reel_Script" name="ReelsftercomingfromBackground19" time="0.000">
    <skipped/>
  </testcase> <!-- ReelsftercomingfromBackground19 -->
  <testcase classname="Trial.Reel_Script" name="ReelsAfterComingFromBackgroundTooLong20" time="0.000">
    <skipped/>
  </testcase> <!-- ReelsAfterComingFromBackgroundTooLong20 -->
  <testcase classname="Trial.Reel_Script" name="CentralReelTabReelPlayingOrNot21" time="0.000">
    <skipped/>
  </testcase> <!-- CentralReelTabReelPlayingOrNot21 -->
  <testcase classname="Trial.Reel_Script" name="SearchReelPlayingOrNot22" time="0.000">
    <skipped/>
  </testcase> <!-- SearchReelPlayingOrNot22 -->
</testsuite> <!-- Trial.Reel_Script -->
