<?xml version="1.0" encoding="UTF-8"?>
<!-- Generated by org.testng.reporters.JUnitReportReporter -->
<testsuite hostname="macbookpro" failures="0" tests="9" name="Trial.Nonpro2" time="760.355" errors="2" timestamp="2025-03-02T09:25:35 IST" skipped="2">
  <testcase classname="Trial.Nonpro2" name="BuyProTest00" time="29.125">
    <skipped/>
  </testcase> <!-- BuyProTest00 -->
  <testcase classname="Trial.Nonpro2" name="BuyProTest00" time="30.682">
    <error message="An element could not be located on the page using the given search parameters.
For documentation on this error, please visit: https://www.selenium.dev/documentation/webdriver/troubleshooting/errors#no-such-element-exception
Build info: version: &#039;4.16.1&#039;, revision: &#039;9b4c83354e&#039;
System info: os.name: &#039;Mac OS X&#039;, os.arch: &#039;x86_64&#039;, os.version: &#039;15.3.1&#039;, java.version: &#039;17.0.7&#039;
Driver info: io.appium.java_client.android.AndroidDriver
Command: [b32fa5f2-d8a8-45f3-bbad-8a7f5c6f83f3, findElement {using=xpath, value=//*[contains(@text,&#039;Buy Pro&#039;)]}]
Capabilities {appium:appActivity: com.threesixteen.app.ui.act..., appium:appPackage: com.threesixteen.app, appium:autoGrantPermissions: true, appium:chromedriverExecutableDir: /Users/rooter/Downloads/chr..., appium:chromedriver_autodownload: true, appium:databaseEnabled: false, appium:desired: {appActivity: com.threesixteen.app.ui.act..., appPackage: com.threesixteen.app, autoGrantPermissions: true, chromedriverExecutableDir: /Users/rooter/Downloads/chr..., chromedriver_autodownload: true, ignoreHiddenApiPolicyError: true, noReset: true, platformName: ANDROID, platformVersion: 14}, appium:deviceApiLevel: 34, appium:deviceManufacturer: vivo, appium:deviceModel: I2127, appium:deviceName: 13793294180004Z, appium:deviceScreenDensity: 440, appium:deviceScreenSize: 1080x2408, appium:deviceUDID: 13793294180004Z, appium:ignoreHiddenApiPolicyError: true, appium:javascriptEnabled: true, appium:locationContextEnabled: false, appium:networkConnectionEnabled: true, appium:noReset: true, appium:pixelRatio: 2.75, appium:platformVersion: 14, appium:statBarHeight: 88, appium:takesScreenshot: true, appium:viewportRect: {height: 2138, left: 0, top: 88, width: 1080}, appium:warnings: {}, appium:webStorageEnabled: false, platformName: ANDROID}
Session ID: b32fa5f2-d8a8-45f3-bbad-8a7f5c6f83f3" type="org.openqa.selenium.NoSuchElementException">
      <![CDATA[org.openqa.selenium.NoSuchElementException: An element could not be located on the page using the given search parameters.
For documentation on this error, please visit: https://www.selenium.dev/documentation/webdriver/troubleshooting/errors#no-such-element-exception
Build info: version: '4.16.1', revision: '9b4c83354e'
System info: os.name: 'Mac OS X', os.arch: 'x86_64', os.version: '15.3.1', java.version: '17.0.7'
Driver info: io.appium.java_client.android.AndroidDriver
Command: [b32fa5f2-d8a8-45f3-bbad-8a7f5c6f83f3, findElement {using=xpath, value=//*[contains(@text,'Buy Pro')]}]
Capabilities {appium:appActivity: com.threesixteen.app.ui.act..., appium:appPackage: com.threesixteen.app, appium:autoGrantPermissions: true, appium:chromedriverExecutableDir: /Users/rooter/Downloads/chr..., appium:chromedriver_autodownload: true, appium:databaseEnabled: false, appium:desired: {appActivity: com.threesixteen.app.ui.act..., appPackage: com.threesixteen.app, autoGrantPermissions: true, chromedriverExecutableDir: /Users/rooter/Downloads/chr..., chromedriver_autodownload: true, ignoreHiddenApiPolicyError: true, noReset: true, platformName: ANDROID, platformVersion: 14}, appium:deviceApiLevel: 34, appium:deviceManufacturer: vivo, appium:deviceModel: I2127, appium:deviceName: 13793294180004Z, appium:deviceScreenDensity: 440, appium:deviceScreenSize: 1080x2408, appium:deviceUDID: 13793294180004Z, appium:ignoreHiddenApiPolicyError: true, appium:javascriptEnabled: true, appium:locationContextEnabled: false, appium:networkConnectionEnabled: true, appium:noReset: true, appium:pixelRatio: 2.75, appium:platformVersion: 14, appium:statBarHeight: 88, appium:takesScreenshot: true, appium:viewportRect: {height: 2138, left: 0, top: 88, width: 1080}, appium:warnings: {}, appium:webStorageEnabled: false, platformName: ANDROID}
Session ID: b32fa5f2-d8a8-45f3-bbad-8a7f5c6f83f3
at jdk.internal.reflect.GeneratedConstructorAccessor26.newInstance(Unknown Source)
at java.base/jdk.internal.reflect.DelegatingConstructorAccessorImpl.newInstance(DelegatingConstructorAccessorImpl.java:45)
at java.base/java.lang.reflect.Constructor.newInstanceWithCaller(Constructor.java:499)
at java.base/java.lang.reflect.Constructor.newInstance(Constructor.java:480)
at org.openqa.selenium.remote.codec.w3c.W3CHttpResponseCodec.createException(W3CHttpResponseCodec.java:200)
at org.openqa.selenium.remote.codec.w3c.W3CHttpResponseCodec.decode(W3CHttpResponseCodec.java:133)
at org.openqa.selenium.remote.codec.w3c.W3CHttpResponseCodec.decode(W3CHttpResponseCodec.java:52)
at org.openqa.selenium.remote.HttpCommandExecutor.execute(HttpCommandExecutor.java:191)
at io.appium.java_client.remote.AppiumCommandExecutor.execute(AppiumCommandExecutor.java:237)
at org.openqa.selenium.remote.RemoteWebDriver.execute(RemoteWebDriver.java:523)
at org.openqa.selenium.remote.ElementLocation$ElementFinder$2.findElement(ElementLocation.java:165)
at org.openqa.selenium.remote.ElementLocation.findElement(ElementLocation.java:59)
at org.openqa.selenium.remote.RemoteWebDriver.findElement(RemoteWebDriver.java:360)
at org.openqa.selenium.remote.RemoteWebDriver.findElement(RemoteWebDriver.java:354)
at Trial.Nonpro2.BuyProTest00(Nonpro2.java:120)
at java.base/jdk.internal.reflect.NativeMethodAccessorImpl.invoke0(Native Method)
at java.base/jdk.internal.reflect.NativeMethodAccessorImpl.invoke(NativeMethodAccessorImpl.java:77)
at java.base/jdk.internal.reflect.DelegatingMethodAccessorImpl.invoke(DelegatingMethodAccessorImpl.java:43)
at java.base/java.lang.reflect.Method.invoke(Method.java:568)
at org.testng.internal.invokers.MethodInvocationHelper.invokeMethod(MethodInvocationHelper.java:139)
at org.testng.internal.invokers.TestInvoker.invokeMethod(TestInvoker.java:664)
at org.testng.internal.invokers.TestInvoker.retryFailed(TestInvoker.java:248)
at org.testng.internal.invokers.MethodRunner.runInSequence(MethodRunner.java:62)
at org.testng.internal.invokers.TestInvoker$MethodInvocationAgent.invoke(TestInvoker.java:957)
at org.testng.internal.invokers.TestInvoker.invokeTestMethods(TestInvoker.java:200)
at org.testng.internal.invokers.TestMethodWorker.invokeTestMethods(TestMethodWorker.java:148)
at org.testng.internal.invokers.TestMethodWorker.run(TestMethodWorker.java:128)
at java.base/java.util.ArrayList.forEach(ArrayList.java:1511)
at org.testng.TestRunner.privateRun(TestRunner.java:848)
at org.testng.TestRunner.run(TestRunner.java:621)
at org.testng.SuiteRunner.runTest(SuiteRunner.java:443)
at org.testng.SuiteRunner.runSequentially(SuiteRunner.java:437)
at org.testng.SuiteRunner.privateRun(SuiteRunner.java:397)
at org.testng.SuiteRunner.run(SuiteRunner.java:336)
at org.testng.SuiteRunnerWorker.runSuite(SuiteRunnerWorker.java:52)
at org.testng.SuiteRunnerWorker.run(SuiteRunnerWorker.java:95)
at org.testng.TestNG.runSuitesSequentially(TestNG.java:1280)
at org.testng.TestNG.runSuitesLocally(TestNG.java:1200)
at org.testng.TestNG.runSuites(TestNG.java:1114)
at org.testng.TestNG.run(TestNG.java:1082)
at org.testng.remote.AbstractRemoteTestNG.run(AbstractRemoteTestNG.java:115)
at org.testng.remote.RemoteTestNG.initAndRun(RemoteTestNG.java:251)
at org.testng.remote.RemoteTestNG.main(RemoteTestNG.java:77)
]]>
    </error>
  </testcase> <!-- BuyProTest00 -->
  <testcase classname="Trial.Nonpro2" name="UnlockProStreamTest01" time="40.325"/>
  <testcase classname="Trial.Nonpro2" name="commenrOnNonprotest03" time="96.247"/>
  <testcase classname="Trial.Nonpro2" name="Buyprocoupon04" time="109.825"/>
  <testcase classname="Trial.Nonpro2" name="acesss1080fornonpro05" time="28.418"/>
  <testcase classname="Trial.Nonpro2" name="FreepreviewtimerafterPIP05" time="188.201">
    <error message="Expected condition failed: waiting for Trial.Functions$2@1bbdb0df (tried for 100 second(s) with 500 milliseconds interval)
Build info: version: &#039;4.16.1&#039;, revision: &#039;9b4c83354e&#039;
System info: os.name: &#039;Mac OS X&#039;, os.arch: &#039;x86_64&#039;, os.version: &#039;15.3.1&#039;, java.version: &#039;17.0.7&#039;
Driver info: io.appium.java_client.android.AndroidDriver
Capabilities {appium:appActivity: com.threesixteen.app.ui.act..., appium:appPackage: com.threesixteen.app, appium:autoGrantPermissions: true, appium:chromedriverExecutableDir: /Users/rooter/Downloads/chr..., appium:chromedriver_autodownload: true, appium:databaseEnabled: false, appium:desired: {appActivity: com.threesixteen.app.ui.act..., appPackage: com.threesixteen.app, autoGrantPermissions: true, chromedriverExecutableDir: /Users/rooter/Downloads/chr..., chromedriver_autodownload: true, ignoreHiddenApiPolicyError: true, noReset: true, platformName: ANDROID, platformVersion: 14}, appium:deviceApiLevel: 34, appium:deviceManufacturer: vivo, appium:deviceModel: I2127, appium:deviceName: 13793294180004Z, appium:deviceScreenDensity: 440, appium:deviceScreenSize: 1080x2408, appium:deviceUDID: 13793294180004Z, appium:ignoreHiddenApiPolicyError: true, appium:javascriptEnabled: true, appium:locationContextEnabled: false, appium:networkConnectionEnabled: true, appium:noReset: true, appium:pixelRatio: 2.75, appium:platformVersion: 14, appium:statBarHeight: 88, appium:takesScreenshot: true, appium:viewportRect: {height: 2138, left: 0, top: 88, width: 1080}, appium:warnings: {}, appium:webStorageEnabled: false, platformName: ANDROID}
Session ID: 93097348-0600-4522-9d34-46f742aa6667" type="org.openqa.selenium.TimeoutException">
      <![CDATA[org.openqa.selenium.TimeoutException: Expected condition failed: waiting for Trial.Functions$2@1bbdb0df (tried for 100 second(s) with 500 milliseconds interval)
Build info: version: '4.16.1', revision: '9b4c83354e'
System info: os.name: 'Mac OS X', os.arch: 'x86_64', os.version: '15.3.1', java.version: '17.0.7'
Driver info: io.appium.java_client.android.AndroidDriver
Capabilities {appium:appActivity: com.threesixteen.app.ui.act..., appium:appPackage: com.threesixteen.app, appium:autoGrantPermissions: true, appium:chromedriverExecutableDir: /Users/rooter/Downloads/chr..., appium:chromedriver_autodownload: true, appium:databaseEnabled: false, appium:desired: {appActivity: com.threesixteen.app.ui.act..., appPackage: com.threesixteen.app, autoGrantPermissions: true, chromedriverExecutableDir: /Users/rooter/Downloads/chr..., chromedriver_autodownload: true, ignoreHiddenApiPolicyError: true, noReset: true, platformName: ANDROID, platformVersion: 14}, appium:deviceApiLevel: 34, appium:deviceManufacturer: vivo, appium:deviceModel: I2127, appium:deviceName: 13793294180004Z, appium:deviceScreenDensity: 440, appium:deviceScreenSize: 1080x2408, appium:deviceUDID: 13793294180004Z, appium:ignoreHiddenApiPolicyError: true, appium:javascriptEnabled: true, appium:locationContextEnabled: false, appium:networkConnectionEnabled: true, appium:noReset: true, appium:pixelRatio: 2.75, appium:platformVersion: 14, appium:statBarHeight: 88, appium:takesScreenshot: true, appium:viewportRect: {height: 2138, left: 0, top: 88, width: 1080}, appium:warnings: {}, appium:webStorageEnabled: false, platformName: ANDROID}
Session ID: 93097348-0600-4522-9d34-46f742aa6667
at org.openqa.selenium.support.ui.WebDriverWait.timeoutException(WebDriverWait.java:84)
at org.openqa.selenium.support.ui.FluentWait.until(FluentWait.java:229)
at Trial.Functions.clickAndWaitForElementWithId(Functions.java:119)
at Trial.Nonpro2.FreepreviewtimerafterPIP05(Nonpro2.java:445)
at java.base/jdk.internal.reflect.NativeMethodAccessorImpl.invoke0(Native Method)
at java.base/jdk.internal.reflect.NativeMethodAccessorImpl.invoke(NativeMethodAccessorImpl.java:77)
at java.base/jdk.internal.reflect.DelegatingMethodAccessorImpl.invoke(DelegatingMethodAccessorImpl.java:43)
at java.base/java.lang.reflect.Method.invoke(Method.java:568)
at org.testng.internal.invokers.MethodInvocationHelper.invokeMethod(MethodInvocationHelper.java:139)
at org.testng.internal.invokers.TestInvoker.invokeMethod(TestInvoker.java:664)
at org.testng.internal.invokers.TestInvoker.retryFailed(TestInvoker.java:248)
at org.testng.internal.invokers.MethodRunner.runInSequence(MethodRunner.java:62)
at org.testng.internal.invokers.TestInvoker$MethodInvocationAgent.invoke(TestInvoker.java:957)
at org.testng.internal.invokers.TestInvoker.invokeTestMethods(TestInvoker.java:200)
at org.testng.internal.invokers.TestMethodWorker.invokeTestMethods(TestMethodWorker.java:148)
at org.testng.internal.invokers.TestMethodWorker.run(TestMethodWorker.java:128)
at java.base/java.util.ArrayList.forEach(ArrayList.java:1511)
at org.testng.TestRunner.privateRun(TestRunner.java:848)
at org.testng.TestRunner.run(TestRunner.java:621)
at org.testng.SuiteRunner.runTest(SuiteRunner.java:443)
at org.testng.SuiteRunner.runSequentially(SuiteRunner.java:437)
at org.testng.SuiteRunner.privateRun(SuiteRunner.java:397)
at org.testng.SuiteRunner.run(SuiteRunner.java:336)
at org.testng.SuiteRunnerWorker.runSuite(SuiteRunnerWorker.java:52)
at org.testng.SuiteRunnerWorker.run(SuiteRunnerWorker.java:95)
at org.testng.TestNG.runSuitesSequentially(TestNG.java:1280)
at org.testng.TestNG.runSuitesLocally(TestNG.java:1200)
at org.testng.TestNG.runSuites(TestNG.java:1114)
at org.testng.TestNG.run(TestNG.java:1082)
at org.testng.remote.AbstractRemoteTestNG.run(AbstractRemoteTestNG.java:115)
at org.testng.remote.RemoteTestNG.initAndRun(RemoteTestNG.java:251)
at org.testng.remote.RemoteTestNG.main(RemoteTestNG.java:77)
]]>
    </error>
  </testcase> <!-- FreepreviewtimerafterPIP05 -->
  <testcase classname="Trial.Nonpro2" name="FreepreviewtimerafterPIP05" time="187.499">
    <skipped/>
  </testcase> <!-- FreepreviewtimerafterPIP05 -->
  <testcase classname="Trial.Nonpro2" name="liveplayercomenntByNonPro06" time="50.033"/>
</testsuite> <!-- Trial.Nonpro2 -->
