<?xml version="1.0" encoding="UTF-8"?>
<!-- Generated by org.testng.reporters.JUnitReportReporter -->
<testsuite hostname="rooters-MacBook-Pro.local" failures="0" tests="41" name="trial1.Regression3" time="6.293" errors="1" timestamp="2024-02-19T19:48:38 IST" skipped="40">
  <testcase classname="trial1.Regression3" name="setup" time="6.292">
    <error message="An unknown server-side error occurred while processing the command. Original error: Could not proxy command to the remote server. Original error: socket hang up
Build info: version: &#039;4.9.1&#039;, revision: &#039;eb2032df7f&#039;
System info: os.name: &#039;Mac OS X&#039;, os.arch: &#039;x86_64&#039;, os.version: &#039;14.2.1&#039;, java.version: &#039;17.0.7&#039;
Driver info: io.appium.java_client.AppiumDriver
Command: [cdf5a7a7-b83c-4c05-8d3f-2cdd9f66a512, findElements {using=id, value=android:id/button2}]
Capabilities {appium:appActivity: com.threesixteen.app.ui.act..., appium:appPackage: com.threesixteen.app, appium:autoGrantPermissions: true, appium:databaseEnabled: false, appium:desired: {appActivity: com.threesixteen.app.ui.act..., appPackage: com.threesixteen.app, autoGrantPermissions: true, deviceName: 6381e3e, ignoreHiddenApiPolicyError: true, noReset: true, platformName: ANDROID, platformVersion: 14}, appium:deviceApiLevel: 34, appium:deviceManufacturer: OnePlus, appium:deviceModel: CPH2381, appium:deviceName: 6381e3e, appium:deviceScreenDensity: 480, appium:deviceScreenSize: 1080x2412, appium:deviceUDID: 6381e3e, appium:ignoreHiddenApiPolicyError: true, appium:javascriptEnabled: true, appium:locationContextEnabled: false, appium:networkConnectionEnabled: true, appium:noReset: true, appium:pixelRatio: 3, appium:platformVersion: 14, appium:statBarHeight: 110, appium:takesScreenshot: true, appium:viewportRect: {height: 2060, left: 0, top: 110, width: 1080}, appium:warnings: {}, appium:webStorageEnabled: false, platformName: ANDROID}
Session ID: cdf5a7a7-b83c-4c05-8d3f-2cdd9f66a512" type="org.openqa.selenium.WebDriverException">
      <![CDATA[org.openqa.selenium.WebDriverException: An unknown server-side error occurred while processing the command. Original error: Could not proxy command to the remote server. Original error: socket hang up
Build info: version: '4.9.1', revision: 'eb2032df7f'
System info: os.name: 'Mac OS X', os.arch: 'x86_64', os.version: '14.2.1', java.version: '17.0.7'
Driver info: io.appium.java_client.AppiumDriver
Command: [cdf5a7a7-b83c-4c05-8d3f-2cdd9f66a512, findElements {using=id, value=android:id/button2}]
Capabilities {appium:appActivity: com.threesixteen.app.ui.act..., appium:appPackage: com.threesixteen.app, appium:autoGrantPermissions: true, appium:databaseEnabled: false, appium:desired: {appActivity: com.threesixteen.app.ui.act..., appPackage: com.threesixteen.app, autoGrantPermissions: true, deviceName: 6381e3e, ignoreHiddenApiPolicyError: true, noReset: true, platformName: ANDROID, platformVersion: 14}, appium:deviceApiLevel: 34, appium:deviceManufacturer: OnePlus, appium:deviceModel: CPH2381, appium:deviceName: 6381e3e, appium:deviceScreenDensity: 480, appium:deviceScreenSize: 1080x2412, appium:deviceUDID: 6381e3e, appium:ignoreHiddenApiPolicyError: true, appium:javascriptEnabled: true, appium:locationContextEnabled: false, appium:networkConnectionEnabled: true, appium:noReset: true, appium:pixelRatio: 3, appium:platformVersion: 14, appium:statBarHeight: 110, appium:takesScreenshot: true, appium:viewportRect: {height: 2060, left: 0, top: 110, width: 1080}, appium:warnings: {}, appium:webStorageEnabled: false, platformName: ANDROID}
Session ID: cdf5a7a7-b83c-4c05-8d3f-2cdd9f66a512
at java.base/jdk.internal.reflect.NativeConstructorAccessorImpl.newInstance0(Native Method)
at java.base/jdk.internal.reflect.NativeConstructorAccessorImpl.newInstance(NativeConstructorAccessorImpl.java:77)
at java.base/jdk.internal.reflect.DelegatingConstructorAccessorImpl.newInstance(DelegatingConstructorAccessorImpl.java:45)
at java.base/java.lang.reflect.Constructor.newInstanceWithCaller(Constructor.java:499)
at java.base/java.lang.reflect.Constructor.newInstance(Constructor.java:480)
at org.openqa.selenium.remote.codec.w3c.W3CHttpResponseCodec.createException(W3CHttpResponseCodec.java:200)
at org.openqa.selenium.remote.codec.w3c.W3CHttpResponseCodec.decode(W3CHttpResponseCodec.java:133)
at org.openqa.selenium.remote.codec.w3c.W3CHttpResponseCodec.decode(W3CHttpResponseCodec.java:53)
at org.openqa.selenium.remote.HttpCommandExecutor.execute(HttpCommandExecutor.java:193)
at io.appium.java_client.remote.AppiumCommandExecutor.execute(AppiumCommandExecutor.java:250)
at org.openqa.selenium.remote.RemoteWebDriver.execute(RemoteWebDriver.java:543)
at org.openqa.selenium.remote.ElementLocation$ElementFinder$2.findElements(ElementLocation.java:179)
at org.openqa.selenium.remote.ElementLocation.findElements(ElementLocation.java:108)
at org.openqa.selenium.remote.RemoteWebDriver.findElements(RemoteWebDriver.java:367)
at org.openqa.selenium.remote.RemoteWebDriver.findElements(RemoteWebDriver.java:359)
at trial1.Regression3.isVisibleWithId(Regression3.java:94)
at trial1.Regression3.setup(Regression3.java:139)
at java.base/jdk.internal.reflect.NativeMethodAccessorImpl.invoke0(Native Method)
at java.base/jdk.internal.reflect.NativeMethodAccessorImpl.invoke(NativeMethodAccessorImpl.java:77)
at java.base/jdk.internal.reflect.DelegatingMethodAccessorImpl.invoke(DelegatingMethodAccessorImpl.java:43)
at java.base/java.lang.reflect.Method.invoke(Method.java:568)
at org.testng.internal.invokers.MethodInvocationHelper.invokeMethod(MethodInvocationHelper.java:139)
at org.testng.internal.invokers.MethodInvocationHelper.invokeMethodConsideringTimeout(MethodInvocationHelper.java:69)
at org.testng.internal.invokers.ConfigInvoker.invokeConfigurationMethod(ConfigInvoker.java:390)
at org.testng.internal.invokers.ConfigInvoker.invokeConfigurations(ConfigInvoker.java:325)
at org.testng.internal.invokers.TestInvoker.runConfigMethods(TestInvoker.java:810)
at org.testng.internal.invokers.TestInvoker.invokeMethod(TestInvoker.java:577)
at org.testng.internal.invokers.TestInvoker.invokeTestMethod(TestInvoker.java:227)
at org.testng.internal.invokers.MethodRunner.runInSequence(MethodRunner.java:50)
at org.testng.internal.invokers.TestInvoker$MethodInvocationAgent.invoke(TestInvoker.java:957)
at org.testng.internal.invokers.TestInvoker.invokeTestMethods(TestInvoker.java:200)
at org.testng.internal.invokers.TestMethodWorker.invokeTestMethods(TestMethodWorker.java:148)
at org.testng.internal.invokers.TestMethodWorker.run(TestMethodWorker.java:128)
at java.base/java.util.ArrayList.forEach(ArrayList.java:1511)
at org.testng.TestRunner.privateRun(TestRunner.java:848)
at org.testng.TestRunner.run(TestRunner.java:621)
at org.testng.SuiteRunner.runTest(SuiteRunner.java:443)
at org.testng.SuiteRunner.runSequentially(SuiteRunner.java:437)
at org.testng.SuiteRunner.privateRun(SuiteRunner.java:397)
at org.testng.SuiteRunner.run(SuiteRunner.java:336)
at org.testng.SuiteRunnerWorker.runSuite(SuiteRunnerWorker.java:52)
at org.testng.SuiteRunnerWorker.run(SuiteRunnerWorker.java:95)
at org.testng.TestNG.runSuitesSequentially(TestNG.java:1280)
at org.testng.TestNG.runSuitesLocally(TestNG.java:1200)
at org.testng.TestNG.runSuites(TestNG.java:1114)
at org.testng.TestNG.run(TestNG.java:1082)
at org.testng.remote.AbstractRemoteTestNG.run(AbstractRemoteTestNG.java:115)
at org.testng.remote.RemoteTestNG.initAndRun(RemoteTestNG.java:251)
at org.testng.remote.RemoteTestNG.main(RemoteTestNG.java:77)
]]>
    </error>
  </testcase> <!-- setup -->
  <testcase classname="trial1.Regression3" name="Horizontalreeltabhomepage" time="0.000">
    <skipped/>
  </testcase> <!-- Horizontalreeltabhomepage -->
  <testcase classname="trial1.Regression3" name="sidenavcreatebtnvideo" time="0.000">
    <skipped/>
  </testcase> <!-- sidenavcreatebtnvideo -->
  <testcase classname="trial1.Regression3" name="sidenavcreatebtnimage" time="0.000">
    <skipped/>
  </testcase> <!-- sidenavcreatebtnimage -->
  <testcase classname="trial1.Regression3" name="sidenavcreatebtreel" time="0.000">
    <skipped/>
  </testcase> <!-- sidenavcreatebtreel -->
  <testcase classname="trial1.Regression3" name="othersprofilereelltest" time="0.000">
    <skipped/>
  </testcase> <!-- othersprofilereelltest -->
  <testcase classname="trial1.Regression3" name="othersprofilefollowrfollwoingtest" time="0.000">
    <skipped/>
  </testcase> <!-- othersprofilefollowrfollwoingtest -->
  <testcase classname="trial1.Regression3" name="othersprofilefollowunfollow" time="0.000">
    <skipped/>
  </testcase> <!-- othersprofilefollowunfollow -->
  <testcase classname="trial1.Regression3" name="chnageconetentlanguagetamilvideos" time="0.000">
    <skipped/>
  </testcase> <!-- chnageconetentlanguagetamilvideos -->
  <testcase classname="trial1.Regression3" name="chnageconetentlanguageBengalivideos" time="0.000">
    <skipped/>
  </testcase> <!-- chnageconetentlanguageBengalivideos -->
  <testcase classname="trial1.Regression3" name="chnageconetentlanguagetelguvideos" time="0.000">
    <skipped/>
  </testcase> <!-- chnageconetentlanguagetelguvideos -->
  <testcase classname="trial1.Regression3" name="chnageconetentlanguageMarathivideos" time="0.000">
    <skipped/>
  </testcase> <!-- chnageconetentlanguageMarathivideos -->
  <testcase classname="trial1.Regression3" name="chnageconetentlanguagekkanndavideos" time="0.000">
    <skipped/>
  </testcase> <!-- chnageconetentlanguagekkanndavideos -->
  <testcase classname="trial1.Regression3" name="chnageconetentlanguagebhasaindonesiavideos" time="0.000">
    <skipped/>
  </testcase> <!-- chnageconetentlanguagebhasaindonesiavideos -->
  <testcase classname="trial1.Regression3" name="chnageconetentlanguagegujrativideos" time="0.000">
    <skipped/>
  </testcase> <!-- chnageconetentlanguagegujrativideos -->
  <testcase classname="trial1.Regression3" name="chnageconetentlanguagemalyalamvideos" time="0.000">
    <skipped/>
  </testcase> <!-- chnageconetentlanguagemalyalamvideos -->
  <testcase classname="trial1.Regression3" name="Contestpagedatatest" time="0.000">
    <skipped/>
  </testcase> <!-- Contestpagedatatest -->
  <testcase classname="trial1.Regression3" name="liveplayershare" time="0.000">
    <skipped/>
  </testcase> <!-- liveplayershare -->
  <testcase classname="trial1.Regression3" name="Diamondpurchase" time="0.000">
    <skipped/>
  </testcase> <!-- Diamondpurchase -->
  <testcase classname="trial1.Regression3" name="Diamondpurchase10" time="0.000">
    <skipped/>
  </testcase> <!-- Diamondpurchase10 -->
  <testcase classname="trial1.Regression3" name="Diamondpurchase291" time="0.000">
    <skipped/>
  </testcase> <!-- Diamondpurchase291 -->
  <testcase classname="trial1.Regression3" name="Diamondpurchase501" time="0.000">
    <skipped/>
  </testcase> <!-- Diamondpurchase501 -->
  <testcase classname="trial1.Regression3" name="Diamondpurchase100" time="0.000">
    <skipped/>
  </testcase> <!-- Diamondpurchase100 -->
  <testcase classname="trial1.Regression3" name="Diamondpurchase2501" time="0.000">
    <skipped/>
  </testcase> <!-- Diamondpurchase2501 -->
  <testcase classname="trial1.Regression3" name="Diamondpurchase500" time="0.000">
    <skipped/>
  </testcase> <!-- Diamondpurchase500 -->
  <testcase classname="trial1.Regression3" name="Diamondpurchase6001" time="0.000">
    <skipped/>
  </testcase> <!-- Diamondpurchase6001 -->
  <testcase classname="trial1.Regression3" name="Diamondpurchase5" time="0.000">
    <skipped/>
  </testcase> <!-- Diamondpurchase5 -->
  <testcase classname="trial1.Regression3" name="InappNotificationtest" time="0.000">
    <skipped/>
  </testcase> <!-- InappNotificationtest -->
  <testcase classname="trial1.Regression3" name="InappNotificationActivittab" time="0.000">
    <skipped/>
  </testcase> <!-- InappNotificationActivittab -->
  <testcase classname="trial1.Regression3" name="InappNotificationupdateab" time="0.000">
    <skipped/>
  </testcase> <!-- InappNotificationupdateab -->
  <testcase classname="trial1.Regression3" name="InappNotificationhistiory" time="0.000">
    <skipped/>
  </testcase> <!-- InappNotificationhistiory -->
  <testcase classname="trial1.Regression3" name="livestreamemojis1" time="0.000">
    <skipped/>
  </testcase> <!-- livestreamemojis1 -->
  <testcase classname="trial1.Regression3" name="Googleplaycouponredeem" time="0.000">
    <skipped/>
  </testcase> <!-- Googleplaycouponredeem -->
  <testcase classname="trial1.Regression3" name="LiveMiniplayertabswittch" time="0.000">
    <skipped/>
  </testcase> <!-- LiveMiniplayertabswittch -->
  <testcase classname="trial1.Regression3" name="reelstesaftertabsswitch" time="0.000">
    <skipped/>
  </testcase> <!-- reelstesaftertabsswitch -->
  <testcase classname="trial1.Regression3" name="Reelsscroll100times" time="0.001">
    <skipped/>
  </testcase> <!-- Reelsscroll100times -->
  <testcase classname="trial1.Regression3" name="ShopcardontaskPage" time="0.000">
    <skipped/>
  </testcase> <!-- ShopcardontaskPage -->
  <testcase classname="trial1.Regression3" name="livestreamcommentreportandopenuserporfile" time="0.000">
    <skipped/>
  </testcase> <!-- livestreamcommentreportandopenuserporfile -->
  <testcase classname="trial1.Regression3" name="livestreamwatccanwin" time="0.000">
    <skipped/>
  </testcase> <!-- livestreamwatccanwin -->
  <testcase classname="trial1.Regression3" name="liveplayercomennt" time="0.000">
    <skipped/>
  </testcase> <!-- liveplayercomennt -->
  <testcase classname="trial1.Regression3" name="liveplayerFanrank" time="0.000">
    <skipped/>
  </testcase> <!-- liveplayerFanrank -->
</testsuite> <!-- trial1.Regression3 -->
