<?xml version="1.0" encoding="UTF-8"?>
<!-- Generated by org.testng.reporters.JUnitReportReporter -->
<testsuite hostname="rooters-MacBook-Pro.local" failures="0" tests="5" name="trial1.Videoplayertest2" time="63.706" errors="1" timestamp="2024-02-19T21:59:49 IST" skipped="4">
  <testcase classname="trial1.Videoplayertest2" name="setup" time="63.706">
    <error message="Expected condition failed: waiting for trial1.Videoplayertest2$1@7d88fa9c (tried for 60 second(s) with 500 milliseconds interval)
Build info: version: &#039;4.9.1&#039;, revision: &#039;eb2032df7f&#039;
System info: os.name: &#039;Mac OS X&#039;, os.arch: &#039;x86_64&#039;, os.version: &#039;14.2.1&#039;, java.version: &#039;17.0.7&#039;
Driver info: io.appium.java_client.AppiumDriver
Capabilities {appium:appActivity: com.threesixteen.app.ui.act..., appium:appPackage: com.threesixteen.app, appium:autoGrantPermissions: true, appium:databaseEnabled: false, appium:desired: {appActivity: com.threesixteen.app.ui.act..., appPackage: com.threesixteen.app, autoGrantPermissions: true, deviceName: 6381e3e, ignoreHiddenApiPolicyError: true, noReset: true, platformName: ANDROID, platformVersion: 14}, appium:deviceApiLevel: 34, appium:deviceManufacturer: OnePlus, appium:deviceModel: CPH2381, appium:deviceName: 6381e3e, appium:deviceScreenDensity: 480, appium:deviceScreenSize: 1080x2412, appium:deviceUDID: 6381e3e, appium:ignoreHiddenApiPolicyError: true, appium:javascriptEnabled: true, appium:locationContextEnabled: false, appium:networkConnectionEnabled: true, appium:noReset: true, appium:pixelRatio: 3, appium:platformVersion: 14, appium:statBarHeight: 110, appium:takesScreenshot: true, appium:viewportRect: {height: 2060, left: 0, top: 110, width: 1080}, appium:warnings: {}, appium:webStorageEnabled: false, platformName: ANDROID}
Session ID: 12019b26-1355-432d-8bbb-9255297c043f" type="org.openqa.selenium.TimeoutException">
      <![CDATA[org.openqa.selenium.TimeoutException: Expected condition failed: waiting for trial1.Videoplayertest2$1@7d88fa9c (tried for 60 second(s) with 500 milliseconds interval)
Build info: version: '4.9.1', revision: 'eb2032df7f'
System info: os.name: 'Mac OS X', os.arch: 'x86_64', os.version: '14.2.1', java.version: '17.0.7'
Driver info: io.appium.java_client.AppiumDriver
Capabilities {appium:appActivity: com.threesixteen.app.ui.act..., appium:appPackage: com.threesixteen.app, appium:autoGrantPermissions: true, appium:databaseEnabled: false, appium:desired: {appActivity: com.threesixteen.app.ui.act..., appPackage: com.threesixteen.app, autoGrantPermissions: true, deviceName: 6381e3e, ignoreHiddenApiPolicyError: true, noReset: true, platformName: ANDROID, platformVersion: 14}, appium:deviceApiLevel: 34, appium:deviceManufacturer: OnePlus, appium:deviceModel: CPH2381, appium:deviceName: 6381e3e, appium:deviceScreenDensity: 480, appium:deviceScreenSize: 1080x2412, appium:deviceUDID: 6381e3e, appium:ignoreHiddenApiPolicyError: true, appium:javascriptEnabled: true, appium:locationContextEnabled: false, appium:networkConnectionEnabled: true, appium:noReset: true, appium:pixelRatio: 3, appium:platformVersion: 14, appium:statBarHeight: 110, appium:takesScreenshot: true, appium:viewportRect: {height: 2060, left: 0, top: 110, width: 1080}, appium:warnings: {}, appium:webStorageEnabled: false, platformName: ANDROID}
Session ID: 12019b26-1355-432d-8bbb-9255297c043f
at org.openqa.selenium.support.ui.WebDriverWait.timeoutException(WebDriverWait.java:87)
at org.openqa.selenium.support.ui.FluentWait.until(FluentWait.java:231)
at trial1.Videoplayertest2.clickAndWaitForElementWithXpath1(Videoplayertest2.java:37)
at trial1.Videoplayertest2.setup(Videoplayertest2.java:106)
at java.base/jdk.internal.reflect.NativeMethodAccessorImpl.invoke0(Native Method)
at java.base/jdk.internal.reflect.NativeMethodAccessorImpl.invoke(NativeMethodAccessorImpl.java:77)
at java.base/jdk.internal.reflect.DelegatingMethodAccessorImpl.invoke(DelegatingMethodAccessorImpl.java:43)
at java.base/java.lang.reflect.Method.invoke(Method.java:568)
at org.testng.internal.invokers.MethodInvocationHelper.invokeMethod(MethodInvocationHelper.java:139)
at org.testng.internal.invokers.MethodInvocationHelper.invokeMethodConsideringTimeout(MethodInvocationHelper.java:69)
at org.testng.internal.invokers.ConfigInvoker.invokeConfigurationMethod(ConfigInvoker.java:390)
at org.testng.internal.invokers.ConfigInvoker.invokeConfigurations(ConfigInvoker.java:325)
at org.testng.internal.invokers.TestInvoker.runConfigMethods(TestInvoker.java:810)
at org.testng.internal.invokers.TestInvoker.invokeMethod(TestInvoker.java:577)
at org.testng.internal.invokers.TestInvoker.invokeTestMethod(TestInvoker.java:227)
at org.testng.internal.invokers.MethodRunner.runInSequence(MethodRunner.java:50)
at org.testng.internal.invokers.TestInvoker$MethodInvocationAgent.invoke(TestInvoker.java:957)
at org.testng.internal.invokers.TestInvoker.invokeTestMethods(TestInvoker.java:200)
at org.testng.internal.invokers.TestMethodWorker.invokeTestMethods(TestMethodWorker.java:148)
at org.testng.internal.invokers.TestMethodWorker.run(TestMethodWorker.java:128)
at java.base/java.util.ArrayList.forEach(ArrayList.java:1511)
at org.testng.TestRunner.privateRun(TestRunner.java:848)
at org.testng.TestRunner.run(TestRunner.java:621)
at org.testng.SuiteRunner.runTest(SuiteRunner.java:443)
at org.testng.SuiteRunner.runSequentially(SuiteRunner.java:437)
at org.testng.SuiteRunner.privateRun(SuiteRunner.java:397)
at org.testng.SuiteRunner.run(SuiteRunner.java:336)
at org.testng.SuiteRunnerWorker.runSuite(SuiteRunnerWorker.java:52)
at org.testng.SuiteRunnerWorker.run(SuiteRunnerWorker.java:95)
at org.testng.TestNG.runSuitesSequentially(TestNG.java:1280)
at org.testng.TestNG.runSuitesLocally(TestNG.java:1200)
at org.testng.TestNG.runSuites(TestNG.java:1114)
at org.testng.TestNG.run(TestNG.java:1082)
at org.testng.remote.AbstractRemoteTestNG.run(AbstractRemoteTestNG.java:115)
at org.testng.remote.RemoteTestNG.initAndRun(RemoteTestNG.java:251)
at org.testng.remote.RemoteTestNG.main(RemoteTestNG.java:77)
]]>
    </error>
  </testcase> <!-- setup -->
  <testcase classname="trial1.Videoplayertest2" name="VideoPlayerforwardbakkward" time="0.000">
    <skipped/>
  </testcase> <!-- VideoPlayerforwardbakkward -->
  <testcase classname="trial1.Videoplayertest2" name="Videoplayercomment" time="0.000">
    <skipped/>
  </testcase> <!-- Videoplayercomment -->
  <testcase classname="trial1.Videoplayertest2" name="Videowatcchandwincoinsdetails" time="0.000">
    <skipped/>
  </testcase> <!-- Videowatcchandwincoinsdetails -->
  <testcase classname="trial1.Videoplayertest2" name="VideoMiniplayertabswittch" time="0.000">
    <skipped/>
  </testcase> <!-- VideoMiniplayertabswittch -->
</testsuite> <!-- trial1.Videoplayertest2 -->
